[0;35m2025-07-22 03:48:55 - ========================================[0m
[0;35m2025-07-22 03:48:55 - OrthodoxMetrics API v2 Deployment Started[0m
[0;35m2025-07-22 03:48:55 - ========================================[0m
[0;34m2025-07-22 03:48:55 - ℹ️ Checking prerequisites...[0m
[0;34m2025-07-22 03:48:55 - ℹ️ PM2 detected - will use for process management[0m
[0;34m2025-07-22 03:48:55 - ℹ️ MySQL client available for database tests[0m
[0;32m2025-07-22 03:48:55 - ✅ Prerequisites check completed[0m
[0;34m2025-07-22 03:48:55 - ℹ️ Creating backup of current state...[0m
[0;32m2025-07-22 03:48:55 - ✅ Backup created at: /var/www/orthodox-church-mgmt/orthodoxmetrics/prod/server/backups/20250722_034855[0m
[0;34m2025-07-22 03:48:55 - ℹ️ Validating refactored files...[0m
[0;32m2025-07-22 03:48:55 - ✅ churches.js has been refactored for API v2[0m
[0;32m2025-07-22 03:48:55 - ✅ auth.js has been enhanced with session debugging[0m
[0;34m2025-07-22 03:48:55 - ℹ️ Checking JavaScript syntax...[0m
[0;32m2025-07-22 03:48:55 - ✅ churches.js syntax is valid[0m
[0;32m2025-07-22 03:48:55 - ✅ auth.js syntax is valid[0m
[0;34m2025-07-22 03:48:55 - ℹ️ Restarting server to apply changes...[0m
[1;33m2025-07-22 03:48:56 - ⚠️ PM2 process 'orthodox-server' not found, attempting manual restart[0m
[0;31m2025-07-22 03:48:57 - ERROR: Failed to start with PM2[0m
[1;33m2025-07-22 03:48:57 - ⚠️ Deployment failed - consider restoring from backup if needed[0m
[0;34m2025-07-22 03:48:57 - ℹ️ Backup location: /var/www/orthodox-church-mgmt/orthodoxmetrics/prod/server/backups/20250722_034855[0m
2025-07-22 03:52:46 - ========================================
2025-07-22 03:52:46 - OrthodoxMetrics API v2 Deployment Started (Fixed Version)
2025-07-22 03:52:46 - ========================================
2025-07-22 03:52:46 - ℹ️ Checking prerequisites...
2025-07-22 03:52:46 - ℹ️ PM2 detected - will use for process management
2025-07-22 03:52:46 - ℹ️ Current PM2 processes:
2025-07-22 03:52:46 - ℹ️ MySQL client available for database tests
2025-07-22 03:52:46 - ✅ Prerequisites check completed
2025-07-22 03:52:46 - ℹ️ Running in test-only mode
2025-07-22 03:52:46 - ℹ️ Running comprehensive API v2 tests...
2025-07-22 03:52:46 - ℹ️ Testing server health...
2025-07-22 03:52:46 - ✅ Server is responding to health checks
2025-07-22 03:52:46 - ℹ️ Testing session and authentication endpoints...
2025-07-22 03:52:47 - ℹ️ Session debug endpoint returned status: 500 (may be normal if route not exposed)
2025-07-22 03:52:47 - ✅ Auth check endpoint is responding correctly (status: 401)
2025-07-22 03:52:47 - ℹ️ Testing refactored churches API...
2025-07-22 03:52:47 - ⚠️ Churches API returned unexpected status: 200 (expected 401)
2025-07-22 03:52:47 - ℹ️ Testing database connectivity...
2025-07-22 03:52:47 - ✅ Database connectivity test passed
2025-07-22 03:52:47 - ✅ Comprehensive testing completed
2025-07-22 03:52:47 - ========================================
2025-07-22 03:52:47 - API v2 Deployment Completed!
2025-07-22 03:52:47 - ========================================
2025-07-22 03:52:47 - ℹ️ Next steps:
2025-07-22 03:55:32 - ========================================
2025-07-22 03:55:32 - OrthodoxMetrics API v2 Deployment Started (Fixed Version)
2025-07-22 03:55:32 - ========================================
2025-07-22 03:55:32 - ℹ️ Checking prerequisites...
2025-07-22 03:55:32 - ℹ️ PM2 detected - will use for process management
2025-07-22 03:55:32 - ℹ️ Current PM2 processes:
2025-07-22 03:55:32 - ℹ️ MySQL client available for database tests
2025-07-22 03:55:32 - ✅ Prerequisites check completed
2025-07-22 03:55:32 - ℹ️ Running in test-only mode
2025-07-22 03:55:32 - ℹ️ Running comprehensive API v2 tests...
2025-07-22 03:55:32 - ℹ️ Testing server health...
2025-07-22 03:55:32 - ✅ Server is responding to health checks
2025-07-22 03:55:32 - ℹ️ Testing session and authentication endpoints...
2025-07-22 03:55:32 - ℹ️ Session debug endpoint returned status: 500 (may be normal if route not exposed)
2025-07-22 03:55:33 - ✅ Auth check endpoint is responding correctly (status: 401)
2025-07-22 03:55:33 - ℹ️ Testing refactored churches API...
2025-07-22 03:55:33 - ✅ Churches API correctly requires authentication
2025-07-22 03:55:33 - ℹ️ Response format check skipped (jq not available)
2025-07-22 03:55:33 - ℹ️ Testing database connectivity...
2025-07-22 03:55:33 - ✅ Database connectivity test passed
2025-07-22 03:55:33 - ✅ Comprehensive testing completed
2025-07-22 03:55:33 - ========================================
2025-07-22 03:55:33 - API v2 Deployment Completed!
2025-07-22 03:55:33 - ========================================
2025-07-22 03:55:33 - ℹ️ Next steps:
