[0;34m🔍 Starting Frontend Codebase Analysis...[0m
[0;34m📦 Analyzing React Components...[0m
Analyzing: front-end/src/examples/ImportRecordsExample.tsx
Analyzing: front-end/src/examples/RecordWorkflowExample.tsx
Analyzing: front-end/src/pages/apps/records/index.tsx
Analyzing: front-end/src/pages/apps/records-ui/index.tsx
Analyzing: front-end/src/pages/RecordGeneratorPage.tsx
Analyzing: front-end/src/pages/AddChurchPage.tsx
Analyzing: front-end/src/pages/omai/predictive-dashboard.tsx
Analyzing: front-end/src/pages/omai/nlp-dashboard.tsx
Analyzing: front-end/src/pages/omai/control-dashboard.tsx
Analyzing: front-end/src/pages/omai/teaching-dashboard.tsx
Analyzing: front-end/src/pages/omai/autonomy-dashboard.tsx
Analyzing: front-end/src/pages/omb/CodePreviewModal.tsx
Analyzing: front-end/src/pages/omb/editor.tsx
Analyzing: front-end/src/pages/omb/ComponentPreview.tsx
Analyzing: front-end/src/pages/omb/PluginResultsPanel.tsx
Analyzing: front-end/src/pages/omb/MetadataForm.tsx
Analyzing: front-end/src/pages/omb/ComponentPalette.tsx
Analyzing: front-end/src/pages/omb/OMBEditor.tsx
Analyzing: front-end/src/pages/omb/ComponentAgentPanel.tsx
Analyzing: front-end/src/pages/sandbox/ai-lab.tsx
Analyzing: front-end/src/pages/sandbox/project-generator.tsx
Analyzing: front-end/src/pages/kanban/index.tsx
Analyzing: front-end/src/pages/AnalyticsDashboard.tsx
Analyzing: front-end/src/pages/ChurchManagement/EditChurchModal.jsx
Analyzing: front-end/src/pages/ChurchManagement/FormSections/UploadDirectoriesSection.jsx
Analyzing: front-end/src/pages/ChurchManagement/FormSections/FeatureTogglesSection.jsx
Analyzing: front-end/src/pages/ChurchManagement/FormSections/AppearanceSection.jsx
Analyzing: front-end/src/pages/ChurchManagement/FormSections/SystemMetadataSection.jsx
Analyzing: front-end/src/pages/ChurchManagement/FormSections/RecordsDatabaseSection.jsx
Analyzing: front-end/src/pages/ChurchManagement/FormSections/CalendarSettingsSection.jsx
Analyzing: front-end/src/pages/ChurchManagement/FormSections/UsersSection.jsx
Analyzing: front-end/src/pages/ChurchManagement/FormSections/BasicInfoSection.jsx
Analyzing: front-end/src/pages/ChurchManagement/ChurchManagement.jsx
Analyzing: front-end/src/pages/AssignTaskPage.tsx
Analyzing: front-end/src/pages/OrthodoxHeadlines.tsx
Analyzing: front-end/src/demos/TableThemeEditor.tsx
Analyzing: front-end/src/routes/Router.tsx
Analyzing: front-end/src/hooks/useGlobalErrorStore.tsx
Analyzing: front-end/src/views/dashboard/OrthodoxMetrics.tsx
Analyzing: front-end/src/views/dashboard/Modern.tsx
Analyzing: front-end/src/views/dashboard/EnhancedModernDashboard.tsx
Analyzing: front-end/src/views/dashboard/Ecommerce.tsx
Analyzing: front-end/src/views/apps/calendar/BigCalendar.tsx
Analyzing: front-end/src/views/apps/calendar/LiturgicalCalendar.tsx
Analyzing: front-end/src/views/apps/calendar/TestLiturgicalCalendar.tsx
Analyzing: front-end/src/views/apps/contacts/Contacts.tsx
Analyzing: front-end/src/views/apps/logs/Logs.tsx
Analyzing: front-end/src/views/apps/email/Email.tsx
Analyzing: front-end/src/views/apps/church-management/ChurchForm.tsx
Analyzing: front-end/src/views/apps/church-management/UserManagementDialog.tsx
Analyzing: front-end/src/views/apps/church-management/ChurchSetupWizard.tsx
Analyzing: front-end/src/views/apps/church-management/ChurchList.tsx
Analyzing: front-end/src/views/apps/site-clone/SiteClone.tsx
Analyzing: front-end/src/views/apps/invoice/Edit.tsx
Analyzing: front-end/src/views/apps/invoice/Create.tsx
Analyzing: front-end/src/views/apps/invoice/View.tsx
Analyzing: front-end/src/views/apps/invoice/List.tsx
Analyzing: front-end/src/views/apps/invoice/Detail.tsx
Analyzing: front-end/src/views/apps/ocr/OCRFieldMappingWindow.tsx
Analyzing: front-end/src/views/apps/ocr/OCRFieldMapping.tsx
Analyzing: front-end/src/views/apps/ocr/PublicOCRUpload.tsx
Analyzing: front-end/src/views/apps/ocr/OCRUpload.tsx
Analyzing: front-end/src/views/apps/ocr/OCRPreviewTableEnhanced.tsx
Analyzing: front-end/src/views/apps/ocr/OCRRecordsDemo.tsx
Analyzing: front-end/src/views/apps/ocr/OCRPreviewTable.tsx
Analyzing: front-end/src/views/apps/eCommerce/EcommerceEditProduct.tsx
Analyzing: front-end/src/views/apps/eCommerce/EcommerceDetail.tsx
Analyzing: front-end/src/views/apps/eCommerce/EcomProductList.tsx
Analyzing: front-end/src/views/apps/eCommerce/EcommerceAddProduct.tsx
Analyzing: front-end/src/views/apps/eCommerce/Ecommerce.tsx
Analyzing: front-end/src/views/apps/eCommerce/EcommerceCheckout.tsx
Analyzing: front-end/src/views/apps/kanban/Kanban.tsx
Analyzing: front-end/src/views/apps/tickets/Tickets.tsx
Analyzing: front-end/src/views/apps/blog/Blog.tsx
Analyzing: front-end/src/views/apps/blog/BlogPost.tsx
Analyzing: front-end/src/views/apps/cms/SimplePageEditorTest.tsx
Analyzing: front-end/src/views/apps/cms/PageEditorWrapper.tsx
Analyzing: front-end/src/views/apps/cms/DynamicComponentRenderer.tsx
Analyzing: front-end/src/views/apps/cms/PageEditorTest.tsx
Analyzing: front-end/src/views/apps/cms/EnhancedPageEditorTest.tsx
Analyzing: front-end/src/views/apps/cms/PageEditor.tsx
Analyzing: front-end/src/views/apps/cms/SimplePageEditor.tsx
Analyzing: front-end/src/views/apps/cms/EnhancedPageEditor.tsx
Analyzing: front-end/src/views/apps/cms/ContentRenderer.tsx
Analyzing: front-end/src/views/apps/chat/ChatApp.tsx
Analyzing: front-end/src/views/apps/chat/Chat.tsx
Analyzing: front-end/src/views/apps/client-management/TemplateManager.tsx
Analyzing: front-end/src/views/apps/client-management/ChurchSetup.tsx
Analyzing: front-end/src/views/apps/client-management/ClientManagementDashboard.tsx
Analyzing: front-end/src/views/apps/client-management/AddNewClient.tsx
Analyzing: front-end/src/views/apps/user-profile/UserProfile.tsx
Analyzing: front-end/src/views/apps/user-profile/Followers.tsx
Analyzing: front-end/src/views/apps/user-profile/Gallery.tsx
Analyzing: front-end/src/views/apps/user-profile/Friends.tsx
Analyzing: front-end/src/views/apps/notes/Notes.tsx
Analyzing: front-end/src/views/EditableRecordPage.tsx
Analyzing: front-end/src/views/admin/ChurchAdminPanel.tsx
Analyzing: front-end/src/views/admin/UserManagement.tsx
Analyzing: front-end/src/views/admin/UserManagement-Broken.tsx
Analyzing: front-end/src/views/admin/OCXDataPanel.tsx
Analyzing: front-end/src/views/admin/OCXDataPanel_new.tsx
Analyzing: front-end/src/views/admin/ChurchAdminPanel.jsx
Analyzing: front-end/src/views/admin/ChurchAdminList.tsx
Analyzing: front-end/src/views/admin/JITTerminalConsole.tsx
Analyzing: front-end/src/views/admin/OCRDataPanel.tsx
Analyzing: front-end/src/views/admin/UserManagement_Enhanced.tsx
Analyzing: front-end/src/views/admin/AdminLogs.tsx
Analyzing: front-end/src/views/admin/MenuPermissions.tsx
Analyzing: front-end/src/views/admin/RoleManagement.tsx
Analyzing: front-end/src/views/admin/MenuManagement.tsx
Analyzing: front-end/src/views/admin/UserManagement_Fixed.tsx
Analyzing: front-end/src/views/admin/OrthodoxMetricsAdmin.tsx
Analyzing: front-end/src/views/admin/ChurchAdminPanelWorking.tsx
Analyzing: front-end/src/views/admin/UserManagement-Fixed.tsx
Analyzing: front-end/src/views/admin/UserManagement_corrupted.tsx
Analyzing: front-end/src/views/admin/SimpleOCRPanel.tsx
Analyzing: front-end/src/views/admin/RecordTemplateManager.tsx
Analyzing: front-end/src/views/admin/tabs/UserManagement.tsx
Analyzing: front-end/src/views/admin/tabs/RoleManagement.tsx
Analyzing: front-end/src/views/admin/tabs/MenuManagement.tsx
Analyzing: front-end/src/views/admin/tabs/SessionManagement.tsx
Analyzing: front-end/src/views/admin/AdminSettings.tsx
Analyzing: front-end/src/views/admin/components/ComponentManager.tsx
Analyzing: front-end/src/views/admin/tools/OMSiteSurvey.tsx
Analyzing: front-end/src/views/admin/tools/PageEditor.tsx
Analyzing: front-end/src/views/admin/UserManagement_backup.tsx
Analyzing: front-end/src/views/admin/BlogAdmin.tsx
Analyzing: front-end/src/views/admin/SessionManagement.tsx
Analyzing: front-end/src/views/admin/ChurchAdminPanelTest.tsx
Analyzing: front-end/src/views/admin/AccessControlDashboard.tsx
Analyzing: front-end/src/views/admin/ActivityLogs.tsx
Analyzing: front-end/src/views/pages/frontend-pages/Contact.tsx
Analyzing: front-end/src/views/pages/frontend-pages/Pricing.tsx
Analyzing: front-end/src/views/pages/frontend-pages/OrthodoxMetricsDemo.tsx
Analyzing: front-end/src/views/pages/frontend-pages/Blog.tsx
Analyzing: front-end/src/views/pages/frontend-pages/Portfolio.tsx
Analyzing: front-end/src/views/pages/frontend-pages/About.tsx
Analyzing: front-end/src/views/pages/frontend-pages/BlogPost.tsx
Analyzing: front-end/src/views/pages/frontend-pages/Homepage.tsx
Analyzing: front-end/src/views/pages/pricing/Pricing.tsx
Analyzing: front-end/src/views/pages/account-setting/AccountSetting.tsx
Analyzing: front-end/src/views/pages/faq/Faq.tsx
Analyzing: front-end/src/views/pages/landingpage/Landingpage.tsx
Analyzing: front-end/src/views/pages/rollbaseCASL/RollbaseCASL.tsx
Analyzing: front-end/src/views/tables/PaginationTable.tsx
Analyzing: front-end/src/views/tables/EnhanceTable.tsx
Analyzing: front-end/src/views/tables/SearchTable.tsx
Analyzing: front-end/src/views/tables/BasicTable.tsx
Analyzing: front-end/src/views/tables/FixedHeaderTable.tsx
Analyzing: front-end/src/views/tables/CollapsibleTable.tsx
Analyzing: front-end/src/views/orthodox-calendar/OrthodoxCalendar.jsx
Analyzing: front-end/src/views/charts/CandlestickChart.tsx
Analyzing: front-end/src/views/charts/RadialbarChart.tsx
Analyzing: front-end/src/views/charts/AreaChart.tsx
Analyzing: front-end/src/views/charts/DoughnutChart.tsx
Analyzing: front-end/src/views/charts/GredientChart.tsx
Analyzing: front-end/src/views/charts/ColumnChart.tsx
Analyzing: front-end/src/views/charts/LineChart.tsx
Analyzing: front-end/src/views/muicharts/piecharts/page.tsx
Analyzing: front-end/src/views/muicharts/gaugecharts/page.tsx
Analyzing: front-end/src/views/muicharts/linecharts/line/page.tsx
Analyzing: front-end/src/views/muicharts/linecharts/area/page.tsx
Analyzing: front-end/src/views/muicharts/sparklinecharts/page.tsx
Analyzing: front-end/src/views/muicharts/scattercharts/page.tsx
Analyzing: front-end/src/views/muicharts/barcharts/page.tsx
Analyzing: front-end/src/views/ui-components/MuiDialog.tsx
Analyzing: front-end/src/views/ui-components/MuiPopover.tsx
Analyzing: front-end/src/views/ui-components/MuiTooltip.tsx
Analyzing: front-end/src/views/ui-components/MuiAccordion.tsx
Analyzing: front-end/src/views/ui-components/MuiTransferList.tsx
Analyzing: front-end/src/views/ui-components/MuiChip.tsx
Analyzing: front-end/src/views/ui-components/MuiList.tsx
Analyzing: front-end/src/views/ui-components/MuiRating.tsx
Analyzing: front-end/src/views/ui-components/MuiTypography.tsx
Analyzing: front-end/src/views/ui-components/MuiAlert.tsx
Analyzing: front-end/src/views/ui-components/MuiAvatar.tsx
Analyzing: front-end/src/views/ui-components/MuiTabs.tsx
Analyzing: front-end/src/views/authentication/Unauthorized.tsx
Analyzing: front-end/src/views/authentication/auth2/TwoSteps2.tsx
Analyzing: front-end/src/views/authentication/auth2/Register2.tsx
Analyzing: front-end/src/views/authentication/auth2/Login2.tsx
Analyzing: front-end/src/views/authentication/auth2/ForgotPassword2.tsx
Analyzing: front-end/src/views/authentication/auth1/Login.tsx
Analyzing: front-end/src/views/authentication/auth1/ForgotPassword.tsx
Analyzing: front-end/src/views/authentication/auth1/Register.tsx
Analyzing: front-end/src/views/authentication/auth1/TwoSteps.tsx
Analyzing: front-end/src/views/authentication/auth1/OrthodoxLogin.tsx
Analyzing: front-end/src/views/authentication/authForms/AuthLogin.tsx
Analyzing: front-end/src/views/authentication/authForms/AuthSocialButtons.tsx
Analyzing: front-end/src/views/authentication/authForms/AuthRegister.tsx
Analyzing: front-end/src/views/authentication/authForms/AuthForgotPassword.tsx
Analyzing: front-end/src/views/authentication/authForms/AuthTwoSteps.tsx
Analyzing: front-end/src/views/authentication/Maintenance.tsx
Analyzing: front-end/src/views/authentication/Error.tsx
Analyzing: front-end/src/views/AdvancedRecordsDemo.tsx
Analyzing: front-end/src/views/social/blog/BlogEdit.tsx
Analyzing: front-end/src/views/social/blog/BlogView.tsx
Analyzing: front-end/src/views/social/blog/BlogCreate.tsx
Analyzing: front-end/src/views/social/blog/BlogList.tsx
Analyzing: front-end/src/views/social/friends/FriendsList.tsx
Analyzing: front-end/src/views/social/chat/SocialChat.tsx
Analyzing: front-end/src/views/social/notifications/NotificationCenter.tsx
Analyzing: front-end/src/views/react-tables/columnvisibility/page.tsx
Analyzing: front-end/src/views/react-tables/sticky/page.tsx
Analyzing: front-end/src/views/react-tables/dense/page.tsx
Analyzing: front-end/src/views/react-tables/editable/page.tsx
Analyzing: front-end/src/views/react-tables/filtering/page.tsx
Analyzing: front-end/src/views/react-tables/row-selection/page.tsx
Analyzing: front-end/src/views/react-tables/sorting/page.tsx
Analyzing: front-end/src/views/react-tables/drag-drop/page.tsx
Analyzing: front-end/src/views/react-tables/pagination/page.tsx
Analyzing: front-end/src/views/react-tables/empty/page.tsx
Analyzing: front-end/src/views/react-tables/expanding/page.tsx
Analyzing: front-end/src/views/react-tables/basic/page.tsx
Analyzing: front-end/src/views/mui-trees/simpletree/simpletree-selection/page.tsx
Analyzing: front-end/src/views/mui-trees/simpletree/simpletree-focus/page.tsx
Analyzing: front-end/src/views/mui-trees/simpletree/simpletree-expansion/page.tsx
Analyzing: front-end/src/views/mui-trees/simpletree/simpletree-items/page.tsx
Analyzing: front-end/src/views/mui-trees/simpletree/simpletree-customization/page.tsx
Analyzing: front-end/src/views/blog/BlogFeed.tsx
Analyzing: front-end/src/views/forms/form-elements/MuiRadio.tsx
Analyzing: front-end/src/views/forms/form-elements/MuiAutoComplete.tsx
Analyzing: front-end/src/views/forms/form-elements/MuiDateTime.tsx
Analyzing: front-end/src/views/forms/form-elements/MuiCheckbox.tsx
Analyzing: front-end/src/views/forms/form-elements/MuiSlider.tsx
Analyzing: front-end/src/views/forms/form-elements/MuiButton.tsx
Analyzing: front-end/src/views/forms/form-elements/MuiSwitch.tsx
Analyzing: front-end/src/views/forms/FormValidation.tsx
Analyzing: front-end/src/views/forms/from-tiptap/TiptapEdit.tsx
Analyzing: front-end/src/views/forms/from-tiptap/TiptapEditor.tsx
Analyzing: front-end/src/views/forms/FormCustom.tsx
Analyzing: front-end/src/views/forms/FormHorizontal.tsx
Analyzing: front-end/src/views/forms/FormLayouts.tsx
Analyzing: front-end/src/views/forms/FormWizard.tsx
Analyzing: front-end/src/views/forms/FormVertical.tsx
Analyzing: front-end/src/views/spinner/Spinner.tsx
Analyzing: front-end/src/views/records/UnifiedRecordsPage.tsx
Analyzing: front-end/src/views/records/BaptismRecordsPage.tsx
Analyzing: front-end/src/views/records/ChurchRecordsPage.tsx
Analyzing: front-end/src/views/records/SSPPOCRecordsPage.tsx
Analyzing: front-end/src/views/demo/GitOpsDemo.tsx
Analyzing: front-end/src/views/demo/AutoFixDemo.tsx
Analyzing: front-end/src/views/demo/OcrScanPreviewDemo.tsx
Analyzing: front-end/src/views/demo/SiteEditorDemo.tsx
Analyzing: front-end/src/views/demo/VisualTestDemo.tsx
Analyzing: front-end/src/views/widgets/banners/WidgetBanners.tsx
Analyzing: front-end/src/views/widgets/cards/WidgetCards.tsx
Analyzing: front-end/src/views/widgets/charts/WidgetCharts.tsx
Analyzing: front-end/src/views/settings/BackupSettings.tsx
Analyzing: front-end/src/views/settings/ContentSettings.tsx
Analyzing: front-end/src/views/settings/MenuSettings.tsx
Analyzing: front-end/src/views/settings/services/BackendDetails.tsx
Analyzing: front-end/src/views/settings/JITTerminalAccess.tsx
Analyzing: front-end/src/views/settings/ServiceManagement.tsx
Analyzing: front-end/src/views/settings/ImageGridExtractor.tsx
Analyzing: front-end/src/App.tsx
Analyzing: front-end/src/main.tsx
Analyzing: front-end/src/layouts/blank/BlankLayout.tsx
Analyzing: front-end/src/layouts/full/horizontal/header/Header.tsx
Analyzing: front-end/src/layouts/full/horizontal/navbar/Navigation.tsx
Analyzing: front-end/src/layouts/full/horizontal/navbar/NavListing/NavListing.tsx
Analyzing: front-end/src/layouts/full/horizontal/navbar/NavCollapse/NavCollapse.tsx
Analyzing: front-end/src/layouts/full/horizontal/navbar/NavItem/NavItem.tsx
Analyzing: front-end/src/layouts/full/FullLayout.tsx
Analyzing: front-end/src/layouts/full/vertical/sidebar/SidebarItems.tsx
Analyzing: front-end/src/layouts/full/vertical/sidebar/SidebarProfile/Profile.tsx
Analyzing: front-end/src/layouts/full/vertical/sidebar/Sidebar.tsx
Analyzing: front-end/src/layouts/full/vertical/sidebar/NavCollapse/index.tsx
Analyzing: front-end/src/layouts/full/vertical/sidebar/NavGroup/NavGroup.tsx
Analyzing: front-end/src/layouts/full/vertical/sidebar/NavItem/index.tsx
Analyzing: front-end/src/layouts/full/vertical/header/QuickLinks.tsx
Analyzing: front-end/src/layouts/full/vertical/header/Message.tsx
Analyzing: front-end/src/layouts/full/vertical/header/CartItem.tsx
Analyzing: front-end/src/layouts/full/vertical/header/Notification.tsx
Analyzing: front-end/src/layouts/full/vertical/header/Profile.tsx
Analyzing: front-end/src/layouts/full/vertical/header/Header.tsx
Analyzing: front-end/src/layouts/full/vertical/header/AppLinks.tsx
Analyzing: front-end/src/layouts/full/vertical/header/Navigation.tsx
Analyzing: front-end/src/layouts/full/vertical/header/MobileRightSidebar.tsx
Analyzing: front-end/src/layouts/full/vertical/header/Language.tsx
Analyzing: front-end/src/layouts/full/vertical/header/Search.tsx
Analyzing: front-end/src/layouts/full/vertical/header/Cart.tsx
Analyzing: front-end/src/layouts/full/shared/customizer/RTL.tsx
Analyzing: front-end/src/layouts/full/shared/customizer/Customizer.tsx
Analyzing: front-end/src/layouts/full/shared/logo/Logo.tsx
Analyzing: front-end/src/layouts/full/shared/breadcrumb/Breadcrumb.tsx
Analyzing: front-end/src/layouts/full/shared/welcome/Welcome.tsx
Analyzing: front-end/src/layouts/full/shared/loadable/Loadable.tsx
Analyzing: front-end/src/modules/OMLearn/QuestionnaireRunner.tsx
Analyzing: front-end/src/modules/OMLearn/SurveyResultsContext.tsx
Analyzing: front-end/src/modules/OMLearn/OMLearn.tsx
Analyzing: front-end/src/modules/OMLearn/OMLearnDashboard.tsx
Analyzing: front-end/src/records/RecordTable.tsx
Analyzing: front-end/src/records/RecordHistoryModal.tsx
Analyzing: front-end/src/records/RecordPagination.tsx
Analyzing: front-end/src/records/RecordFormModal.tsx
Analyzing: front-end/src/records/RecordFilters.tsx
Analyzing: front-end/src/records/RecordSearch.tsx
Analyzing: front-end/src/records/CertificatePreviewer.tsx
Analyzing: front-end/src/records/ImportModal.tsx
Analyzing: front-end/src/records/RecordManager.tsx
Analyzing: front-end/src/records/RecordHeader.tsx
Analyzing: front-end/src/records/DeleteConfirmationModal.tsx
Analyzing: front-end/src/contexts/DynamicMenuContext.tsx
Analyzing: front-end/src/contexts/MenuVisibilityContext.tsx
Analyzing: front-end/src/contexts/NotificationContext.tsx
Analyzing: front-end/src/theme/LightThemeColors.tsx
Analyzing: front-end/src/theme/DefaultColors.tsx
Analyzing: front-end/src/theme/Components.tsx
Analyzing: front-end/src/theme/Theme.tsx
Analyzing: front-end/src/theme/Shadows.tsx
Analyzing: front-end/src/theme/Typography.tsx
Analyzing: front-end/src/theme/DarkThemeColors.tsx
Analyzing: front-end/src/theme/ThemeColors.tsx
Analyzing: front-end/src/Test.tsx
Analyzing: front-end/src/LoadingBar.tsx
Analyzing: front-end/src/components/frontend-pages/pricing/Banner.tsx
Analyzing: front-end/src/components/frontend-pages/contact/form/index.tsx
Analyzing: front-end/src/components/frontend-pages/contact/form/Address.tsx
Analyzing: front-end/src/components/frontend-pages/contact/banner/index.tsx
Analyzing: front-end/src/components/frontend-pages/portfolio/Banner.tsx
Analyzing: front-end/src/components/frontend-pages/blog/banner/index.tsx
Analyzing: front-end/src/components/frontend-pages/about/key-metric/ContentArea.tsx
Analyzing: front-end/src/components/frontend-pages/about/key-metric/Key.tsx
Analyzing: front-end/src/components/frontend-pages/about/key-metric/index.tsx
Analyzing: front-end/src/components/frontend-pages/about/banner/index.tsx
Analyzing: front-end/src/components/frontend-pages/about/process/index.tsx
Analyzing: front-end/src/components/frontend-pages/homepage/exceptional-feature/index.tsx
Analyzing: front-end/src/components/frontend-pages/homepage/powerful-dozens/DozensCarousel.tsx
Analyzing: front-end/src/components/frontend-pages/homepage/powerful-dozens/index.tsx
Analyzing: front-end/src/components/frontend-pages/homepage/features/FeatureTitle.tsx
Analyzing: front-end/src/components/frontend-pages/homepage/features/Features.tsx
Analyzing: front-end/src/components/frontend-pages/homepage/faq/index.tsx
Analyzing: front-end/src/components/frontend-pages/homepage/banner/Banner.tsx
Analyzing: front-end/src/components/frontend-pages/homepage/banner/LiturgicalFlowBackground.tsx
Analyzing: front-end/src/components/frontend-pages/homepage/banner/LiturgicalFlowBackgroundTailwind.tsx
Analyzing: front-end/src/components/frontend-pages/homepage/banner/AnimatedBanner.tsx
Analyzing: front-end/src/components/frontend-pages/homepage/multilingual-showcase/MultilingualShowcase.tsx
Analyzing: front-end/src/components/frontend-pages/homepage/defend-focus/TabWorkflows.tsx
Analyzing: front-end/src/components/frontend-pages/homepage/defend-focus/TabPayments.tsx
Analyzing: front-end/src/components/frontend-pages/homepage/defend-focus/index.tsx
Analyzing: front-end/src/components/frontend-pages/homepage/defend-focus/TabTeamScheduling.tsx
Analyzing: front-end/src/components/frontend-pages/homepage/defend-focus/TabEmbedding.tsx
Analyzing: front-end/src/components/frontend-pages/homepage/why-choose-us/WhyChooseUsEnhanced.tsx
Analyzing: front-end/src/components/frontend-pages/homepage/baptism-record-viewer/BaptismRecordViewerMagnifier.tsx
Analyzing: front-end/src/components/frontend-pages/shared/scroll-to-top/index.tsx
Analyzing: front-end/src/components/frontend-pages/shared/footer/index.tsx
Analyzing: front-end/src/components/frontend-pages/shared/pricing/PricingCard.tsx
Analyzing: front-end/src/components/frontend-pages/shared/pricing/index.tsx
Analyzing: front-end/src/components/frontend-pages/shared/pricing/PaymentMethods.tsx
Analyzing: front-end/src/components/frontend-pages/shared/header/HpHeader.tsx
Analyzing: front-end/src/components/frontend-pages/shared/header/HeaderAlert.tsx
Analyzing: front-end/src/components/frontend-pages/shared/header/MobileSidebar.tsx
Analyzing: front-end/src/components/frontend-pages/shared/header/Navigations.tsx
Analyzing: front-end/src/components/frontend-pages/shared/reviews/ReviewCarousel.tsx
Analyzing: front-end/src/components/frontend-pages/shared/reviews/ContentArea.tsx
Analyzing: front-end/src/components/frontend-pages/shared/reviews/index.tsx
Analyzing: front-end/src/components/frontend-pages/shared/c2a/index.tsx
Analyzing: front-end/src/components/frontend-pages/shared/leadership/Contact.tsx
Analyzing: front-end/src/components/frontend-pages/shared/leadership/LeaderShipCarousel.tsx
Analyzing: front-end/src/components/frontend-pages/shared/leadership/index.tsx
Analyzing: front-end/src/components/apps/contacts/ContactList.tsx
Analyzing: front-end/src/components/apps/contacts/ContactListItem.tsx
Analyzing: front-end/src/components/apps/contacts/ContactFilter.tsx
Analyzing: front-end/src/components/apps/contacts/ContactAdd.tsx
Analyzing: front-end/src/components/apps/contacts/ContactSearch.tsx
Analyzing: front-end/src/components/apps/contacts/ContactDetails.tsx
Analyzing: front-end/src/components/apps/ecommerce/productAdd/ProductTemplate.tsx
Analyzing: front-end/src/components/apps/ecommerce/productAdd/Pricing.tsx
Analyzing: front-end/src/components/apps/ecommerce/productAdd/Thumbnail.tsx
Analyzing: front-end/src/components/apps/ecommerce/productAdd/ProductDetails.tsx
Analyzing: front-end/src/components/apps/ecommerce/productAdd/VariationCard.tsx
Analyzing: front-end/src/components/apps/ecommerce/productAdd/GeneralCard.tsx
Analyzing: front-end/src/components/apps/ecommerce/productAdd/Status.tsx
Analyzing: front-end/src/components/apps/ecommerce/productAdd/Media.tsx
Analyzing: front-end/src/components/apps/ecommerce/ProductTableList/ProductTableList.tsx
Analyzing: front-end/src/components/apps/ecommerce/productDetail/ProductDesc.tsx
Analyzing: front-end/src/components/apps/ecommerce/productDetail/ProductDetail.tsx
Analyzing: front-end/src/components/apps/ecommerce/productDetail/ProductRelated.tsx
Analyzing: front-end/src/components/apps/ecommerce/productDetail/ProductCarousel.tsx
Analyzing: front-end/src/components/apps/ecommerce/productGrid/ProductFilter.tsx
Analyzing: front-end/src/components/apps/ecommerce/productGrid/ProductSidebar.tsx
Analyzing: front-end/src/components/apps/ecommerce/productGrid/ProductSearch.tsx
Analyzing: front-end/src/components/apps/ecommerce/productGrid/ProductList.tsx
Analyzing: front-end/src/components/apps/ecommerce/productCheckout/ThirdStep.tsx
Analyzing: front-end/src/components/apps/ecommerce/productCheckout/FirstStep.tsx
Analyzing: front-end/src/components/apps/ecommerce/productCheckout/HorizontalStepper.tsx
Analyzing: front-end/src/components/apps/ecommerce/productCheckout/SecondStep.tsx
Analyzing: front-end/src/components/apps/ecommerce/productCheckout/FinalStep.tsx
Analyzing: front-end/src/components/apps/ecommerce/productCheckout/ProductCheckout.tsx
Analyzing: front-end/src/components/apps/ecommerce/productEdit/ProductTemplate.tsx
Analyzing: front-end/src/components/apps/ecommerce/productEdit/CustomersReviews.tsx
Analyzing: front-end/src/components/apps/ecommerce/productEdit/Pricing.tsx
Analyzing: front-end/src/components/apps/ecommerce/productEdit/Thumbnail.tsx
Analyzing: front-end/src/components/apps/ecommerce/productEdit/ProductAvgSales.tsx
Analyzing: front-end/src/components/apps/ecommerce/productEdit/ProductDetails.tsx
Analyzing: front-end/src/components/apps/ecommerce/productEdit/VariationCard.tsx
Analyzing: front-end/src/components/apps/ecommerce/productEdit/GeneralCard.tsx
Analyzing: front-end/src/components/apps/ecommerce/productEdit/Status.tsx
Analyzing: front-end/src/components/apps/ecommerce/productEdit/Media.tsx
Analyzing: front-end/src/components/apps/ecommerce/productCart/AlertCart.tsx
Analyzing: front-end/src/components/apps/ecommerce/productCart/AddToCart.tsx
Analyzing: front-end/src/components/apps/email/EmailSearch.tsx
Analyzing: front-end/src/components/apps/email/EmailActions.tsx
Analyzing: front-end/src/components/apps/email/EmailCompose.tsx
Analyzing: front-end/src/components/apps/email/EmailContent.tsx
Analyzing: front-end/src/components/apps/email/EmailList.tsx
Analyzing: front-end/src/components/apps/email/EmailFilter.tsx
Analyzing: front-end/src/components/apps/email/EmailListItem.tsx
Analyzing: front-end/src/components/apps/invoice/Add-invoice/index.tsx
Analyzing: front-end/src/components/apps/invoice/Invoice-detail/InvoicePDFPreview.tsx
Analyzing: front-end/src/components/apps/invoice/Invoice-detail/ModernInvoiceDetail.tsx
Analyzing: front-end/src/components/apps/invoice/Invoice-detail/ModernInvoiceDetail.simple.tsx
Analyzing: front-end/src/components/apps/invoice/Invoice-detail/index.tsx
Analyzing: front-end/src/components/apps/invoice/Edit-invoice/ModernInvoiceEdit.simple.tsx
Analyzing: front-end/src/components/apps/invoice/Edit-invoice/index.tsx
Analyzing: front-end/src/components/apps/invoice/Edit-invoice/ModernInvoiceEdit.tsx
Analyzing: front-end/src/components/apps/invoice/Invoice-view/InvoiceViewByNumber.tsx
Analyzing: front-end/src/components/apps/invoice/Invoice-view/index.tsx
Analyzing: front-end/src/components/apps/invoice/Invoice-list/index.tsx
Analyzing: front-end/src/components/apps/invoice/Invoice-list/ModernInvoiceList.tsx
Analyzing: front-end/src/components/apps/kanban/TaskData.tsx
Analyzing: front-end/src/components/apps/kanban/KanbanHeader.tsx
Analyzing: front-end/src/components/apps/kanban/TaskManager.tsx
Analyzing: front-end/src/components/apps/kanban/TaskModal/EditCategoryModal.tsx
Analyzing: front-end/src/components/apps/kanban/TaskModal/AddNewTaskModal.tsx
Analyzing: front-end/src/components/apps/kanban/TaskModal/EditTaskModal.tsx
Analyzing: front-end/src/components/apps/kanban/CategoryTaskList.tsx
Analyzing: front-end/src/components/apps/chats/ChatSidebar.tsx
Analyzing: front-end/src/components/apps/chats/ChatInsideSidebar.tsx
Analyzing: front-end/src/components/apps/chats/ChatMsgSent.tsx
Analyzing: front-end/src/components/apps/chats/ChatListing.tsx
Analyzing: front-end/src/components/apps/chats/ChatContent.tsx
Analyzing: front-end/src/components/apps/tickets/TicketFilter.tsx
Analyzing: front-end/src/components/apps/tickets/TicketListing.tsx
Analyzing: front-end/src/components/apps/blog/BlogListing.tsx
Analyzing: front-end/src/components/apps/blog/BlogCard.tsx
Analyzing: front-end/src/components/apps/blog/BlogFeaturedCard.tsx
Analyzing: front-end/src/components/apps/blog/detail/BlogDetail.tsx
Analyzing: front-end/src/components/apps/blog/detail/BlogComment.tsx
Analyzing: front-end/src/components/apps/records/recordGrid/RecordList.tsx
Analyzing: front-end/src/components/apps/records/recordGrid/RecordSidebar.tsx
Analyzing: front-end/src/components/apps/records/recordGrid/RecordSearch.tsx
Analyzing: front-end/src/components/apps/records/recordGrid/RecordFilter.tsx
Analyzing: front-end/src/components/apps/records/recordGrid/RecordCard.tsx
Analyzing: front-end/src/components/apps/userprofile/profile/PostComments.tsx
Analyzing: front-end/src/components/apps/userprofile/profile/PostTextBox.tsx
Analyzing: front-end/src/components/apps/userprofile/profile/ProfileBanner.tsx
Analyzing: front-end/src/components/apps/userprofile/profile/Post.tsx
Analyzing: front-end/src/components/apps/userprofile/profile/OrthodoxAvatarSelector.tsx
Analyzing: front-end/src/components/apps/userprofile/profile/ProfileTab.tsx
Analyzing: front-end/src/components/apps/userprofile/profile/PhotosCard.tsx
Analyzing: front-end/src/components/apps/userprofile/profile/IntroCard.tsx
Analyzing: front-end/src/components/apps/userprofile/profile/PostItem.tsx
Analyzing: front-end/src/components/apps/userprofile/gallery/GalleryCard.tsx
Analyzing: front-end/src/components/apps/userprofile/followers/FollowerCard.tsx
Analyzing: front-end/src/components/apps/userprofile/friends/FriendsCard.tsx
Analyzing: front-end/src/components/apps/chat/FriendsList.tsx
Analyzing: front-end/src/components/apps/chat/ChatWindow.tsx
Analyzing: front-end/src/components/apps/chat/ChatSidebar.tsx
Analyzing: front-end/src/components/apps/chat/MessageInput.tsx
Analyzing: front-end/src/components/apps/chat/ChatSettings.tsx
Analyzing: front-end/src/components/apps/records-ui/ChurchRecordTableList/ChurchRecordTableList.tsx
Analyzing: front-end/src/components/apps/notes/NoteContent.tsx
Analyzing: front-end/src/components/apps/notes/NoteList.tsx
Analyzing: front-end/src/components/apps/notes/NoteSidebar.tsx
Analyzing: front-end/src/components/apps/notes/AddNotes.tsx
Analyzing: front-end/src/components/admin/EmailSettingsForm.tsx
Analyzing: front-end/src/components/admin/BigBookCustomComponentViewer.tsx
Analyzing: front-end/src/components/admin/AdminDashboardLayout.tsx
Analyzing: front-end/src/components/admin/UserFormModal.tsx
Analyzing: front-end/src/components/admin/SuperAdminDashboard.tsx
Analyzing: front-end/src/components/admin/BigBookKanbanSync.tsx
Analyzing: front-end/src/components/admin/ChurchServerManager.tsx
Analyzing: front-end/src/components/admin/NFSBackupConfig.tsx
Analyzing: front-end/src/components/admin/AdminTile.tsx
Analyzing: front-end/src/components/admin/EditChurchModal.tsx
Analyzing: front-end/src/components/admin/AdminPageFallback.tsx
Analyzing: front-end/src/components/admin/UploadedFileList.tsx
Analyzing: front-end/src/components/admin/SDLCBackupPanel.tsx
Analyzing: front-end/src/components/admin/TSXComponentInstallWizard.tsx
Analyzing: front-end/src/components/admin/BigBookDynamicRoute.tsx
Analyzing: front-end/src/components/admin/SystemWatchdog.tsx
Analyzing: front-end/src/components/admin/BuildConsole.tsx
Analyzing: front-end/src/components/admin/EncryptedStoragePanel.tsx
Analyzing: front-end/src/components/admin/OMBigBook.tsx
Analyzing: front-end/src/components/admin/ChurchWizard.jsx
Analyzing: front-end/src/components/admin/BigBookConsolePage.tsx
Analyzing: front-end/src/components/admin/FileViewer.tsx
Analyzing: front-end/src/components/admin/NotificationManagement.tsx
Analyzing: front-end/src/components/admin/OMAITaskAssignmentWidget.tsx
Analyzing: front-end/src/components/admin/ScriptRunner.tsx
Analyzing: front-end/src/components/admin/OMAIDiscoveryPanelMobile.tsx
Analyzing: front-end/src/components/admin/QuestionnairePreview.tsx
Analyzing: front-end/src/components/admin/ChurchManagement.jsx
Analyzing: front-end/src/components/admin/ComponentDiscoveryPanel.tsx
Analyzing: front-end/src/components/admin/BigBookSettings.tsx
Analyzing: front-end/src/components/admin/OMAIDiscoveryPanel.tsx
Analyzing: front-end/src/components/ThemedTable.tsx
Analyzing: front-end/src/components/pages/account-setting/BillsTab.tsx
Analyzing: front-end/src/components/pages/account-setting/AccountTab.tsx
Analyzing: front-end/src/components/pages/account-setting/SecurityTab.tsx
Analyzing: front-end/src/components/pages/account-setting/NotificationTab.tsx
Analyzing: front-end/src/components/pages/faq/Questions.tsx
Analyzing: front-end/src/components/pages/faq/StillQuestions.tsx
Analyzing: front-end/src/components/MarkdownUpload.tsx
Analyzing: front-end/src/components/tables/Table1.tsx
Analyzing: front-end/src/components/tables/Table4.tsx
Analyzing: front-end/src/components/tables/Table3.tsx
Analyzing: front-end/src/components/tables/Table2.tsx
Analyzing: front-end/src/components/tables/Table5.tsx
Analyzing: front-end/src/components/tables/code/BasicTableCode.tsx
Analyzing: front-end/src/components/UploadTokenManager.tsx
Analyzing: front-end/src/components/ColorPickerPopover/ColorPickerPopover.tsx
Analyzing: front-end/src/components/RecordPreviewPane/RecordPreviewPane.tsx
Analyzing: front-end/src/components/demos/OrthodoxThemeDemo.tsx
Analyzing: front-end/src/components/calendar/OMCalendar.tsx
Analyzing: front-end/src/components/ManualFixEditor.tsx
Analyzing: front-end/src/components/UserFormModal.tsx
Analyzing: front-end/src/components/KanbanColumn.tsx
Analyzing: front-end/src/components/VisualRegressionDashboard.tsx
Analyzing: front-end/src/components/global/GlobalOMAI.tsx
Analyzing: front-end/src/components/global/ErrorDetailsCard.tsx
Analyzing: front-end/src/components/global/ErrorNotificationToast.tsx
Analyzing: front-end/src/components/SiteEditor.tsx
Analyzing: front-end/src/components/AdvancedGridDialog.tsx
Analyzing: front-end/src/components/ResetPasswordModal.tsx
Analyzing: front-end/src/components/ImportRecordsButton.tsx
Analyzing: front-end/src/components/ocr/wizard/Step2FileUploader.tsx
Analyzing: front-end/src/components/ocr/wizard/Step3FileReview.tsx
Analyzing: front-end/src/components/ocr/wizard/Step4Confirmation.tsx
Analyzing: front-end/src/components/ocr/wizard/Step1RecordDetails.tsx
Analyzing: front-end/src/components/ocr/OcrTextBlockList.tsx
Analyzing: front-end/src/components/ocr/Settings.tsx
Analyzing: front-end/src/components/ocr/ManualUploader.tsx
Analyzing: front-end/src/components/ocr/ProcessingQueue.tsx
Analyzing: front-end/src/components/ocr/OcrWizardUpload.tsx
Analyzing: front-end/src/components/ocr/OcrMultiRecordMapper.tsx
Analyzing: front-end/src/components/ocr/WizardUpload.tsx
Analyzing: front-end/src/components/ocr/OcrPreviewModal.tsx
Analyzing: front-end/src/components/ocr/ExtractionAnalytics.tsx
Analyzing: front-end/src/components/ocr/OcrRecordMapper.tsx
Analyzing: front-end/src/components/ocr/EditableRecordRow.tsx
Analyzing: front-end/src/components/ocr/OcrCorrectionTool.tsx
Analyzing: front-end/src/components/ocr/EntityExtractionViewer.tsx
Analyzing: front-end/src/components/ocr/ConfidenceBadge.tsx
Analyzing: front-end/src/components/ocr/OcrTestPanel.tsx
Analyzing: front-end/src/components/ocr/OCRDragComponents.tsx
Analyzing: front-end/src/components/ocr/OcrInterface.tsx
Analyzing: front-end/src/components/ocr/GlobalTemplateEditor.tsx
Analyzing: front-end/src/components/ocr/FieldTemplateSelector.tsx
Analyzing: front-end/src/components/ocr/OcrWizardEnhanced.tsx
Analyzing: front-end/src/components/ocr/RetryButton.tsx
Analyzing: front-end/src/components/PublicOCRUploader.tsx
Analyzing: front-end/src/components/TableThemeSelector.tsx
Analyzing: front-end/src/components/KanbanTaskModal.broken.tsx
Analyzing: front-end/src/components/charts/Radar Charts/code/RadarChartsCode.tsx
Analyzing: front-end/src/components/charts/Line Chart/code/LineChartCode.tsx
Analyzing: front-end/src/components/charts/Doughnut Charts/code/DoughnutChartsCode.tsx
Analyzing: front-end/src/components/charts/Area Chart/code/AreaChartCode.tsx
Analyzing: front-end/src/components/charts/Pie Charts/code/PieChartsCode.tsx
Analyzing: front-end/src/components/charts/Radialbar Charts/code/RadialbarChartsCode.tsx
Analyzing: front-end/src/components/charts/Candlestick Chart/code/CandlestickChartCode.tsx
Analyzing: front-end/src/components/charts/Gradient Chart/code/GradientChartCode.tsx
Analyzing: front-end/src/components/charts/Column Chart/code/ColumnChartCode.tsx
Analyzing: front-end/src/components/muicharts/piecharts/StraightAnglePieChart.tsx
Analyzing: front-end/src/components/muicharts/piecharts/PieChartWithCustomizedLabel.tsx
Analyzing: front-end/src/components/muicharts/piecharts/OnSeriesItemClickChart.tsx
Analyzing: front-end/src/components/muicharts/piecharts/BasicPieChart.tsx
Analyzing: front-end/src/components/muicharts/piecharts/PieChartWithCenterLabelChart.tsx
Analyzing: front-end/src/components/muicharts/piecharts/PieChartWithPaddingAngleChart.tsx
Analyzing: front-end/src/components/muicharts/piecharts/TwoLevelPieChart.tsx
Analyzing: front-end/src/components/muicharts/piecharts/TwoSimplePieChart.tsx
Analyzing: front-end/src/components/muicharts/linescharts/areacharts/StackedAreaChart.tsx
Analyzing: front-end/src/components/muicharts/linescharts/areacharts/AreaChartConnectNullsChart.tsx
Analyzing: front-end/src/components/muicharts/linescharts/areacharts/AreaChartFillByValueChart.tsx
Analyzing: front-end/src/components/muicharts/linescharts/areacharts/SimpleAreaChart.tsx
Analyzing: front-end/src/components/muicharts/linescharts/areacharts/PercentAreaChart.tsx
Analyzing: front-end/src/components/muicharts/linescharts/areacharts/TinyAreaChart.tsx
Analyzing: front-end/src/components/muicharts/linescharts/linechart/TinyLineChart.tsx
Analyzing: front-end/src/components/muicharts/linescharts/linechart/BiaxialLineChart.tsx
Analyzing: front-end/src/components/muicharts/linescharts/linechart/LinewithforecastChart.tsx
Analyzing: front-end/src/components/muicharts/linescharts/linechart/DashedLineChart.tsx
Analyzing: front-end/src/components/muicharts/linescharts/linechart/SimpleLineChart.tsx
Analyzing: front-end/src/components/muicharts/linescharts/linechart/LineChartWithReferenceLinesChart.tsx
Analyzing: front-end/src/components/muicharts/gaugecharts/ArcDesignChart.tsx
Analyzing: front-end/src/components/muicharts/gaugecharts/GaugePointerChart.tsx
Analyzing: front-end/src/components/muicharts/gaugecharts/BasicGaugesChart.tsx
Analyzing: front-end/src/components/muicharts/sparklinecharts/AreaSparkLineChart.tsx
Analyzing: front-end/src/components/muicharts/sparklinecharts/BasicSparkLineCustomizationChart.tsx
Analyzing: front-end/src/components/muicharts/sparklinecharts/BasicSparkLine.tsx
Analyzing: front-end/src/components/muicharts/code/piechartcode/TwoSimplePieCode.tsx
Analyzing: front-end/src/components/muicharts/code/piechartcode/TwoLevelPieCode.tsx
Analyzing: front-end/src/components/muicharts/code/piechartcode/StraightAnglePieCode.tsx
Analyzing: front-end/src/components/muicharts/code/piechartcode/PieChartWithPaddingAngleCode.tsx
Analyzing: front-end/src/components/muicharts/code/piechartcode/PieChartWithCustomizedLabelCode.tsx
Analyzing: front-end/src/components/muicharts/code/piechartcode/BasicPieCode.tsx
Analyzing: front-end/src/components/muicharts/code/piechartcode/OnSeriesItemClickCode.tsx
Analyzing: front-end/src/components/muicharts/code/piechartcode/PieChartWithCenterLabelCode.tsx
Analyzing: front-end/src/components/muicharts/code/linechartscode/LinewithforecastCode.tsx
Analyzing: front-end/src/components/muicharts/code/linechartscode/TinyLineCode.tsx
Analyzing: front-end/src/components/muicharts/code/linechartscode/DashedLineCode.tsx
Analyzing: front-end/src/components/muicharts/code/linechartscode/LineChartWithReferenceLinesCode.tsx
Analyzing: front-end/src/components/muicharts/code/linechartscode/BiaxialLineCode.tsx
Analyzing: front-end/src/components/muicharts/code/linechartscode/SimpleLineCode.tsx
Analyzing: front-end/src/components/muicharts/code/barchartcode/TinyBarCode.tsx
Analyzing: front-end/src/components/muicharts/code/barchartcode/BarChartStackedBySignCode.tsx
Analyzing: front-end/src/components/muicharts/code/barchartcode/PositiveAndNegativeBarCode.tsx
Analyzing: front-end/src/components/muicharts/code/barchartcode/BiaxialBarCode.tsx
Analyzing: front-end/src/components/muicharts/code/barchartcode/MixedBarCode.tsx
Analyzing: front-end/src/components/muicharts/code/barchartcode/SimpleBarCode.tsx
Analyzing: front-end/src/components/muicharts/code/barchartcode/StackedBarCode.tsx
Analyzing: front-end/src/components/muicharts/code/areachartscode/AreaChartConnectNullsCode.tsx
Analyzing: front-end/src/components/muicharts/code/areachartscode/TinyAreaCode.tsx
Analyzing: front-end/src/components/muicharts/code/areachartscode/StackedAreaCode.tsx
Analyzing: front-end/src/components/muicharts/code/areachartscode/SimpleAreaCode.tsx
Analyzing: front-end/src/components/muicharts/code/areachartscode/AreaChartFillByValueCode.tsx
Analyzing: front-end/src/components/muicharts/code/areachartscode/PercentAreaCode.tsx
Analyzing: front-end/src/components/muicharts/code/sparklinecode/AreaSparkLineCode.tsx
Analyzing: front-end/src/components/muicharts/code/sparklinecode/BasicSparkLineCode.tsx
Analyzing: front-end/src/components/muicharts/code/sparklinecode/BasicSparkLineCustomizationCode.tsx
Analyzing: front-end/src/components/muicharts/code/scatterchartscode/ScatterClickNoSnapCode.tsx
Analyzing: front-end/src/components/muicharts/code/scatterchartscode/BasicScatterCode.tsx
Analyzing: front-end/src/components/muicharts/code/scatterchartscode/ScatterDatasetCode.tsx
Analyzing: front-end/src/components/muicharts/code/scatterchartscode/VoronoiInteractionCode.tsx
Analyzing: front-end/src/components/muicharts/code/gaugechartscode/BasicGaugesCode.tsx
Analyzing: front-end/src/components/muicharts/code/gaugechartscode/ArcDesignCode.tsx
Analyzing: front-end/src/components/muicharts/code/gaugechartscode/GaugePointerCode.tsx
Analyzing: front-end/src/components/muicharts/scattercharts/ScatterClickNoSnapChart.tsx
Analyzing: front-end/src/components/muicharts/scattercharts/VoronoiInteractionChart.tsx
Analyzing: front-end/src/components/muicharts/scattercharts/ScatterDatasetChart.tsx
Analyzing: front-end/src/components/muicharts/scattercharts/BasicScatterChart.tsx
Analyzing: front-end/src/components/muicharts/barcharts/BarChartStackedBySignChart.tsx
Analyzing: front-end/src/components/muicharts/barcharts/TinyBarChart.tsx
Analyzing: front-end/src/components/muicharts/barcharts/SimpleBarChart.tsx
Analyzing: front-end/src/components/muicharts/barcharts/MixedBarChart.tsx
Analyzing: front-end/src/components/muicharts/barcharts/BiaxialBarChart.tsx
Analyzing: front-end/src/components/muicharts/barcharts/StackedBarChart.tsx
Analyzing: front-end/src/components/muicharts/barcharts/PositiveAndNegativeBarChart.tsx
Analyzing: front-end/src/components/landingpage/footer/Footer.tsx
Analyzing: front-end/src/components/landingpage/demo-slider/DemoSlider.tsx
Analyzing: front-end/src/components/landingpage/demo-slider/DemoTitle.tsx
Analyzing: front-end/src/components/landingpage/header/Header.tsx
Analyzing: front-end/src/components/landingpage/header/MobileSidebar.tsx
Analyzing: front-end/src/components/landingpage/header/Navigations.tsx
Analyzing: front-end/src/components/landingpage/header/DemosDD.tsx
Analyzing: front-end/src/components/landingpage/testimonial/Testimonial.tsx
Analyzing: front-end/src/components/landingpage/testimonial/TestimonialTitle.tsx
Analyzing: front-end/src/components/landingpage/features/Features.tsx
Analyzing: front-end/src/components/landingpage/features/FeaturesTitle.tsx
Analyzing: front-end/src/components/landingpage/banner/Banner.tsx
Analyzing: front-end/src/components/landingpage/banner/BannerContent.tsx
Analyzing: front-end/src/components/landingpage/animation/Animation.tsx
Analyzing: front-end/src/components/landingpage/c2a/C2a2.tsx
Analyzing: front-end/src/components/landingpage/c2a/C2a.tsx
Analyzing: front-end/src/components/landingpage/c2a/GuaranteeCard.tsx
Analyzing: front-end/src/components/landingpage/frameworks/FrameworksTitle.tsx
Analyzing: front-end/src/components/landingpage/frameworks/Frameworks.tsx
Analyzing: front-end/src/components/routing/SmartRedirect.tsx
Analyzing: front-end/src/components/material-ui/transfer-list/EnhancedTransferList.tsx
Analyzing: front-end/src/components/material-ui/transfer-list/BasicTransferList.tsx
Analyzing: front-end/src/components/material-ui/transfer-list/code/EnhancedTransferListCode.tsx
Analyzing: front-end/src/components/material-ui/transfer-list/code/BasicTransferListCode.tsx
Analyzing: front-end/src/components/material-ui/alert/code/OutlinedCode.tsx
Analyzing: front-end/src/components/material-ui/alert/code/ActionCode.tsx
Analyzing: front-end/src/components/material-ui/alert/code/TransitionCode.tsx
Analyzing: front-end/src/components/material-ui/alert/code/DescriptionCode.tsx
Analyzing: front-end/src/components/material-ui/alert/code/FilledCode.tsx
Analyzing: front-end/src/components/material-ui/popover/HoverPopover.tsx
Analyzing: front-end/src/components/material-ui/popover/ClickPopover.tsx
Analyzing: front-end/src/components/material-ui/popover/code/ClickPopoverCode.tsx
Analyzing: front-end/src/components/material-ui/popover/code/HoverPopoverCode.tsx
Analyzing: front-end/src/components/material-ui/typography/code/TextErrorCode.tsx
Analyzing: front-end/src/components/material-ui/typography/code/Subtitle1Code.tsx
Analyzing: front-end/src/components/material-ui/typography/code/Heading5Code.tsx
Analyzing: front-end/src/components/material-ui/typography/code/TextWarningCode.tsx
Analyzing: front-end/src/components/material-ui/typography/code/Heading6Code.tsx
Analyzing: front-end/src/components/material-ui/typography/code/TextInfoCode.tsx
Analyzing: front-end/src/components/material-ui/typography/code/Heading4Code.tsx
Analyzing: front-end/src/components/material-ui/typography/code/TextPrimaryCode.tsx
Analyzing: front-end/src/components/material-ui/typography/code/Heading1Code.tsx
Analyzing: front-end/src/components/material-ui/typography/code/Heading2Code.tsx
Analyzing: front-end/src/components/material-ui/typography/code/Subtitle2Code.tsx
Analyzing: front-end/src/components/material-ui/typography/code/TextSecondaryCode.tsx
Analyzing: front-end/src/components/material-ui/typography/code/Heading3Code.tsx
Analyzing: front-end/src/components/material-ui/typography/code/TextSuccessCode.tsx
Analyzing: front-end/src/components/material-ui/lists/FolderList.tsx
Analyzing: front-end/src/components/material-ui/lists/SimpleList.tsx
Analyzing: front-end/src/components/material-ui/lists/SwitchList.tsx
Analyzing: front-end/src/components/material-ui/lists/NestedList.tsx
Analyzing: front-end/src/components/material-ui/lists/ControlsList.tsx
Analyzing: front-end/src/components/material-ui/lists/SelectedList.tsx
Analyzing: front-end/src/components/material-ui/lists/code/SimpleListCode.tsx
Analyzing: front-end/src/components/material-ui/lists/code/SwitchListCode.tsx
Analyzing: front-end/src/components/material-ui/lists/code/ControlsListCode.tsx
Analyzing: front-end/src/components/material-ui/lists/code/NestedListCode.tsx
Analyzing: front-end/src/components/material-ui/lists/code/FolderListCode.tsx
Analyzing: front-end/src/components/material-ui/lists/code/SelectedListCode.tsx
Analyzing: front-end/src/components/material-ui/chip/code/OutlinedCode.tsx
Analyzing: front-end/src/components/material-ui/chip/code/DisabledCode.tsx
Analyzing: front-end/src/components/material-ui/chip/code/CustomOutlinedIcon.tsx
Analyzing: front-end/src/components/material-ui/chip/code/SizesCode.tsx
Analyzing: front-end/src/components/material-ui/chip/code/CustomIconCode.tsx
Analyzing: front-end/src/components/material-ui/chip/code/FilledCode.tsx
Analyzing: front-end/src/components/material-ui/accordion/code/BasicCode.tsx
Analyzing: front-end/src/components/material-ui/accordion/code/ControlledCode.tsx
Analyzing: front-end/src/components/material-ui/avatar/code/WithBadgeCode.tsx
Analyzing: front-end/src/components/material-ui/avatar/code/VariantCode.tsx
Analyzing: front-end/src/components/material-ui/avatar/code/GroupedSizeCode.tsx
Analyzing: front-end/src/components/material-ui/avatar/code/LetterAvatarsCode.tsx
Analyzing: front-end/src/components/material-ui/avatar/code/ImageAvatarsCode.tsx
Analyzing: front-end/src/components/material-ui/avatar/code/SizesCode.tsx
Analyzing: front-end/src/components/material-ui/avatar/code/GroupedCode.tsx
Analyzing: front-end/src/components/material-ui/avatar/code/IconAvatarsCode.tsx
Analyzing: front-end/src/components/material-ui/tabs/code/IconBottomCode.tsx
Analyzing: front-end/src/components/material-ui/tabs/code/TextCode.tsx
Analyzing: front-end/src/components/material-ui/tabs/code/IconWithLabelCode.tsx
Analyzing: front-end/src/components/material-ui/tabs/code/VerticalCode.tsx
Analyzing: front-end/src/components/material-ui/tabs/code/ScrollableCode.tsx
Analyzing: front-end/src/components/material-ui/tabs/code/IconLeftCode.tsx
Analyzing: front-end/src/components/material-ui/tabs/code/IconRightCode.tsx
Analyzing: front-end/src/components/material-ui/tabs/code/IconCode.tsx
Analyzing: front-end/src/components/material-ui/dialog/MaxWidthDialog.tsx
Analyzing: front-end/src/components/material-ui/dialog/TransitionDialog.tsx
Analyzing: front-end/src/components/material-ui/dialog/AlertDialog.tsx
Analyzing: front-end/src/components/material-ui/dialog/SimpleDialog.tsx
Analyzing: front-end/src/components/material-ui/dialog/FullscreenDialog.tsx
Analyzing: front-end/src/components/material-ui/dialog/ResponsiveDialog.tsx
Analyzing: front-end/src/components/material-ui/dialog/ScrollContentDialog.tsx
Analyzing: front-end/src/components/material-ui/dialog/FormDialog.tsx
Analyzing: front-end/src/components/material-ui/dialog/code/FormCode.tsx
Analyzing: front-end/src/components/material-ui/dialog/code/ScrollingContentCode.tsx
Analyzing: front-end/src/components/material-ui/dialog/code/ResponsiveFullscreenCode.tsx
Analyzing: front-end/src/components/material-ui/dialog/code/TransitionCode.tsx
Analyzing: front-end/src/components/material-ui/dialog/code/AlertCode.tsx
Analyzing: front-end/src/components/material-ui/dialog/code/SimpleCode.tsx
Analyzing: front-end/src/components/material-ui/dialog/code/FullScreenCode.tsx
Analyzing: front-end/src/components/material-ui/dialog/code/MaxWidthCode.tsx
Analyzing: front-end/src/components/material-ui/tooltip/code/SimpleTooltipCode.tsx
Analyzing: front-end/src/components/material-ui/tooltip/code/TransitionsCode.tsx
Analyzing: front-end/src/components/material-ui/tooltip/code/PositionsTooltipCode.tsx
Analyzing: front-end/src/components/material-ui/tooltip/code/ArrowTooltipCode.tsx
Analyzing: front-end/src/components/material-ui/tooltip/code/VariableWidthCode.tsx
Analyzing: front-end/src/components/AuthenticationComponent.tsx
Analyzing: front-end/src/components/ColorPaletteSelector.tsx
Analyzing: front-end/src/components/custom-scroll/Scrollbar.tsx
Analyzing: front-end/src/components/FieldRenderer/FieldRenderer.tsx
Analyzing: front-end/src/components/RecordGenerator.tsx
Analyzing: front-end/src/components/OcrScanPreview.tsx
Analyzing: front-end/src/components/react-tables/sticky/page.tsx
Analyzing: front-end/src/components/react-tables/dense/page.tsx
Analyzing: front-end/src/components/react-tables/editable/page.tsx
Analyzing: front-end/src/components/react-tables/filter/page.tsx
Analyzing: front-end/src/components/react-tables/row-selection/page.tsx
Analyzing: front-end/src/components/react-tables/sorting/page.tsx
Analyzing: front-end/src/components/react-tables/drag-drop/Columndragdrop.tsx
Analyzing: front-end/src/components/react-tables/drag-drop/Rowdragdrop.tsx
Analyzing: front-end/src/components/react-tables/drag-drop/page.tsx
Analyzing: front-end/src/components/react-tables/pagination/page.tsx
Analyzing: front-end/src/components/react-tables/empty/page.tsx
Analyzing: front-end/src/components/react-tables/column-visiblity/page.tsx
Analyzing: front-end/src/components/react-tables/expanding/page.tsx
Analyzing: front-end/src/components/react-tables/basic/page.tsx
Analyzing: front-end/src/components/container/PageContainer.tsx
Analyzing: front-end/src/components/headlines/HeadlineSourcePicker.tsx
Analyzing: front-end/src/components/ErrorBoundary/FilterErrorBoundary.tsx
Analyzing: front-end/src/components/ErrorBoundary/AdminErrorBoundary.tsx
Analyzing: front-end/src/components/ErrorBoundary/ErrorBoundary.tsx
Analyzing: front-end/src/components/KanbanTaskCard.tsx
Analyzing: front-end/src/components/KanbanTaskModal.clean.tsx
Analyzing: front-end/src/components/OCRUploader/UploadStatus.tsx
Analyzing: front-end/src/components/OCRUploader/OCRUploader.tsx
Analyzing: front-end/src/components/OCRUploader/BarcodeScannerModal.tsx
Analyzing: front-end/src/components/OCRUploader/DisclaimerModal.tsx
Analyzing: front-end/src/components/forms/form-elements/button/TextButtonGroup.tsx
Analyzing: front-end/src/components/forms/form-elements/button/DefaultButtons.tsx
Analyzing: front-end/src/components/forms/form-elements/button/OutlinedIconButtons.tsx
Analyzing: front-end/src/components/forms/form-elements/button/TextSizeButton.tsx
Analyzing: front-end/src/components/forms/form-elements/button/OutlinedColorButtons.tsx
Analyzing: front-end/src/components/forms/form-elements/button/ColorButtonGroup.tsx
Analyzing: front-end/src/components/forms/form-elements/button/TextColorButtons.tsx
Analyzing: front-end/src/components/forms/form-elements/button/SizeButton.tsx
Analyzing: front-end/src/components/forms/form-elements/button/TextDefaultButtons.tsx
Analyzing: front-end/src/components/forms/form-elements/button/FabColorButtons.tsx
Analyzing: front-end/src/components/forms/form-elements/button/DefaultButtonGroup.tsx
Analyzing: front-end/src/components/forms/form-elements/button/IconLoadingButtons.tsx
Analyzing: front-end/src/components/forms/form-elements/button/TextIconButtons.tsx
Analyzing: front-end/src/components/forms/form-elements/button/OutlinedSizeButton.tsx
Analyzing: front-end/src/components/forms/form-elements/button/SizeButtonGroup.tsx
Analyzing: front-end/src/components/forms/form-elements/button/FabSizeButtons.tsx
Analyzing: front-end/src/components/forms/form-elements/button/IconColorButtons.tsx
Analyzing: front-end/src/components/forms/form-elements/button/FabDefaultButton.tsx
Analyzing: front-end/src/components/forms/form-elements/button/VerticalButtonGroup.tsx
Analyzing: front-end/src/components/forms/form-elements/button/ColorButtons.tsx
Analyzing: front-end/src/components/forms/form-elements/button/IconSizeButtons.tsx
Analyzing: front-end/src/components/forms/form-elements/button/code/ColorButtonGroupCode.tsx
Analyzing: front-end/src/components/forms/form-elements/button/code/OutlinedIconCode.tsx
Analyzing: front-end/src/components/forms/form-elements/button/code/LoadingButtonsCode.tsx
Analyzing: front-end/src/components/forms/form-elements/button/code/DefaultCode.tsx
Analyzing: front-end/src/components/forms/form-elements/button/code/TextCode.tsx
Analyzing: front-end/src/components/forms/form-elements/button/code/OutlineSizeCode.tsx
Analyzing: front-end/src/components/forms/form-elements/button/code/TextButtonGroupCode.tsx
Analyzing: front-end/src/components/forms/form-elements/button/code/OutlinedCode.tsx
Analyzing: front-end/src/components/forms/form-elements/button/code/FABSizeCode.tsx
Analyzing: front-end/src/components/forms/form-elements/button/code/DefaultButtonGroupCode.tsx
Analyzing: front-end/src/components/forms/form-elements/button/code/FABCode.tsx
Analyzing: front-end/src/components/forms/form-elements/button/code/SizeButtonGroupCode.tsx
Analyzing: front-end/src/components/forms/form-elements/button/code/TextColorCode.tsx
Analyzing: front-end/src/components/forms/form-elements/button/code/IconSizesCode.tsx
Analyzing: front-end/src/components/forms/form-elements/button/code/IconColorCode.tsx
Analyzing: front-end/src/components/forms/form-elements/button/code/VerticalButtonGroupCode.tsx
Analyzing: front-end/src/components/forms/form-elements/button/code/SizesCode.tsx
Analyzing: front-end/src/components/forms/form-elements/button/code/ColorsCode.tsx
Analyzing: front-end/src/components/forms/form-elements/button/code/TextSizesCode.tsx
Analyzing: front-end/src/components/forms/form-elements/button/code/TextIconColor.tsx
Analyzing: front-end/src/components/forms/form-elements/button/code/FABColorCode.tsx
Analyzing: front-end/src/components/forms/form-elements/slider/VolumeSlider.tsx
Analyzing: front-end/src/components/forms/form-elements/slider/RangeSlider.tsx
Analyzing: front-end/src/components/forms/form-elements/slider/RangeDefault.tsx
Analyzing: front-end/src/components/forms/form-elements/slider/DiscreteSlider.tsx
Analyzing: front-end/src/components/forms/form-elements/slider/code/RangesliderCode.tsx
Analyzing: front-end/src/components/forms/form-elements/slider/code/CustomSliderCode.tsx
Analyzing: front-end/src/components/forms/form-elements/slider/code/DiscreteSliderCode.tsx
Analyzing: front-end/src/components/forms/form-elements/slider/code/VolumesliderCode.tsx
Analyzing: front-end/src/components/forms/form-elements/slider/code/DisabledSliderCode.tsx
Analyzing: front-end/src/components/forms/form-elements/slider/code/TemperatureRangeCode.tsx
Analyzing: front-end/src/components/forms/form-elements/slider/code/DefaultsliderCode.tsx
Analyzing: front-end/src/components/forms/form-elements/switch/Position.tsx
Analyzing: front-end/src/components/forms/form-elements/switch/Custom.tsx
Analyzing: front-end/src/components/forms/form-elements/switch/Default.tsx
Analyzing: front-end/src/components/forms/form-elements/switch/Sizes.tsx
Analyzing: front-end/src/components/forms/form-elements/switch/Colors.tsx
Analyzing: front-end/src/components/forms/form-elements/switch/code/PositionSwitchCode.tsx
Analyzing: front-end/src/components/forms/form-elements/switch/code/ColorsSwitchCode.tsx
Analyzing: front-end/src/components/forms/form-elements/switch/code/DefaultSwitchCode.tsx
Analyzing: front-end/src/components/forms/form-elements/switch/code/DefaultLabelSwitchCode.tsx
Analyzing: front-end/src/components/forms/form-elements/switch/code/SizesSwitchCode.tsx
Analyzing: front-end/src/components/forms/form-elements/switch/code/CustomSwitchCode.tsx
Analyzing: front-end/src/components/forms/form-elements/switch/DefaultLabel.tsx
Analyzing: front-end/src/components/forms/form-elements/checkbox/Position.tsx
Analyzing: front-end/src/components/forms/form-elements/checkbox/Custom.tsx
Analyzing: front-end/src/components/forms/form-elements/checkbox/Default.tsx
Analyzing: front-end/src/components/forms/form-elements/checkbox/DefaultColors.tsx
Analyzing: front-end/src/components/forms/form-elements/checkbox/Sizes.tsx
Analyzing: front-end/src/components/forms/form-elements/checkbox/Colors.tsx
Analyzing: front-end/src/components/forms/form-elements/checkbox/code/DefaultCheckboxCode.tsx
Analyzing: front-end/src/components/forms/form-elements/checkbox/code/SizesCheckboxCode.tsx
Analyzing: front-end/src/components/forms/form-elements/checkbox/code/CustomEleCheckboxCode.tsx
Analyzing: front-end/src/components/forms/form-elements/checkbox/code/DefaultcolorsCheckboxCode.tsx
Analyzing: front-end/src/components/forms/form-elements/checkbox/code/PositionCheckboxCode.tsx
Analyzing: front-end/src/components/forms/form-elements/checkbox/code/ColorsCheckboxCode.tsx
Analyzing: front-end/src/components/forms/form-elements/radio/Position.tsx
Analyzing: front-end/src/components/forms/form-elements/radio/Custom.tsx
Analyzing: front-end/src/components/forms/form-elements/radio/Default.tsx
Analyzing: front-end/src/components/forms/form-elements/radio/Sizes.tsx
Analyzing: front-end/src/components/forms/form-elements/radio/Colors.tsx
Analyzing: front-end/src/components/forms/form-elements/radio/ColorLabel.tsx
Analyzing: front-end/src/components/forms/form-elements/radio/code/CustomExRadioCode.tsx
Analyzing: front-end/src/components/forms/form-elements/radio/code/ColorsRadioCode.tsx
Analyzing: front-end/src/components/forms/form-elements/radio/code/ColorLabelRadioCode.tsx
Analyzing: front-end/src/components/forms/form-elements/radio/code/DefaultRadioCode.tsx
Analyzing: front-end/src/components/forms/form-elements/radio/code/PositionRadioCode.tsx
Analyzing: front-end/src/components/forms/form-elements/radio/code/SizesRadioCode.tsx
Analyzing: front-end/src/components/forms/form-elements/date-time/BasicDateTime.tsx
Analyzing: front-end/src/components/forms/form-elements/date-time/MuiDateTimePicker.tsx
Analyzing: front-end/src/components/forms/form-elements/date-time/DifferentDateTime.tsx
Analyzing: front-end/src/components/forms/form-elements/date-time/code/TimepickerCode.tsx
Analyzing: front-end/src/components/forms/form-elements/date-time/code/BasicDateTimeCode.tsx
Analyzing: front-end/src/components/forms/form-elements/date-time/code/DifferentDesignCode.tsx
Analyzing: front-end/src/components/forms/form-elements/autoComplete/CountrySelectAutocomplete.tsx
Analyzing: front-end/src/components/forms/form-elements/autoComplete/ComboBoxAutocomplete.tsx
Analyzing: front-end/src/components/forms/form-elements/autoComplete/MultipleValuesAutocomplete.tsx
Analyzing: front-end/src/components/forms/form-elements/autoComplete/SizesAutocomplete.tsx
Analyzing: front-end/src/components/forms/form-elements/autoComplete/CheckboxesAutocomplete.tsx
Analyzing: front-end/src/components/forms/form-elements/autoComplete/FreeSoloAutocomplete.tsx
Analyzing: front-end/src/components/forms/form-elements/autoComplete/countrydata.tsx
Analyzing: front-end/src/components/forms/form-elements/autoComplete/ControlledStateAutocomplete.tsx
Analyzing: front-end/src/components/forms/form-elements/autoComplete/code/ControlledStateCode.tsx
Analyzing: front-end/src/components/forms/form-elements/autoComplete/code/CountrySelectCode.tsx
Analyzing: front-end/src/components/forms/form-elements/autoComplete/code/FreeSoloCode.tsx
Analyzing: front-end/src/components/forms/form-elements/autoComplete/code/CheckboxesCode.tsx
Analyzing: front-end/src/components/forms/form-elements/autoComplete/code/MultipleValuesCode.tsx
Analyzing: front-end/src/components/forms/form-elements/autoComplete/code/SizesCode.tsx
Analyzing: front-end/src/components/forms/form-elements/autoComplete/code/ComboBoxCode.tsx
Analyzing: front-end/src/components/forms/form-horizontal/BasicIcons.tsx
Analyzing: front-end/src/components/forms/form-horizontal/FormTabs.tsx
Analyzing: front-end/src/components/forms/form-horizontal/FormSeparator.tsx
Analyzing: front-end/src/components/forms/form-horizontal/BasicLayout.tsx
Analyzing: front-end/src/components/forms/form-horizontal/FormLabelAlignment.tsx
Analyzing: front-end/src/components/forms/form-horizontal/CollapsibleForm.tsx
Analyzing: front-end/src/components/forms/form-horizontal/code/BasicLayoutCode.tsx
Analyzing: front-end/src/components/forms/form-horizontal/code/BasicIconsCode.tsx
Analyzing: front-end/src/components/forms/form-horizontal/code/FormSeparatorCode.tsx
Analyzing: front-end/src/components/forms/form-validation/FVRegister.tsx
Analyzing: front-end/src/components/forms/form-validation/FVRadio.tsx
Analyzing: front-end/src/components/forms/form-validation/FVCheckbox.tsx
Analyzing: front-end/src/components/forms/form-validation/FVOnLeave.tsx
Analyzing: front-end/src/components/forms/form-validation/FVSelect.tsx
Analyzing: front-end/src/components/forms/form-validation/FVLogin.tsx
Analyzing: front-end/src/components/forms/form-validation/code/SelectCode.tsx
Analyzing: front-end/src/components/forms/form-validation/code/RadioCode.tsx
Analyzing: front-end/src/components/forms/form-validation/code/CheckboxCode.tsx
Analyzing: front-end/src/components/forms/form-validation/code/OnLeaveCode.tsx
Analyzing: front-end/src/components/forms/form-custom/code/FormCustomCode.tsx
Analyzing: front-end/src/components/forms/theme-elements/CustomSlider.tsx
Analyzing: front-end/src/components/forms/theme-elements/CustomSwitch.tsx
Analyzing: front-end/src/components/forms/theme-elements/CustomDisabledButton.tsx
Analyzing: front-end/src/components/forms/theme-elements/CustomOutlinedButton.tsx
Analyzing: front-end/src/components/forms/theme-elements/CustomCheckbox.tsx
Analyzing: front-end/src/components/forms/theme-elements/CustomSelect.tsx
Analyzing: front-end/src/components/forms/theme-elements/CustomRangeSlider.tsx
Analyzing: front-end/src/components/forms/theme-elements/CustomOutlinedInput.tsx
Analyzing: front-end/src/components/forms/theme-elements/CustomFormLabel.tsx
Analyzing: front-end/src/components/forms/theme-elements/CustomTextField.tsx
Analyzing: front-end/src/components/forms/theme-elements/CustomRadio.tsx
Analyzing: front-end/src/components/forms/theme-elements/CustomSocialButton.tsx
Analyzing: front-end/src/components/forms/form-wizard/FormWizardSteps.tsx
Analyzing: front-end/src/components/forms/form-wizard/code/FormWizardCode.tsx
Analyzing: front-end/src/components/forms/form-layouts/FbDisabledForm.tsx
Analyzing: front-end/src/components/forms/form-layouts/FbInputVariants.tsx
Analyzing: front-end/src/components/forms/form-layouts/FbLeftIconForm.tsx
Analyzing: front-end/src/components/forms/form-layouts/FbDefaultForm.tsx
Analyzing: front-end/src/components/forms/form-layouts/FbOrdinaryForm.tsx
Analyzing: front-end/src/components/forms/form-layouts/FbReadonlyForm.tsx
Analyzing: front-end/src/components/forms/form-layouts/index.tsx
Analyzing: front-end/src/components/forms/form-layouts/FbBasicHeaderForm.tsx
Analyzing: front-end/src/components/forms/form-layouts/FbRightIconForm.tsx
Analyzing: front-end/src/components/forms/form-layouts/code/LeftIconFormCode.tsx
Analyzing: front-end/src/components/forms/form-layouts/code/DefaultFormCode.tsx
Analyzing: front-end/src/components/forms/form-layouts/code/InputVariantsCode.tsx
Analyzing: front-end/src/components/forms/form-layouts/code/BasicHeaderFormCode.tsx
Analyzing: front-end/src/components/forms/form-vertical/BasicIcons.tsx
Analyzing: front-end/src/components/forms/form-vertical/FormTabs.tsx
Analyzing: front-end/src/components/forms/form-vertical/FormSeparator.tsx
Analyzing: front-end/src/components/forms/form-vertical/BasicLayout.tsx
Analyzing: front-end/src/components/forms/form-vertical/CollapsibleForm.tsx
Analyzing: front-end/src/components/forms/form-vertical/code/BasicLayoutCode.tsx
Analyzing: front-end/src/components/forms/form-vertical/code/BasicIconsCode.tsx
Analyzing: front-end/src/components/ChurchSetupWizard.tsx
Analyzing: front-end/src/components/templates/TemplateCreationDialog.tsx
Analyzing: front-end/src/components/templates/FieldMappingEditor.tsx
Analyzing: front-end/src/components/templates/TemplatePreviewDialog.tsx
Analyzing: front-end/src/components/GitOpsPanel.tsx
Analyzing: front-end/src/components/KanbanTaskModal.tsx
Analyzing: front-end/src/components/SiteEditorErrorBoundary.tsx
Analyzing: front-end/src/components/OrthodoxBanner/OrthodoxBanner.jsx
Analyzing: front-end/src/components/SiteEditorOverlay.tsx
Analyzing: front-end/src/components/TableThemeDemo.tsx
Analyzing: front-end/src/components/SiteEditorFallback.tsx
Analyzing: front-end/src/components/widgets/banners/Banner2.tsx
Analyzing: front-end/src/components/widgets/banners/Banner1.tsx
Analyzing: front-end/src/components/widgets/banners/Banner4.tsx
Analyzing: front-end/src/components/widgets/banners/Banner5.tsx
Analyzing: front-end/src/components/widgets/banners/Banner3.tsx
Analyzing: front-end/src/components/widgets/banners/code/ErrorBannerCode.tsx
Analyzing: front-end/src/components/widgets/banners/code/TransectionCode.tsx
Analyzing: front-end/src/components/widgets/banners/code/FriendCardCode.tsx
Analyzing: front-end/src/components/widgets/banners/code/EmptyCartCode.tsx
Analyzing: front-end/src/components/widgets/banners/code/NotificationCode.tsx
Analyzing: front-end/src/components/widgets/cards/Settings.tsx
Analyzing: front-end/src/components/widgets/cards/ComplexCard.tsx
Analyzing: front-end/src/components/widgets/cards/FollowerCard.tsx
Analyzing: front-end/src/components/widgets/cards/GiftCard.tsx
Analyzing: front-end/src/components/widgets/cards/UpcomingActivity.tsx
Analyzing: front-end/src/components/widgets/cards/EcommerceCard.tsx
Analyzing: front-end/src/components/widgets/cards/ProfileCard.tsx
Analyzing: front-end/src/components/widgets/cards/MusicCard.tsx
Analyzing: front-end/src/components/widgets/cards/FriendCard.tsx
Analyzing: front-end/src/components/widgets/cards/code/EcommerceCardCode.tsx
Analyzing: front-end/src/components/widgets/cards/code/FriendCardCode.tsx
Analyzing: front-end/src/components/widgets/cards/code/ProfileCardCode.tsx
Analyzing: front-end/src/components/widgets/cards/code/ComplexCardCode.tsx
Analyzing: front-end/src/components/widgets/cards/code/FollowerCardCode.tsx
Analyzing: front-end/src/components/widgets/cards/code/UpcomingActivityCode.tsx
Analyzing: front-end/src/components/widgets/cards/code/SettingsCode.tsx
Analyzing: front-end/src/components/widgets/cards/code/MusicCardCode.tsx
Analyzing: front-end/src/components/widgets/cards/code/GiftCardCode.tsx
Analyzing: front-end/src/components/widgets/charts/Views.tsx
Analyzing: front-end/src/components/widgets/charts/PageImpressions.tsx
Analyzing: front-end/src/components/widgets/charts/Followers.tsx
Analyzing: front-end/src/components/widgets/charts/CurrentValue.tsx
Analyzing: front-end/src/components/widgets/charts/Earned.tsx
Analyzing: front-end/src/components/widgets/charts/MostVisited.tsx
Analyzing: front-end/src/components/dashboards/ecommerce/SalesTwo.tsx
Analyzing: front-end/src/components/dashboards/ecommerce/RevenueUpdates.tsx
Analyzing: front-end/src/components/dashboards/ecommerce/Expence.tsx
Analyzing: front-end/src/components/dashboards/ecommerce/YearlySales.tsx
Analyzing: front-end/src/components/dashboards/ecommerce/PaymentGateways.tsx
Analyzing: front-end/src/components/dashboards/ecommerce/SalesOverview.tsx
Analyzing: front-end/src/components/dashboards/ecommerce/RecentTransactions.tsx
Analyzing: front-end/src/components/dashboards/ecommerce/WelcomeCard.tsx
Analyzing: front-end/src/components/dashboards/ecommerce/Sales.tsx
Analyzing: front-end/src/components/dashboards/ecommerce/MonthlyEarnings.tsx
Analyzing: front-end/src/components/dashboards/ecommerce/ProductPerformances.tsx
Analyzing: front-end/src/components/dashboards/ecommerce/Growth.tsx
Analyzing: front-end/src/components/dashboards/modern/Projects.tsx
Analyzing: front-end/src/components/dashboards/modern/RevenueUpdates.tsx
Analyzing: front-end/src/components/dashboards/modern/EmployeeSalary.tsx
Analyzing: front-end/src/components/dashboards/modern/Social.tsx
Analyzing: front-end/src/components/dashboards/modern/YearlyBreakup.tsx
Analyzing: front-end/src/components/dashboards/modern/MiniControlPanel.tsx
Analyzing: front-end/src/components/dashboards/modern/Customers.tsx
Analyzing: front-end/src/components/dashboards/modern/SocialToolbar.tsx
Analyzing: front-end/src/components/dashboards/modern/WeeklyStats.tsx
Analyzing: front-end/src/components/dashboards/modern/WhatsNewEditor_Simple.tsx
Analyzing: front-end/src/components/dashboards/modern/MonthlyEarnings.tsx
Analyzing: front-end/src/components/dashboards/modern/WhatsNewEditor.tsx
Analyzing: front-end/src/components/dashboards/modern/TopPerformers.tsx
Analyzing: front-end/src/components/dashboards/modern/TopCards.tsx
Analyzing: front-end/src/components/dashboards/modern/SellingProducts.tsx
Analyzing: front-end/src/components/dashboards/modern/TodaysSummary.tsx
Analyzing: front-end/src/components/dashboards/orthodoxmetrics/DatabaseStatus.tsx
Analyzing: front-end/src/components/dashboards/orthodoxmetrics/TopChurches.tsx
Analyzing: front-end/src/components/dashboards/orthodoxmetrics/ExportActions.tsx
Analyzing: front-end/src/components/dashboards/orthodoxmetrics/OCRQueueStats.tsx
Analyzing: front-end/src/components/dashboards/orthodoxmetrics/AdminWelcomeCard.tsx
Analyzing: front-end/src/components/dashboards/orthodoxmetrics/SystemNotifications.tsx
Analyzing: front-end/src/components/dashboards/orthodoxmetrics/AuditLogFeed.tsx
Analyzing: front-end/src/components/dashboards/orthodoxmetrics/SacramentsStats.tsx
Analyzing: front-end/src/components/BaptismRecordsComponent.tsx
Analyzing: front-end/src/components/ai/AutoLearningOCR.tsx
Analyzing: front-end/src/components/ai/AIAdminPanel.tsx
Analyzing: front-end/src/components/ai/AIAnalyticsDashboard.tsx
Analyzing: front-end/src/components/ai/AIDeploymentAutomation.tsx
Analyzing: front-end/src/components/ai/AILogAnalysis.tsx
Analyzing: front-end/src/components/ai/AITranslationAssistant.tsx
Analyzing: front-end/src/components/ai/AIContentGenerator.tsx
Analyzing: front-end/src/components/ai/AIOCRProcessor.tsx
Analyzing: front-end/src/components/terminal/JITTerminal.tsx
Analyzing: front-end/src/components/muitrees/simpletree/MultiSelectTreeView.tsx
Analyzing: front-end/src/components/muitrees/simpletree/BasicCustomIcons.tsx
Analyzing: front-end/src/components/muitrees/simpletree/ControlledSelectiontree.tsx
Analyzing: front-end/src/components/muitrees/simpletree/BasicSimpleTreeView.tsx
Analyzing: front-end/src/components/muitrees/simpletree/CheckboxSelection.tsx
Analyzing: front-end/src/components/muitrees/simpletree/ControlledExpansionTree.tsx
Analyzing: front-end/src/components/muitrees/simpletree/CustomTreeItemView.tsx
Analyzing: front-end/src/components/muitrees/simpletree/ApiMethodSetItemExpansion.tsx
Analyzing: front-end/src/components/muitrees/simpletree/ApiMethodFocusItem.tsx
Analyzing: front-end/src/components/muitrees/simpletree/TrackitemclicksTree.tsx
Analyzing: front-end/src/components/muitrees/code/simpletreecode/ApiMethodSetItemExpansionCode.tsx
Analyzing: front-end/src/components/muitrees/code/simpletreecode/TrackitemclicksTreeCode.tsx
Analyzing: front-end/src/components/muitrees/code/simpletreecode/BasicSimpleTreeViewCode.tsx
Analyzing: front-end/src/components/muitrees/code/simpletreecode/ApiMethodFocusItemCode.tsx
Analyzing: front-end/src/components/muitrees/code/simpletreecode/CustomTreeItemCode.tsx
Analyzing: front-end/src/components/muitrees/code/simpletreecode/ControlledSelectionCode.tsx
Analyzing: front-end/src/components/muitrees/code/simpletreecode/CheckboxSelectionCode.tsx
Analyzing: front-end/src/components/muitrees/code/simpletreecode/BasicCustomIconsCode.tsx
Analyzing: front-end/src/components/muitrees/code/simpletreecode/MultiSelectTreeViewCode.tsx
Analyzing: front-end/src/components/muitrees/code/simpletreecode/ControlledExpansionTreeCode.tsx
Analyzing: front-end/src/components/custom/ParishMap.tsx
Analyzing: front-end/src/components/custom/AdvancedCard.tsx
Analyzing: front-end/src/components/VRTSettingsPanel.tsx
Analyzing: front-end/src/components/KanbanBoard.tsx
Analyzing: front-end/src/components/setup/ChurchSetupWizard.tsx
Analyzing: front-end/src/components/setup/TemplateSetupCompletion.tsx
Analyzing: front-end/src/components/SiteEditorTest.tsx
Analyzing: front-end/src/components/ComponentInspector.tsx
Analyzing: front-end/src/components/ui/slider.tsx
Analyzing: front-end/src/components/ui/switch.tsx
Analyzing: front-end/src/components/SimpleOCRUploader.tsx
Analyzing: front-end/src/components/bigbook/custom/ParishMap.tsx
Analyzing: front-end/src/components/bigbook/custom/api-routes-viewer.tsx
Analyzing: front-end/src/components/debug/PermissionDebugger.tsx
Analyzing: front-end/src/components/notifications/NotificationList.tsx
Analyzing: front-end/src/components/notifications/NotificationPreferences.tsx
Analyzing: front-end/src/components/notifications/NotificationBell.tsx
Analyzing: front-end/src/components/avatars/OrthodoxAvatars.tsx
Analyzing: front-end/src/components/avatars/OrthodoxAvatars_new.tsx
Analyzing: front-end/src/components/dev/ScreenshotCapture.tsx
Analyzing: front-end/src/components/shared/DownloadCard.tsx
Analyzing: front-end/src/components/shared/AppCard.tsx
Analyzing: front-end/src/components/shared/OrthodoxThemeToggle.tsx
Analyzing: front-end/src/components/shared/ChildCard.tsx
Analyzing: front-end/src/components/shared/DashboardWidgetCard.tsx
Analyzing: front-end/src/components/shared/BlankCard.tsx
Analyzing: front-end/src/components/shared/ComingSoon.tsx
Analyzing: front-end/src/components/shared/ScrollToTop.tsx
Analyzing: front-end/src/components/shared/InlineItemCard.tsx
Analyzing: front-end/src/components/shared/DashboardCard.tsx
Analyzing: front-end/src/components/shared/ThreeColumn.tsx
Analyzing: front-end/src/components/shared/CodeDialog.tsx
Analyzing: front-end/src/components/shared/ParentCard.tsx
Analyzing: front-end/src/components/shared/OrthodoxChurchIcon.tsx
Analyzing: front-end/src/components/shared/OrthodoxBanner.tsx
Analyzing: front-end/src/components/shared/BaseCard.tsx
Analyzing: front-end/src/components/Theme/ThemeCustomizer.tsx
Analyzing: front-end/src/components/Theme/ThemedLayout.tsx
Analyzing: front-end/src/components/AGGridViewOnly/AGGridViewOnly.tsx
Analyzing: front-end/src/components/auth/AuthRedirect.tsx
Analyzing: front-end/src/components/auth/ProtectedRoute.tsx
Analyzing: front-end/src/components/TableControlPanel.tsx
Analyzing: front-end/src/components/registry/ComponentRegistry.tsx
Analyzing: front-end/src/components/SocialPermissionsToggle.tsx
Analyzing: front-end/src/tools/main.jsx
Analyzing: front-end/src/tools/ChurchSetupTool.jsx
Analyzing: front-end/src/tools/steps/ReviewStep.jsx
Analyzing: front-end/src/tools/steps/BasicInfoStep.jsx
Analyzing: front-end/src/tools/steps/DatabaseStep.jsx
Analyzing: front-end/src/tools/steps/DeploymentStep.jsx
Analyzing: front-end/src/tools/steps/FilesGenerationStep.jsx
Analyzing: front-end/src/tools/steps/AuthStep.jsx
Analyzing: front-end/src/tools/steps/ConfigurationStep.jsx
Analyzing: front-end/src/tools/SiteStructureVisualizer.tsx
Analyzing: front-end/src/api/churches/churchData.tsx
Analyzing: front-end/src/api/contacts/ContactsData.tsx
Analyzing: front-end/src/api/email/EmailData.tsx
Analyzing: front-end/src/api/invoice/invoceLists.tsx
Analyzing: front-end/src/api/kanban/KanbanData.tsx
Analyzing: front-end/src/test-grid.tsx
Analyzing: front-end/src/context/I18nContext.tsx
Analyzing: front-end/src/context/AuthContext.tsx
Analyzing: front-end/src/context/ConatactContext/index.tsx
Analyzing: front-end/src/context/InvoiceContext/index.tsx
Analyzing: front-end/src/context/EmailContext/index.tsx
Analyzing: front-end/src/context/OCRContext/index.tsx
Analyzing: front-end/src/context/NotesContext/index.tsx
Analyzing: front-end/src/context/ChatContext/index.tsx
Analyzing: front-end/src/context/EcommerceContext/index.tsx
Analyzing: front-end/src/context/UserDataContext/index.tsx
Analyzing: front-end/src/context/ChurchRecordsProvider.tsx
Analyzing: front-end/src/context/TicketContext/index.tsx
Analyzing: front-end/src/context/BlogContext/index.tsx
Analyzing: front-end/src/context/RecordsContext.tsx
Analyzing: front-end/src/context/kanbancontext/index.tsx
Analyzing: front-end/src/context/CustomizerContext.tsx
Analyzing: front-end/src/context/ChurchRecordsContext.tsx
Analyzing: front-end/src/context/WebSocketContext.tsx
Analyzing: front-end/src/context/ThemeContext.tsx
[0;32m✅ React Components Analysis Complete[0m
[0;34m🛣️  Analyzing Routing Structure...[0m
Analyzing routing file: front-end/src/routes/Router.tsx
Analyzing routing file: front-end/src/components/admin/BigBookDynamicRoute.tsx
Analyzing routing file: front-end/src/components/auth/ProtectedRoute.tsx
[0;32m✅ Routing Analysis Complete[0m
[0;34m🌐 Analyzing API Integration...[0m
Analyzing API file: front-end/src/services/api.js
Analyzing API file: front-end/src/records/api.js
Analyzing API file: front-end/src/records/constants.js
Analyzing API file: front-end/src/records/index.js
Analyzing API file: front-end/src/records/useRecordManager.js
Analyzing API file: front-end/src/config/church.config.js
Analyzing API file: front-end/src/tools/vite.config.js
Analyzing API file: front-end/src/api/globalFetcher.ts
Analyzing API file: front-end/src/api/church-records.hooks.ts
Analyzing API file: front-end/src/api/language/LanguageData.js
Analyzing API file: front-end/src/api/utils/axiosInstance.ts
Analyzing API file: front-end/src/api/components.api.ts
Analyzing API file: front-end/src/api/eCommerce/ProductsData.ts
Analyzing API file: front-end/src/api/church-records.api.ts
Analyzing API file: front-end/src/api/client-management.api.ts
Analyzing API file: front-end/src/api/user.api.ts
Analyzing API file: front-end/src/api/blog/blogData.ts
Analyzing API file: front-end/src/api/orthodox-metrics.api.ts
Analyzing API file: front-end/src/api/metrics.api.ts
Analyzing API file: front-end/src/api/mocks/browser.ts
Analyzing API file: front-end/src/api/mocks/handlers/mockhandlers.ts
Analyzing API file: front-end/src/api/omai.api.ts
Analyzing API file: front-end/src/api/userprofile/PostData.ts
Analyzing API file: front-end/src/api/userprofile/UsersData.ts
Analyzing API file: front-end/src/api/ticket/TicketData.ts
Analyzing API file: front-end/src/api/calendar.api.ts
Analyzing API file: front-end/src/api/chat/Chatdata.ts
Analyzing API file: front-end/src/api/admin.api.ts
Analyzing API file: front-end/src/api/social.api.ts
Analyzing API file: front-end/src/api/notes/NotesData.ts
[0;32m✅ API Integration Analysis Complete[0m
[0;34m🏪 Analyzing State Management...[0m
Analyzing context file: front-end/src/vite-env.d.ts
Analyzing context file: front-end/src/pages/omb/types.ts
Analyzing context file: front-end/src/pages/omb/sample-icons.ts
Analyzing context file: front-end/src/utils/testAuthFix.ts
Analyzing context file: front-end/src/utils/logger.ts
Analyzing context file: front-end/src/utils/thumbnailGenerator.ts
Analyzing context file: front-end/src/utils/globalErrorHandler.ts
Analyzing context file: front-end/src/utils/invoicePDFGenerator.ts
Analyzing context file: front-end/src/utils/authErrorHandler.ts
Analyzing context file: front-end/src/utils/arrayUtils.ts
Analyzing context file: front-end/src/utils/roles.ts
Analyzing context file: front-end/src/utils/devLogger.ts
Analyzing context file: front-end/src/utils/axiosInterceptor.ts
Analyzing context file: front-end/src/utils/generateDummyRecords.ts
Analyzing context file: front-end/src/utils/i18n.ts
Analyzing context file: front-end/src/hooks/useInspectorState.ts
Analyzing context file: front-end/src/hooks/useFilteredMenuItems.ts
Analyzing context file: front-end/src/hooks/useOcrSettings.ts
Analyzing context file: front-end/src/hooks/useProfileSync.ts
Analyzing context file: front-end/src/hooks/useClientManagement.ts
Analyzing context file: front-end/src/hooks/useComponentRegistry.ts
Analyzing context file: front-end/src/hooks/useDynamicMenuPermissions.ts
Analyzing context file: front-end/src/hooks/useOcrTests.ts
Analyzing context file: front-end/src/hooks/useOcrJobs.ts
Analyzing context file: front-end/src/hooks/useLiturgicalCalendar.ts
Analyzing context file: front-end/src/omai/cli/omaiLearner.ts
Analyzing context file: front-end/src/omai/knowledge/knowledgeGraph.ts
Analyzing context file: front-end/src/omai/knowledge/knowledgeIndexer.ts
Analyzing context file: front-end/src/omai/knowledge/queryEngine.ts
Analyzing context file: front-end/src/omai/knowledge/fileToKnowledge.ts
Analyzing context file: front-end/src/schemas/record-schemas.ts
Analyzing context file: front-end/src/views/apps/calendar/EventData.ts
Analyzing context file: front-end/src/views/apps/client-management/index.ts
Analyzing context file: front-end/src/views/orthodox-calendar/index.ts
Analyzing context file: front-end/src/helpers/httpClient.ts
Analyzing context file: front-end/src/store/useTableStyleStore_new.ts
Analyzing context file: front-end/src/store/useTableStyleStore.ts
Analyzing context file: front-end/src/layouts/full/horizontal/navbar/Menudata.ts
Analyzing context file: front-end/src/layouts/full/vertical/sidebar/SSPPOCMenuItems.ts
Analyzing context file: front-end/src/layouts/full/vertical/sidebar/module-name.d.ts
Analyzing context file: front-end/src/layouts/full/vertical/sidebar/MenuItems.ts
Analyzing context file: front-end/src/layouts/full/vertical/header/data.ts
Analyzing context file: front-end/src/layouts/full/shared/customizer/typings.d.ts
Analyzing context file: front-end/src/modules/OMLearn/index.ts
Analyzing context file: front-end/src/modules/OMLearn/omlearn.api.ts
Analyzing context file: front-end/src/modules/OMLearn/SurveyResultsContext.tsx
Analyzing context file: front-end/src/modules/OMLearn/SurveyLoader.ts
Analyzing context file: front-end/src/types/apps/email.ts
Analyzing context file: front-end/src/types/apps/userProfile.ts
Analyzing context file: front-end/src/types/apps/blog.ts
Analyzing context file: front-end/src/types/apps/invoice.ts
Analyzing context file: front-end/src/types/apps/icon.ts
Analyzing context file: front-end/src/types/apps/notes.ts
Analyzing context file: front-end/src/types/apps/users.ts
Analyzing context file: front-end/src/types/apps/contact.ts
Analyzing context file: front-end/src/types/apps/kanban.ts
Analyzing context file: front-end/src/types/apps/chat.ts
Analyzing context file: front-end/src/types/apps/eCommerce.ts
Analyzing context file: front-end/src/types/apps/ticket.ts
Analyzing context file: front-end/src/types/calendar.types.ts
Analyzing context file: front-end/src/types/layout/sidebar.ts
Analyzing context file: front-end/src/types/client-management.types.ts
Analyzing context file: front-end/src/types/church-records.types.ts
Analyzing context file: front-end/src/types/church-records-advanced.types.ts
Analyzing context file: front-end/src/types/liturgical.types.ts
Analyzing context file: front-end/src/types/orthodox-metrics.types.ts
Analyzing context file: front-end/src/types/auth/auth.ts
Analyzing context file: front-end/src/services/menuService.ts
Analyzing context file: front-end/src/services/aiService.ts
Analyzing context file: front-end/src/services/adminService.ts
Analyzing context file: front-end/src/services/churchService.ts
Analyzing context file: front-end/src/services/userService.ts
Analyzing context file: front-end/src/services/accountService.ts
Analyzing context file: front-end/src/services/liturgicalService.ts
Analyzing context file: front-end/src/services/authService.ts
Analyzing context file: front-end/src/services/om-ai/editorBridge.ts
Analyzing context file: front-end/src/services/templateService.ts
Analyzing context file: front-end/src/services/testAccountService.ts
Analyzing context file: front-end/src/services/recordService.ts
Analyzing context file: front-end/src/services/autoLearningAPI.ts
Analyzing context file: front-end/src/contexts
Analyzing context file: front-end/src/contexts/DynamicMenuContext.tsx
Analyzing context file: front-end/src/contexts/MenuVisibilityContext.tsx
Analyzing context file: front-end/src/contexts/NotificationContext.tsx
Analyzing context file: front-end/src/constants/notifications.ts
Analyzing context file: front-end/src/ai/autoFixEngine.ts
Analyzing context file: front-end/src/ai/errorClassifier.ts
Analyzing context file: front-end/src/ai/git/gitOpsBridge.ts
Analyzing context file: front-end/src/ai/git/prGenerator.ts
Analyzing context file: front-end/src/ai/git/config.ts
Analyzing context file: front-end/src/ai/git/commitHandler.ts
Analyzing context file: front-end/src/ai/learning/regressionFeedback.ts
Analyzing context file: front-end/src/ai/recoveryActions.ts
Analyzing context file: front-end/src/ai/fixLogger.ts
Analyzing context file: front-end/src/ai/vrt/vrtConfigManager.ts
Analyzing context file: front-end/src/ai/vrt/vrtSecurity.ts
Analyzing context file: front-end/src/ai/vrt/exportUtils.ts
Analyzing context file: front-end/src/ai/visualTesting/diffAnalyzer.ts
Analyzing context file: front-end/src/ai/visualTesting/snapshotEngine.ts
Analyzing context file: front-end/src/ai/visualTesting/confidenceAdjuster.ts
Analyzing context file: front-end/src/ai/visualTesting/playwrightTests.ts
Analyzing context file: front-end/src/config/api.config.ts
Analyzing context file: front-end/src/components/apps/ecommerce/productDetail/SliderData.ts
Analyzing context file: front-end/src/components/tables/tableData.ts
Analyzing context file: front-end/src/components/ColorPickerPopover/index.ts
Analyzing context file: front-end/src/components/RecordPreviewPane/index.ts
Analyzing context file: front-end/src/components/ocr/SmartSuggestionEngine.ts
Analyzing context file: front-end/src/components/ocr/MappingState.ts
Analyzing context file: front-end/src/components/ocr/types.ts
Analyzing context file: front-end/src/components/ocr/utils/ocrRowSplitter.ts
Analyzing context file: front-end/src/components/FieldRenderer/index.ts
Analyzing context file: front-end/src/components/react-tables/filter/FilterTableData.ts
Analyzing context file: front-end/src/components/react-tables/pagination/PaginationData.ts
Analyzing context file: front-end/src/components/ErrorBoundary/index.ts
Analyzing context file: front-end/src/components/OCRUploader/index.ts
Analyzing context file: front-end/src/components/forms/form-elements/autoComplete/data.ts
Analyzing context file: front-end/src/components/dashboards/modern/TopPerformerData.ts
Analyzing context file: front-end/src/components/AGGridViewOnly/index.ts
Analyzing context file: front-end/src/tools/utils/FileParser.ts
Analyzing context file: front-end/src/api/globalFetcher.ts
Analyzing context file: front-end/src/api/church-records.hooks.ts
Analyzing context file: front-end/src/api/utils/axiosInstance.ts
Analyzing context file: front-end/src/api/components.api.ts
Analyzing context file: front-end/src/api/eCommerce/ProductsData.ts
Analyzing context file: front-end/src/api/church-records.api.ts
Analyzing context file: front-end/src/api/client-management.api.ts
Analyzing context file: front-end/src/api/user.api.ts
Analyzing context file: front-end/src/api/blog/blogData.ts
Analyzing context file: front-end/src/api/orthodox-metrics.api.ts
Analyzing context file: front-end/src/api/metrics.api.ts
Analyzing context file: front-end/src/api/mocks/browser.ts
Analyzing context file: front-end/src/api/mocks/handlers/mockhandlers.ts
Analyzing context file: front-end/src/api/omai.api.ts
Analyzing context file: front-end/src/api/userprofile/PostData.ts
Analyzing context file: front-end/src/api/userprofile/UsersData.ts
Analyzing context file: front-end/src/api/ticket/TicketData.ts
Analyzing context file: front-end/src/api/calendar.api.ts
Analyzing context file: front-end/src/api/chat/Chatdata.ts
Analyzing context file: front-end/src/api/admin.api.ts
Analyzing context file: front-end/src/api/social.api.ts
Analyzing context file: front-end/src/api/notes/NotesData.ts
Analyzing context file: front-end/src/context
Analyzing context file: front-end/src/context/I18nContext.tsx
Analyzing context file: front-end/src/context/AuthContext.tsx
Analyzing context file: front-end/src/context/ConatactContext
Analyzing context file: front-end/src/context/ConatactContext/index.tsx
Analyzing context file: front-end/src/context/InvoiceContext
Analyzing context file: front-end/src/context/InvoiceContext/index.tsx.backup
Analyzing context file: front-end/src/context/InvoiceContext/index.tsx
Analyzing context file: front-end/src/context/EmailContext
Analyzing context file: front-end/src/context/EmailContext/index.tsx
Analyzing context file: front-end/src/context/OCRContext
Analyzing context file: front-end/src/context/OCRContext/index.tsx
Analyzing context file: front-end/src/context/NotesContext
Analyzing context file: front-end/src/context/NotesContext/index.tsx
Analyzing context file: front-end/src/context/ChatContext
Analyzing context file: front-end/src/context/ChatContext/index.tsx
Analyzing context file: front-end/src/context/EcommerceContext
Analyzing context file: front-end/src/context/EcommerceContext/index.tsx
Analyzing context file: front-end/src/context/UserDataContext
Analyzing context file: front-end/src/context/UserDataContext/index.tsx
Analyzing context file: front-end/src/context/ChurchRecordsProvider.tsx
Analyzing context file: front-end/src/context/config.ts
Analyzing context file: front-end/src/context/TicketContext
Analyzing context file: front-end/src/context/TicketContext/index.tsx
Analyzing context file: front-end/src/context/BlogContext
Analyzing context file: front-end/src/context/BlogContext/index.tsx
Analyzing context file: front-end/src/context/RecordsContext.tsx
Analyzing context file: front-end/src/context/kanbancontext
Analyzing context file: front-end/src/context/kanbancontext/index.tsx
Analyzing context file: front-end/src/context/CustomizerContext.tsx
Analyzing context file: front-end/src/context/ChurchRecordsContext.tsx
Analyzing context file: front-end/src/context/WebSocketContext.tsx
Analyzing context file: front-end/src/context/ThemeContext.tsx
[0;32m✅ State Management Analysis Complete[0m
[0;34m📊 Generating Dependency Graph...[0m
