🔨 Starting full build...
💾 Memory limit: 4096MB

> orthodmetrics-dev@5.0.0 build
> rm -rf dist && NODE_OPTIONS="--max-old-space-size=4096" vite build --mode development

vite v5.4.19 building for development...
transforming...
✓ 24417 modules transformed.
rendering chunks...
computing gzip size...
dist/index.html                                         1.03 kB │ gzip:   0.49 kB
dist/assets/slick-BlzDm7g2.svg                          2.15 kB │ gzip:   0.91 kB
dist/assets/icon-jcb-BiH8noDC.svg                       4.14 kB │ gzip:   1.37 kB
dist/assets/ajax-loader-BcnMEykj.gif                    4.18 kB
dist/assets/badge-CerMfDh-.svg                          5.69 kB │ gzip:   2.57 kB
dist/assets/icon-paypal-DWtpZiXs.svg                    6.40 kB │ gzip:   2.70 kB
dist/assets/notification-left-2_Yv9Vj8.png              8.37 kB
dist/assets/icon-masetro-D44s4_5V.svg                  11.26 kB │ gzip:   4.26 kB
dist/assets/icon-american-express-B_xsz7Ck.svg         11.47 kB │ gzip:   2.74 kB
dist/assets/kanban-img-3-ssJ0_a70.jpg                  12.73 kB
dist/assets/maintenance-CfMGmwzy.svg                   14.17 kB │ gzip:   5.02 kB
dist/assets/icon-mastercard-DrcHVLc7.svg               14.84 kB │ gzip:   5.46 kB
dist/assets/kanban-img-4-PTG91fzz.jpg                  15.56 kB
dist/assets/icon-discover-DxtD4mT2.svg                 16.85 kB │ gzip:  11.38 kB
dist/assets/user-6-Bw2gSpv_.jpg                        18.06 kB
dist/assets/empty-shopping-cart-CHZGqwZ9.svg           18.88 kB │ gzip:   7.88 kB
dist/assets/user-9-DHqKCi1D.jpg                        20.36 kB
dist/assets/blog-img1-K0rz4l9I.jpg                     23.21 kB
dist/assets/user-4-C1-xBLNW.jpg                        24.34 kB
dist/assets/login-bg-mrVDfRMt.svg                      25.06 kB │ gzip:   8.40 kB
dist/assets/no-data-Bq09svW6.webp                      25.77 kB
dist/assets/user-5-TcGtWTp3.jpg                        26.11 kB
dist/assets/shape1-CR08Tnaz.png                        26.64 kB
dist/assets/user-10-BtaXUAQO.jpg                       27.04 kB
dist/assets/user-3-HJ3opN5n.jpg                        27.73 kB
dist/assets/user-7-DCxZE3Gx.jpg                        27.79 kB
dist/assets/user-8-Cq1OXq_B.jpg                        28.07 kB
dist/assets/blog-img9-vinYKez_.jpg                     28.13 kB
dist/assets/blog-img3-Bm_-cIcU.jpg                     28.22 kB
dist/assets/user-2-idGLMY7R.jpg                        29.52 kB
dist/assets/blog-img4-Ca_V6TFW.jpg                     30.67 kB
dist/assets/user-1-CznVQ9Sv.jpg                        30.95 kB
dist/assets/blog-img5-B4wevo59.jpg                     32.98 kB
dist/assets/blog-img6-oBPIlH_e.jpg                     34.03 kB
dist/assets/blog-img2-ivOQeDkv.jpg                     41.99 kB
dist/assets/blog-img8-DkC6Cqf1.jpg                     44.13 kB
dist/assets/blog-img10--LC0IBZ0.jpg                    45.80 kB
dist/assets/user1-Dw6YQ-Jt.jpg                         45.90 kB
dist/assets/user4-Ci9IJQWW.jpg                         47.04 kB
dist/assets/profilebg-CJ1342hs.jpg                     50.57 kB
dist/assets/user3-DU6XCHFg.jpg                         64.52 kB
dist/assets/page-pricing-JZyiixjx.jpg                  74.61 kB
dist/assets/user5-yJxNw9WD.jpg                         75.13 kB
dist/assets/s12-AsIGRrsG.jpg                           75.52 kB
dist/assets/app-invoice-BC2tiwHA.jpg                   76.62 kB
dist/assets/s7-CTzWdjv0.jpg                            78.23 kB
dist/assets/page-about-Dq0S_BHU.jpg                    79.21 kB
dist/assets/icon-diners-D-vvDvye.svg                   79.74 kB │ gzip:  29.18 kB
dist/assets/piggy-6rJKXHDU.png                         82.62 kB
dist/assets/s4-DZcRYgYm.jpg                            84.20 kB
dist/assets/page-portfolio-WgDs8pIm.jpg                84.68 kB
dist/assets/user2-CqkAL_Zp.jpg                         88.58 kB
dist/assets/s9-Oqnmwd8d.jpg                            89.95 kB
dist/assets/page-homepage-DAA2lQoI.jpg                 96.65 kB
dist/assets/s3-DmiOuX0y.jpg                            99.24 kB
dist/assets/s6-BHYP62n9.jpg                            99.25 kB
dist/assets/demo-firebase-Dydmvl3n.jpg                100.23 kB
dist/assets/app-kanban-BTFXtIo_.jpg                   105.28 kB
dist/assets/blog-img11-dXXLfT2D.jpg                   106.61 kB
dist/assets/emailSv-B2Hxq08K.png                      115.41 kB
dist/assets/bannerimg1-DUTQJQa_.svg                   116.80 kB │ gzip:  41.57 kB
dist/assets/s1-B75_wnOa.jpg                           117.36 kB
dist/assets/app-calendar-BnPb84n5.jpg                 118.81 kB
dist/assets/design-collection-CpWvv-Op.png            122.98 kB
dist/assets/s5-B_lonQNp.jpg                           124.28 kB
dist/assets/app-note-ajdQPj3s.jpg                     128.32 kB
dist/assets/welcome-bg2-Dl2clQ1z.png                  140.29 kB
dist/assets/app-contact-CWOqz3wJ.jpg                  141.62 kB
dist/assets/demo-minisidebar-BPoJvCNn.jpg             141.70 kB
dist/assets/bronze-Bqzw2DuX.png                       151.41 kB
dist/assets/silver-DzpKm6Yk.png                       152.69 kB
dist/assets/app-chat-z4zewgBu.jpg                     154.92 kB
dist/assets/payment-D7mW5ne7.svg                      155.53 kB │ gzip:  44.84 kB
dist/assets/gold-rJ6Z4wQu.png                         159.38 kB
dist/assets/app-email-DXQDf5bt.jpg                    160.06 kB
dist/assets/s2-B3RBlll0.jpg                           160.77 kB
dist/assets/demo-horizontal-y1AH9yXP.jpg              162.07 kB
dist/assets/demo-dark-BbFsZ0hi.jpg                    181.02 kB
dist/assets/app-ecommerce-checkout-W1SMVY1l.jpg       181.87 kB
dist/assets/demo-rtl-D6X3VyUE.jpg                     190.00 kB
dist/assets/demo-main-BAJf1Nh6.jpg                    202.70 kB
dist/assets/bannerimg2-DZx-ofFl.svg                   212.02 kB │ gzip:  90.71 kB
dist/assets/app-ecommerce-list-CaFig0yb.jpg           217.99 kB
dist/assets/s10-Em05_XK3.jpg                          226.17 kB
dist/assets/s11-DIHYzUGF.jpg                          231.62 kB
dist/assets/app-ticket-CJ3IudAV.jpg                   300.73 kB
dist/assets/app-ecommerce-detail-Dv5jDwPy.jpg         357.96 kB
dist/assets/c2a-BnoUzMMO.png                          373.58 kB
dist/assets/app-blog-detail-BtM5_F-A.jpg              383.62 kB
dist/assets/app-user-profile-CUG3FC1S.jpg             404.96 kB
dist/assets/app-blog-D2PHcfbU.jpg                     436.15 kB
dist/assets/s8-nGimiBoG.jpg                           463.79 kB
dist/assets/app-ecommerce-shop-BaxliPHK.jpg           465.23 kB
dist/assets/slider-group-CLng6XlW.png                 622.45 kB
dist/assets/payment-complete-DSdB1mDO.gif           2,110.52 kB
dist/assets/TiptapEdit-Ogx_9NzF.css                     0.06 kB │ gzip:   0.08 kB
dist/assets/About-BOpagkB2.css                          0.12 kB │ gzip:   0.10 kB
dist/assets/EcommerceDetail-BdBlZEXP.css                0.21 kB │ gzip:   0.16 kB
dist/assets/Landingpage-BS8XytCk.css                    0.26 kB │ gzip:   0.16 kB
dist/assets/slick-o7-aLwkL.css                          1.78 kB │ gzip:   0.57 kB
dist/assets/Scrollbar-BPc_2aXd.css                      3.27 kB │ gzip:   0.90 kB
dist/assets/JITTerminal-EsaqrrTX.css                    5.38 kB │ gzip:   2.04 kB
dist/assets/EnhancedPageEditor-S7TsZXNU.css             7.05 kB │ gzip:   1.64 kB
dist/assets/SiteEditor-D8jr-T9K.css                     7.25 kB │ gzip:   1.77 kB
dist/assets/slick-theme-CDnFIjeC.css                   13.04 kB │ gzip:   3.63 kB
dist/assets/Calendar-Dtxbzo2e.css                      21.21 kB │ gzip:   3.66 kB
dist/assets/quill-BNdUdR3S.css                         24.74 kB │ gzip:   3.65 kB
dist/assets/index-deeoWkLH.css                        246.96 kB │ gzip:  33.69 kB
dist/assets/SSPPOCRecordsPage-Jeuj6oHH.css            402.17 kB │ gzip:  73.10 kB
dist/assets/s3-BJGj42_p.js                              0.10 kB │ gzip:   0.12 kB │ map:     0.20 kB
dist/assets/s4-4ruAmlRf.js                              0.10 kB │ gzip:   0.12 kB │ map:     0.20 kB
dist/assets/s7-mj8nAXS8.js                              0.10 kB │ gzip:   0.12 kB │ map:     0.20 kB
dist/assets/gold-D7lR4mEI.js                            0.11 kB │ gzip:   0.12 kB │ map:     0.20 kB
dist/assets/user-1-BDBrDJAj.js                          0.11 kB │ gzip:   0.12 kB │ map:     0.20 kB
dist/assets/user-2-VaQDdc5n.js                          0.11 kB │ gzip:   0.12 kB │ map:     0.20 kB
dist/assets/user-3-CUSUi0S7.js                          0.11 kB │ gzip:   0.12 kB │ map:     0.20 kB
dist/assets/user-4-DLP7aw8Y.js                          0.11 kB │ gzip:   0.12 kB │ map:     0.20 kB
dist/assets/user-5-Cv9eVyXs.js                          0.11 kB │ gzip:   0.12 kB │ map:     0.20 kB
dist/assets/blog-img1-CGl6LhN1.js                       0.11 kB │ gzip:   0.12 kB │ map:     0.21 kB
dist/assets/user-6-D_rs8gnu.js                          0.11 kB │ gzip:   0.12 kB │ map:     0.20 kB
dist/assets/login-bg-BVHxHeUS.js                        0.15 kB │ gzip:   0.15 kB │ map:     0.21 kB
dist/assets/s9-Dx5dyMOd.js                              0.15 kB │ gzip:   0.14 kB │ map:     0.30 kB
dist/assets/s2-BP7kKbfW.js                              0.15 kB │ gzip:   0.14 kB │ map:     0.30 kB
dist/assets/s11-D7zYPVJb.js                             0.15 kB │ gzip:   0.14 kB │ map:     0.30 kB
dist/assets/user-8-BRrYEY_a.js                          0.17 kB │ gzip:   0.15 kB │ map:     0.31 kB
dist/assets/empty-shopping-cart-D0bfUDbZ.js             0.17 kB │ gzip:   0.16 kB │ map:     0.23 kB
dist/assets/maintenance-CIF4kYEd.js                     0.17 kB │ gzip:   0.15 kB │ map:     0.22 kB
dist/assets/index-CDaDYhQv.js                           0.19 kB │ gzip:   0.17 kB │ map:     0.37 kB
dist/assets/clamp-Da5ZmeGW.js                           0.20 kB │ gzip:   0.18 kB │ map:     0.47 kB
dist/assets/Stop-CapnoyuU.js                            0.27 kB │ gzip:   0.22 kB │ map:     0.48 kB
dist/assets/PlayArrow-t4aZDrKw.js                       0.28 kB │ gzip:   0.23 kB │ map:     0.49 kB
dist/assets/blog-img5-Bn0ssJ8o.js                       0.28 kB │ gzip:   0.19 kB │ map:     0.52 kB
dist/assets/visuallyHidden-DqWXUGfH.js                  0.29 kB │ gzip:   0.22 kB │ map:     0.63 kB
dist/assets/visuallyHidden-n5ojS7mv.js                  0.29 kB │ gzip:   0.21 kB │ map:     0.60 kB
dist/assets/Home-CbzS22LA.js                            0.29 kB │ gzip:   0.24 kB │ map:     0.50 kB
dist/assets/Upload-4avyqArJ.js                          0.29 kB │ gzip:   0.24 kB │ map:     0.51 kB
dist/assets/Send-BsPUxBFV.js                            0.29 kB │ gzip:   0.24 kB │ map:     0.50 kB
dist/assets/Menu-CJvjdnu-.js                            0.29 kB │ gzip:   0.24 kB │ map:     0.51 kB
dist/assets/GetApp-DLaUGvHY.js                          0.30 kB │ gzip:   0.24 kB │ map:     0.51 kB
dist/assets/arrayUtils-u0t-H2jj.js                      0.30 kB │ gzip:   0.23 kB │ map:     4.16 kB
dist/assets/Download-9lKHaFa3.js                        0.30 kB │ gzip:   0.25 kB │ map:     0.51 kB
dist/assets/Check-CfLz4jJr.js                           0.31 kB │ gzip:   0.25 kB │ map:     0.52 kB
dist/assets/Warning-CV8oBMwr.js                         0.31 kB │ gzip:   0.24 kB │ map:     0.52 kB
dist/assets/FilterList-BZmkOCtW.js                      0.31 kB │ gzip:   0.25 kB │ map:     0.52 kB
dist/assets/usePreviousProps-CxaMmsrR.js                0.31 kB │ gzip:   0.21 kB │ map:     0.64 kB
dist/assets/ExpandLess-Ct9HglSU.js                      0.32 kB │ gzip:   0.26 kB │ map:     0.53 kB
dist/assets/ExpandMore-BApWG5BP.js                      0.32 kB │ gzip:   0.25 kB │ map:     0.53 kB
dist/assets/Dashboard-JihgzPIb.js                       0.32 kB │ gzip:   0.25 kB │ map:     0.53 kB
dist/assets/School-Fv6E0f5m.js                          0.32 kB │ gzip:   0.26 kB │ map:     0.53 kB
dist/assets/useThemeProps-D8PV5w-8.js                   0.32 kB │ gzip:   0.22 kB │ map:     0.69 kB
dist/assets/getValidReactChildren-ypU3THz1.js           0.32 kB │ gzip:   0.23 kB │ map:     0.73 kB
dist/assets/Code-B54gLQu6.js                            0.33 kB │ gzip:   0.26 kB │ map:     0.54 kB
dist/assets/tiny-invariant-BnZYjK3C.js                  0.33 kB │ gzip:   0.23 kB │ map:     0.84 kB
dist/assets/ArrowBack-D89Nx1yo.js                       0.33 kB │ gzip:   0.26 kB │ map:     0.54 kB
dist/assets/Delete-DqRWwTqY.js                          0.33 kB │ gzip:   0.27 kB │ map:     0.54 kB
dist/assets/Storage-DSbWtZY7.js                         0.34 kB │ gzip:   0.26 kB │ map:     0.55 kB
dist/assets/Star-BkpM1myZ.js                            0.34 kB │ gzip:   0.27 kB │ map:     0.55 kB
dist/assets/ViewList-DlORhnKE.js                        0.34 kB │ gzip:   0.26 kB │ map:     0.55 kB
dist/assets/Info-UK3b9BBx.js                            0.34 kB │ gzip:   0.27 kB │ map:     0.56 kB
dist/assets/TrendingUp-gEWAYJn3.js                      0.34 kB │ gzip:   0.27 kB │ map:     0.56 kB
dist/assets/AccountBalance-B9Mma1hS.js                  0.35 kB │ gzip:   0.27 kB │ map:     0.57 kB
dist/assets/Folder-B0UJZY6n.js                          0.35 kB │ gzip:   0.27 kB │ map:     0.56 kB
dist/assets/Error-Bu9waFgp.js                           0.35 kB │ gzip:   0.27 kB │ map:     0.56 kB
dist/assets/index-ByrnLXf_.js                           0.35 kB │ gzip:   0.21 kB │ map:     0.71 kB
dist/assets/now-DxOdLLP-.js                             0.35 kB │ gzip:   0.24 kB │ map:     0.81 kB
dist/assets/Close-CQUb4Nz-.js                           0.36 kB │ gzip:   0.26 kB │ map:     0.57 kB
dist/assets/Clear-DQIpWnH0.js                           0.36 kB │ gzip:   0.26 kB │ map:     0.57 kB
dist/assets/Email-D6pMijCb.js                           0.36 kB │ gzip:   0.28 kB │ map:     0.57 kB
dist/assets/Smartphone-lfw2jYdm.js                      0.37 kB │ gzip:   0.28 kB │ map:     0.58 kB
dist/assets/Person-DKPs8yTA.js                          0.37 kB │ gzip:   0.28 kB │ map:     0.58 kB
dist/assets/Image-AXV-y5T8.js                           0.37 kB │ gzip:   0.29 kB │ map:     0.58 kB
dist/assets/Computer-LWyR_bxI.js                        0.37 kB │ gzip:   0.29 kB │ map:     0.58 kB
dist/assets/Comment-DluJmRQ0.js                         0.37 kB │ gzip:   0.29 kB │ map:     0.58 kB
dist/assets/Launch-DVz-z5Q7.js                          0.38 kB │ gzip:   0.30 kB │ map:     0.60 kB
dist/assets/Web-5gr0PIFQ.js                             0.38 kB │ gzip:   0.29 kB │ map:     0.58 kB
dist/assets/RestoreFromTrash-C4zxB_0j.js                0.38 kB │ gzip:   0.29 kB │ map:     0.60 kB
dist/assets/CalendarToday-DI0V9Uai.js                   0.38 kB │ gzip:   0.29 kB │ map:     0.60 kB
dist/assets/Article-BAvo6tb-.js                         0.38 kB │ gzip:   0.29 kB │ map:     0.59 kB
dist/assets/Security-DFveefoS.js                        0.38 kB │ gzip:   0.30 kB │ map:     0.59 kB
dist/assets/Edit-kEZvGrq3.js                            0.38 kB │ gzip:   0.29 kB │ map:     0.60 kB
dist/assets/index-B_7ckZbB.js                           0.39 kB │ gzip:   0.25 kB │ map:     1.32 kB
dist/assets/ViewModule-tzVHacWi.js                      0.39 kB │ gzip:   0.29 kB │ map:     0.59 kB
dist/assets/ContentCopy-BVn5JOe7.js                     0.39 kB │ gzip:   0.29 kB │ map:     0.61 kB
dist/assets/VerifiedUser-CTY8ksu6.js                    0.39 kB │ gzip:   0.29 kB │ map:     0.60 kB
dist/assets/Assessment-CJwCwBqE.js                      0.39 kB │ gzip:   0.29 kB │ map:     0.60 kB
dist/assets/CheckCircle-CrYmy0LT.js                     0.39 kB │ gzip:   0.28 kB │ map:     0.60 kB
dist/assets/Description-Ct2CUezh.js                     0.39 kB │ gzip:   0.29 kB │ map:     0.60 kB
dist/assets/Analytics-gw3SSJhS.js                       0.40 kB │ gzip:   0.29 kB │ map:     0.61 kB
dist/assets/MoreVert-B8jh5Oxh.js                        0.40 kB │ gzip:   0.27 kB │ map:     0.62 kB
dist/assets/QuestionAnswer-DHh9Tp2T.js                  0.40 kB │ gzip:   0.29 kB │ map:     0.62 kB
dist/assets/typeof-WJl3ipnu.js                          0.41 kB │ gzip:   0.23 kB │ map:     0.81 kB
dist/assets/ThemeContext-BPHEQwXK.js                    0.42 kB │ gzip:   0.27 kB │ map:    15.08 kB
dist/assets/Terminal-bJmk6-lG.js                        0.42 kB │ gzip:   0.32 kB │ map:     0.63 kB
dist/assets/Build-Cfno3z0s.js                           0.42 kB │ gzip:   0.31 kB │ map:     0.64 kB
dist/assets/isEqual-5KiwNsLp.js                         0.42 kB │ gzip:   0.26 kB │ map:     1.29 kB
dist/assets/LocationOn-DeC1EMlu.js                      0.42 kB │ gzip:   0.30 kB │ map:     0.64 kB
dist/assets/Cancel-DdPQuF_K.js                          0.43 kB │ gzip:   0.30 kB │ map:     0.64 kB
dist/assets/Timer-CBf2Sgpb.js                           0.43 kB │ gzip:   0.32 kB │ map:     0.64 kB
dist/assets/Favorite-pTOcX4TV.js                        0.43 kB │ gzip:   0.32 kB │ map:     0.64 kB
dist/assets/Church-TEj-KrUk.js                          0.43 kB │ gzip:   0.32 kB │ map:     0.65 kB
dist/assets/Backup-vYHgwkXW.js                          0.44 kB │ gzip:   0.33 kB │ map:     0.65 kB
dist/assets/Business-DMzDLppX.js                        0.44 kB │ gzip:   0.30 kB │ map:     0.65 kB
dist/assets/Notifications-CP41YdGo.js                   0.44 kB │ gzip:   0.32 kB │ map:     0.65 kB
dist/assets/Memory-BPsrIXHE.js                          0.44 kB │ gzip:   0.32 kB │ map:     0.66 kB
dist/assets/CloudUpload-s0k9skYo.js                     0.46 kB │ gzip:   0.33 kB │ map:     0.66 kB
dist/assets/CloudDownload-D6MQTJkf.js                   0.46 kB │ gzip:   0.34 kB │ map:     0.67 kB
dist/assets/Receipt-C1hZU3PD.js                         0.47 kB │ gzip:   0.29 kB │ map:     0.68 kB
dist/assets/Visibility-QfLR50Qi.js                      0.47 kB │ gzip:   0.33 kB │ map:     0.69 kB
dist/assets/IconMinus-c-p4HmvR.js                       0.47 kB │ gzip:   0.33 kB │ map:     0.85 kB
dist/assets/History-WPca1x1J.js                         0.48 kB │ gzip:   0.35 kB │ map:     0.70 kB
dist/assets/IconCheck-S_95oZ_v.js                       0.48 kB │ gzip:   0.34 kB │ map:     0.86 kB
dist/assets/index-Cz7VnVI4.js                           0.48 kB │ gzip:   0.27 kB │ map:     2.19 kB
dist/assets/Speed-DcVZrL9w.js                           0.48 kB │ gzip:   0.33 kB │ map:     0.69 kB
dist/assets/Archive-B4hk8ayk.js                         0.48 kB │ gzip:   0.36 kB │ map:     0.69 kB
dist/assets/Assignment-qolNgmOb.js                      0.48 kB │ gzip:   0.35 kB │ map:     0.70 kB
dist/assets/Search-84IPGzLw.js                          0.49 kB │ gzip:   0.34 kB │ map:     0.70 kB
dist/assets/IconChevronUp-BG7HqUwU.js                   0.50 kB │ gzip:   0.34 kB │ map:     0.89 kB
dist/assets/IconCross-ulw1IfsD.js                       0.50 kB │ gzip:   0.35 kB │ map:     0.88 kB
dist/assets/IconActivity-CxyQgRzt.js                    0.50 kB │ gzip:   0.34 kB │ map:     0.89 kB
dist/assets/CustomSelect-C0fvzxkt.js                    0.50 kB │ gzip:   0.34 kB │ map:     0.60 kB
dist/assets/IconPoint-hfBPgWuk.js                       0.50 kB │ gzip:   0.34 kB │ map:     0.88 kB
dist/assets/IconPlayerPlay-DwE6jeYK.js                  0.50 kB │ gzip:   0.34 kB │ map:     0.89 kB
dist/assets/IconX-Dp_ZrH85.js                           0.50 kB │ gzip:   0.34 kB │ map:     0.93 kB
dist/assets/index-CUE3MWTn.js                           0.50 kB │ gzip:   0.31 kB │ map:     1.67 kB
dist/assets/IconChevronDown-CR0odZvs.js                 0.51 kB │ gzip:   0.34 kB │ map:     0.90 kB
dist/assets/IconChevronLeft-nr2DHfOj.js                 0.51 kB │ gzip:   0.34 kB │ map:     0.90 kB
dist/assets/IconCircle-DhjJ6aeW.js                      0.51 kB │ gzip:   0.34 kB │ map:     0.89 kB
dist/assets/IconChevronRight-CyHZ5Ho7.js                0.51 kB │ gzip:   0.34 kB │ map:     0.91 kB
dist/assets/IconPlus-CJ_KsQNW.js                        0.52 kB │ gzip:   0.35 kB │ map:     0.95 kB
dist/assets/listItemButtonClasses-qNWz57p6.js           0.52 kB │ gzip:   0.29 kB │ map:     0.84 kB
dist/assets/Schedule-CtFVtwgL.js                        0.52 kB │ gzip:   0.34 kB │ map:     0.79 kB
dist/assets/Route-BSF0DzIQ.js                           0.53 kB │ gzip:   0.38 kB │ map:     0.75 kB
dist/assets/IconHeart-B83t2ebY.js                       0.54 kB │ gzip:   0.36 kB │ map:     0.92 kB
dist/assets/IconTerminal-lZgM6OZE.js                    0.54 kB │ gzip:   0.35 kB │ map:     0.98 kB
dist/assets/Group-B-LZR-oq.js                           0.54 kB │ gzip:   0.35 kB │ map:     0.75 kB
dist/assets/People-B5q6l96f.js                          0.55 kB │ gzip:   0.35 kB │ map:     0.76 kB
dist/assets/IconClock-C_ovtWp-.js                       0.55 kB │ gzip:   0.36 kB │ map:     0.98 kB
dist/assets/Extension-BYleAvAN.js                       0.56 kB │ gzip:   0.38 kB │ map:     0.77 kB
dist/assets/IconHistory-Dh1QPPK7.js                     0.56 kB │ gzip:   0.37 kB │ map:     1.00 kB
dist/assets/IconTrendingUp-CJM9auM6.js                  0.56 kB │ gzip:   0.36 kB │ map:     1.01 kB
dist/assets/IconSearch-BxddY9aC.js                      0.56 kB │ gzip:   0.36 kB │ map:     1.00 kB
dist/assets/IconArrowUpRight-DWSjkgpD.js                0.56 kB │ gzip:   0.36 kB │ map:     1.02 kB
dist/assets/IconStar-B6VY9Fcg.js                        0.56 kB │ gzip:   0.39 kB │ map:     0.94 kB
dist/assets/IconPhone-BPzLeXNL.js                       0.56 kB │ gzip:   0.38 kB │ map:     0.94 kB
dist/assets/IconMenu2-BZSyIMDI.js                       0.57 kB │ gzip:   0.35 kB │ map:     1.05 kB
dist/assets/IconUser-BbuXkWJm.js                        0.57 kB │ gzip:   0.37 kB │ map:     1.00 kB
dist/assets/index-G_phj4t_.js                           0.57 kB │ gzip:   0.29 kB │ map:     2.69 kB
dist/assets/IconFilter-BFL_7JRQ.js                      0.57 kB │ gzip:   0.39 kB │ map:     0.95 kB
dist/assets/IconCode-Dy_HBJqn.js                        0.57 kB │ gzip:   0.35 kB │ map:     1.06 kB
dist/assets/IconPencil-CSm8CdoV.js                      0.57 kB │ gzip:   0.37 kB │ map:     1.01 kB
dist/assets/IconArrowBackUp-DkAr04XF.js                 0.57 kB │ gzip:   0.37 kB │ map:     1.03 kB
dist/assets/LastPage-BuxNldbw.js                        0.58 kB │ gzip:   0.33 kB │ map:     1.14 kB
dist/assets/KeyboardArrowRight-C7K_NwkM.js              0.58 kB │ gzip:   0.32 kB │ map:     1.18 kB
dist/assets/useItemHighlightedGetter-DZeYVhI3.js        0.58 kB │ gzip:   0.29 kB │ map:     1.38 kB
dist/assets/IconSend-CaMVg539.js                        0.58 kB │ gzip:   0.38 kB │ map:     1.02 kB
dist/assets/IconMail-BwHi8jz8.js                        0.59 kB │ gzip:   0.38 kB │ map:     1.02 kB
dist/assets/IconCheckbox-Hi432l4W.js                    0.59 kB │ gzip:   0.38 kB │ map:     1.04 kB
dist/assets/Preview-DDfAbZEO.js                         0.60 kB │ gzip:   0.39 kB │ map:     0.81 kB
dist/assets/IconArrowRight-5OUhARO0.js                  0.60 kB │ gzip:   0.36 kB │ map:     1.09 kB
dist/assets/IconBell-Dnk8XeLN.js                        0.61 kB │ gzip:   0.39 kB │ map:     1.04 kB
dist/assets/CustomSlider-AWNdPSis.js                    0.61 kB │ gzip:   0.33 kB │ map:     1.13 kB
dist/assets/IconEye-CDzv11p4.js                         0.61 kB │ gzip:   0.40 kB │ map:     1.04 kB
dist/assets/IconUpload-BVTM1SM2.js                      0.61 kB │ gzip:   0.38 kB │ map:     1.10 kB
dist/assets/emailSv-BfLBoern.js                         0.61 kB │ gzip:   0.40 kB │ map:     1.04 kB
dist/assets/NotificationsOff-FtdGJJcI.js                0.62 kB │ gzip:   0.41 kB │ map:     0.83 kB
dist/assets/IconMapPin-CMh_NFme.js                      0.62 kB │ gzip:   0.40 kB │ map:     1.06 kB
dist/assets/IconDownload-DTuzXEam.js                    0.62 kB │ gzip:   0.38 kB │ map:     1.11 kB
dist/assets/IconAlertCircle-ChsMrVYK.js                 0.62 kB │ gzip:   0.37 kB │ map:     1.12 kB
dist/assets/IconDeviceLaptop-BYcf279Y.js                0.62 kB │ gzip:   0.38 kB │ map:     1.08 kB
dist/assets/IconHelp-MpuyESjB.js                        0.64 kB │ gzip:   0.39 kB │ map:     1.12 kB
dist/assets/IconDatabase-CjNlAQDz.js                    0.64 kB │ gzip:   0.37 kB │ map:     1.14 kB
dist/assets/Api-BxCBmiWg.js                             0.65 kB │ gzip:   0.37 kB │ map:     1.08 kB
dist/assets/IconMessage-v6WOiLNm.js                     0.65 kB │ gzip:   0.39 kB │ map:     1.14 kB
dist/assets/IconDots-DUrIy-4u.js                        0.65 kB │ gzip:   0.36 kB │ map:     1.14 kB
dist/assets/IconNotebook-uWkc5FL8.js                    0.66 kB │ gzip:   0.39 kB │ map:     1.15 kB
dist/assets/IconMessage2-BOpJCzvv.js                    0.66 kB │ gzip:   0.39 kB │ map:     1.15 kB
dist/assets/IconUserPlus-DtcpeL_o.js                    0.67 kB │ gzip:   0.39 kB │ map:     1.22 kB
dist/assets/IconDeviceMobile-CM6fiz_I.js                0.67 kB │ gzip:   0.39 kB │ map:     1.17 kB
dist/assets/IconEdit-BsKVOBNH.js                        0.67 kB │ gzip:   0.41 kB │ map:     1.16 kB
dist/assets/IconLock-CF1RVZuL.js                        0.67 kB │ gzip:   0.41 kB │ map:     1.16 kB
dist/assets/IconClipboard-DBbPTXbA.js                   0.68 kB │ gzip:   0.39 kB │ map:     1.12 kB
dist/assets/IconMessageCircle-DO-x6ZJO.js               0.68 kB │ gzip:   0.45 kB │ map:     1.08 kB
dist/assets/NotificationsActive-B6KvMr5I.js             0.68 kB │ gzip:   0.45 kB │ map:     0.89 kB
dist/assets/IconArchive-Dwt2mMyY.js                     0.68 kB │ gzip:   0.40 kB │ map:     1.17 kB
dist/assets/unsupportedIterableToArray-DBEIHdbU.js      0.69 kB │ gzip:   0.40 kB │ map:     1.52 kB
dist/assets/IconMoodSmile-DhpzFdLF.js                   0.69 kB │ gzip:   0.39 kB │ map:     1.25 kB
dist/assets/IconVolume-DSYR647v.js                      0.69 kB │ gzip:   0.41 kB │ map:     1.18 kB
dist/assets/IconFiles-C5f_zhvd.js                       0.69 kB │ gzip:   0.40 kB │ map:     1.18 kB
dist/assets/IconDotsVertical-BQsWgUWM.js                0.69 kB │ gzip:   0.37 kB │ map:     1.20 kB
dist/assets/IconNews-DyfQpHzb.js                        0.70 kB │ gzip:   0.40 kB │ map:     1.24 kB
dist/assets/IconDeviceFloppy-Bq5v48Hw.js                0.70 kB │ gzip:   0.41 kB │ map:     1.21 kB
dist/assets/IconShieldX-BZ-LyX3E.js                     0.70 kB │ gzip:   0.42 kB │ map:     1.19 kB
dist/assets/IconBook-BmALYUYj.js                        0.71 kB │ gzip:   0.38 kB │ map:     1.29 kB
dist/assets/IconUserCircle-HAKDkNE-.js                  0.71 kB │ gzip:   0.42 kB │ map:     1.21 kB
dist/assets/CustomFormLabel-CxN89E3q.js                 0.71 kB │ gzip:   0.44 kB │ map:     0.98 kB
dist/assets/IconUsers-BwG-k5-y.js                       0.71 kB │ gzip:   0.40 kB │ map:     1.26 kB
dist/assets/IconCreditCard-CsSvVu-i.js                  0.71 kB │ gzip:   0.40 kB │ map:     1.27 kB
dist/assets/IconRocket-C9xZ4oDK.js                      0.71 kB │ gzip:   0.42 kB │ map:     1.20 kB
dist/assets/InlineItemCard-tpV1fbb1.js                  0.72 kB │ gzip:   0.42 kB │ map:     1.18 kB
dist/assets/Palette-vW1gpquU.js                         0.72 kB │ gzip:   0.42 kB │ map:     0.93 kB
dist/assets/IconWorld-B31tRYjo.js                       0.72 kB │ gzip:   0.40 kB │ map:     1.32 kB
dist/assets/IconTrash-CrCOb637.js                       0.73 kB │ gzip:   0.41 kB │ map:     1.32 kB
dist/assets/IconBuildingChurch-q7QnEuAK.js              0.75 kB │ gzip:   0.41 kB │ map:     1.36 kB
dist/assets/AdminPanelSettings-D9DXChoa.js              0.75 kB │ gzip:   0.44 kB │ map:     1.03 kB
dist/assets/IconPhoto-bjj1AHxT.js                       0.75 kB │ gzip:   0.42 kB │ map:     1.30 kB
dist/assets/IconFileText-DdGmrezK.js                    0.75 kB │ gzip:   0.41 kB │ map:     1.35 kB
dist/assets/KeyboardArrowDown-kAtJS_bW.js               0.77 kB │ gzip:   0.41 kB │ map:     1.02 kB
dist/assets/KeyboardArrowRight-CMysjd3i.js              0.77 kB │ gzip:   0.40 kB │ map:     1.02 kB
dist/assets/IconCalendarEvent-PPIQtRv8.js               0.78 kB │ gzip:   0.41 kB │ map:     1.39 kB
dist/assets/AppCard-DAskXbCX.js                         0.78 kB │ gzip:   0.46 kB │ map:     1.20 kB
dist/assets/IconBasket-CP-Kc4tw.js                      0.78 kB │ gzip:   0.45 kB │ map:     1.33 kB
dist/assets/IconEyeOff-CUUmOwQq.js                      0.79 kB │ gzip:   0.49 kB │ map:     1.28 kB
dist/assets/IconCalendar-KnctckvW.js                    0.79 kB │ gzip:   0.41 kB │ map:     1.43 kB
dist/assets/IconLanguage-B6_dCQgy.js                    0.79 kB │ gzip:   0.44 kB │ map:     1.44 kB
dist/assets/defineProperty-BHv0T49C.js                  0.81 kB │ gzip:   0.43 kB │ map:     1.88 kB
dist/assets/invoicePDFGenerator-BkzpfL_V.js             0.81 kB │ gzip:   0.41 kB │ map:     1.52 kB
dist/assets/index-YIxuXeBL.js                           0.81 kB │ gzip:   0.43 kB │ map:     2.55 kB
dist/assets/IconChartBar-2uZl9__s.js                    0.82 kB │ gzip:   0.40 kB │ map:     1.38 kB
dist/assets/index-BhgEtlBg.js                           0.84 kB │ gzip:   0.40 kB │ map:     3.46 kB
dist/assets/IconBuilding-Behl6ZX0.js                    0.86 kB │ gzip:   0.41 kB │ map:     1.62 kB
dist/assets/ThemedLayout-eKSaxOk2.js                    0.88 kB │ gzip:   0.50 kB │ map:     2.68 kB
dist/assets/CustomTextField-CYxTk9w9.js                 0.89 kB │ gzip:   0.48 kB │ map:     1.24 kB
dist/assets/IconBrain-0DREMir0.js                       0.89 kB │ gzip:   0.43 kB │ map:     1.54 kB
dist/assets/objectSpread2-DnJzpK_H.js                   0.92 kB │ gzip:   0.42 kB │ map:     1.78 kB
dist/assets/IconGripVertical-pJtn7U4T.js                0.93 kB │ gzip:   0.39 kB │ map:     1.59 kB
dist/assets/OpenInNew-DGF2gvqY.js                       0.97 kB │ gzip:   0.51 kB │ map:     1.90 kB
dist/assets/BlankCard-Dpy_1ZTb.js                       0.98 kB │ gzip:   0.54 kB │ map:     1.61 kB
dist/assets/IconChevronsRight-B5d2cV_z.js               1.01 kB │ gzip:   0.40 kB │ map:     1.93 kB
dist/assets/IconPlayerSkipForward-BD7IvWCy.js           1.03 kB │ gzip:   0.42 kB │ map:     1.96 kB
dist/assets/BugReport-DEFrX1YE.js                       1.10 kB │ gzip:   0.62 kB │ map:     1.55 kB
dist/assets/CustomSwitch-Dfhz9BJB.js                    1.11 kB │ gzip:   0.56 kB │ map:     1.77 kB
dist/assets/Psychology-Du74gb6Z.js                      1.12 kB │ gzip:   0.62 kB │ map:     1.38 kB
dist/assets/CustomRangeSlider-DBXCskl5.js               1.13 kB │ gzip:   0.60 kB │ map:     2.09 kB
dist/assets/IconGridDots-B_X5PwG4.js                    1.14 kB │ gzip:   0.41 kB │ map:     1.98 kB
dist/assets/index-Ns6fkz8j.js                           1.16 kB │ gzip:   0.59 kB │ map:     3.12 kB
dist/assets/IconLogin-D_Ri9Yo-.js                       1.25 kB │ gzip:   0.50 kB │ map:     2.32 kB
dist/assets/removeClass-BEi_zEC5.js                     1.26 kB │ gzip:   0.45 kB │ map:     2.73 kB
dist/assets/IconServer-GlLuGHtw.js                      1.26 kB │ gzip:   0.47 kB │ map:     2.32 kB
dist/assets/toConsumableArray--FX6qkty.js               1.27 kB │ gzip:   0.59 kB │ map:     2.88 kB
dist/assets/AlertCart-1bQGyfpY.js                       1.41 kB │ gzip:   0.61 kB │ map:     1.64 kB
dist/assets/IconKey-B-UzlUyH.js                         1.41 kB │ gzip:   0.59 kB │ map:     2.40 kB
dist/assets/NoSsr-D6uVYGYI.js                           1.44 kB │ gzip:   0.67 kB │ map:     3.07 kB
dist/assets/logoIcon-z5AIafpK.js                        1.46 kB │ gzip:   0.84 kB │ map:     1.52 kB
dist/assets/IconLayoutGrid-CyTp5qOF.js                  1.51 kB │ gzip:   0.49 kB │ map:     2.65 kB
dist/assets/SimplePageEditorTest-BLIBWnss.js            1.61 kB │ gzip:   0.80 kB │ map:     0.99 kB
dist/assets/ChildCard-Bpvp2W7p.js                       1.64 kB │ gzip:   0.55 kB │ map:     1.63 kB
dist/assets/EnhancedPageEditorTest-Bzb2CrcU.js          1.65 kB │ gzip:   0.81 kB │ map:     1.01 kB
dist/assets/FavoriteBorder-B5JFe_Qe.js                  1.67 kB │ gzip:   0.68 kB │ map:     2.33 kB
dist/assets/isSymbol-C_WEyePp.js                        1.94 kB │ gzip:   0.67 kB │ map:     7.08 kB
dist/assets/localizedFormat-0v56JGhn.js                 2.02 kB │ gzip:   0.80 kB │ map:     2.93 kB
dist/assets/generateUtilityClasses-OlE1p0O5.js          2.07 kB │ gzip:   0.78 kB │ map:     3.90 kB
dist/assets/createClass-FtQRtuaM.js                     2.10 kB │ gzip:   0.85 kB │ map:     4.09 kB
dist/assets/icon-speech-bubble-CaJoYLMH.js              2.16 kB │ gzip:   0.79 kB │ map:     2.32 kB
dist/assets/Stack-Bhy1jYqf.js                           2.16 kB │ gzip:   0.93 kB │ map:     3.41 kB
dist/assets/TiptapEditor-D0BKWojC.js                    2.19 kB │ gzip:   0.80 kB │ map:     1.79 kB
dist/assets/AuthForgotPassword-BPwVw_mo.js              2.26 kB │ gzip:   0.63 kB │ map:     2.11 kB
dist/assets/AlertTitle-CWN45rfM.js                      2.31 kB │ gzip:   0.97 kB │ map:     4.16 kB
dist/assets/ChartsClipPath-BVkifu1-.js                  2.31 kB │ gzip:   0.88 kB │ map:     4.79 kB
dist/assets/CustomRadio-8CkuJFRY.js                     2.39 kB │ gzip:   0.91 kB │ map:     3.35 kB
dist/assets/Maintenance-BfDafvSb.js                     2.41 kB │ gzip:   0.76 kB │ map:     2.21 kB
dist/assets/fastObjectShallowCompare-p6EiFShK.js        2.42 kB │ gzip:   1.00 kB │ map:     5.06 kB
dist/assets/IconBrandTwitter-Ca4eNkY3.js                2.50 kB │ gzip:   0.87 kB │ map:     4.22 kB
dist/assets/DialogContentText-DHjURuvN.js               2.52 kB │ gzip:   1.01 kB │ map:     4.50 kB
dist/assets/omit-CQaa1xKE.js                            2.53 kB │ gzip:   0.95 kB │ map:     6.01 kB
dist/assets/CustomCheckbox-CpMKsT-n.js                  2.63 kB │ gzip:   1.11 kB │ map:     3.79 kB
dist/assets/ListItemIcon-Br0QvE3f.js                    2.69 kB │ gzip:   1.16 kB │ map:     4.65 kB
dist/assets/ParentCard-B8DHzZ8u.js                      2.72 kB │ gzip:   0.74 kB │ map:     2.63 kB
dist/assets/ListItemAvatar-CZT-BVzW.js                  2.73 kB │ gzip:   1.10 kB │ map:     4.95 kB
dist/assets/CustomOutlinedInput-DQSVgjQ0.js             2.74 kB │ gzip:   1.25 kB │ map:     4.79 kB
dist/assets/CardActions-VuWG2-BM.js                     2.75 kB │ gzip:   1.12 kB │ map:     4.88 kB
dist/assets/index-Cmqawrsw.js                           2.77 kB │ gzip:   0.85 kB │ map:    11.06 kB
dist/assets/SearchTable-IFtSDdla.js                     2.80 kB │ gzip:   0.98 kB │ map:     2.00 kB
dist/assets/EcomProductList-Dcz0GHke.js                 2.90 kB │ gzip:   1.02 kB │ map:     2.16 kB
dist/assets/RoleManagement-DKCsYCCV.js                  2.94 kB │ gzip:   0.76 kB │ map:     2.64 kB
dist/assets/components.api-BU6kZCJJ.js                  2.94 kB │ gzip:   0.94 kB │ map:     7.48 kB
dist/assets/UserProfile-Ckbq4HrB.js                     3.04 kB │ gzip:   1.00 kB │ map:     2.28 kB
dist/assets/devLogger-Da2h7v2b.js                       3.05 kB │ gzip:   1.09 kB │ map:     8.29 kB
dist/assets/createSvgIcon-CZMUkaqD.js                   3.13 kB │ gzip:   1.29 kB │ map:     4.35 kB
dist/assets/omai.api-CLKCY5fS.js                        3.18 kB │ gzip:   1.15 kB │ map:     6.10 kB
dist/assets/FilterTableData-BjIvZZzm.js                 3.26 kB │ gzip:   0.64 kB │ map:     6.28 kB
dist/assets/index-Cd2Jq5Pd.js                           3.38 kB │ gzip:   1.18 kB │ map:     5.69 kB
dist/assets/with-selector-baEGNai5.js                   3.50 kB │ gzip:   1.09 kB │ map:     5.82 kB
dist/assets/RadioGroup-DjR75AT3.js                      3.58 kB │ gzip:   1.39 kB │ map:     6.01 kB
dist/assets/Toolbar-BVSwZnx1.js                         3.68 kB │ gzip:   1.42 kB │ map:     6.49 kB
dist/assets/path-vDw24igy.js                            3.75 kB │ gzip:   1.26 kB │ map:     9.14 kB
dist/assets/Unauthorized-c0u_WU71.js                    3.96 kB │ gzip:   0.94 kB │ map:     3.61 kB
dist/assets/Gallery-BVTjO6Tm.js                         4.06 kB │ gzip:   1.17 kB │ map:     2.82 kB
dist/assets/DashboardCard-C1FVthN_.js                   4.07 kB │ gzip:   0.98 kB │ map:     4.41 kB
dist/assets/index-BNeuo3wl.js                           4.10 kB │ gzip:   1.37 kB │ map:     7.73 kB
dist/assets/ForgotPassword2-lQqdW1WO.js                 4.23 kB │ gzip:   1.16 kB │ map:     3.98 kB
dist/assets/TwoSteps2-B-Lf1M1V.js                       4.30 kB │ gzip:   1.13 kB │ map:     4.08 kB
dist/assets/CardMedia-DqV3LCHm.js                       4.32 kB │ gzip:   1.62 kB │ map:     7.38 kB
dist/assets/index-Br1yDnAi.js                           4.49 kB │ gzip:   1.16 kB │ map:    16.54 kB
dist/assets/index-BN08c6eE.js                           4.53 kB │ gzip:   1.38 kB │ map:     9.56 kB
dist/assets/social.api-WnESW6Xf.js                      4.63 kB │ gzip:   1.19 kB │ map:    11.41 kB
dist/assets/ListSubheader-BL9KSmvW.js                   4.76 kB │ gzip:   1.67 kB │ map:     8.29 kB
dist/assets/AuthRegister-KXc7KaHy.js                    5.09 kB │ gzip:   0.98 kB │ map:     4.32 kB
dist/assets/AdminDashboardLayout-B3PQIhzx.js            5.13 kB │ gzip:   1.40 kB │ map:     5.83 kB
dist/assets/AuthTwoSteps-Nsz7Jue0.js                    5.33 kB │ gzip:   0.95 kB │ map:     4.94 kB
dist/assets/useProfileSync-DmQUNGby.js                  5.50 kB │ gzip:   1.29 kB │ map:    12.04 kB
dist/assets/Zoom-BCwZY_vw.js                            5.55 kB │ gzip:   1.75 kB │ map:     9.47 kB
dist/assets/Register2-jVBn4NeV.js                       5.59 kB │ gzip:   1.38 kB │ map:     5.17 kB
dist/assets/ChartsText-BygP4sDS.js                      5.73 kB │ gzip:   2.13 kB │ map:    11.70 kB
dist/assets/tableData-D1sY5Yzi.js                       5.77 kB │ gzip:   0.85 kB │ map:    11.78 kB
dist/assets/ForgotPassword-B9E_93dF.js                  5.78 kB │ gzip:   1.31 kB │ map:     5.44 kB
dist/assets/index-CiTKuOl6.js                           5.79 kB │ gzip:   1.39 kB │ map:    11.64 kB
dist/assets/Pricing-BG2nf9YH.js                         5.91 kB │ gzip:   1.30 kB │ map:     5.02 kB
dist/assets/TableSortLabel-wA3pmhrw.js                  5.92 kB │ gzip:   1.99 kB │ map:    10.81 kB
dist/assets/InputAdornment-POvezwIM.js                  5.95 kB │ gzip:   2.10 kB │ map:     9.98 kB
dist/assets/TwoSteps-C6mfz5uH.js                        5.96 kB │ gzip:   1.32 kB │ map:     5.63 kB
dist/assets/TabPanel-D8NaXXjW.js                        5.96 kB │ gzip:   1.81 kB │ map:    10.99 kB
dist/assets/AreaChart-DTrE7P7M.js                       6.06 kB │ gzip:   1.68 kB │ map:     7.74 kB
dist/assets/AuthSocialButtons-DujqfF9D.js               6.09 kB │ gzip:   1.99 kB │ map:     6.78 kB
dist/assets/LineChart-CwcEToZO.js                       6.12 kB │ gzip:   1.77 kB │ map:     7.95 kB
dist/assets/TopCards-DYmbfJ5g.js                        6.24 kB │ gzip:   1.95 kB │ map:     7.40 kB
dist/assets/index-BTFbcSr5.js                           6.36 kB │ gzip:   1.97 kB │ map:    10.12 kB
dist/assets/ColumnChart-D8N7jO3Y.js                     6.58 kB │ gzip:   1.90 kB │ map:     8.70 kB
dist/assets/BlankLayout-w-uXW9Ax.js                     6.66 kB │ gzip:   2.03 kB │ map:    11.65 kB
dist/assets/Register-BlE8O1sb.js                        6.80 kB │ gzip:   1.53 kB │ map:     6.47 kB
dist/assets/index-D2GhfHn7.js                           6.81 kB │ gzip:   1.99 kB │ map:    16.54 kB
dist/assets/Container-B8ACz1Uk.js                       6.97 kB │ gzip:   2.09 kB │ map:    11.97 kB
dist/assets/ListItemText-Bt6zoeBl.js                    7.00 kB │ gzip:   2.09 kB │ map:    11.19 kB
dist/assets/index-B9Gq5vW_.js                           7.01 kB │ gzip:   1.86 kB │ map:    15.95 kB
dist/assets/GredientChart-CPbJ0U9_.js                   7.10 kB │ gzip:   1.90 kB │ map:     9.43 kB
dist/assets/AppBar-auwxBEem.js                          7.14 kB │ gzip:   2.30 kB │ map:    12.46 kB
dist/assets/Portfolio-CScNsqHQ.js                       7.19 kB │ gzip:   1.55 kB │ map:     5.66 kB
dist/assets/Breadcrumb-BCFUBLSM.js                      7.20 kB │ gzip:   1.42 kB │ map:     6.44 kB
dist/assets/AvatarGroup-CWBuQZmz.js                     7.22 kB │ gzip:   2.55 kB │ map:    12.12 kB
dist/assets/Logo-BuszxrdU.js                            7.44 kB │ gzip:   1.47 kB │ map:    12.45 kB
dist/assets/Skeleton-BbzjmFpB.js                        7.53 kB │ gzip:   2.52 kB │ map:    16.89 kB
dist/assets/getPercentageValue-DHsj8H1t.js              7.70 kB │ gzip:   2.26 kB │ map:    17.20 kB
dist/assets/WeeklyStats-D9_npoC5.js                     7.89 kB │ gzip:   1.67 kB │ map:     8.73 kB
dist/assets/Fab-CE7GnWNq.js                             7.97 kB │ gzip:   2.50 kB │ map:    13.70 kB
dist/assets/useClientManagement-BWofjKD-.js             7.99 kB │ gzip:   1.70 kB │ map:    21.69 kB
dist/assets/CardHeader-BiYFrA81.js                      8.12 kB │ gzip:   2.21 kB │ map:    13.42 kB
dist/assets/logger-BsGtSwZ_.js                          8.26 kB │ gzip:   2.29 kB │ map:    16.54 kB
dist/assets/Error-DvAJ8yjf.js                           8.29 kB │ gzip:   2.75 kB │ map:     9.95 kB
dist/assets/Link-BR1QJQnW.js                            8.33 kB │ gzip:   2.57 kB │ map:    14.89 kB
dist/assets/ChartsAxisHighlight-DWElDZhP.js             8.50 kB │ gzip:   2.11 kB │ map:    16.43 kB
dist/assets/WelcomeCard-uR5RhvNt.js                     8.56 kB │ gzip:   1.35 kB │ map:     6.49 kB
dist/assets/Avatar-JkUL1nUW.js                          8.56 kB │ gzip:   2.87 kB │ map:    15.18 kB
dist/assets/ListItemButton-DqRQBiYU.js                  8.84 kB │ gzip:   2.77 kB │ map:    14.44 kB
dist/assets/DashboardWidgetCard-D8AZbl9j.js             9.13 kB │ gzip:   1.51 kB │ map:     8.44 kB
dist/assets/admin.api-BBAvItPk.js                       9.62 kB │ gzip:   2.25 kB │ map:    19.04 kB
dist/assets/Breadcrumbs-BYQNjLYJ.js                     9.70 kB │ gzip:   2.96 kB │ map:    17.56 kB
dist/assets/LoadingButton-DNoQRlmN.js                   9.73 kB │ gzip:   2.66 kB │ map:    17.24 kB
dist/assets/ToggleButton-BPEhFYdX.js                    9.87 kB │ gzip:   2.76 kB │ map:    17.55 kB
dist/assets/_baseIsEqual-BlPpkT3l.js                    9.92 kB │ gzip:   2.61 kB │ map:    24.26 kB
dist/assets/ToggleButtonGroup-B0B_6ntY.js               9.93 kB │ gzip:   2.83 kB │ map:    16.37 kB
dist/assets/RadialbarChart-D8D_NtfX.js                 10.29 kB │ gzip:   2.02 kB │ map:    11.93 kB
dist/assets/DoughnutChart-DtmcEkHq.js                  10.31 kB │ gzip:   1.94 kB │ map:    12.10 kB
dist/assets/Slide-BUpHhG0h.js                          10.56 kB │ gzip:   2.92 kB │ map:    18.01 kB
dist/assets/page-gJhvKKbe.js                           11.06 kB │ gzip:   2.08 kB │ map:    10.29 kB
dist/assets/useSkipAnimation-BjjF0dvE.js               11.29 kB │ gzip:   3.35 kB │ map:    24.53 kB
dist/assets/Collapse-DUbI4vUw.js                       11.33 kB │ gzip:   3.03 kB │ map:    19.79 kB
dist/assets/page-BJGwIG4X.js                           11.37 kB │ gzip:   2.20 kB │ map:    14.62 kB
dist/assets/OrthodoxChurchIcon-KRgGN4O1.js             11.69 kB │ gzip:   1.28 kB │ map:    11.59 kB
dist/assets/dayjs.min-DvvL4bJ3.js                      12.01 kB │ gzip:   3.74 kB │ map:    18.83 kB
dist/assets/OrthodoxBanner-tH2ppexV.js                 12.11 kB │ gzip:   2.49 kB │ map:    13.77 kB
dist/assets/page-BGAk7KGX.js                           12.24 kB │ gzip:   2.43 kB │ map:    13.80 kB
dist/assets/page-CE1e3Efb.js                           12.35 kB │ gzip:   2.48 kB │ map:    15.58 kB
dist/assets/Drawer-BA0M-E-x.js                         12.40 kB │ gzip:   3.43 kB │ map:    20.87 kB
dist/assets/Radio-CDVxokCc.js                          12.44 kB │ gzip:   3.66 kB │ map:    22.23 kB
dist/assets/index-DpR68UQ9.js                          12.77 kB │ gzip:   3.17 kB │ map:    25.65 kB
dist/assets/ButtonGroup-MyEwl7PY.js                    12.99 kB │ gzip:   2.93 kB │ map:    22.33 kB
dist/assets/Followers-DpLgqQ10.js                      13.17 kB │ gzip:   2.25 kB │ map:    10.67 kB
dist/assets/LinearProgress-D2tmW51Y.js                 13.17 kB │ gzip:   3.18 kB │ map:    23.33 kB
dist/assets/FixedHeaderTable-dDvUCgBP.js               13.37 kB │ gzip:   2.23 kB │ map:    12.69 kB
dist/assets/BlogCreate-DfZuwJg7.js                     13.55 kB │ gzip:   2.50 kB │ map:    14.08 kB
dist/assets/MuiPopover-gyayaC6E.js                     13.70 kB │ gzip:   2.27 kB │ map:    14.28 kB
dist/assets/Friends-Dk6Ra2mC.js                        13.70 kB │ gzip:   2.36 kB │ map:    11.03 kB
dist/assets/reselect-Dreu95yE.js                       13.80 kB │ gzip:   3.55 kB │ map:    30.81 kB
dist/assets/ChurchAdminPanelWorking-Cte9uuA2.js        13.97 kB │ gzip:   2.11 kB │ map:    15.02 kB
dist/assets/ListItem-Dvq3Rdg9.js                       14.45 kB │ gzip:   3.46 kB │ map:    25.11 kB
dist/assets/page-CpJUGGUp.js                           14.70 kB │ gzip:   2.85 kB │ map:    19.69 kB
dist/assets/page-DTzwQuEL.js                           14.73 kB │ gzip:   2.88 kB │ map:    17.12 kB
dist/assets/Badge-DCBOVVy5.js                          14.88 kB │ gzip:   3.60 kB │ map:    24.62 kB
dist/assets/BigCalendar-D8kASZRi.js                    15.11 kB │ gzip:   3.52 kB │ map:    21.19 kB
dist/assets/record-schemas-DiYoYM8O.js                 15.12 kB │ gzip:   2.56 kB │ map:    33.96 kB
dist/assets/CandlestickChart-E-wWqyxk.js               15.46 kB │ gzip:   3.08 kB │ map:    21.11 kB
dist/assets/step-Z9fCr4nl.js                           16.17 kB │ gzip:   3.56 kB │ map:    35.19 kB
dist/assets/MuiDateTime-B6k8fRBz.js                    16.24 kB │ gzip:   2.56 kB │ map:    17.77 kB
dist/assets/ChartsWrapper-Dz1dA30q.js                  16.29 kB │ gzip:   4.38 kB │ map:    33.31 kB
dist/assets/page-DF9epzIj.js                           16.35 kB │ gzip:   2.97 kB │ map:    19.42 kB
dist/assets/Pricing-Ca7LlyIf.js                        16.55 kB │ gzip:   2.58 kB │ map:    17.20 kB
dist/assets/Projects-gshNfhoz.js                       16.97 kB │ gzip:   2.62 kB │ map:    19.00 kB
dist/assets/AdminPageFallback-Tyxe2UE8.js              17.88 kB │ gzip:   2.81 kB │ map:    15.74 kB
dist/assets/page-B6jVIlKF.js                           17.91 kB │ gzip:   2.37 kB │ map:    16.60 kB
dist/assets/Faq-Cymle7MU.js                            18.34 kB │ gzip:   2.49 kB │ map:    15.00 kB
dist/assets/page-8ZkSN4aD.js                           19.02 kB │ gzip:   3.68 kB │ map:    27.43 kB
dist/assets/AccordionSummary-DSMmxfRH.js               19.48 kB │ gzip:   4.42 kB │ map:    34.12 kB
dist/assets/OrthodoxLogin-Brjd0ywv.js                  19.56 kB │ gzip:   4.57 kB │ map:    27.51 kB
dist/assets/BigBookDynamicRoute-CddVK-Av.js            19.95 kB │ gzip:   3.15 kB │ map:    19.89 kB
dist/assets/ChurchAdminList-CvS1qpDC.js                20.25 kB │ gzip:   2.77 kB │ map:    19.63 kB
dist/assets/MenuManagement-Df6dhtYq.js                 20.65 kB │ gzip:   3.54 kB │ map:    24.51 kB
dist/assets/BlogFeed-dA3FtJT1.js                       21.21 kB │ gzip:   3.59 kB │ map:    22.47 kB
dist/assets/page-CEWYNcev.js                           21.68 kB │ gzip:   3.22 kB │ map:    27.90 kB
dist/assets/CollapsibleTable-BiKjgqSu.js               21.96 kB │ gzip:   3.02 kB │ map:    19.35 kB
dist/assets/TableRow-ByA54h6U.js                       22.01 kB │ gzip:   4.04 kB │ map:    41.56 kB
dist/assets/Rating-njzMgUpe.js                         22.70 kB │ gzip:   6.05 kB │ map:    38.53 kB
dist/assets/OrthodoxThemeToggle-DX09OJoE.js            22.78 kB │ gzip:   3.22 kB │ map:    21.91 kB
dist/assets/page-LVXmJxQh.js                           23.15 kB │ gzip:   2.99 kB │ map:    22.25 kB
dist/assets/highlight-IS3cmk7d.js                      23.47 kB │ gzip:   4.70 kB │ map:    45.93 kB
dist/assets/MuiAlert-CpXPwcbg.js                       23.55 kB │ gzip:   2.58 kB │ map:    22.69 kB
dist/assets/AddNewClient-B85wLWri.js                   23.80 kB │ gzip:   3.06 kB │ map:    27.32 kB
dist/assets/Contact-D4VKu6D-.js                        23.96 kB │ gzip:   3.17 kB │ map:    20.13 kB
dist/assets/FormWizard-DsJGbp58.js                     24.12 kB │ gzip:   4.47 kB │ map:    24.96 kB
dist/assets/TablePagination-BoFyDOib.js                24.16 kB │ gzip:   5.07 kB │ map:    39.27 kB
dist/assets/page-DhbX7skw.js                           24.37 kB │ gzip:   3.94 kB │ map:    23.38 kB
dist/assets/AdapterDayjs-Djwj9aIu.js                   24.43 kB │ gzip:   6.22 kB │ map:    44.57 kB
dist/assets/MuiRating-NciO34sj.js                      24.45 kB │ gzip:   3.35 kB │ map:    26.63 kB
dist/assets/Blog-DHEOER9h.js                           24.50 kB │ gzip:   3.49 kB │ map:    22.33 kB
dist/assets/Login2-Cfi6Pd_S.js                         24.71 kB │ gzip:   3.87 kB │ map:    24.74 kB
dist/assets/BlogEdit-CdJ_7hih.js                       24.83 kB │ gzip:   3.55 kB │ map:    25.53 kB
dist/assets/MuiSwitch-D9BSfur0.js                      24.83 kB │ gzip:   2.32 kB │ map:    23.66 kB
dist/assets/sortBy-ChkryTjJ.js                         25.05 kB │ gzip:   5.28 kB │ map:    49.74 kB
dist/assets/BlogList-CAvUDahn.js                       25.45 kB │ gzip:   4.07 kB │ map:    25.06 kB
dist/assets/page-CC-oI7qf.js                           25.46 kB │ gzip:   4.51 kB │ map:    26.81 kB
dist/assets/Tickets-BZRzCHz1.js                        25.57 kB │ gzip:   3.46 kB │ map:    25.47 kB
dist/assets/Pagination-4ngiq_LZ.js                     25.69 kB │ gzip:   5.73 kB │ map:    45.44 kB
dist/assets/page-DW87vzb7.js                           26.00 kB │ gzip:   4.06 kB │ map:    29.98 kB
dist/assets/PaginationTable-CX8Pd1pm.js                26.24 kB │ gzip:   4.17 kB │ map:    29.49 kB
dist/assets/Stepper-708txsX5.js                        26.44 kB │ gzip:   4.99 kB │ map:    48.92 kB
dist/assets/AdvancedRecordsDemo-BfyW0hSK.js            26.49 kB │ gzip:   4.02 kB │ map:    29.31 kB
dist/assets/AssignTaskPage-DbN60AB9.js                 26.77 kB │ gzip:   4.38 kB │ map:    27.93 kB
dist/assets/MuiAccordion-CjTRpEUG.js                   26.83 kB │ gzip:   2.91 kB │ map:    23.95 kB
dist/assets/MuiSlider-vnSbGT_4.js                      26.89 kB │ gzip:   3.17 kB │ map:    27.49 kB
dist/assets/PageEditorTest-CxruYdWC.js                 26.98 kB │ gzip:   4.56 kB │ map:    30.21 kB
dist/assets/page-BuvhyJDU.js                           27.06 kB │ gzip:   2.91 kB │ map:    25.89 kB
dist/assets/_Uint8Array-DvYJkdHP.js                    27.06 kB │ gzip:   6.48 kB │ map:    67.25 kB
dist/assets/page-BH70kPDZ.js                           27.81 kB │ gzip:   4.41 kB │ map:    27.39 kB
dist/assets/EnhanceTable-CoekACbn.js                   28.02 kB │ gzip:   4.39 kB │ map:    29.09 kB
dist/assets/RollbaseCASL-D_yJsIXz.js                   28.43 kB │ gzip:   8.27 kB │ map:    52.50 kB
dist/assets/SiteClone-ZGNVhuhm.js                      28.53 kB │ gzip:   4.07 kB │ map:    30.51 kB
dist/assets/QuickLinks-BNI7UrD9.js                     28.64 kB │ gzip:   6.45 kB │ map:    35.99 kB
dist/assets/ProductTableList-QsOOvJ2K.js               28.88 kB │ gzip:   4.38 kB │ map:    28.82 kB
dist/assets/JITTerminalConsole-C2Qzke_u.js             29.32 kB │ gzip:   4.85 kB │ map:    31.37 kB
dist/assets/MonthlyEarnings-ETdbHmNP.js                29.45 kB │ gzip:   4.54 kB │ map:    33.83 kB
dist/assets/EnhancedPageEditor-D-ihsrr5.js             29.45 kB │ gzip:   4.79 kB │ map:    33.86 kB
dist/assets/ScriptRunner-DlpoSNSA.js                   29.84 kB │ gzip:   4.38 kB │ map:    30.83 kB
dist/assets/globalFetcher-D5SlDVCg.js                  29.97 kB │ gzip:   8.01 kB │ map:    80.84 kB
dist/assets/MenuPermissions-jRo71XAr.js                30.59 kB │ gzip:   4.25 kB │ map:    34.77 kB
dist/assets/MenuSettings-Cg-og5uJ.js                   30.67 kB │ gzip:   4.91 kB │ map:    34.22 kB
dist/assets/BarPlot-C5W5_a_-.js                        31.00 kB │ gzip:   6.54 kB │ map:    59.38 kB
dist/assets/SimplePageEditor-CXHMJ9kT.js               31.29 kB │ gzip:   6.45 kB │ map:    38.71 kB
dist/assets/ChurchRecordsPage-BimxVsjf.js              31.66 kB │ gzip:   5.28 kB │ map:    35.04 kB
dist/assets/OrthodoxHeadlines-DZ1H5hxI.js              31.75 kB │ gzip:   5.00 kB │ map:    33.45 kB
dist/assets/project-generator-mGDr25R7.js              32.03 kB │ gzip:   4.06 kB │ map:    29.69 kB
dist/assets/useMutation-Di8HBXYW.js                    32.49 kB │ gzip:   6.70 kB │ map:    45.93 kB
dist/assets/WidgetBanners-Cs0hJwJ9.js                  32.73 kB │ gzip:   3.99 kB │ map:    30.60 kB
dist/assets/MuiTooltip-ObxbT5QV.js                     33.04 kB │ gzip:   3.43 kB │ map:    29.49 kB
dist/assets/BlogAdmin-PFlqqBmk.js                      33.81 kB │ gzip:   3.89 kB │ map:    30.98 kB
dist/assets/TableThemeEditor-CnpcXD25.js               34.03 kB │ gzip:   4.69 kB │ map:    37.03 kB
dist/assets/page-CSwxDg-_.js                           34.16 kB │ gzip:   6.51 kB │ map:    52.43 kB
dist/assets/MuiTransferList-DBVfHtkx.js                34.31 kB │ gzip:   4.40 kB │ map:    37.17 kB
dist/assets/ClientManagementDashboard-C1daEFpD.js      34.40 kB │ gzip:   4.27 kB │ map:    34.83 kB
dist/assets/SiteEditorDemo-TKOWa4EG.js                 34.50 kB │ gzip:   4.16 kB │ map:    29.11 kB
dist/assets/LineHighlightPlot-CVZ814Rc.js              34.84 kB │ gzip:   6.46 kB │ map:    69.17 kB
dist/assets/TableControlPanel-B_w69tI3.js              36.06 kB │ gzip:   5.36 kB │ map:    42.94 kB
dist/assets/Create-X49snHD8.js                         36.71 kB │ gzip:   4.39 kB │ map:    33.92 kB
dist/assets/ChurchSetup-CKlABgMV.js                    37.02 kB │ gzip:   4.00 kB │ map:    38.61 kB
dist/assets/index-VieCBIUP.js                          37.27 kB │ gzip:   5.78 kB │ map:   100.26 kB
dist/assets/NotificationPreferences-C7z2huTk.js        37.52 kB │ gzip:   4.42 kB │ map:    36.71 kB
dist/assets/BlogView-D1PvdzWP.js                       37.57 kB │ gzip:   5.45 kB │ map:    38.78 kB
dist/assets/_flatRest-Edrq-0n4.js                      37.61 kB │ gzip:   7.93 kB │ map:    67.66 kB
dist/assets/MuiAvatar-ulokEqMd.js                      37.79 kB │ gzip:   3.09 kB │ map:    33.37 kB
dist/assets/Ecommerce-kNaEPEDP.js                      38.05 kB │ gzip:   5.87 kB │ map:    42.35 kB
dist/assets/MuiRadio-CnsESxP5.js                       38.30 kB │ gzip:   3.72 kB │ map:    41.44 kB
dist/assets/PageContainer-CaTclCw7.js                  38.42 kB │ gzip:   9.07 kB │ map:    70.28 kB
dist/assets/BlogPost-CfWk1Zx1.js                       38.78 kB │ gzip:   4.82 kB │ map:    30.83 kB
dist/assets/index-BvOAa5Ru.js                          39.54 kB │ gzip:   5.89 kB │ map:    35.77 kB
dist/assets/ChartsGrid-wcMz8XRr.js                     39.92 kB │ gzip:   7.78 kB │ map:    74.71 kB
dist/assets/MuiChip-3UMfV7EO.js                        40.03 kB │ gzip:   3.28 kB │ map:    33.51 kB
dist/assets/AutoFixDemo-Mn8S802A.js                    40.41 kB │ gzip:   4.45 kB │ map:    33.97 kB
dist/assets/Notes-k3UR1Gs1.js                          40.67 kB │ gzip:   6.70 kB │ map:    56.08 kB
dist/assets/PageEditor-BsnG2F0Y.js                     42.50 kB │ gzip:   6.15 kB │ map:    44.80 kB
dist/assets/page-UjZj4gey.js                           43.19 kB │ gzip:   6.47 kB │ map:    58.49 kB
dist/assets/TemplateManager-DlHbQgio.js                43.23 kB │ gzip:   4.90 kB │ map:    41.68 kB
dist/assets/page-BC-q2Ryd.js                           43.57 kB │ gzip:   5.12 kB │ map:    52.52 kB
dist/assets/Scrollbar-CyG_xZPC.js                      43.62 kB │ gzip:   8.86 kB │ map:    89.60 kB
dist/assets/MuiTabs-gQzX19NA.js                        43.92 kB │ gzip:   3.40 kB │ map:    45.05 kB
dist/assets/purify.es-CRunum0v.js                      44.29 kB │ gzip:  11.11 kB │ map:    89.80 kB
dist/assets/OrthodoxThemeDemo-GHJ1LR58.js              45.16 kB │ gzip:   3.78 kB │ map:    35.62 kB
dist/assets/ChurchForm-DM5sD-20.js                     45.35 kB │ gzip:   6.30 kB │ map:    56.83 kB
dist/assets/Tabs-C0t3pZt_.js                           46.21 kB │ gzip:  10.27 kB │ map:    79.76 kB
dist/assets/Edit-DExsx6eO.js                           47.22 kB │ gzip:   5.55 kB │ map:    46.36 kB
dist/assets/RecentTransactions-CkyWsYCb.js             47.89 kB │ gzip:   7.15 kB │ map:    64.81 kB
dist/assets/JITTerminalAccess-CzhtEA31.js              47.89 kB │ gzip:   6.10 kB │ map:    46.77 kB
dist/assets/MuiCheckbox-DjbZ7Xaq.js                    48.74 kB │ gzip:   4.78 kB │ map:    51.62 kB
dist/assets/SocialChat-CnhyVyLi.js                     49.09 kB │ gzip:   6.93 kB │ map:    51.40 kB
dist/assets/EcommerceDetail-B-y5ig7R.js                49.19 kB │ gzip:   6.29 kB │ map:    47.58 kB
dist/assets/MuiTypography-BO0AaVmQ.js                  49.79 kB │ gzip:   2.73 kB │ map:    40.35 kB
dist/assets/SuperAdminDashboard-BJz5U1AP.js            51.06 kB │ gzip:   7.78 kB │ map:    58.21 kB
dist/assets/index-CKJ2FV4v.js                          52.00 kB │ gzip:  12.59 kB │ map:    53.92 kB
dist/assets/GitOpsDemo-DSc4cFzG.js                     52.14 kB │ gzip:   5.76 kB │ map:    44.17 kB
dist/assets/WidgetCharts-B29vIRxQ.js                   52.17 kB │ gzip:   4.74 kB │ map:    55.18 kB
dist/assets/NotificationCenter-B635DiTf.js             53.31 kB │ gzip:   6.50 kB │ map:    52.00 kB
dist/assets/NotificationList-nEXrz9aw.js               53.77 kB │ gzip:   7.08 kB │ map:    59.93 kB
dist/assets/Detail-D3OfrJ-H.js                         54.34 kB │ gzip:   5.73 kB │ map:    48.33 kB
dist/assets/VisualTestDemo-S_4-zYIe.js                 54.43 kB │ gzip:   6.87 kB │ map:    49.22 kB
dist/assets/Slider-DUD4a3jC.js                         54.79 kB │ gzip:  11.80 kB │ map:    93.39 kB
dist/assets/FriendsList-C_IF3OKG.js                    54.83 kB │ gzip:   6.60 kB │ map:    54.82 kB
dist/assets/Demo-CiX9Sbor.js                           54.94 kB │ gzip:   6.27 kB │ map:    65.73 kB
dist/assets/OMSiteSurvey-DEgWDeGU.js                   54.99 kB │ gzip:   5.93 kB │ map:    47.74 kB
dist/assets/EcommerceCheckout-CinFT5ai.js              55.27 kB │ gzip:   7.92 kB │ map:    50.41 kB
dist/assets/FormValidation-DegB7r0V.js                 56.17 kB │ gzip:   6.27 kB │ map:    57.56 kB
dist/assets/Ecommerce-BclyByVz.js                      57.11 kB │ gzip:   5.12 kB │ map:    52.83 kB
dist/assets/Email-mU6SjW2W.js                          57.40 kB │ gzip:   8.94 kB │ map:    74.37 kB
dist/assets/index-SoRqucSA.js                          57.78 kB │ gzip:   7.37 kB │ map:    50.81 kB
dist/assets/MuiList-g1i8GUfF.js                        58.59 kB │ gzip:   6.00 kB │ map:    57.34 kB
dist/assets/RecordGeneratorPage-DL1M1bSK.js            59.46 kB │ gzip:  10.64 kB │ map:    65.73 kB
dist/assets/DatePicker-CwY1BhOk.js                     60.44 kB │ gzip:   8.48 kB │ map:    88.31 kB
dist/assets/GalleryCard-CZUsxWir.js                    60.67 kB │ gzip:  14.69 kB │ map:    85.78 kB
dist/assets/ActivityLogs-Cpsq63zs.js                   61.75 kB │ gzip:   6.62 kB │ map:    55.18 kB
dist/assets/OMLearn-SPYv5k3o.js                        62.06 kB │ gzip:   8.36 kB │ map:    68.90 kB
dist/assets/csv-BrFT0-71.js                            62.77 kB │ gzip:  12.88 kB │ map:   115.44 kB
dist/assets/FormCustom-DPnJrSk_.js                     63.15 kB │ gzip:   7.39 kB │ map:    60.76 kB
dist/assets/EcommerceAddProduct-D93fDlJe.js            63.15 kB │ gzip:   5.82 kB │ map:    51.46 kB
dist/assets/SessionManagement-CsDF_YEc.js              63.33 kB │ gzip:   6.72 kB │ map:    57.19 kB
dist/assets/TimePicker-DR8gRf0-.js                     63.35 kB │ gzip:   9.19 kB │ map:    94.03 kB
dist/assets/ChurchList-wJh3WKod.js                     63.44 kB │ gzip:   7.24 kB │ map:    62.11 kB
dist/assets/index-DuCIgYfn.js                          66.18 kB │ gzip:   9.01 kB │ map:    68.92 kB
dist/assets/MuiDialog-Bbjj2JPK.js                      70.06 kB │ gzip:   7.73 kB │ map:    69.23 kB
dist/assets/page-Ks39YDay.js                           70.10 kB │ gzip:   7.16 kB │ map:   108.95 kB
dist/assets/Autocomplete-7BOdAcgL.js                   70.38 kB │ gzip:  15.61 kB │ map:   116.49 kB
dist/assets/Contacts-p69X9EqR.js                       70.93 kB │ gzip:   8.61 kB │ map:    76.36 kB
dist/assets/page-4Wo55DvH.js                           72.31 kB │ gzip:  11.47 kB │ map:   112.01 kB
dist/assets/List-eWN9Y8hV.js                           74.90 kB │ gzip:   7.81 kB │ map:    67.20 kB
dist/assets/ai-lab-BXCnUXd_.js                         75.67 kB │ gzip:   8.75 kB │ map:    69.74 kB
dist/assets/About-CZwzq0Nu.js                          76.76 kB │ gzip:   9.94 kB │ map:    69.23 kB
dist/assets/EcommerceEditProduct-Dq3XAYy3.js           76.96 kB │ gzip:   8.22 kB │ map:    66.50 kB
dist/assets/page-BaJWQFtv.js                           78.94 kB │ gzip:   7.89 kB │ map:   126.80 kB
dist/assets/Logs-D4GEMPqG.js                           79.97 kB │ gzip:   8.64 kB │ map:    93.58 kB
dist/assets/EditableRecordPage-WQONpwtX.js             80.31 kB │ gzip:  11.62 kB │ map:    97.66 kB
dist/assets/sequential-DjF7Lfl6.js                     82.42 kB │ gzip:  19.92 kB │ map:   177.94 kB
dist/assets/BasicTable-5cMQCwZu.js                     83.62 kB │ gzip:   7.63 kB │ map:    84.28 kB
dist/assets/OrthodoxMetricsAdmin-Dt36WaUy.js           86.97 kB │ gzip:   8.09 kB │ map:    84.38 kB
dist/assets/index-DO5K1NkR.js                          90.63 kB │ gzip:  21.07 kB │ map:   193.65 kB
dist/assets/MuiAutoComplete-21c3QCmS.js                94.14 kB │ gzip:  16.15 kB │ map:   129.23 kB
dist/assets/OrthodoxMetricsDemo--vSVmIRj.js            96.32 kB │ gzip:   9.57 kB │ map:    80.03 kB
dist/assets/EnhancedModernDashboard-LBpp0r_X.js        97.88 kB │ gzip:  12.48 kB │ map:   106.13 kB
dist/assets/page-C55SJsdH.js                          100.12 kB │ gzip:  13.37 kB │ map:   163.86 kB
dist/assets/WidgetCards-CvfOecP_.js                   100.13 kB │ gzip:  11.91 kB │ map:   105.41 kB
dist/assets/BuildConsole-BLYA3Yyq.js                  101.46 kB │ gzip:  12.00 kB │ map:   107.33 kB
dist/assets/FormLayouts-CyIMiEzN.js                   105.88 kB │ gzip:  11.20 kB │ map:   103.33 kB
dist/assets/AdapterDateFns-mivlypoC.js                112.57 kB │ gzip:  15.05 kB │ map:   303.98 kB
dist/assets/ChartDataProvider-hWu-Rxl0.js             113.85 kB │ gzip:  24.36 kB │ map:   231.11 kB
dist/assets/ChurchSetupWizard-Bm0pj61S.js             115.63 kB │ gzip:  13.65 kB │ map:   112.73 kB
dist/assets/ProfileBanner-DwY1gvt9.js                 116.16 kB │ gzip:  11.00 kB │ map:   111.07 kB
dist/assets/FormVertical-C1Eb55Yi.js                  123.54 kB │ gzip:   9.47 kB │ map:   103.78 kB
dist/assets/UserManagement-lANc8Fyc.js                123.65 kB │ gzip:  16.06 kB │ map:   151.16 kB
dist/assets/index-Nm5R7T2C.js                         126.06 kB │ gzip:  23.27 kB │ map:   226.95 kB
dist/assets/OMAIDiscoveryPanelMobile-CrEb4DLo.js      129.33 kB │ gzip:  19.67 kB │ map:   162.13 kB
dist/assets/ChartContainer-Bt29Lvcn.js                132.41 kB │ gzip:   9.67 kB │ map:   235.08 kB
dist/assets/TreeItem-EG_C5JWF.js                      138.38 kB │ gzip:  26.04 kB │ map:   272.02 kB
dist/assets/MuiButton-vk4pEUr7.js                     138.65 kB │ gzip:   7.36 kB │ map:   120.53 kB
dist/assets/slick-DuWs6w3Y.js                         139.45 kB │ gzip:  26.32 kB │ map:   264.74 kB
dist/assets/index.esm-Cn0Dln5D.js                     139.66 kB │ gzip:  32.29 kB │ map:   346.97 kB
dist/assets/AccountSetting-BABmQyAL.js                140.13 kB │ gzip:  12.16 kB │ map:   119.58 kB
dist/assets/page-D4NODQLZ.js                          142.65 kB │ gzip:  26.62 kB │ map:   251.63 kB
dist/assets/Homepage-0GkgKY-B.js                      152.34 kB │ gzip:  18.61 kB │ map:   150.48 kB
dist/assets/OrthodoxMetrics-CmpDX8ra.js               164.62 kB │ gzip:  16.72 kB │ map:   171.86 kB
dist/assets/FormHorizontal-C4fp02Ak.js                171.70 kB │ gzip:  11.09 kB │ map:   151.51 kB
dist/assets/DateTimePicker-CUEHMFoX.js                175.21 kB │ gzip:  28.81 kB │ map:   287.97 kB
dist/assets/VRTSettingsPanel-tKm6odHj.js              177.01 kB │ gzip:  22.61 kB │ map:   212.18 kB
dist/assets/ChartsSurface-CfwedaBa.js                 197.67 kB │ gzip:  37.52 kB │ map:   407.30 kB
dist/assets/FullLayout-6NYqrb6P.js                    236.63 kB │ gzip:  33.27 kB │ map:   310.86 kB
dist/assets/browser-D3hchLs5.js                       268.06 kB │ gzip:  56.95 kB │ map:   464.72 kB
dist/assets/useMobilePicker-DC91s736.js               268.96 kB │ gzip:  54.00 kB │ map:   497.95 kB
dist/assets/SiteEditor-Di02U4tv.js                    293.92 kB │ gzip:  40.62 kB │ map:   386.28 kB
dist/assets/index.es-yEzNx2zq.js                      315.31 kB │ gzip:  71.59 kB │ map:   633.54 kB
dist/assets/html2canvas.esm-Dtsxr8dG.js               349.33 kB │ gzip:  63.95 kB │ map:   601.93 kB
dist/assets/Calendar-NB9y7oD8.js                      360.91 kB │ gzip:  79.12 kB │ map:   741.14 kB
dist/assets/Kanban-BoGM1KZk.js                        363.14 kB │ gzip:  66.69 kB │ map:   574.21 kB
dist/assets/Landingpage-D8NZlSei.js                   382.96 kB │ gzip:  76.62 kB │ map:   759.59 kB
dist/assets/HH7B3BHX-BdLqSgBz.js                      438.39 kB │ gzip:  86.65 kB │ map:   737.57 kB
dist/assets/JITTerminal-D9LO-BnG.js                   441.19 kB │ gzip:  85.78 kB │ map:   657.82 kB
dist/assets/AIAdminPanel-BqSTos3t.js                  546.85 kB │ gzip: 102.54 kB │ map: 1,023.37 kB
dist/assets/quill.snow-CaifAFC6.js                    549.25 kB │ gzip:  80.78 kB │ map:   792.44 kB
dist/assets/OMBigBook-BDCI7GPt.js                     589.24 kB │ gzip:  62.32 kB │ map:   590.88 kB
dist/assets/EnhancedPageEditor-Cvp_Splr.js            658.89 kB │ gzip: 154.92 kB │ map: 1,060.60 kB
dist/assets/ChatApp-DLm2rauF.js                       703.90 kB │ gzip: 107.74 kB │ map: 1,058.16 kB
dist/assets/react-apexcharts.min-DlpPPOHT.js          718.77 kB │ gzip: 161.02 kB │ map: 1,182.88 kB
dist/assets/UnifiedRecordsPage-3eBMJQeF.js            735.26 kB │ gzip: 145.92 kB │ map: 1,490.76 kB
dist/assets/ProductsData-CRX3I_Fr.js                  788.15 kB │ gzip: 175.74 kB │ map: 1,390.78 kB
dist/assets/AdminSettings-Bmji-fH0.js                 789.38 kB │ gzip:  82.82 kB │ map:   875.82 kB
dist/assets/TiptapEdit-D8taLTT3.js                    812.28 kB │ gzip: 188.66 kB │ map: 1,648.80 kB
dist/assets/vendor-B1d-PbrC.js                        915.73 kB │ gzip: 154.78 kB │ map: 1,608.86 kB
dist/assets/LiturgicalCalendar-D9Ksz6hJ.js          1,107.18 kB │ gzip: 265.08 kB │ map: 2,463.25 kB
dist/assets/SiteStructureVisualizer-YoNLRBrp.js     1,166.19 kB │ gzip: 243.93 kB │ map: 2,228.29 kB
dist/assets/CodeDialog-B6AgW42x.js                  1,299.27 kB │ gzip: 356.40 kB │ map: 1,922.17 kB
dist/assets/editor-fRFCVr_-.js                      1,426.19 kB │ gzip: 330.06 kB │ map: 1,504.34 kB
dist/assets/SSPPOCRecordsPage-Bkt2fmTF.js           2,194.72 kB │ gzip: 445.97 kB │ map: 3,721.34 kB
dist/assets/index-DACvWwbf.js                       2,196.56 kB │ gzip: 441.01 kB │ map: 4,182.21 kB
✓ built in 1m 20s

✅ Build completed successfully!