🔨 Starting full build...
💾 Memory limit: 4096MB

> orthodmetrics-dev@5.0.0 build
> rm -rf dist && NODE_OPTIONS="--max-old-space-size=4096" vite build --mode development

vite v5.4.19 building for development...
transforming...
✓ 24415 modules transformed.
rendering chunks...
computing gzip size...
dist/index.html                                         1.03 kB │ gzip:   0.49 kB
dist/assets/slick-BlzDm7g2.svg                          2.15 kB │ gzip:   0.91 kB
dist/assets/icon-jcb-BiH8noDC.svg                       4.14 kB │ gzip:   1.37 kB
dist/assets/ajax-loader-BcnMEykj.gif                    4.18 kB
dist/assets/badge-CerMfDh-.svg                          5.69 kB │ gzip:   2.57 kB
dist/assets/icon-paypal-DWtpZiXs.svg                    6.40 kB │ gzip:   2.70 kB
dist/assets/notification-left-2_Yv9Vj8.png              8.37 kB
dist/assets/icon-masetro-D44s4_5V.svg                  11.26 kB │ gzip:   4.26 kB
dist/assets/icon-american-express-B_xsz7Ck.svg         11.47 kB │ gzip:   2.74 kB
dist/assets/kanban-img-3-ssJ0_a70.jpg                  12.73 kB
dist/assets/maintenance-CfMGmwzy.svg                   14.17 kB │ gzip:   5.02 kB
dist/assets/icon-mastercard-DrcHVLc7.svg               14.84 kB │ gzip:   5.46 kB
dist/assets/kanban-img-4-PTG91fzz.jpg                  15.56 kB
dist/assets/icon-discover-DxtD4mT2.svg                 16.85 kB │ gzip:  11.38 kB
dist/assets/user-6-Bw2gSpv_.jpg                        18.06 kB
dist/assets/empty-shopping-cart-CHZGqwZ9.svg           18.88 kB │ gzip:   7.88 kB
dist/assets/user-9-DHqKCi1D.jpg                        20.36 kB
dist/assets/blog-img1-K0rz4l9I.jpg                     23.21 kB
dist/assets/user-4-C1-xBLNW.jpg                        24.34 kB
dist/assets/login-bg-mrVDfRMt.svg                      25.06 kB │ gzip:   8.40 kB
dist/assets/no-data-Bq09svW6.webp                      25.77 kB
dist/assets/user-5-TcGtWTp3.jpg                        26.11 kB
dist/assets/shape1-CR08Tnaz.png                        26.64 kB
dist/assets/user-10-BtaXUAQO.jpg                       27.04 kB
dist/assets/user-3-HJ3opN5n.jpg                        27.73 kB
dist/assets/user-7-DCxZE3Gx.jpg                        27.79 kB
dist/assets/user-8-Cq1OXq_B.jpg                        28.07 kB
dist/assets/blog-img9-vinYKez_.jpg                     28.13 kB
dist/assets/blog-img3-Bm_-cIcU.jpg                     28.22 kB
dist/assets/user-2-idGLMY7R.jpg                        29.52 kB
dist/assets/blog-img4-Ca_V6TFW.jpg                     30.67 kB
dist/assets/user-1-CznVQ9Sv.jpg                        30.95 kB
dist/assets/blog-img5-B4wevo59.jpg                     32.98 kB
dist/assets/blog-img6-oBPIlH_e.jpg                     34.03 kB
dist/assets/blog-img2-ivOQeDkv.jpg                     41.99 kB
dist/assets/blog-img8-DkC6Cqf1.jpg                     44.13 kB
dist/assets/blog-img10--LC0IBZ0.jpg                    45.80 kB
dist/assets/user1-Dw6YQ-Jt.jpg                         45.90 kB
dist/assets/user4-Ci9IJQWW.jpg                         47.04 kB
dist/assets/profilebg-CJ1342hs.jpg                     50.57 kB
dist/assets/user3-DU6XCHFg.jpg                         64.52 kB
dist/assets/page-pricing-JZyiixjx.jpg                  74.61 kB
dist/assets/user5-yJxNw9WD.jpg                         75.13 kB
dist/assets/s12-AsIGRrsG.jpg                           75.52 kB
dist/assets/app-invoice-BC2tiwHA.jpg                   76.62 kB
dist/assets/s7-CTzWdjv0.jpg                            78.23 kB
dist/assets/page-about-Dq0S_BHU.jpg                    79.21 kB
dist/assets/icon-diners-D-vvDvye.svg                   79.74 kB │ gzip:  29.18 kB
dist/assets/piggy-6rJKXHDU.png                         82.62 kB
dist/assets/s4-DZcRYgYm.jpg                            84.20 kB
dist/assets/page-portfolio-WgDs8pIm.jpg                84.68 kB
dist/assets/user2-CqkAL_Zp.jpg                         88.58 kB
dist/assets/s9-Oqnmwd8d.jpg                            89.95 kB
dist/assets/page-homepage-DAA2lQoI.jpg                 96.65 kB
dist/assets/s3-DmiOuX0y.jpg                            99.24 kB
dist/assets/s6-BHYP62n9.jpg                            99.25 kB
dist/assets/demo-firebase-Dydmvl3n.jpg                100.23 kB
dist/assets/app-kanban-BTFXtIo_.jpg                   105.28 kB
dist/assets/blog-img11-dXXLfT2D.jpg                   106.61 kB
dist/assets/emailSv-B2Hxq08K.png                      115.41 kB
dist/assets/bannerimg1-DUTQJQa_.svg                   116.80 kB │ gzip:  41.57 kB
dist/assets/s1-B75_wnOa.jpg                           117.36 kB
dist/assets/app-calendar-BnPb84n5.jpg                 118.81 kB
dist/assets/design-collection-CpWvv-Op.png            122.98 kB
dist/assets/s5-B_lonQNp.jpg                           124.28 kB
dist/assets/app-note-ajdQPj3s.jpg                     128.32 kB
dist/assets/welcome-bg2-Dl2clQ1z.png                  140.29 kB
dist/assets/app-contact-CWOqz3wJ.jpg                  141.62 kB
dist/assets/demo-minisidebar-BPoJvCNn.jpg             141.70 kB
dist/assets/bronze-Bqzw2DuX.png                       151.41 kB
dist/assets/silver-DzpKm6Yk.png                       152.69 kB
dist/assets/app-chat-z4zewgBu.jpg                     154.92 kB
dist/assets/payment-D7mW5ne7.svg                      155.53 kB │ gzip:  44.84 kB
dist/assets/gold-rJ6Z4wQu.png                         159.38 kB
dist/assets/app-email-DXQDf5bt.jpg                    160.06 kB
dist/assets/s2-B3RBlll0.jpg                           160.77 kB
dist/assets/demo-horizontal-y1AH9yXP.jpg              162.07 kB
dist/assets/demo-dark-BbFsZ0hi.jpg                    181.02 kB
dist/assets/app-ecommerce-checkout-W1SMVY1l.jpg       181.87 kB
dist/assets/demo-rtl-D6X3VyUE.jpg                     190.00 kB
dist/assets/demo-main-BAJf1Nh6.jpg                    202.70 kB
dist/assets/bannerimg2-DZx-ofFl.svg                   212.02 kB │ gzip:  90.71 kB
dist/assets/app-ecommerce-list-CaFig0yb.jpg           217.99 kB
dist/assets/s10-Em05_XK3.jpg                          226.17 kB
dist/assets/s11-DIHYzUGF.jpg                          231.62 kB
dist/assets/app-ticket-CJ3IudAV.jpg                   300.73 kB
dist/assets/app-ecommerce-detail-Dv5jDwPy.jpg         357.96 kB
dist/assets/c2a-BnoUzMMO.png                          373.58 kB
dist/assets/app-blog-detail-BtM5_F-A.jpg              383.62 kB
dist/assets/app-user-profile-CUG3FC1S.jpg             404.96 kB
dist/assets/app-blog-D2PHcfbU.jpg                     436.15 kB
dist/assets/s8-nGimiBoG.jpg                           463.79 kB
dist/assets/app-ecommerce-shop-BaxliPHK.jpg           465.23 kB
dist/assets/slider-group-CLng6XlW.png                 622.45 kB
dist/assets/payment-complete-DSdB1mDO.gif           2,110.52 kB
dist/assets/TiptapEdit-Ogx_9NzF.css                     0.06 kB │ gzip:   0.08 kB
dist/assets/About-BOpagkB2.css                          0.12 kB │ gzip:   0.10 kB
dist/assets/EcommerceDetail-BdBlZEXP.css                0.21 kB │ gzip:   0.16 kB
dist/assets/Landingpage-BS8XytCk.css                    0.26 kB │ gzip:   0.16 kB
dist/assets/slick-o7-aLwkL.css                          1.78 kB │ gzip:   0.57 kB
dist/assets/Scrollbar-BPc_2aXd.css                      3.27 kB │ gzip:   0.90 kB
dist/assets/JITTerminal-EsaqrrTX.css                    5.38 kB │ gzip:   2.04 kB
dist/assets/EnhancedPageEditor-S7TsZXNU.css             7.05 kB │ gzip:   1.64 kB
dist/assets/SiteEditor-D8jr-T9K.css                     7.25 kB │ gzip:   1.77 kB
dist/assets/slick-theme-CDnFIjeC.css                   13.04 kB │ gzip:   3.63 kB
dist/assets/Calendar-Dtxbzo2e.css                      21.21 kB │ gzip:   3.66 kB
dist/assets/quill-BNdUdR3S.css                         24.74 kB │ gzip:   3.65 kB
dist/assets/index-deeoWkLH.css                        246.96 kB │ gzip:  33.69 kB
dist/assets/SSPPOCRecordsPage-Jeuj6oHH.css            402.17 kB │ gzip:  73.10 kB
dist/assets/s3-BJGj42_p.js                              0.10 kB │ gzip:   0.12 kB │ map:     0.20 kB
dist/assets/s4-4ruAmlRf.js                              0.10 kB │ gzip:   0.12 kB │ map:     0.20 kB
dist/assets/s7-mj8nAXS8.js                              0.10 kB │ gzip:   0.12 kB │ map:     0.20 kB
dist/assets/gold-D7lR4mEI.js                            0.11 kB │ gzip:   0.12 kB │ map:     0.20 kB
dist/assets/user-1-BDBrDJAj.js                          0.11 kB │ gzip:   0.12 kB │ map:     0.20 kB
dist/assets/user-2-VaQDdc5n.js                          0.11 kB │ gzip:   0.12 kB │ map:     0.20 kB
dist/assets/user-3-CUSUi0S7.js                          0.11 kB │ gzip:   0.12 kB │ map:     0.20 kB
dist/assets/user-4-DLP7aw8Y.js                          0.11 kB │ gzip:   0.12 kB │ map:     0.20 kB
dist/assets/user-5-Cv9eVyXs.js                          0.11 kB │ gzip:   0.12 kB │ map:     0.20 kB
dist/assets/blog-img1-CGl6LhN1.js                       0.11 kB │ gzip:   0.12 kB │ map:     0.21 kB
dist/assets/user-6-D_rs8gnu.js                          0.11 kB │ gzip:   0.12 kB │ map:     0.20 kB
dist/assets/login-bg-BVHxHeUS.js                        0.15 kB │ gzip:   0.15 kB │ map:     0.21 kB
dist/assets/s9-Dx5dyMOd.js                              0.15 kB │ gzip:   0.14 kB │ map:     0.30 kB
dist/assets/s2-BP7kKbfW.js                              0.15 kB │ gzip:   0.14 kB │ map:     0.30 kB
dist/assets/s11-D7zYPVJb.js                             0.15 kB │ gzip:   0.14 kB │ map:     0.30 kB
dist/assets/user-8-BRrYEY_a.js                          0.17 kB │ gzip:   0.15 kB │ map:     0.31 kB
dist/assets/empty-shopping-cart-D0bfUDbZ.js             0.17 kB │ gzip:   0.16 kB │ map:     0.23 kB
dist/assets/maintenance-CIF4kYEd.js                     0.17 kB │ gzip:   0.15 kB │ map:     0.22 kB
dist/assets/index-CDaDYhQv.js                           0.19 kB │ gzip:   0.17 kB │ map:     0.37 kB
dist/assets/clamp-Da5ZmeGW.js                           0.20 kB │ gzip:   0.18 kB │ map:     0.47 kB
dist/assets/Stop-Dr3QSEKR.js                            0.27 kB │ gzip:   0.22 kB │ map:     0.48 kB
dist/assets/PlayArrow-ChOCodFr.js                       0.28 kB │ gzip:   0.23 kB │ map:     0.49 kB
dist/assets/blog-img5-Bn0ssJ8o.js                       0.28 kB │ gzip:   0.19 kB │ map:     0.52 kB
dist/assets/visuallyHidden-DqWXUGfH.js                  0.29 kB │ gzip:   0.22 kB │ map:     0.63 kB
dist/assets/visuallyHidden-n5ojS7mv.js                  0.29 kB │ gzip:   0.21 kB │ map:     0.60 kB
dist/assets/Home-wksWN1L1.js                            0.29 kB │ gzip:   0.24 kB │ map:     0.50 kB
dist/assets/Upload-BgEJ5kmx.js                          0.29 kB │ gzip:   0.24 kB │ map:     0.51 kB
dist/assets/Send-258W5ekd.js                            0.29 kB │ gzip:   0.24 kB │ map:     0.50 kB
dist/assets/Menu-VQMilA51.js                            0.29 kB │ gzip:   0.24 kB │ map:     0.51 kB
dist/assets/GetApp-DKcpC87z.js                          0.30 kB │ gzip:   0.24 kB │ map:     0.51 kB
dist/assets/arrayUtils-u0t-H2jj.js                      0.30 kB │ gzip:   0.23 kB │ map:     4.16 kB
dist/assets/Download-BDqXl9Hf.js                        0.30 kB │ gzip:   0.25 kB │ map:     0.51 kB
dist/assets/Check-CIU2Zn02.js                           0.31 kB │ gzip:   0.25 kB │ map:     0.52 kB
dist/assets/Warning-BPo91Ocg.js                         0.31 kB │ gzip:   0.24 kB │ map:     0.52 kB
dist/assets/FilterList-CtvV4vf2.js                      0.31 kB │ gzip:   0.25 kB │ map:     0.52 kB
dist/assets/usePreviousProps-CxaMmsrR.js                0.31 kB │ gzip:   0.21 kB │ map:     0.64 kB
dist/assets/ExpandLess-CgrJ-MEe.js                      0.32 kB │ gzip:   0.25 kB │ map:     0.53 kB
dist/assets/ExpandMore-CUPlghaf.js                      0.32 kB │ gzip:   0.25 kB │ map:     0.53 kB
dist/assets/Dashboard-B72e1q6t.js                       0.32 kB │ gzip:   0.25 kB │ map:     0.53 kB
dist/assets/School-BszG0iYh.js                          0.32 kB │ gzip:   0.26 kB │ map:     0.53 kB
dist/assets/useThemeProps-BVRdbBzX.js                   0.32 kB │ gzip:   0.22 kB │ map:     0.69 kB
dist/assets/getValidReactChildren-ypU3THz1.js           0.32 kB │ gzip:   0.23 kB │ map:     0.73 kB
dist/assets/Code-D3-s_Oyl.js                            0.33 kB │ gzip:   0.26 kB │ map:     0.54 kB
dist/assets/tiny-invariant-BnZYjK3C.js                  0.33 kB │ gzip:   0.23 kB │ map:     0.84 kB
dist/assets/ArrowBack-tIFC-S2w.js                       0.33 kB │ gzip:   0.26 kB │ map:     0.54 kB
dist/assets/Delete-CBiEAsEn.js                          0.33 kB │ gzip:   0.27 kB │ map:     0.54 kB
dist/assets/Storage-h0zPdf9j.js                         0.34 kB │ gzip:   0.26 kB │ map:     0.55 kB
dist/assets/Star-BQktd4pH.js                            0.34 kB │ gzip:   0.27 kB │ map:     0.55 kB
dist/assets/ViewList-B8fVbQG9.js                        0.34 kB │ gzip:   0.26 kB │ map:     0.55 kB
dist/assets/Info-uA39Tydt.js                            0.34 kB │ gzip:   0.27 kB │ map:     0.56 kB
dist/assets/TrendingUp-CIW5Khz7.js                      0.34 kB │ gzip:   0.27 kB │ map:     0.56 kB
dist/assets/AccountBalance-CeqnAdVe.js                  0.35 kB │ gzip:   0.27 kB │ map:     0.57 kB
dist/assets/Folder-I7wiJMVe.js                          0.35 kB │ gzip:   0.27 kB │ map:     0.56 kB
dist/assets/Error-CDs8pREW.js                           0.35 kB │ gzip:   0.27 kB │ map:     0.56 kB
dist/assets/index-ByrnLXf_.js                           0.35 kB │ gzip:   0.21 kB │ map:     0.71 kB
dist/assets/now-DxOdLLP-.js                             0.35 kB │ gzip:   0.24 kB │ map:     0.81 kB
dist/assets/Close-BnnVviS_.js                           0.36 kB │ gzip:   0.26 kB │ map:     0.57 kB
dist/assets/Clear-Ci8HlRqJ.js                           0.36 kB │ gzip:   0.26 kB │ map:     0.57 kB
dist/assets/Email-C0AcrXqg.js                           0.36 kB │ gzip:   0.28 kB │ map:     0.57 kB
dist/assets/Smartphone-DYgk6WRf.js                      0.37 kB │ gzip:   0.28 kB │ map:     0.58 kB
dist/assets/Person-Dqldd6WV.js                          0.37 kB │ gzip:   0.28 kB │ map:     0.58 kB
dist/assets/Image-DdCiRDKe.js                           0.37 kB │ gzip:   0.29 kB │ map:     0.58 kB
dist/assets/Computer-B5j8080-.js                        0.37 kB │ gzip:   0.29 kB │ map:     0.58 kB
dist/assets/Comment-DkLeiyrP.js                         0.37 kB │ gzip:   0.29 kB │ map:     0.58 kB
dist/assets/Launch-DoYe4sFG.js                          0.38 kB │ gzip:   0.30 kB │ map:     0.60 kB
dist/assets/Web-Bytongqe.js                             0.38 kB │ gzip:   0.29 kB │ map:     0.58 kB
dist/assets/RestoreFromTrash-pW4EmJwc.js                0.38 kB │ gzip:   0.29 kB │ map:     0.60 kB
dist/assets/CalendarToday-CMiqgJyS.js                   0.38 kB │ gzip:   0.29 kB │ map:     0.60 kB
dist/assets/Article-Dj933inl.js                         0.38 kB │ gzip:   0.29 kB │ map:     0.59 kB
dist/assets/Security-Cpkh_agv.js                        0.38 kB │ gzip:   0.30 kB │ map:     0.59 kB
dist/assets/Edit-DlDFM8aS.js                            0.38 kB │ gzip:   0.29 kB │ map:     0.60 kB
dist/assets/index-B_7ckZbB.js                           0.39 kB │ gzip:   0.25 kB │ map:     1.32 kB
dist/assets/ViewModule-DcuBpNmw.js                      0.39 kB │ gzip:   0.29 kB │ map:     0.59 kB
dist/assets/ContentCopy-DOwnG-yF.js                     0.39 kB │ gzip:   0.29 kB │ map:     0.61 kB
dist/assets/VerifiedUser-DZ5dD94Q.js                    0.39 kB │ gzip:   0.29 kB │ map:     0.60 kB
dist/assets/Assessment-CnsVjEJR.js                      0.39 kB │ gzip:   0.29 kB │ map:     0.60 kB
dist/assets/CheckCircle-DVha37ob.js                     0.39 kB │ gzip:   0.28 kB │ map:     0.60 kB
dist/assets/Description-DP_TjNKf.js                     0.39 kB │ gzip:   0.29 kB │ map:     0.60 kB
dist/assets/Analytics-Divz54uv.js                       0.40 kB │ gzip:   0.29 kB │ map:     0.61 kB
dist/assets/MoreVert-DDYKJdSt.js                        0.40 kB │ gzip:   0.27 kB │ map:     0.62 kB
dist/assets/QuestionAnswer-CsbSepr_.js                  0.40 kB │ gzip:   0.29 kB │ map:     0.62 kB
dist/assets/typeof-WJl3ipnu.js                          0.41 kB │ gzip:   0.23 kB │ map:     0.81 kB
dist/assets/ThemeContext-BPHEQwXK.js                    0.42 kB │ gzip:   0.27 kB │ map:    15.08 kB
dist/assets/Terminal-CIeK_WeH.js                        0.42 kB │ gzip:   0.32 kB │ map:     0.63 kB
dist/assets/Build-B7O0MPIA.js                           0.42 kB │ gzip:   0.31 kB │ map:     0.64 kB
dist/assets/isEqual-5KiwNsLp.js                         0.42 kB │ gzip:   0.26 kB │ map:     1.29 kB
dist/assets/LocationOn-BvW6F2qC.js                      0.42 kB │ gzip:   0.30 kB │ map:     0.64 kB
dist/assets/Cancel-BnCC2dJz.js                          0.43 kB │ gzip:   0.30 kB │ map:     0.64 kB
dist/assets/Timer-D4XFTxn5.js                           0.43 kB │ gzip:   0.32 kB │ map:     0.64 kB
dist/assets/Favorite-QwDIuJj0.js                        0.43 kB │ gzip:   0.32 kB │ map:     0.64 kB
dist/assets/Church-BPMzI_c8.js                          0.43 kB │ gzip:   0.32 kB │ map:     0.65 kB
dist/assets/Backup-LtPQLN8x.js                          0.44 kB │ gzip:   0.33 kB │ map:     0.65 kB
dist/assets/Business-JVzWskw_.js                        0.44 kB │ gzip:   0.30 kB │ map:     0.65 kB
dist/assets/Notifications-LOuk259S.js                   0.44 kB │ gzip:   0.32 kB │ map:     0.65 kB
dist/assets/Memory-DLDfFCTO.js                          0.44 kB │ gzip:   0.32 kB │ map:     0.66 kB
dist/assets/CloudUpload-CMXFkdOf.js                     0.46 kB │ gzip:   0.33 kB │ map:     0.66 kB
dist/assets/CloudDownload-VJvBiqzE.js                   0.46 kB │ gzip:   0.34 kB │ map:     0.67 kB
dist/assets/Receipt-DXGwz7Mx.js                         0.47 kB │ gzip:   0.29 kB │ map:     0.68 kB
dist/assets/Visibility-DbkIQr5u.js                      0.47 kB │ gzip:   0.33 kB │ map:     0.69 kB
dist/assets/IconMinus-bbS36DIB.js                       0.47 kB │ gzip:   0.33 kB │ map:     0.85 kB
dist/assets/History-DF3T0Qym.js                         0.48 kB │ gzip:   0.35 kB │ map:     0.70 kB
dist/assets/IconCheck-C2A8clWb.js                       0.48 kB │ gzip:   0.33 kB │ map:     0.86 kB
dist/assets/index-Cz7VnVI4.js                           0.48 kB │ gzip:   0.27 kB │ map:     2.19 kB
dist/assets/Speed-5Pvu4_n0.js                           0.48 kB │ gzip:   0.33 kB │ map:     0.69 kB
dist/assets/Archive-W2g5Y4xP.js                         0.48 kB │ gzip:   0.36 kB │ map:     0.69 kB
dist/assets/Assignment-CtupReU4.js                      0.48 kB │ gzip:   0.35 kB │ map:     0.70 kB
dist/assets/Search-C2UfmuQZ.js                          0.49 kB │ gzip:   0.34 kB │ map:     0.70 kB
dist/assets/IconChevronUp-BuwfHRXz.js                   0.50 kB │ gzip:   0.34 kB │ map:     0.89 kB
dist/assets/IconCross-u42O8J2u.js                       0.50 kB │ gzip:   0.35 kB │ map:     0.88 kB
dist/assets/IconActivity-CEyJlG2H.js                    0.50 kB │ gzip:   0.34 kB │ map:     0.89 kB
dist/assets/CustomSelect-CJ6JV3DX.js                    0.50 kB │ gzip:   0.35 kB │ map:     0.60 kB
dist/assets/IconPoint-DspFyx-C.js                       0.50 kB │ gzip:   0.34 kB │ map:     0.88 kB
dist/assets/IconPlayerPlay-BmAvH4E1.js                  0.50 kB │ gzip:   0.34 kB │ map:     0.89 kB
dist/assets/IconX-BUa60Frr.js                           0.50 kB │ gzip:   0.34 kB │ map:     0.93 kB
dist/assets/index-CUE3MWTn.js                           0.50 kB │ gzip:   0.31 kB │ map:     1.67 kB
dist/assets/IconChevronDown-B3cMhnIv.js                 0.51 kB │ gzip:   0.34 kB │ map:     0.90 kB
dist/assets/IconChevronLeft-CT2mo1gi.js                 0.51 kB │ gzip:   0.34 kB │ map:     0.90 kB
dist/assets/IconCircle-DpCMSEx4.js                      0.51 kB │ gzip:   0.34 kB │ map:     0.89 kB
dist/assets/IconChevronRight-DtFG5yOd.js                0.51 kB │ gzip:   0.34 kB │ map:     0.91 kB
dist/assets/IconPlus-DdyZqFci.js                        0.52 kB │ gzip:   0.34 kB │ map:     0.95 kB
dist/assets/listItemButtonClasses-k-xSrBDK.js           0.52 kB │ gzip:   0.29 kB │ map:     0.84 kB
dist/assets/Schedule-HV9eDr8j.js                        0.52 kB │ gzip:   0.33 kB │ map:     0.79 kB
dist/assets/Route-Dne0RXW8.js                           0.53 kB │ gzip:   0.37 kB │ map:     0.75 kB
dist/assets/IconHeart-B8UL3E1q.js                       0.54 kB │ gzip:   0.36 kB │ map:     0.92 kB
dist/assets/IconTerminal-D6wkW8Ib.js                    0.54 kB │ gzip:   0.35 kB │ map:     0.98 kB
dist/assets/Group-DJ6zLstD.js                           0.54 kB │ gzip:   0.35 kB │ map:     0.75 kB
dist/assets/People-RBelPx7u.js                          0.55 kB │ gzip:   0.35 kB │ map:     0.76 kB
dist/assets/IconClock-DfAk9kur.js                       0.55 kB │ gzip:   0.36 kB │ map:     0.98 kB
dist/assets/Extension-CdAp5Y3H.js                       0.56 kB │ gzip:   0.37 kB │ map:     0.77 kB
dist/assets/IconHistory-BKWCPse7.js                     0.56 kB │ gzip:   0.37 kB │ map:     1.00 kB
dist/assets/IconTrendingUp-Ba814tg4.js                  0.56 kB │ gzip:   0.36 kB │ map:     1.01 kB
dist/assets/IconSearch-8CAyZ149.js                      0.56 kB │ gzip:   0.36 kB │ map:     1.00 kB
dist/assets/IconArrowUpRight-7u6VM2HC.js                0.56 kB │ gzip:   0.36 kB │ map:     1.02 kB
dist/assets/IconStar-Cz4Hka4S.js                        0.56 kB │ gzip:   0.39 kB │ map:     0.94 kB
dist/assets/IconPhone-D-FuOSa_.js                       0.56 kB │ gzip:   0.38 kB │ map:     0.94 kB
dist/assets/IconMenu2-_Syvvia6.js                       0.57 kB │ gzip:   0.35 kB │ map:     1.05 kB
dist/assets/IconUser-DPk9EflW.js                        0.57 kB │ gzip:   0.36 kB │ map:     1.00 kB
dist/assets/index-G_phj4t_.js                           0.57 kB │ gzip:   0.29 kB │ map:     2.69 kB
dist/assets/IconFilter-DJAEeIg2.js                      0.57 kB │ gzip:   0.39 kB │ map:     0.95 kB
dist/assets/IconCode-CFX_FUrj.js                        0.57 kB │ gzip:   0.35 kB │ map:     1.06 kB
dist/assets/IconPencil-DSlbUIt7.js                      0.57 kB │ gzip:   0.38 kB │ map:     1.01 kB
dist/assets/IconArrowBackUp-DJDyaMmn.js                 0.57 kB │ gzip:   0.37 kB │ map:     1.03 kB
dist/assets/LastPage-CZvdxeQr.js                        0.58 kB │ gzip:   0.33 kB │ map:     1.14 kB
dist/assets/KeyboardArrowRight-DmYw0Ysg.js              0.58 kB │ gzip:   0.32 kB │ map:     1.18 kB
dist/assets/useItemHighlightedGetter-DUX1QXLB.js        0.58 kB │ gzip:   0.29 kB │ map:     1.38 kB
dist/assets/IconSend-DqrKEbxh.js                        0.58 kB │ gzip:   0.38 kB │ map:     1.02 kB
dist/assets/IconMail-BvL1HXy-.js                        0.59 kB │ gzip:   0.37 kB │ map:     1.02 kB
dist/assets/IconCheckbox-9bM-2TxD.js                    0.59 kB │ gzip:   0.37 kB │ map:     1.04 kB
dist/assets/Preview-BNN1PAbh.js                         0.60 kB │ gzip:   0.39 kB │ map:     0.81 kB
dist/assets/IconArrowRight-CVK6xaSR.js                  0.60 kB │ gzip:   0.36 kB │ map:     1.09 kB
dist/assets/IconBell-B4fybn6O.js                        0.61 kB │ gzip:   0.39 kB │ map:     1.04 kB
dist/assets/CustomSlider-w6_xG6Hj.js                    0.61 kB │ gzip:   0.34 kB │ map:     1.13 kB
dist/assets/IconEye-f9ZEv95l.js                         0.61 kB │ gzip:   0.40 kB │ map:     1.04 kB
dist/assets/IconUpload-D2F_t2eg.js                      0.61 kB │ gzip:   0.37 kB │ map:     1.10 kB
dist/assets/emailSv-BR9HKarh.js                         0.61 kB │ gzip:   0.40 kB │ map:     1.04 kB
dist/assets/NotificationsOff-WAvQz6Y-.js                0.62 kB │ gzip:   0.41 kB │ map:     0.83 kB
dist/assets/IconMapPin-10ZCB9s6.js                      0.62 kB │ gzip:   0.40 kB │ map:     1.06 kB
dist/assets/IconDownload-Dgtrbpmu.js                    0.62 kB │ gzip:   0.37 kB │ map:     1.11 kB
dist/assets/IconAlertCircle-BMOcpdxn.js                 0.62 kB │ gzip:   0.37 kB │ map:     1.12 kB
dist/assets/IconDeviceLaptop-BRlSSkzf.js                0.62 kB │ gzip:   0.38 kB │ map:     1.08 kB
dist/assets/IconHelp-ChTylPMt.js                        0.64 kB │ gzip:   0.39 kB │ map:     1.12 kB
dist/assets/IconDatabase-C4jV7Xp0.js                    0.64 kB │ gzip:   0.37 kB │ map:     1.14 kB
dist/assets/Api-BpMClevZ.js                             0.65 kB │ gzip:   0.37 kB │ map:     1.08 kB
dist/assets/IconMessage-CLr0hAsn.js                     0.65 kB │ gzip:   0.39 kB │ map:     1.14 kB
dist/assets/IconDots-CJV9Bbyb.js                        0.65 kB │ gzip:   0.36 kB │ map:     1.14 kB
dist/assets/IconNotebook-CzyuzUZg.js                    0.66 kB │ gzip:   0.39 kB │ map:     1.15 kB
dist/assets/IconMessage2-DioAe0Ih.js                    0.66 kB │ gzip:   0.39 kB │ map:     1.15 kB
dist/assets/IconUserPlus-CKcdEaHd.js                    0.67 kB │ gzip:   0.39 kB │ map:     1.22 kB
dist/assets/IconDeviceMobile-Dl-COJyO.js                0.67 kB │ gzip:   0.39 kB │ map:     1.17 kB
dist/assets/IconEdit-DuhfMOzb.js                        0.67 kB │ gzip:   0.41 kB │ map:     1.16 kB
dist/assets/IconLock-R3GVhrf4.js                        0.67 kB │ gzip:   0.41 kB │ map:     1.16 kB
dist/assets/IconClipboard-Bb5n-po3.js                   0.68 kB │ gzip:   0.39 kB │ map:     1.12 kB
dist/assets/IconMessageCircle-I-rXn-3e.js               0.68 kB │ gzip:   0.45 kB │ map:     1.08 kB
dist/assets/NotificationsActive-B01omUIC.js             0.68 kB │ gzip:   0.45 kB │ map:     0.89 kB
dist/assets/IconArchive-pBbXRWzX.js                     0.68 kB │ gzip:   0.40 kB │ map:     1.17 kB
dist/assets/unsupportedIterableToArray-DBEIHdbU.js      0.69 kB │ gzip:   0.40 kB │ map:     1.52 kB
dist/assets/IconMoodSmile-DKjswv6Z.js                   0.69 kB │ gzip:   0.39 kB │ map:     1.25 kB
dist/assets/IconVolume-DitwEb1Z.js                      0.69 kB │ gzip:   0.41 kB │ map:     1.18 kB
dist/assets/IconFiles-CPORBID4.js                       0.69 kB │ gzip:   0.40 kB │ map:     1.18 kB
dist/assets/IconDotsVertical-CGZPUgTu.js                0.69 kB │ gzip:   0.37 kB │ map:     1.20 kB
dist/assets/IconNews-BKMx7O2d.js                        0.70 kB │ gzip:   0.40 kB │ map:     1.24 kB
dist/assets/IconDeviceFloppy-CV36lKDQ.js                0.70 kB │ gzip:   0.41 kB │ map:     1.21 kB
dist/assets/IconShieldX-Cnbx1Q9F.js                     0.70 kB │ gzip:   0.42 kB │ map:     1.19 kB
dist/assets/IconBook-BUgFq-rN.js                        0.71 kB │ gzip:   0.37 kB │ map:     1.29 kB
dist/assets/IconUserCircle-NWL9d3S_.js                  0.71 kB │ gzip:   0.41 kB │ map:     1.21 kB
dist/assets/CustomFormLabel-P43g3Vs0.js                 0.71 kB │ gzip:   0.44 kB │ map:     0.98 kB
dist/assets/IconUsers-BcWhzHha.js                       0.71 kB │ gzip:   0.40 kB │ map:     1.26 kB
dist/assets/IconCreditCard-DOGvAY_U.js                  0.71 kB │ gzip:   0.40 kB │ map:     1.27 kB
dist/assets/IconRocket-7OvVQvxS.js                      0.71 kB │ gzip:   0.42 kB │ map:     1.20 kB
dist/assets/InlineItemCard-Br1YhPcu.js                  0.72 kB │ gzip:   0.42 kB │ map:     1.18 kB
dist/assets/Palette-CQrm6YVH.js                         0.72 kB │ gzip:   0.42 kB │ map:     0.93 kB
dist/assets/IconWorld-BSB5VOdg.js                       0.72 kB │ gzip:   0.40 kB │ map:     1.32 kB
dist/assets/IconTrash-CdekOwQm.js                       0.73 kB │ gzip:   0.41 kB │ map:     1.32 kB
dist/assets/IconBuildingChurch-GogacoDU.js              0.75 kB │ gzip:   0.41 kB │ map:     1.36 kB
dist/assets/AdminPanelSettings-DbsX6rB6.js              0.75 kB │ gzip:   0.44 kB │ map:     1.03 kB
dist/assets/IconPhoto-BN5L__SJ.js                       0.75 kB │ gzip:   0.42 kB │ map:     1.30 kB
dist/assets/IconFileText-DpghazL1.js                    0.75 kB │ gzip:   0.41 kB │ map:     1.35 kB
dist/assets/KeyboardArrowDown-Dx3mzyTJ.js               0.77 kB │ gzip:   0.41 kB │ map:     1.03 kB
dist/assets/KeyboardArrowRight-f65M6h9C.js              0.78 kB │ gzip:   0.41 kB │ map:     1.03 kB
dist/assets/IconCalendarEvent-B60eLJek.js               0.78 kB │ gzip:   0.41 kB │ map:     1.39 kB
dist/assets/AppCard-C2sL0z1H.js                         0.78 kB │ gzip:   0.46 kB │ map:     1.20 kB
dist/assets/IconBasket-BiLmdz-e.js                      0.78 kB │ gzip:   0.44 kB │ map:     1.33 kB
dist/assets/IconEyeOff-DDD6UISF.js                      0.79 kB │ gzip:   0.48 kB │ map:     1.28 kB
dist/assets/IconCalendar-BHFc7_eH.js                    0.79 kB │ gzip:   0.41 kB │ map:     1.43 kB
dist/assets/IconLanguage-DnV5bmJb.js                    0.79 kB │ gzip:   0.44 kB │ map:     1.44 kB
dist/assets/defineProperty-BHv0T49C.js                  0.81 kB │ gzip:   0.43 kB │ map:     1.88 kB
dist/assets/invoicePDFGenerator-BkzpfL_V.js             0.81 kB │ gzip:   0.41 kB │ map:     1.52 kB
dist/assets/index-YIxuXeBL.js                           0.81 kB │ gzip:   0.43 kB │ map:     2.55 kB
dist/assets/IconChartBar-DlTd97GM.js                    0.82 kB │ gzip:   0.40 kB │ map:     1.38 kB
dist/assets/index-BhgEtlBg.js                           0.84 kB │ gzip:   0.40 kB │ map:     3.46 kB
dist/assets/IconBuilding-FcE4y-Xm.js                    0.86 kB │ gzip:   0.41 kB │ map:     1.62 kB
dist/assets/ThemedLayout-B9iU4Lcr.js                    0.88 kB │ gzip:   0.50 kB │ map:     2.68 kB
dist/assets/CustomTextField-CFczm5Bi.js                 0.89 kB │ gzip:   0.48 kB │ map:     1.24 kB
dist/assets/IconBrain-BQWM-wj-.js                       0.89 kB │ gzip:   0.43 kB │ map:     1.54 kB
dist/assets/objectSpread2-DnJzpK_H.js                   0.92 kB │ gzip:   0.42 kB │ map:     1.78 kB
dist/assets/IconGripVertical-SXiNEAvx.js                0.93 kB │ gzip:   0.39 kB │ map:     1.59 kB
dist/assets/OpenInNew-DTVodHwn.js                       0.97 kB │ gzip:   0.51 kB │ map:     1.90 kB
dist/assets/BlankCard-DrpBulkj.js                       0.98 kB │ gzip:   0.54 kB │ map:     1.61 kB
dist/assets/IconChevronsRight-Bp-Ow_Q0.js               1.01 kB │ gzip:   0.40 kB │ map:     1.93 kB
dist/assets/IconPlayerSkipForward-B5FMvcX5.js           1.03 kB │ gzip:   0.42 kB │ map:     1.96 kB
dist/assets/BugReport-Dbllret2.js                       1.10 kB │ gzip:   0.62 kB │ map:     1.55 kB
dist/assets/CustomSwitch-sG99B7Dz.js                    1.11 kB │ gzip:   0.56 kB │ map:     1.77 kB
dist/assets/Psychology-C0sgrfTY.js                      1.12 kB │ gzip:   0.62 kB │ map:     1.38 kB
dist/assets/CustomRangeSlider-3Szeks2X.js               1.13 kB │ gzip:   0.60 kB │ map:     2.09 kB
dist/assets/IconGridDots-DEdAzdDU.js                    1.14 kB │ gzip:   0.41 kB │ map:     1.98 kB
dist/assets/index-Ns6fkz8j.js                           1.16 kB │ gzip:   0.59 kB │ map:     3.12 kB
dist/assets/IconLogin-Bs39Bkvb.js                       1.25 kB │ gzip:   0.50 kB │ map:     2.32 kB
dist/assets/removeClass-BEi_zEC5.js                     1.26 kB │ gzip:   0.45 kB │ map:     2.73 kB
dist/assets/IconServer-ByP-FTo_.js                      1.26 kB │ gzip:   0.47 kB │ map:     2.32 kB
dist/assets/toConsumableArray-B5ki0FYX.js               1.27 kB │ gzip:   0.59 kB │ map:     2.88 kB
dist/assets/AlertCart-COOTpMvi.js                       1.41 kB │ gzip:   0.61 kB │ map:     1.64 kB
dist/assets/IconKey-DDAxyGN6.js                         1.41 kB │ gzip:   0.58 kB │ map:     2.40 kB
dist/assets/NoSsr-l5Qm-iOu.js                           1.44 kB │ gzip:   0.67 kB │ map:     3.07 kB
dist/assets/logoIcon-z5AIafpK.js                        1.46 kB │ gzip:   0.84 kB │ map:     1.52 kB
dist/assets/IconLayoutGrid-BW0KFcaz.js                  1.51 kB │ gzip:   0.48 kB │ map:     2.65 kB
dist/assets/SimplePageEditorTest-vH_kKZG3.js            1.61 kB │ gzip:   0.80 kB │ map:     0.99 kB
dist/assets/ChildCard-D8-SFEm1.js                       1.64 kB │ gzip:   0.55 kB │ map:     1.63 kB
dist/assets/EnhancedPageEditorTest-CJMp-8wl.js          1.65 kB │ gzip:   0.81 kB │ map:     1.01 kB
dist/assets/FavoriteBorder-D2OBlzhn.js                  1.67 kB │ gzip:   0.68 kB │ map:     2.34 kB
dist/assets/isSymbol-C_WEyePp.js                        1.94 kB │ gzip:   0.67 kB │ map:     7.08 kB
dist/assets/localizedFormat-0v56JGhn.js                 2.02 kB │ gzip:   0.80 kB │ map:     2.93 kB
dist/assets/generateUtilityClasses-OlE1p0O5.js          2.07 kB │ gzip:   0.78 kB │ map:     3.90 kB
dist/assets/createClass-Dew55ixf.js                     2.10 kB │ gzip:   0.85 kB │ map:     4.09 kB
dist/assets/icon-speech-bubble-CaJoYLMH.js              2.16 kB │ gzip:   0.79 kB │ map:     2.32 kB
dist/assets/Stack-CJXW667T.js                           2.16 kB │ gzip:   0.93 kB │ map:     3.41 kB
dist/assets/TiptapEditor-DWGm76O8.js                    2.19 kB │ gzip:   0.80 kB │ map:     1.79 kB
dist/assets/AuthForgotPassword-DR8Geeej.js              2.26 kB │ gzip:   0.63 kB │ map:     2.11 kB
dist/assets/AlertTitle-D5FkdpVz.js                      2.31 kB │ gzip:   0.97 kB │ map:     4.16 kB
dist/assets/ChartsClipPath-DIrT7HZj.js                  2.31 kB │ gzip:   0.88 kB │ map:     4.79 kB
dist/assets/CustomRadio-CFqjjfQd.js                     2.39 kB │ gzip:   0.90 kB │ map:     3.35 kB
dist/assets/Maintenance--f9sWXd5.js                     2.41 kB │ gzip:   0.76 kB │ map:     2.21 kB
dist/assets/fastObjectShallowCompare-p6EiFShK.js        2.42 kB │ gzip:   1.00 kB │ map:     5.06 kB
dist/assets/IconBrandTwitter-DHYf6sAM.js                2.50 kB │ gzip:   0.87 kB │ map:     4.22 kB
dist/assets/DialogContentText-BZWyaGq_.js               2.52 kB │ gzip:   1.01 kB │ map:     4.50 kB
dist/assets/omit-CQaa1xKE.js                            2.53 kB │ gzip:   0.95 kB │ map:     6.01 kB
dist/assets/CustomCheckbox-BfgcDMpe.js                  2.63 kB │ gzip:   1.11 kB │ map:     3.79 kB
dist/assets/ListItemIcon-BzVbXjH9.js                    2.69 kB │ gzip:   1.16 kB │ map:     4.65 kB
dist/assets/ParentCard-CPNcvPeV.js                      2.72 kB │ gzip:   0.74 kB │ map:     2.63 kB
dist/assets/ListItemAvatar-CDyHlJ9-.js                  2.73 kB │ gzip:   1.10 kB │ map:     4.95 kB
dist/assets/CustomOutlinedInput-CrjAuHrn.js             2.74 kB │ gzip:   1.25 kB │ map:     4.79 kB
dist/assets/CardActions-BtOIbT6O.js                     2.75 kB │ gzip:   1.12 kB │ map:     4.88 kB
dist/assets/index-Cmqawrsw.js                           2.77 kB │ gzip:   0.85 kB │ map:    11.06 kB
dist/assets/SearchTable-ChFlDf03.js                     2.80 kB │ gzip:   0.98 kB │ map:     2.00 kB
dist/assets/EcomProductList-KKIv62aI.js                 2.90 kB │ gzip:   1.02 kB │ map:     2.16 kB
dist/assets/RoleManagement-CrZQiet_.js                  2.94 kB │ gzip:   0.76 kB │ map:     2.64 kB
dist/assets/components.api-FQ-zhr_7.js                  2.94 kB │ gzip:   0.93 kB │ map:     7.48 kB
dist/assets/UserProfile-CT528S17.js                     3.04 kB │ gzip:   1.00 kB │ map:     2.28 kB
dist/assets/devLogger-Da2h7v2b.js                       3.05 kB │ gzip:   1.09 kB │ map:     8.29 kB
dist/assets/createSvgIcon-DuEcTVY4.js                   3.13 kB │ gzip:   1.29 kB │ map:     4.35 kB
dist/assets/omai.api-DAympRzM.js                        3.18 kB │ gzip:   1.15 kB │ map:     6.10 kB
dist/assets/FilterTableData-BjIvZZzm.js                 3.26 kB │ gzip:   0.64 kB │ map:     6.28 kB
dist/assets/index-Cd2Jq5Pd.js                           3.38 kB │ gzip:   1.18 kB │ map:     5.69 kB
dist/assets/with-selector-baEGNai5.js                   3.50 kB │ gzip:   1.09 kB │ map:     5.82 kB
dist/assets/RadioGroup-cbNJs9xO.js                      3.58 kB │ gzip:   1.39 kB │ map:     6.01 kB
dist/assets/Toolbar-DwdXdTT8.js                         3.68 kB │ gzip:   1.43 kB │ map:     6.49 kB
dist/assets/path-vDw24igy.js                            3.75 kB │ gzip:   1.26 kB │ map:     9.14 kB
dist/assets/Unauthorized-DIXeB8sl.js                    3.96 kB │ gzip:   0.94 kB │ map:     3.61 kB
dist/assets/Gallery-DlZJsOhZ.js                         4.06 kB │ gzip:   1.17 kB │ map:     2.82 kB
dist/assets/DashboardCard-CGVOeOIC.js                   4.07 kB │ gzip:   0.98 kB │ map:     4.41 kB
dist/assets/index-D8qUidl_.js                           4.10 kB │ gzip:   1.37 kB │ map:     7.73 kB
dist/assets/ForgotPassword2-Dxr9wz4p.js                 4.23 kB │ gzip:   1.16 kB │ map:     3.98 kB
dist/assets/TwoSteps2-CTjhmxO2.js                       4.30 kB │ gzip:   1.13 kB │ map:     4.08 kB
dist/assets/CardMedia-CjZkI7xj.js                       4.32 kB │ gzip:   1.62 kB │ map:     7.38 kB
dist/assets/index-Br1yDnAi.js                           4.49 kB │ gzip:   1.16 kB │ map:    16.54 kB
dist/assets/index-BN08c6eE.js                           4.53 kB │ gzip:   1.38 kB │ map:     9.56 kB
dist/assets/social.api-BNpiyAgb.js                      4.63 kB │ gzip:   1.19 kB │ map:    11.41 kB
dist/assets/ListSubheader-B4lcuHEC.js                   4.76 kB │ gzip:   1.67 kB │ map:     8.29 kB
dist/assets/AuthRegister-CDhoeCy1.js                    5.09 kB │ gzip:   0.98 kB │ map:     4.32 kB
dist/assets/AdminDashboardLayout-jPcKt5eg.js            5.13 kB │ gzip:   1.39 kB │ map:     5.83 kB
dist/assets/AuthTwoSteps-CuA7wnJW.js                    5.33 kB │ gzip:   0.94 kB │ map:     4.94 kB
dist/assets/useProfileSync-CGQQFBJQ.js                  5.50 kB │ gzip:   1.30 kB │ map:    12.04 kB
dist/assets/Zoom-DS58L-Li.js                            5.55 kB │ gzip:   1.75 kB │ map:     9.47 kB
dist/assets/Register2-D7yGgeO0.js                       5.59 kB │ gzip:   1.38 kB │ map:     5.17 kB
dist/assets/ChartsText-CelSmn1L.js                      5.73 kB │ gzip:   2.13 kB │ map:    11.70 kB
dist/assets/tableData-D1sY5Yzi.js                       5.77 kB │ gzip:   0.85 kB │ map:    11.78 kB
dist/assets/ForgotPassword-BT4tHhRM.js                  5.78 kB │ gzip:   1.31 kB │ map:     5.44 kB
dist/assets/index-DL2q0xgO.js                           5.79 kB │ gzip:   1.39 kB │ map:    11.64 kB
dist/assets/Pricing-BU74RlCE.js                         5.91 kB │ gzip:   1.30 kB │ map:     5.02 kB
dist/assets/TableSortLabel-Ct7pkZrP.js                  5.92 kB │ gzip:   2.00 kB │ map:    10.81 kB
dist/assets/InputAdornment-D_bBkfJ9.js                  5.95 kB │ gzip:   2.10 kB │ map:     9.98 kB
dist/assets/TwoSteps-oveIOouU.js                        5.96 kB │ gzip:   1.32 kB │ map:     5.63 kB
dist/assets/TabPanel-CVNhgOcY.js                        5.96 kB │ gzip:   1.81 kB │ map:    10.99 kB
dist/assets/AreaChart-CHJetwvO.js                       6.06 kB │ gzip:   1.67 kB │ map:     7.74 kB
dist/assets/AuthSocialButtons-Oxm6nPqk.js               6.09 kB │ gzip:   1.99 kB │ map:     6.78 kB
dist/assets/LineChart-a5sjB1n5.js                       6.12 kB │ gzip:   1.77 kB │ map:     7.95 kB
dist/assets/TopCards-BHvL92-E.js                        6.24 kB │ gzip:   1.95 kB │ map:     7.40 kB
dist/assets/index-TUv50LFF.js                           6.36 kB │ gzip:   1.97 kB │ map:    10.12 kB
dist/assets/ColumnChart-BUPXL1Ct.js                     6.58 kB │ gzip:   1.89 kB │ map:     8.70 kB
dist/assets/BlankLayout-2ekfz2dw.js                     6.66 kB │ gzip:   2.03 kB │ map:    11.65 kB
dist/assets/Register-CXUkbo5d.js                        6.80 kB │ gzip:   1.53 kB │ map:     6.47 kB
dist/assets/index-D2GhfHn7.js                           6.81 kB │ gzip:   1.99 kB │ map:    16.54 kB
dist/assets/Container-Bj9NP06c.js                       6.97 kB │ gzip:   2.08 kB │ map:    11.97 kB
dist/assets/ListItemText-B751FfhE.js                    7.00 kB │ gzip:   2.09 kB │ map:    11.19 kB
dist/assets/index-B9Gq5vW_.js                           7.01 kB │ gzip:   1.86 kB │ map:    15.95 kB
dist/assets/GredientChart-Bq8CfiGy.js                   7.10 kB │ gzip:   1.90 kB │ map:     9.43 kB
dist/assets/AppBar-glPwHPe1.js                          7.14 kB │ gzip:   2.30 kB │ map:    12.46 kB
dist/assets/Portfolio-CinHPM_K.js                       7.19 kB │ gzip:   1.55 kB │ map:     5.66 kB
dist/assets/Breadcrumb-z1XQ7QLI.js                      7.20 kB │ gzip:   1.42 kB │ map:     6.44 kB
dist/assets/AvatarGroup-CySUQbMx.js                     7.22 kB │ gzip:   2.55 kB │ map:    12.12 kB
dist/assets/Logo-OZj97TfN.js                            7.44 kB │ gzip:   1.47 kB │ map:    12.45 kB
dist/assets/Skeleton-GqlU-UOJ.js                        7.53 kB │ gzip:   2.52 kB │ map:    16.89 kB
dist/assets/getPercentageValue-DHsj8H1t.js              7.70 kB │ gzip:   2.26 kB │ map:    17.20 kB
dist/assets/WeeklyStats-K2TrfiIG.js                     7.89 kB │ gzip:   1.67 kB │ map:     8.73 kB
dist/assets/Fab-BitznEQv.js                             7.97 kB │ gzip:   2.50 kB │ map:    13.70 kB
dist/assets/useClientManagement-DLZHDJ7X.js             7.99 kB │ gzip:   1.70 kB │ map:    21.69 kB
dist/assets/CardHeader-DBNIbpGD.js                      8.12 kB │ gzip:   2.21 kB │ map:    13.42 kB
dist/assets/logger-BsGtSwZ_.js                          8.26 kB │ gzip:   2.29 kB │ map:    16.54 kB
dist/assets/Error-BtMLoLGL.js                           8.29 kB │ gzip:   2.75 kB │ map:     9.95 kB
dist/assets/Link-B2-pKYdf.js                            8.33 kB │ gzip:   2.57 kB │ map:    14.89 kB
dist/assets/ChartsAxisHighlight-DsVn0wn9.js             8.50 kB │ gzip:   2.11 kB │ map:    16.43 kB
dist/assets/WelcomeCard-Bjakp6H8.js                     8.56 kB │ gzip:   1.35 kB │ map:     6.49 kB
dist/assets/Avatar-DhGiVmOQ.js                          8.56 kB │ gzip:   2.87 kB │ map:    15.18 kB
dist/assets/ListItemButton-j3GIysNZ.js                  8.84 kB │ gzip:   2.77 kB │ map:    14.44 kB
dist/assets/DashboardWidgetCard-CFr2XEiz.js             9.13 kB │ gzip:   1.51 kB │ map:     8.44 kB
dist/assets/admin.api-Btt8wAoY.js                       9.62 kB │ gzip:   2.25 kB │ map:    19.04 kB
dist/assets/Breadcrumbs-diri__Kf.js                     9.70 kB │ gzip:   2.95 kB │ map:    17.56 kB
dist/assets/LoadingButton-4Lr-AQ1U.js                   9.73 kB │ gzip:   2.66 kB │ map:    17.24 kB
dist/assets/ToggleButton-Do-o653S.js                    9.87 kB │ gzip:   2.76 kB │ map:    17.55 kB
dist/assets/_baseIsEqual-BlPpkT3l.js                    9.92 kB │ gzip:   2.61 kB │ map:    24.26 kB
dist/assets/ToggleButtonGroup-DuiQEHfI.js               9.93 kB │ gzip:   2.83 kB │ map:    16.37 kB
dist/assets/RadialbarChart-CKqLuTFC.js                 10.29 kB │ gzip:   2.01 kB │ map:    11.93 kB
dist/assets/DoughnutChart-O_8Sp6t0.js                  10.31 kB │ gzip:   1.94 kB │ map:    12.10 kB
dist/assets/Slide-BZy1-CLd.js                          10.56 kB │ gzip:   2.92 kB │ map:    18.01 kB
dist/assets/page-BgiN6A_b.js                           11.06 kB │ gzip:   2.07 kB │ map:    10.29 kB
dist/assets/useSkipAnimation-BmNUCynw.js               11.29 kB │ gzip:   3.35 kB │ map:    24.53 kB
dist/assets/Collapse-DH36R55y.js                       11.33 kB │ gzip:   3.04 kB │ map:    19.79 kB
dist/assets/page-CDgKHJK5.js                           11.37 kB │ gzip:   2.20 kB │ map:    14.62 kB
dist/assets/OrthodoxChurchIcon-9I6wRCC7.js             11.69 kB │ gzip:   1.28 kB │ map:    11.59 kB
dist/assets/dayjs.min-DvvL4bJ3.js                      12.01 kB │ gzip:   3.74 kB │ map:    18.83 kB
dist/assets/OrthodoxBanner-DiwF5c4A.js                 12.11 kB │ gzip:   2.49 kB │ map:    13.77 kB
dist/assets/page-ARdecWHQ.js                           12.24 kB │ gzip:   2.43 kB │ map:    13.80 kB
dist/assets/page-CRvvhtY-.js                           12.35 kB │ gzip:   2.48 kB │ map:    15.58 kB
dist/assets/Drawer-DzMuMrdD.js                         12.40 kB │ gzip:   3.43 kB │ map:    20.87 kB
dist/assets/Radio-Cdu_5pZd.js                          12.44 kB │ gzip:   3.66 kB │ map:    22.23 kB
dist/assets/index-DpR68UQ9.js                          12.77 kB │ gzip:   3.17 kB │ map:    25.65 kB
dist/assets/ButtonGroup-Ceovf4y8.js                    12.99 kB │ gzip:   2.93 kB │ map:    22.33 kB
dist/assets/Followers-BsteF1wh.js                      13.17 kB │ gzip:   2.25 kB │ map:    10.67 kB
dist/assets/LinearProgress-EVFQICd1.js                 13.17 kB │ gzip:   3.18 kB │ map:    23.33 kB
dist/assets/FixedHeaderTable-DfMFOre3.js               13.37 kB │ gzip:   2.23 kB │ map:    12.69 kB
dist/assets/BlogCreate-bBIvJDzF.js                     13.55 kB │ gzip:   2.50 kB │ map:    14.08 kB
dist/assets/MuiPopover-BFI_hPGN.js                     13.70 kB │ gzip:   2.27 kB │ map:    14.28 kB
dist/assets/Friends-Bu3UYkIZ.js                        13.70 kB │ gzip:   2.35 kB │ map:    11.03 kB
dist/assets/reselect-Dreu95yE.js                       13.80 kB │ gzip:   3.55 kB │ map:    30.81 kB
dist/assets/ChurchAdminPanelWorking-C5GMgpaT.js        13.97 kB │ gzip:   2.12 kB │ map:    15.02 kB
dist/assets/ListItem-Bs8iJGKT.js                       14.45 kB │ gzip:   3.46 kB │ map:    25.11 kB
dist/assets/page-DnWN9Av9.js                           14.70 kB │ gzip:   2.85 kB │ map:    19.69 kB
dist/assets/page-D8QFzmvH.js                           14.73 kB │ gzip:   2.88 kB │ map:    17.12 kB
dist/assets/Badge-BMbu1nlj.js                          14.88 kB │ gzip:   3.60 kB │ map:    24.62 kB
dist/assets/BigCalendar-DuLrl7Bm.js                    15.11 kB │ gzip:   3.51 kB │ map:    21.19 kB
dist/assets/record-schemas-DiYoYM8O.js                 15.12 kB │ gzip:   2.56 kB │ map:    33.96 kB
dist/assets/CandlestickChart-iNcIJFWf.js               15.46 kB │ gzip:   3.08 kB │ map:    21.11 kB
dist/assets/step-Z9fCr4nl.js                           16.17 kB │ gzip:   3.56 kB │ map:    35.19 kB
dist/assets/MuiDateTime-Cy482ue-.js                    16.24 kB │ gzip:   2.55 kB │ map:    17.77 kB
dist/assets/ChartsWrapper-mkMJmobh.js                  16.29 kB │ gzip:   4.38 kB │ map:    33.31 kB
dist/assets/page-CxzhnlBr.js                           16.35 kB │ gzip:   2.97 kB │ map:    19.42 kB
dist/assets/Pricing-TwF_WTu1.js                        16.55 kB │ gzip:   2.57 kB │ map:    17.20 kB
dist/assets/Projects-ABeo2GAr.js                       16.97 kB │ gzip:   2.62 kB │ map:    19.00 kB
dist/assets/AdminPageFallback-c1XKNUUq.js              17.88 kB │ gzip:   2.81 kB │ map:    15.74 kB
dist/assets/page-DOOgMG54.js                           17.91 kB │ gzip:   2.36 kB │ map:    16.60 kB
dist/assets/Faq-CIVaGKlz.js                            18.34 kB │ gzip:   2.49 kB │ map:    15.00 kB
dist/assets/page-CKltgs4B.js                           19.03 kB │ gzip:   3.69 kB │ map:    27.45 kB
dist/assets/AccordionSummary-BmJSQ1nh.js               19.48 kB │ gzip:   4.42 kB │ map:    34.12 kB
dist/assets/OrthodoxLogin-8ElfoEY7.js                  19.56 kB │ gzip:   4.57 kB │ map:    27.51 kB
dist/assets/BigBookDynamicRoute-BYpQbLPi.js            19.95 kB │ gzip:   3.14 kB │ map:    19.89 kB
dist/assets/ChurchAdminList-CdorpbdT.js                20.25 kB │ gzip:   2.76 kB │ map:    19.63 kB
dist/assets/MenuManagement-VYTMs9C_.js                 20.65 kB │ gzip:   3.54 kB │ map:    24.51 kB
dist/assets/BlogFeed-CGZOD7HT.js                       21.21 kB │ gzip:   3.59 kB │ map:    22.47 kB
dist/assets/page-DV6DTNmD.js                           21.68 kB │ gzip:   3.22 kB │ map:    27.90 kB
dist/assets/CollapsibleTable-bs-T7Fvn.js               21.96 kB │ gzip:   3.03 kB │ map:    19.36 kB
dist/assets/TableRow-DV-gKkqZ.js                       22.01 kB │ gzip:   4.04 kB │ map:    41.56 kB
dist/assets/Rating-CsOlraEh.js                         22.70 kB │ gzip:   6.05 kB │ map:    38.53 kB
dist/assets/OrthodoxThemeToggle-B2kigM4x.js            22.78 kB │ gzip:   3.22 kB │ map:    21.91 kB
dist/assets/page-DSToacpQ.js                           23.15 kB │ gzip:   2.98 kB │ map:    22.25 kB
dist/assets/highlight-Ds-xfkyx.js                      23.47 kB │ gzip:   4.70 kB │ map:    45.93 kB
dist/assets/MuiAlert-DSJQsC82.js                       23.55 kB │ gzip:   2.57 kB │ map:    22.69 kB
dist/assets/AddNewClient-c6663iTg.js                   23.80 kB │ gzip:   3.06 kB │ map:    27.32 kB
dist/assets/Contact-BiXQACl8.js                        23.96 kB │ gzip:   3.17 kB │ map:    20.13 kB
dist/assets/FormWizard-BJcZyMCZ.js                     24.12 kB │ gzip:   4.47 kB │ map:    24.96 kB
dist/assets/TablePagination-CnywM8VM.js                24.16 kB │ gzip:   5.07 kB │ map:    39.27 kB
dist/assets/page-DL5s53QY.js                           24.37 kB │ gzip:   3.94 kB │ map:    23.38 kB
dist/assets/AdapterDayjs-DktFz5kt.js                   24.43 kB │ gzip:   6.22 kB │ map:    44.57 kB
dist/assets/MuiRating-Bg7xO3Tg.js                      24.46 kB │ gzip:   3.35 kB │ map:    26.66 kB
dist/assets/Blog-e4c3jUAc.js                           24.50 kB │ gzip:   3.48 kB │ map:    22.33 kB
dist/assets/Login2-CYtGTUAi.js                         24.72 kB │ gzip:   3.88 kB │ map:    24.74 kB
dist/assets/BlogEdit-BEaDz82V.js                       24.83 kB │ gzip:   3.55 kB │ map:    25.53 kB
dist/assets/MuiSwitch-v78pwEPf.js                      24.83 kB │ gzip:   2.32 kB │ map:    23.66 kB
dist/assets/sortBy-ChkryTjJ.js                         25.05 kB │ gzip:   5.28 kB │ map:    49.74 kB
dist/assets/BlogList-_VCPK6y7.js                       25.45 kB │ gzip:   4.07 kB │ map:    25.06 kB
dist/assets/page-DE8-WaUC.js                           25.47 kB │ gzip:   4.51 kB │ map:    26.83 kB
dist/assets/Tickets-CVzhCo34.js                        25.57 kB │ gzip:   3.45 kB │ map:    25.47 kB
dist/assets/Pagination-B9OGmxm-.js                     25.69 kB │ gzip:   5.73 kB │ map:    45.44 kB
dist/assets/page-BO12sWeY.js                           26.00 kB │ gzip:   4.06 kB │ map:    29.98 kB
dist/assets/PaginationTable-C6ey-40g.js                26.27 kB │ gzip:   4.18 kB │ map:    29.51 kB
dist/assets/Stepper-BM-k2_4k.js                        26.44 kB │ gzip:   4.99 kB │ map:    48.92 kB
dist/assets/AdvancedRecordsDemo-YO5ILHYp.js            26.49 kB │ gzip:   4.02 kB │ map:    29.31 kB
dist/assets/AssignTaskPage-DNQl0DvI.js                 26.77 kB │ gzip:   4.39 kB │ map:    27.93 kB
dist/assets/MuiAccordion-DcPLHYfp.js                   26.83 kB │ gzip:   2.91 kB │ map:    23.95 kB
dist/assets/MuiSlider-BIaHV-qm.js                      26.89 kB │ gzip:   3.17 kB │ map:    27.49 kB
dist/assets/PageEditorTest-rskoSoam.js                 26.98 kB │ gzip:   4.55 kB │ map:    30.21 kB
dist/assets/page-CxWGZBZ9.js                           27.06 kB │ gzip:   2.91 kB │ map:    25.89 kB
dist/assets/_Uint8Array-DvYJkdHP.js                    27.06 kB │ gzip:   6.48 kB │ map:    67.25 kB
dist/assets/page-89bDV11V.js                           27.81 kB │ gzip:   4.41 kB │ map:    27.39 kB
dist/assets/EnhanceTable-iNgagJbr.js                   28.02 kB │ gzip:   4.38 kB │ map:    29.09 kB
dist/assets/RollbaseCASL-CWe704Hk.js                   28.43 kB │ gzip:   8.27 kB │ map:    52.50 kB
dist/assets/SiteClone-XGGw8pss.js                      28.53 kB │ gzip:   4.07 kB │ map:    30.51 kB
dist/assets/QuickLinks-C5E-rAiU.js                     28.64 kB │ gzip:   6.45 kB │ map:    35.99 kB
dist/assets/ProductTableList-lU8CFHGW.js               28.88 kB │ gzip:   4.37 kB │ map:    28.82 kB
dist/assets/JITTerminalConsole-Ck7C-UCh.js             29.32 kB │ gzip:   4.86 kB │ map:    31.37 kB
dist/assets/MonthlyEarnings-B68W4YFo.js                29.45 kB │ gzip:   4.53 kB │ map:    33.83 kB
dist/assets/EnhancedPageEditor-BV-U_Nb9.js             29.45 kB │ gzip:   4.79 kB │ map:    33.86 kB
dist/assets/ScriptRunner-S-mkUdUy.js                   29.84 kB │ gzip:   4.38 kB │ map:    30.83 kB
dist/assets/globalFetcher-D5SlDVCg.js                  29.97 kB │ gzip:   8.01 kB │ map:    80.84 kB
dist/assets/MenuPermissions-DjSZClc9.js                30.59 kB │ gzip:   4.25 kB │ map:    34.77 kB
dist/assets/MenuSettings-BcIsH2Po.js                   30.67 kB │ gzip:   4.90 kB │ map:    34.22 kB
dist/assets/BarPlot-BISl4Hp3.js                        31.00 kB │ gzip:   6.54 kB │ map:    59.38 kB
dist/assets/SimplePageEditor-DRSRPjGu.js               31.29 kB │ gzip:   6.46 kB │ map:    38.71 kB
dist/assets/ChurchRecordsPage-8Ykl0l5w.js              31.66 kB │ gzip:   5.27 kB │ map:    35.04 kB
dist/assets/OrthodoxHeadlines-LWheRJRo.js              31.75 kB │ gzip:   4.99 kB │ map:    33.45 kB
dist/assets/project-generator-DrzyAUKA.js              32.03 kB │ gzip:   4.05 kB │ map:    29.69 kB
dist/assets/useMutation-CNEmRcHi.js                    32.49 kB │ gzip:   6.70 kB │ map:    45.93 kB
dist/assets/WidgetBanners-BFRS-b-K.js                  32.73 kB │ gzip:   3.98 kB │ map:    30.60 kB
dist/assets/MuiTooltip-BZ2W761P.js                     33.04 kB │ gzip:   3.43 kB │ map:    29.49 kB
dist/assets/BlogAdmin-C6jjman2.js                      33.81 kB │ gzip:   3.89 kB │ map:    30.98 kB
dist/assets/TableThemeEditor-aOSq1zER.js               34.03 kB │ gzip:   4.70 kB │ map:    37.03 kB
dist/assets/page-DQjm-RUh.js                           34.16 kB │ gzip:   6.50 kB │ map:    52.43 kB
dist/assets/MuiTransferList-CRkcXVNi.js                34.31 kB │ gzip:   4.39 kB │ map:    37.17 kB
dist/assets/ClientManagementDashboard-C0zgwQDs.js      34.40 kB │ gzip:   4.27 kB │ map:    34.83 kB
dist/assets/SiteEditorDemo-Ba3j6MAh.js                 34.50 kB │ gzip:   4.16 kB │ map:    29.11 kB
dist/assets/LineHighlightPlot-BLEra8ro.js              34.84 kB │ gzip:   6.46 kB │ map:    69.17 kB
dist/assets/TableControlPanel-CJEcEXqY.js              36.06 kB │ gzip:   5.36 kB │ map:    42.94 kB
dist/assets/Create-BvX3ATus.js                         36.71 kB │ gzip:   4.39 kB │ map:    33.92 kB
dist/assets/ChurchSetup-UZdK79V7.js                    37.02 kB │ gzip:   4.00 kB │ map:    38.61 kB
dist/assets/index-VieCBIUP.js                          37.27 kB │ gzip:   5.78 kB │ map:   100.26 kB
dist/assets/NotificationPreferences-Dl2dSG2N.js        37.52 kB │ gzip:   4.42 kB │ map:    36.71 kB
dist/assets/BlogView-Dj2mwlQo.js                       37.57 kB │ gzip:   5.45 kB │ map:    38.78 kB
dist/assets/_flatRest-Edrq-0n4.js                      37.61 kB │ gzip:   7.93 kB │ map:    67.66 kB
dist/assets/MuiAvatar-DpxsmLgC.js                      37.79 kB │ gzip:   3.09 kB │ map:    33.37 kB
dist/assets/Ecommerce-Bq4WRXSK.js                      38.05 kB │ gzip:   5.87 kB │ map:    42.35 kB
dist/assets/MuiRadio-BJD-PCW2.js                       38.30 kB │ gzip:   3.71 kB │ map:    41.44 kB
dist/assets/PageContainer-CaTclCw7.js                  38.42 kB │ gzip:   9.07 kB │ map:    70.28 kB
dist/assets/BlogPost-Crm2exiU.js                       38.78 kB │ gzip:   4.82 kB │ map:    30.83 kB
dist/assets/index-DRz0js8-.js                          39.54 kB │ gzip:   5.89 kB │ map:    35.77 kB
dist/assets/ChartsGrid-CifA8svK.js                     39.92 kB │ gzip:   7.79 kB │ map:    74.71 kB
dist/assets/MuiChip-BheJcCLf.js                        40.03 kB │ gzip:   3.27 kB │ map:    33.51 kB
dist/assets/AutoFixDemo-C_hbfroq.js                    40.41 kB │ gzip:   4.44 kB │ map:    33.97 kB
dist/assets/Notes-Cwfhn9cF.js                          40.67 kB │ gzip:   6.70 kB │ map:    56.08 kB
dist/assets/PageEditor-CvNeaag3.js                     42.50 kB │ gzip:   6.15 kB │ map:    44.80 kB
dist/assets/page-DExEktQR.js                           43.19 kB │ gzip:   6.46 kB │ map:    58.49 kB
dist/assets/TemplateManager-CPWoeLWR.js                43.23 kB │ gzip:   4.90 kB │ map:    41.68 kB
dist/assets/page-DtW0xeAu.js                           43.57 kB │ gzip:   5.12 kB │ map:    52.52 kB
dist/assets/Scrollbar-3FHFp_S7.js                      43.62 kB │ gzip:   8.86 kB │ map:    89.60 kB
dist/assets/MuiTabs-BlU6LjYM.js                        43.92 kB │ gzip:   3.39 kB │ map:    45.05 kB
dist/assets/purify.es-CRunum0v.js                      44.29 kB │ gzip:  11.11 kB │ map:    89.80 kB
dist/assets/OrthodoxThemeDemo-D03zIS2p.js              45.16 kB │ gzip:   3.78 kB │ map:    35.62 kB
dist/assets/ChurchForm-DBJ1db4d.js                     45.35 kB │ gzip:   6.30 kB │ map:    56.83 kB
dist/assets/Tabs-vjhYJrQD.js                           46.21 kB │ gzip:  10.27 kB │ map:    79.76 kB
dist/assets/Edit-CUlLOtwu.js                           47.22 kB │ gzip:   5.55 kB │ map:    46.36 kB
dist/assets/RecentTransactions-38uLu8jU.js             47.89 kB │ gzip:   7.15 kB │ map:    64.81 kB
dist/assets/JITTerminalAccess-Cebzzz3O.js              47.89 kB │ gzip:   6.10 kB │ map:    46.77 kB
dist/assets/MuiCheckbox-DZ6Ka7Qa.js                    48.74 kB │ gzip:   4.78 kB │ map:    51.63 kB
dist/assets/SocialChat-BK7ZOL8l.js                     49.09 kB │ gzip:   6.93 kB │ map:    51.40 kB
dist/assets/EcommerceDetail-DUj6TLHw.js                49.19 kB │ gzip:   6.28 kB │ map:    47.58 kB
dist/assets/MuiTypography-6njYqgtO.js                  49.79 kB │ gzip:   2.73 kB │ map:    40.35 kB
dist/assets/SuperAdminDashboard-CrsRSqO0.js            51.06 kB │ gzip:   7.79 kB │ map:    58.21 kB
dist/assets/index-DVvucoPo.js                          52.00 kB │ gzip:  12.59 kB │ map:    53.92 kB
dist/assets/GitOpsDemo-ByJR9T6k.js                     52.14 kB │ gzip:   5.76 kB │ map:    44.17 kB
dist/assets/WidgetCharts-BYl9knZD.js                   52.17 kB │ gzip:   4.74 kB │ map:    55.18 kB
dist/assets/NotificationCenter-BjI-AY6g.js             53.31 kB │ gzip:   6.50 kB │ map:    52.00 kB
dist/assets/NotificationList-BDcBxWiD.js               53.77 kB │ gzip:   7.08 kB │ map:    59.93 kB
dist/assets/Detail-BWUPd6Ur.js                         54.34 kB │ gzip:   5.73 kB │ map:    48.33 kB
dist/assets/VisualTestDemo-D9Qn5Lbm.js                 54.43 kB │ gzip:   6.86 kB │ map:    49.22 kB
dist/assets/Slider-DuH8m7FW.js                         54.79 kB │ gzip:  11.80 kB │ map:    93.39 kB
dist/assets/FriendsList-C981wtXi.js                    54.83 kB │ gzip:   6.60 kB │ map:    54.82 kB
dist/assets/OMSiteSurvey-CWR_2Wj9.js                   54.99 kB │ gzip:   5.93 kB │ map:    47.74 kB
dist/assets/EcommerceCheckout-DIlEz4ax.js              55.27 kB │ gzip:   7.92 kB │ map:    50.41 kB
dist/assets/FormValidation-Ey_kRM6A.js                 56.17 kB │ gzip:   6.26 kB │ map:    57.56 kB
dist/assets/Ecommerce-ukA3it9p.js                      57.11 kB │ gzip:   5.12 kB │ map:    52.83 kB
dist/assets/Email-CoiD8GsQ.js                          57.40 kB │ gzip:   8.94 kB │ map:    74.37 kB
dist/assets/index-uUXMET25.js                          57.78 kB │ gzip:   7.37 kB │ map:    50.81 kB
dist/assets/MuiList-DDLqqXEh.js                        58.59 kB │ gzip:   6.00 kB │ map:    57.34 kB
dist/assets/RecordGeneratorPage-DL1M1bSK.js            59.46 kB │ gzip:  10.64 kB │ map:    65.73 kB
dist/assets/DatePicker-BbY23OTG.js                     60.44 kB │ gzip:   8.48 kB │ map:    88.31 kB
dist/assets/GalleryCard-D5oDS8qu.js                    60.67 kB │ gzip:  14.69 kB │ map:    85.78 kB
dist/assets/ActivityLogs-T9mIBxpu.js                   61.75 kB │ gzip:   6.62 kB │ map:    55.18 kB
dist/assets/OMLearn-DT3HnU8L.js                        62.06 kB │ gzip:   8.35 kB │ map:    68.90 kB
dist/assets/csv-BrFT0-71.js                            62.77 kB │ gzip:  12.88 kB │ map:   115.44 kB
dist/assets/FormCustom-B10VRP7f.js                     63.15 kB │ gzip:   7.38 kB │ map:    60.76 kB
dist/assets/EcommerceAddProduct-DqjsmSyT.js            63.15 kB │ gzip:   5.81 kB │ map:    51.46 kB
dist/assets/SessionManagement-4paE88iU.js              63.33 kB │ gzip:   6.72 kB │ map:    57.19 kB
dist/assets/TimePicker-BpadaMHO.js                     63.35 kB │ gzip:   9.20 kB │ map:    94.03 kB
dist/assets/ChurchList-BpwwfuSF.js                     63.44 kB │ gzip:   7.24 kB │ map:    62.11 kB
dist/assets/index-lO-tqK4W.js                          66.18 kB │ gzip:   8.99 kB │ map:    68.92 kB
dist/assets/MuiDialog-CbNNtcDA.js                      70.06 kB │ gzip:   7.72 kB │ map:    69.23 kB
dist/assets/page-CF9TeuhL.js                           70.10 kB │ gzip:   7.15 kB │ map:   108.95 kB
dist/assets/Autocomplete-CHC1ndkd.js                   70.38 kB │ gzip:  15.60 kB │ map:   116.49 kB
dist/assets/Contacts-2LQbmSoa.js                       70.93 kB │ gzip:   8.61 kB │ map:    76.36 kB
dist/assets/page-Dwsfst2K.js                           72.31 kB │ gzip:  11.46 kB │ map:   112.01 kB
dist/assets/LoggerDashboard-D1HuAPaZ.js                74.67 kB │ gzip:   9.12 kB │ map:    83.97 kB
dist/assets/List-qyRO-qzX.js                           74.90 kB │ gzip:   7.81 kB │ map:    67.20 kB
dist/assets/ai-lab-D3paz_rO.js                         75.67 kB │ gzip:   8.74 kB │ map:    69.74 kB
dist/assets/About-Kweft10D.js                          76.76 kB │ gzip:   9.93 kB │ map:    69.23 kB
dist/assets/EcommerceEditProduct-D_Kjh2HI.js           76.96 kB │ gzip:   8.21 kB │ map:    66.50 kB
dist/assets/page-CfuQuxre.js                           78.94 kB │ gzip:   7.88 kB │ map:   126.80 kB
dist/assets/Logs-6UtjsaJO.js                           79.97 kB │ gzip:   8.63 kB │ map:    93.58 kB
dist/assets/EditableRecordPage-B6KSTvUD.js             80.31 kB │ gzip:  11.63 kB │ map:    97.66 kB
dist/assets/sequential-DjF7Lfl6.js                     82.42 kB │ gzip:  19.92 kB │ map:   177.94 kB
dist/assets/BasicTable-CZljsJYM.js                     83.62 kB │ gzip:   7.62 kB │ map:    84.28 kB
dist/assets/OrthodoxMetricsAdmin-B0EC390I.js           86.97 kB │ gzip:   8.10 kB │ map:    84.38 kB
dist/assets/index-DO5K1NkR.js                          90.63 kB │ gzip:  21.07 kB │ map:   193.65 kB
dist/assets/MuiAutoComplete-BcgnKl7i.js                94.14 kB │ gzip:  16.15 kB │ map:   129.23 kB
dist/assets/OrthodoxMetricsDemo-CcwdLONS.js            96.32 kB │ gzip:   9.57 kB │ map:    80.03 kB
dist/assets/EnhancedModernDashboard-BVQNS3IQ.js        97.88 kB │ gzip:  12.48 kB │ map:   106.13 kB
dist/assets/WidgetCards-tDWDwR9O.js                   100.13 kB │ gzip:  11.89 kB │ map:   105.41 kB
dist/assets/page-CDBc6oGk.js                          100.15 kB │ gzip:  13.38 kB │ map:   163.87 kB
dist/assets/BuildConsole-BEk0Lods.js                  101.46 kB │ gzip:  11.99 kB │ map:   107.33 kB
dist/assets/FormLayouts-A8__OJwD.js                   105.88 kB │ gzip:  11.19 kB │ map:   103.33 kB
dist/assets/AdapterDateFns-8oFEJBBr.js                112.57 kB │ gzip:  15.05 kB │ map:   303.98 kB
dist/assets/ChartDataProvider-DDZvqBxA.js             113.85 kB │ gzip:  24.37 kB │ map:   231.11 kB
dist/assets/ChurchSetupWizard-CmN78lh5.js             115.63 kB │ gzip:  13.64 kB │ map:   112.73 kB
dist/assets/ProfileBanner-DvTWGTdK.js                 116.16 kB │ gzip:  11.00 kB │ map:   111.07 kB
dist/assets/FormVertical-y7RWRDrO.js                  123.54 kB │ gzip:   9.46 kB │ map:   103.78 kB
dist/assets/UserManagement-CrfxOnMe.js                123.65 kB │ gzip:  16.05 kB │ map:   151.16 kB
dist/assets/index-D2WoZvXb.js                         126.06 kB │ gzip:  23.27 kB │ map:   226.95 kB
dist/assets/OMAIDiscoveryPanelMobile-DoSmGYsG.js      129.33 kB │ gzip:  19.67 kB │ map:   162.13 kB
dist/assets/ChartContainer-Ds4JOV6b.js                132.41 kB │ gzip:   9.67 kB │ map:   235.08 kB
dist/assets/TreeItem-C2W_Nax6.js                      138.38 kB │ gzip:  26.04 kB │ map:   272.02 kB
dist/assets/MuiButton-D04sHDzE.js                     138.65 kB │ gzip:   7.36 kB │ map:   120.53 kB
dist/assets/slick-DuWs6w3Y.js                         139.45 kB │ gzip:  26.32 kB │ map:   264.74 kB
dist/assets/index.esm-DNQJu5Ar.js                     139.66 kB │ gzip:  32.29 kB │ map:   346.97 kB
dist/assets/AccountSetting-Cd1qV6On.js                140.13 kB │ gzip:  12.16 kB │ map:   119.58 kB
dist/assets/page-B3lGB-zZ.js                          142.65 kB │ gzip:  26.61 kB │ map:   251.63 kB
dist/assets/Homepage-C8YufZqE.js                      152.34 kB │ gzip:  18.61 kB │ map:   150.48 kB
dist/assets/OrthodoxMetrics-mCS1kCE8.js               164.62 kB │ gzip:  16.72 kB │ map:   171.86 kB
dist/assets/FormHorizontal-ZC14TbyS.js                171.70 kB │ gzip:  11.09 kB │ map:   151.51 kB
dist/assets/DateTimePicker-w6J9wc-H.js                175.21 kB │ gzip:  28.81 kB │ map:   287.97 kB
dist/assets/VRTSettingsPanel-C91hjiu3.js              177.01 kB │ gzip:  22.61 kB │ map:   212.18 kB
dist/assets/ChartsSurface-BWZJi-O3.js                 197.67 kB │ gzip:  37.53 kB │ map:   407.30 kB
dist/assets/FullLayout-hQ02UqWm.js                    236.67 kB │ gzip:  33.27 kB │ map:   310.90 kB
dist/assets/browser-CwCC3GCP.js                       268.06 kB │ gzip:  56.94 kB │ map:   464.72 kB
dist/assets/useMobilePicker-CGHcrpGB.js               268.96 kB │ gzip:  54.01 kB │ map:   497.95 kB
dist/assets/SiteEditor-CvQSPI0v.js                    293.92 kB │ gzip:  40.61 kB │ map:   386.28 kB
dist/assets/index.es-yEzNx2zq.js                      315.31 kB │ gzip:  71.59 kB │ map:   633.54 kB
dist/assets/html2canvas.esm-Dtsxr8dG.js               349.33 kB │ gzip:  63.95 kB │ map:   601.93 kB
dist/assets/Calendar-Du8bPmY-.js                      360.91 kB │ gzip:  79.12 kB │ map:   741.14 kB
dist/assets/Kanban-KYYJ46fc.js                        363.14 kB │ gzip:  66.68 kB │ map:   574.21 kB
dist/assets/Landingpage-DjO0azLC.js                   382.96 kB │ gzip:  76.61 kB │ map:   759.59 kB
dist/assets/HH7B3BHX-CyxZVlc6.js                      438.39 kB │ gzip:  86.65 kB │ map:   737.57 kB
dist/assets/JITTerminal-DK_StBwP.js                   441.19 kB │ gzip:  85.78 kB │ map:   657.82 kB
dist/assets/AIAdminPanel-BmePx_yB.js                  546.85 kB │ gzip: 102.54 kB │ map: 1,023.37 kB
dist/assets/quill.snow-B1BOrmQo.js                    549.25 kB │ gzip:  80.78 kB │ map:   792.44 kB
dist/assets/OMBigBook-qaUzY-kM.js                     589.25 kB │ gzip:  62.32 kB │ map:   590.88 kB
dist/assets/EnhancedPageEditor-CTTZclhS.js            658.89 kB │ gzip: 154.92 kB │ map: 1,060.60 kB
dist/assets/ChatApp-BHAgigRM.js                       703.90 kB │ gzip: 107.75 kB │ map: 1,058.16 kB
dist/assets/react-apexcharts.min-DlpPPOHT.js          718.77 kB │ gzip: 161.02 kB │ map: 1,182.88 kB
dist/assets/UnifiedRecordsPage-C9Rilsy-.js            735.26 kB │ gzip: 145.92 kB │ map: 1,490.76 kB
dist/assets/ProductsData-CRX3I_Fr.js                  788.15 kB │ gzip: 175.74 kB │ map: 1,390.78 kB
dist/assets/AdminSettings-CjrWCQpN.js                 789.38 kB │ gzip:  82.81 kB │ map:   875.82 kB
dist/assets/TiptapEdit-wyMQQ1mw.js                    812.32 kB │ gzip: 188.68 kB │ map: 1,648.87 kB
dist/assets/vendor-B1d-PbrC.js                        915.73 kB │ gzip: 154.78 kB │ map: 1,608.86 kB
dist/assets/LiturgicalCalendar-BHgsB5Rm.js          1,107.18 kB │ gzip: 265.07 kB │ map: 2,463.25 kB
dist/assets/SiteStructureVisualizer-By3T7vnU.js     1,166.19 kB │ gzip: 243.93 kB │ map: 2,228.29 kB
dist/assets/CodeDialog-CG6p2xK9.js                  1,299.27 kB │ gzip: 356.39 kB │ map: 1,922.17 kB
dist/assets/editor-BkJrAo6Z.js                      1,426.23 kB │ gzip: 330.08 kB │ map: 1,504.38 kB
dist/assets/SSPPOCRecordsPage-dmoYZVNm.js           2,194.72 kB │ gzip: 445.97 kB │ map: 3,721.34 kB
dist/assets/index-BNsbXiIW.js                       2,198.82 kB │ gzip: 441.17 kB │ map: 4,182.31 kB
✓ built in 1m 22s

✅ Build completed successfully!