2025-07-22 03:48:57 -04:00: 
> main-vite-ts@5.0.0 build
> vite build

2025-07-22 03:49:58 -04:00: 2025-07-22 03:49:58 -04:00: 2025-07-22 03:49:58 -04:00: 2025-07-22 03:49:58 -04:00: 
> main-vite-ts@5.0.0 build
> vite build

2025-07-22 03:50:52 -04:00: 2025-07-22 03:50:52 -04:00: 2025-07-22 03:50:52 -04:00: 2025-07-22 03:50:52 -04:00: 
> main-vite-ts@5.0.0 build
> vite build

2025-07-22 03:51:54 -04:00: 2025-07-22 03:51:54 -04:00: 2025-07-22 03:51:54 -04:00: 
> main-vite-ts@5.0.0 build
> vite build

2025-07-22 03:52:54 -04:00: 2025-07-22 03:52:54 -04:00: 2025-07-22 03:52:54 -04:00: 2025-07-22 03:52:55 -04:00: 
> main-vite-ts@5.0.0 build
> vite build

2025-07-22 03:53:54 -04:00: 2025-07-22 03:53:54 -04:00: 2025-07-22 03:53:55 -04:00: 
> main-vite-ts@5.0.0 build
> vite build

2025-07-22 03:54:54 -04:00: 2025-07-22 03:54:54 -04:00: 2025-07-22 03:54:54 -04:00: 2025-07-22 03:54:54 -04:00: 
> main-vite-ts@5.0.0 build
> vite build

2025-07-22 03:55:49 -04:00: 2025-07-22 03:55:49 -04:00: 2025-07-22 03:55:49 -04:00: 2025-07-22 03:55:50 -04:00: 
> main-vite-ts@5.0.0 build
> vite build

2025-07-22 03:56:44 -04:00: 2025-07-22 03:56:44 -04:00: 2025-07-22 03:56:44 -04:00: 2025-07-22 03:56:44 -04:00: 
> main-vite-ts@5.0.0 build
> vite build

2025-07-22 03:57:39 -04:00: 2025-07-22 03:57:39 -04:00: 2025-07-22 03:57:39 -04:00: 2025-07-22 03:57:39 -04:00: 
> main-vite-ts@5.0.0 build
> vite build

2025-07-22 03:58:29 -04:00: 2025-07-22 03:58:29 -04:00: 2025-07-22 03:58:29 -04:00: 2025-07-22 03:58:29 -04:00: 
> main-vite-ts@5.0.0 build
> vite build

2025-07-22 03:59:22 -04:00: 2025-07-22 03:59:22 -04:00: 2025-07-22 03:59:22 -04:00: 
> main-vite-ts@5.0.0 build
> vite build

2025-07-22 04:00:14 -04:00: 2025-07-22 04:00:14 -04:00: 2025-07-22 04:00:14 -04:00: 2025-07-22 04:00:14 -04:00: 
> main-vite-ts@5.0.0 build
> vite build

2025-07-22 04:01:08 -04:00: 2025-07-22 04:01:08 -04:00: 2025-07-22 04:01:09 -04:00: 
> main-vite-ts@5.0.0 build
> vite build

2025-07-22 04:02:00 -04:00: 2025-07-22 04:02:00 -04:00: 2025-07-22 04:02:00 -04:00: 2025-07-22 04:02:01 -04:00: 
> main-vite-ts@5.0.0 build
> vite build

2025-07-22 04:02:55 -04:00: 2025-07-22 04:02:55 -04:00: 2025-07-22 04:02:55 -04:00: 2025-07-22 04:02:55 -04:00: 
> main-vite-ts@5.0.0 build
> vite build

2025-07-22 04:03:48 -04:00: 2025-07-22 04:03:48 -04:00: 2025-07-22 04:03:48 -04:00: 
> main-vite-ts@5.0.0 build
> vite build

2025-07-22 04:04:42 -04:00: 2025-07-22 04:04:42 -04:00: 2025-07-22 04:04:42 -04:00: 
> main-vite-ts@5.0.0 build
> vite build

2025-07-22 04:05:35 -04:00: 2025-07-22 04:05:35 -04:00: 2025-07-22 04:05:35 -04:00: 2025-07-22 04:05:35 -04:00: 
> main-vite-ts@5.0.0 build
> vite build

2025-07-22 04:06:31 -04:00: 2025-07-22 04:06:31 -04:00: 2025-07-22 04:06:31 -04:00: 2025-07-22 04:06:31 -04:00: 
> main-vite-ts@5.0.0 build
> vite build

2025-07-22 04:07:23 -04:00: 2025-07-22 04:07:23 -04:00: 2025-07-22 04:07:23 -04:00: 
> main-vite-ts@5.0.0 build
> vite build

