error: Your local changes to the following files would be overwritten by checkout:
	prod/front-end/package.json
Please commit your changes or stash them before you switch branches.
Aborting
error: pathspec 'master' did not match any file(s) known to git
Switched to a new branch 'auto-20250814'
husky - DEPRECATED

Please remove the following two lines from .husky/pre-commit:

#!/usr/bin/env sh
. "$(dirname -- "$0")/_/husky.sh"

They WILL FAIL in v10.0.0

Running lint-staged...
✖ Failed to read config from file "lintstaged.config.mjs".
✖ No valid configuration found.
error: Your local changes to the following files would be overwritten by checkout:
	.husky/pre-commit
	prod/front-end/src/routes/Router.tsx
	prod/front-end/src/views/records/ChurchRecordsPage.tsx
Please commit your changes or stash them before you switch branches.
Aborting
error: pathspec 'master' did not match any file(s) known to git
Already on 'auto-20250814'
M	.husky/pre-commit
M	prod/front-end/src/routes/Router.tsx
M	prod/front-end/src/views/records/ChurchRecordsPage.tsx
husky - DEPRECATED

Please remove the following two lines from .husky/pre-commit:

#!/usr/bin/env sh
. "$(dirname -- "$0")/_/husky.sh"

They WILL FAIL in v10.0.0

[auto-20250814 b0b98c3] ⏱️ AutoSnap 13:00 — Activity in /front-end
 3 files changed, 6 insertions(+), 353 deletions(-)
⏱️ AutoSnap 13:00 — Activity in /front-end
Already on 'main'
Switched to a new branch 'auto-20250814'
⏱️ AutoSnap 13:30 — No changes
Switched to branch 'main'
Switched to branch 'auto-20250814'
Your branch is up to date with 'origin/auto-20250814'.
husky - DEPRECATED

Please remove the following two lines from .husky/pre-commit:

#!/usr/bin/env sh
. "$(dirname -- "$0")/_/husky.sh"

They WILL FAIL in v10.0.0

[auto-20250814 c17a81d] ⏱️ AutoSnap 14:00 — Activity in /ops
 1 file changed, 93 insertions(+)
 create mode 100755 prod/ops/scripts/om_push.sh
⏱️ AutoSnap 14:00 — Activity in /ops
/bin/sh: 1: /var/www/orthodoxmetrics/prod/ops/scripts/om_autosnap.sh: not found
/bin/sh: 1: /var/www/orthodoxmetrics/prod/ops/scripts/om_autosnap.sh: not found
/bin/sh: 1: /var/www/orthodoxmetrics/prod/ops/scripts/om_autosnap.sh: not found
/bin/sh: 1: /var/www/orthodoxmetrics/prod/ops/scripts/om_autosnap.sh: not found
/bin/sh: 1: /var/www/orthodoxmetrics/prod/ops/scripts/om_autosnap.sh: not found
/bin/sh: 1: /var/www/orthodoxmetrics/prod/ops/scripts/om_autosnap.sh: not found
/bin/sh: 1: /var/www/orthodoxmetrics/prod/ops/scripts/om_autosnap.sh: not found
/bin/sh: 1: /var/www/orthodoxmetrics/prod/ops/scripts/om_autosnap.sh: not found
/bin/sh: 1: /var/www/orthodoxmetrics/prod/ops/scripts/om_autosnap.sh: not found
/bin/sh: 1: /var/www/orthodoxmetrics/prod/ops/scripts/om_autosnap.sh: not found
/bin/sh: 1: /var/www/orthodoxmetrics/prod/ops/scripts/om_autosnap.sh: not found
/bin/sh: 1: /var/www/orthodoxmetrics/prod/ops/scripts/om_autosnap.sh: not found
/bin/sh: 1: /var/www/orthodoxmetrics/prod/ops/scripts/om_autosnap.sh: not found
/bin/sh: 1: /var/www/orthodoxmetrics/prod/ops/scripts/om_autosnap.sh: not found
/bin/sh: 1: /var/www/orthodoxmetrics/prod/ops/scripts/om_autosnap.sh: not found
/bin/sh: 1: /var/www/orthodoxmetrics/prod/ops/scripts/om_autosnap.sh: not found
/bin/sh: 1: /var/www/orthodoxmetrics/prod/ops/scripts/om_autosnap.sh: not found
/bin/sh: 1: /var/www/orthodoxmetrics/prod/ops/scripts/om_autosnap.sh: not found
/bin/sh: 1: /var/www/orthodoxmetrics/prod/ops/scripts/om_autosnap.sh: not found
/bin/sh: 1: /var/www/orthodoxmetrics/prod/ops/scripts/om_autosnap.sh: not found
/bin/sh: 1: /var/www/orthodoxmetrics/prod/ops/scripts/om_autosnap.sh: not found
/bin/sh: 1: /var/www/orthodoxmetrics/prod/ops/scripts/om_autosnap.sh: not found
/bin/sh: 1: /var/www/orthodoxmetrics/prod/ops/scripts/om_autosnap.sh: not found
/bin/sh: 1: /var/www/orthodoxmetrics/prod/ops/scripts/om_autosnap.sh: not found
/bin/sh: 1: /var/www/orthodoxmetrics/prod/ops/scripts/om_autosnap.sh: not found
/bin/sh: 1: /var/www/orthodoxmetrics/prod/ops/scripts/om_autosnap.sh: not found
/bin/sh: 1: /var/www/orthodoxmetrics/prod/ops/scripts/om_autosnap.sh: not found
/bin/sh: 1: /var/www/orthodoxmetrics/prod/ops/scripts/om_autosnap.sh: not found
/bin/sh: 1: /var/www/orthodoxmetrics/prod/ops/scripts/om_autosnap.sh: not found
/bin/sh: 1: /var/www/orthodoxmetrics/prod/ops/scripts/om_autosnap.sh: not found
/bin/sh: 1: /var/www/orthodoxmetrics/prod/ops/scripts/om_autosnap.sh: not found
/bin/sh: 1: /var/www/orthodoxmetrics/prod/ops/scripts/om_autosnap.sh: not found
/bin/sh: 1: /var/www/orthodoxmetrics/prod/ops/scripts/om_autosnap.sh: not found
/bin/sh: 1: /var/www/orthodoxmetrics/prod/ops/scripts/om_autosnap.sh: not found
/bin/sh: 1: /var/www/orthodoxmetrics/prod/ops/scripts/om_autosnap.sh: not found
/bin/sh: 1: /var/www/orthodoxmetrics/prod/ops/scripts/om_autosnap.sh: not found
/bin/sh: 1: /var/www/orthodoxmetrics/prod/ops/scripts/om_autosnap.sh: not found
/bin/sh: 1: /var/www/orthodoxmetrics/prod/ops/scripts/om_autosnap.sh: not found
/bin/sh: 1: /var/www/orthodoxmetrics/prod/ops/scripts/om_autosnap.sh: not found
/bin/sh: 1: /var/www/orthodoxmetrics/prod/ops/scripts/om_autosnap.sh: not found
/bin/sh: 1: /var/www/orthodoxmetrics/prod/ops/scripts/om_autosnap.sh: not found
/bin/sh: 1: /var/www/orthodoxmetrics/prod/ops/scripts/om_autosnap.sh: not found
/bin/sh: 1: /var/www/orthodoxmetrics/prod/ops/scripts/om_autosnap.sh: not found
/bin/sh: 1: /var/www/orthodoxmetrics/prod/ops/scripts/om_autosnap.sh: not found
/bin/sh: 1: /var/www/orthodoxmetrics/prod/ops/scripts/om_autosnap.sh: not found
/bin/sh: 1: /var/www/orthodoxmetrics/prod/ops/scripts/om_autosnap.sh: not found
/bin/sh: 1: /var/www/orthodoxmetrics/prod/ops/scripts/om_autosnap.sh: not found
/bin/sh: 1: /var/www/orthodoxmetrics/prod/ops/scripts/om_autosnap.sh: not found
/bin/sh: 1: /var/www/orthodoxmetrics/prod/ops/scripts/om_autosnap.sh: not found
/bin/sh: 1: /var/www/orthodoxmetrics/prod/ops/scripts/om_autosnap.sh: not found
/bin/sh: 1: /var/www/orthodoxmetrics/prod/ops/scripts/om_autosnap.sh: not found
