2025-08-08T14:10:28: Error: Cannot find module './config/session'
2025-08-08T14:10:28: Require stack:
2025-08-08T14:10:28: - /var/www/orthodoxmetrics/prod/server/index.js
2025-08-08T14:10:28:     at Function._resolveFilename (node:internal/modules/cjs/loader:1401:15)
2025-08-08T14:10:28:     at Hook._require.Module.require (/usr/lib/node_modules/pm2/node_modules/require-in-the-middle/index.js:81:25)
2025-08-08T14:10:28:     at require (node:internal/modules/helpers:135:16)
2025-08-08T14:10:28:     at Object.<anonymous> (/var/www/orthodoxmetrics/prod/server/index.js:12:31)
2025-08-08T14:10:28:     at Module._compile (node:internal/modules/cjs/loader:1730:14)
2025-08-08T14:10:28:     at Object..js (node:internal/modules/cjs/loader:1895:10)
2025-08-08T14:10:28:     at Module.load (node:internal/modules/cjs/loader:1465:32)
2025-08-08T14:10:28:     at Function._load (node:internal/modules/cjs/loader:1282:12)
2025-08-08T14:10:28:     at Object.<anonymous> (/usr/lib/node_modules/pm2/lib/ProcessContainerFork.js:33:23)
2025-08-08T14:10:28:     at Module._compile (node:internal/modules/cjs/loader:1730:14) {
2025-08-08T14:10:28:   code: 'MODULE_NOT_FOUND',
2025-08-08T14:10:28:   requireStack: [ '/var/www/orthodoxmetrics/prod/server/index.js' ]
2025-08-08T14:10:28: }
2025-08-08T14:10:28: Error: Cannot find module './config/session'
2025-08-08T14:10:28: Require stack:
2025-08-08T14:10:28: - /var/www/orthodoxmetrics/prod/server/index.js
2025-08-08T14:10:28:     at Function._resolveFilename (node:internal/modules/cjs/loader:1401:15)
2025-08-08T14:10:28:     at Hook._require.Module.require (/usr/lib/node_modules/pm2/node_modules/require-in-the-middle/index.js:81:25)
2025-08-08T14:10:28:     at require (node:internal/modules/helpers:135:16)
2025-08-08T14:10:28:     at Object.<anonymous> (/var/www/orthodoxmetrics/prod/server/index.js:12:31)
2025-08-08T14:10:28:     at Module._compile (node:internal/modules/cjs/loader:1730:14)
2025-08-08T14:10:28:     at Object..js (node:internal/modules/cjs/loader:1895:10)
2025-08-08T14:10:28:     at Module.load (node:internal/modules/cjs/loader:1465:32)
2025-08-08T14:10:28:     at Function._load (node:internal/modules/cjs/loader:1282:12)
2025-08-08T14:10:28:     at Object.<anonymous> (/usr/lib/node_modules/pm2/lib/ProcessContainerFork.js:33:23)
2025-08-08T14:10:28:     at Module._compile (node:internal/modules/cjs/loader:1730:14) {
2025-08-08T14:10:28:   code: 'MODULE_NOT_FOUND',
2025-08-08T14:10:28:   requireStack: [ '/var/www/orthodoxmetrics/prod/server/index.js' ]
2025-08-08T14:10:28: }
2025-08-08T14:10:28: Error: Cannot find module './config/session'
2025-08-08T14:10:28: Require stack:
2025-08-08T14:10:28: - /var/www/orthodoxmetrics/prod/server/index.js
2025-08-08T14:10:28:     at Function._resolveFilename (node:internal/modules/cjs/loader:1401:15)
2025-08-08T14:10:28:     at Hook._require.Module.require (/usr/lib/node_modules/pm2/node_modules/require-in-the-middle/index.js:81:25)
2025-08-08T14:10:28:     at require (node:internal/modules/helpers:135:16)
2025-08-08T14:10:28:     at Object.<anonymous> (/var/www/orthodoxmetrics/prod/server/index.js:12:31)
2025-08-08T14:10:28:     at Module._compile (node:internal/modules/cjs/loader:1730:14)
2025-08-08T14:10:28:     at Object..js (node:internal/modules/cjs/loader:1895:10)
2025-08-08T14:10:28:     at Module.load (node:internal/modules/cjs/loader:1465:32)
2025-08-08T14:10:28:     at Function._load (node:internal/modules/cjs/loader:1282:12)
2025-08-08T14:10:28:     at Object.<anonymous> (/usr/lib/node_modules/pm2/lib/ProcessContainerFork.js:33:23)
2025-08-08T14:10:28:     at Module._compile (node:internal/modules/cjs/loader:1730:14) {
2025-08-08T14:10:28:   code: 'MODULE_NOT_FOUND',
2025-08-08T14:10:28:   requireStack: [ '/var/www/orthodoxmetrics/prod/server/index.js' ]
2025-08-08T14:10:28: }
2025-08-08T14:10:28: Error: Cannot find module './config/session'
2025-08-08T14:10:28: Require stack:
2025-08-08T14:10:28: - /var/www/orthodoxmetrics/prod/server/index.js
2025-08-08T14:10:28:     at Function._resolveFilename (node:internal/modules/cjs/loader:1401:15)
2025-08-08T14:10:28:     at Hook._require.Module.require (/usr/lib/node_modules/pm2/node_modules/require-in-the-middle/index.js:81:25)
2025-08-08T14:10:28:     at require (node:internal/modules/helpers:135:16)
2025-08-08T14:10:28:     at Object.<anonymous> (/var/www/orthodoxmetrics/prod/server/index.js:12:31)
2025-08-08T14:10:28:     at Module._compile (node:internal/modules/cjs/loader:1730:14)
2025-08-08T14:10:28:     at Object..js (node:internal/modules/cjs/loader:1895:10)
2025-08-08T14:10:28:     at Module.load (node:internal/modules/cjs/loader:1465:32)
2025-08-08T14:10:28:     at Function._load (node:internal/modules/cjs/loader:1282:12)
2025-08-08T14:10:28:     at Object.<anonymous> (/usr/lib/node_modules/pm2/lib/ProcessContainerFork.js:33:23)
2025-08-08T14:10:28:     at Module._compile (node:internal/modules/cjs/loader:1730:14) {
2025-08-08T14:10:28:   code: 'MODULE_NOT_FOUND',
2025-08-08T14:10:28:   requireStack: [ '/var/www/orthodoxmetrics/prod/server/index.js' ]
2025-08-08T14:10:28: }
2025-08-08T14:10:29: Error: Cannot find module './config/session'
2025-08-08T14:10:29: Require stack:
2025-08-08T14:10:29: - /var/www/orthodoxmetrics/prod/server/index.js
2025-08-08T14:10:29:     at Function._resolveFilename (node:internal/modules/cjs/loader:1401:15)
2025-08-08T14:10:29:     at Hook._require.Module.require (/usr/lib/node_modules/pm2/node_modules/require-in-the-middle/index.js:81:25)
2025-08-08T14:10:29:     at require (node:internal/modules/helpers:135:16)
2025-08-08T14:10:29:     at Object.<anonymous> (/var/www/orthodoxmetrics/prod/server/index.js:12:31)
2025-08-08T14:10:29:     at Module._compile (node:internal/modules/cjs/loader:1730:14)
2025-08-08T14:10:29:     at Object..js (node:internal/modules/cjs/loader:1895:10)
2025-08-08T14:10:29:     at Module.load (node:internal/modules/cjs/loader:1465:32)
2025-08-08T14:10:29:     at Function._load (node:internal/modules/cjs/loader:1282:12)
2025-08-08T14:10:29:     at Object.<anonymous> (/usr/lib/node_modules/pm2/lib/ProcessContainerFork.js:33:23)
2025-08-08T14:10:29:     at Module._compile (node:internal/modules/cjs/loader:1730:14) {
2025-08-08T14:10:29:   code: 'MODULE_NOT_FOUND',
2025-08-08T14:10:29:   requireStack: [ '/var/www/orthodoxmetrics/prod/server/index.js' ]
2025-08-08T14:10:29: }
2025-08-08T14:10:29: Error: Cannot find module './config/session'
2025-08-08T14:10:29: Require stack:
2025-08-08T14:10:29: - /var/www/orthodoxmetrics/prod/server/index.js
2025-08-08T14:10:29:     at Function._resolveFilename (node:internal/modules/cjs/loader:1401:15)
2025-08-08T14:10:29:     at Hook._require.Module.require (/usr/lib/node_modules/pm2/node_modules/require-in-the-middle/index.js:81:25)
2025-08-08T14:10:29:     at require (node:internal/modules/helpers:135:16)
2025-08-08T14:10:29:     at Object.<anonymous> (/var/www/orthodoxmetrics/prod/server/index.js:12:31)
2025-08-08T14:10:29:     at Module._compile (node:internal/modules/cjs/loader:1730:14)
2025-08-08T14:10:29:     at Object..js (node:internal/modules/cjs/loader:1895:10)
2025-08-08T14:10:29:     at Module.load (node:internal/modules/cjs/loader:1465:32)
2025-08-08T14:10:29:     at Function._load (node:internal/modules/cjs/loader:1282:12)
2025-08-08T14:10:29:     at Object.<anonymous> (/usr/lib/node_modules/pm2/lib/ProcessContainerFork.js:33:23)
2025-08-08T14:10:29:     at Module._compile (node:internal/modules/cjs/loader:1730:14) {
2025-08-08T14:10:29:   code: 'MODULE_NOT_FOUND',
2025-08-08T14:10:29:   requireStack: [ '/var/www/orthodoxmetrics/prod/server/index.js' ]
2025-08-08T14:10:29: }
2025-08-08T14:10:29: Error: Cannot find module './config/session'
2025-08-08T14:10:29: Require stack:
2025-08-08T14:10:29: - /var/www/orthodoxmetrics/prod/server/index.js
2025-08-08T14:10:29:     at Function._resolveFilename (node:internal/modules/cjs/loader:1401:15)
2025-08-08T14:10:29:     at Hook._require.Module.require (/usr/lib/node_modules/pm2/node_modules/require-in-the-middle/index.js:81:25)
2025-08-08T14:10:29:     at require (node:internal/modules/helpers:135:16)
2025-08-08T14:10:29:     at Object.<anonymous> (/var/www/orthodoxmetrics/prod/server/index.js:12:31)
2025-08-08T14:10:29:     at Module._compile (node:internal/modules/cjs/loader:1730:14)
2025-08-08T14:10:29:     at Object..js (node:internal/modules/cjs/loader:1895:10)
2025-08-08T14:10:29:     at Module.load (node:internal/modules/cjs/loader:1465:32)
2025-08-08T14:10:29:     at Function._load (node:internal/modules/cjs/loader:1282:12)
2025-08-08T14:10:29:     at Object.<anonymous> (/usr/lib/node_modules/pm2/lib/ProcessContainerFork.js:33:23)
2025-08-08T14:10:29:     at Module._compile (node:internal/modules/cjs/loader:1730:14) {
2025-08-08T14:10:29:   code: 'MODULE_NOT_FOUND',
2025-08-08T14:10:29:   requireStack: [ '/var/www/orthodoxmetrics/prod/server/index.js' ]
2025-08-08T14:10:29: }
2025-08-08T14:10:29: Error: Cannot find module './config/session'
2025-08-08T14:10:29: Require stack:
2025-08-08T14:10:29: - /var/www/orthodoxmetrics/prod/server/index.js
2025-08-08T14:10:29:     at Function._resolveFilename (node:internal/modules/cjs/loader:1401:15)
2025-08-08T14:10:29:     at Hook._require.Module.require (/usr/lib/node_modules/pm2/node_modules/require-in-the-middle/index.js:81:25)
2025-08-08T14:10:29:     at require (node:internal/modules/helpers:135:16)
2025-08-08T14:10:29:     at Object.<anonymous> (/var/www/orthodoxmetrics/prod/server/index.js:12:31)
2025-08-08T14:10:29:     at Module._compile (node:internal/modules/cjs/loader:1730:14)
2025-08-08T14:10:29:     at Object..js (node:internal/modules/cjs/loader:1895:10)
2025-08-08T14:10:29:     at Module.load (node:internal/modules/cjs/loader:1465:32)
2025-08-08T14:10:29:     at Function._load (node:internal/modules/cjs/loader:1282:12)
2025-08-08T14:10:29:     at Object.<anonymous> (/usr/lib/node_modules/pm2/lib/ProcessContainerFork.js:33:23)
2025-08-08T14:10:29:     at Module._compile (node:internal/modules/cjs/loader:1730:14) {
2025-08-08T14:10:29:   code: 'MODULE_NOT_FOUND',
2025-08-08T14:10:29:   requireStack: [ '/var/www/orthodoxmetrics/prod/server/index.js' ]
2025-08-08T14:10:29: }
2025-08-08T14:10:29: Error: Cannot find module './config/session'
2025-08-08T14:10:29: Require stack:
2025-08-08T14:10:29: - /var/www/orthodoxmetrics/prod/server/index.js
2025-08-08T14:10:29:     at Function._resolveFilename (node:internal/modules/cjs/loader:1401:15)
2025-08-08T14:10:29:     at Hook._require.Module.require (/usr/lib/node_modules/pm2/node_modules/require-in-the-middle/index.js:81:25)
2025-08-08T14:10:29:     at require (node:internal/modules/helpers:135:16)
2025-08-08T14:10:29:     at Object.<anonymous> (/var/www/orthodoxmetrics/prod/server/index.js:12:31)
2025-08-08T14:10:29:     at Module._compile (node:internal/modules/cjs/loader:1730:14)
2025-08-08T14:10:29:     at Object..js (node:internal/modules/cjs/loader:1895:10)
2025-08-08T14:10:29:     at Module.load (node:internal/modules/cjs/loader:1465:32)
2025-08-08T14:10:29:     at Function._load (node:internal/modules/cjs/loader:1282:12)
2025-08-08T14:10:29:     at Object.<anonymous> (/usr/lib/node_modules/pm2/lib/ProcessContainerFork.js:33:23)
2025-08-08T14:10:29:     at Module._compile (node:internal/modules/cjs/loader:1730:14) {
2025-08-08T14:10:29:   code: 'MODULE_NOT_FOUND',
2025-08-08T14:10:29:   requireStack: [ '/var/www/orthodoxmetrics/prod/server/index.js' ]
2025-08-08T14:10:29: }
2025-08-08T14:10:30: Error: Cannot find module './config/session'
2025-08-08T14:10:30: Require stack:
2025-08-08T14:10:30: - /var/www/orthodoxmetrics/prod/server/index.js
2025-08-08T14:10:30:     at Function._resolveFilename (node:internal/modules/cjs/loader:1401:15)
2025-08-08T14:10:30:     at Hook._require.Module.require (/usr/lib/node_modules/pm2/node_modules/require-in-the-middle/index.js:81:25)
2025-08-08T14:10:30:     at require (node:internal/modules/helpers:135:16)
2025-08-08T14:10:30:     at Object.<anonymous> (/var/www/orthodoxmetrics/prod/server/index.js:12:31)
2025-08-08T14:10:30:     at Module._compile (node:internal/modules/cjs/loader:1730:14)
2025-08-08T14:10:30:     at Object..js (node:internal/modules/cjs/loader:1895:10)
2025-08-08T14:10:30:     at Module.load (node:internal/modules/cjs/loader:1465:32)
2025-08-08T14:10:30:     at Function._load (node:internal/modules/cjs/loader:1282:12)
2025-08-08T14:10:30:     at Object.<anonymous> (/usr/lib/node_modules/pm2/lib/ProcessContainerFork.js:33:23)
2025-08-08T14:10:30:     at Module._compile (node:internal/modules/cjs/loader:1730:14) {
2025-08-08T14:10:30:   code: 'MODULE_NOT_FOUND',
2025-08-08T14:10:30:   requireStack: [ '/var/www/orthodoxmetrics/prod/server/index.js' ]
2025-08-08T14:10:30: }
2025-08-08T14:10:30: Error: Cannot find module './config/session'
2025-08-08T14:10:30: Require stack:
2025-08-08T14:10:30: - /var/www/orthodoxmetrics/prod/server/index.js
2025-08-08T14:10:30:     at Function._resolveFilename (node:internal/modules/cjs/loader:1401:15)
2025-08-08T14:10:30:     at Hook._require.Module.require (/usr/lib/node_modules/pm2/node_modules/require-in-the-middle/index.js:81:25)
2025-08-08T14:10:30:     at require (node:internal/modules/helpers:135:16)
2025-08-08T14:10:30:     at Object.<anonymous> (/var/www/orthodoxmetrics/prod/server/index.js:12:31)
2025-08-08T14:10:30:     at Module._compile (node:internal/modules/cjs/loader:1730:14)
2025-08-08T14:10:30:     at Object..js (node:internal/modules/cjs/loader:1895:10)
2025-08-08T14:10:30:     at Module.load (node:internal/modules/cjs/loader:1465:32)
2025-08-08T14:10:30:     at Function._load (node:internal/modules/cjs/loader:1282:12)
2025-08-08T14:10:30:     at Object.<anonymous> (/usr/lib/node_modules/pm2/lib/ProcessContainerFork.js:33:23)
2025-08-08T14:10:30:     at Module._compile (node:internal/modules/cjs/loader:1730:14) {
2025-08-08T14:10:30:   code: 'MODULE_NOT_FOUND',
2025-08-08T14:10:30:   requireStack: [ '/var/www/orthodoxmetrics/prod/server/index.js' ]
2025-08-08T14:10:30: }
2025-08-08T14:10:30: Error: Cannot find module './config/session'
2025-08-08T14:10:30: Require stack:
2025-08-08T14:10:30: - /var/www/orthodoxmetrics/prod/server/index.js
2025-08-08T14:10:30:     at Function._resolveFilename (node:internal/modules/cjs/loader:1401:15)
2025-08-08T14:10:30:     at Hook._require.Module.require (/usr/lib/node_modules/pm2/node_modules/require-in-the-middle/index.js:81:25)
2025-08-08T14:10:30:     at require (node:internal/modules/helpers:135:16)
2025-08-08T14:10:30:     at Object.<anonymous> (/var/www/orthodoxmetrics/prod/server/index.js:12:31)
2025-08-08T14:10:30:     at Module._compile (node:internal/modules/cjs/loader:1730:14)
2025-08-08T14:10:30:     at Object..js (node:internal/modules/cjs/loader:1895:10)
2025-08-08T14:10:30:     at Module.load (node:internal/modules/cjs/loader:1465:32)
2025-08-08T14:10:30:     at Function._load (node:internal/modules/cjs/loader:1282:12)
2025-08-08T14:10:30:     at Object.<anonymous> (/usr/lib/node_modules/pm2/lib/ProcessContainerFork.js:33:23)
2025-08-08T14:10:30:     at Module._compile (node:internal/modules/cjs/loader:1730:14) {
2025-08-08T14:10:30:   code: 'MODULE_NOT_FOUND',
2025-08-08T14:10:30:   requireStack: [ '/var/www/orthodoxmetrics/prod/server/index.js' ]
2025-08-08T14:10:30: }
2025-08-08T14:10:30: Error: Cannot find module './config/session'
2025-08-08T14:10:30: Require stack:
2025-08-08T14:10:30: - /var/www/orthodoxmetrics/prod/server/index.js
2025-08-08T14:10:30:     at Function._resolveFilename (node:internal/modules/cjs/loader:1401:15)
2025-08-08T14:10:30:     at Hook._require.Module.require (/usr/lib/node_modules/pm2/node_modules/require-in-the-middle/index.js:81:25)
2025-08-08T14:10:30:     at require (node:internal/modules/helpers:135:16)
2025-08-08T14:10:30:     at Object.<anonymous> (/var/www/orthodoxmetrics/prod/server/index.js:12:31)
2025-08-08T14:10:30:     at Module._compile (node:internal/modules/cjs/loader:1730:14)
2025-08-08T14:10:30:     at Object..js (node:internal/modules/cjs/loader:1895:10)
2025-08-08T14:10:30:     at Module.load (node:internal/modules/cjs/loader:1465:32)
2025-08-08T14:10:30:     at Function._load (node:internal/modules/cjs/loader:1282:12)
2025-08-08T14:10:30:     at Object.<anonymous> (/usr/lib/node_modules/pm2/lib/ProcessContainerFork.js:33:23)
2025-08-08T14:10:30:     at Module._compile (node:internal/modules/cjs/loader:1730:14) {
2025-08-08T14:10:30:   code: 'MODULE_NOT_FOUND',
2025-08-08T14:10:30:   requireStack: [ '/var/www/orthodoxmetrics/prod/server/index.js' ]
2025-08-08T14:10:30: }
2025-08-08T14:10:30: Error: Cannot find module './config/session'
2025-08-08T14:10:30: Require stack:
2025-08-08T14:10:30: - /var/www/orthodoxmetrics/prod/server/index.js
2025-08-08T14:10:30:     at Function._resolveFilename (node:internal/modules/cjs/loader:1401:15)
2025-08-08T14:10:30:     at Hook._require.Module.require (/usr/lib/node_modules/pm2/node_modules/require-in-the-middle/index.js:81:25)
2025-08-08T14:10:30:     at require (node:internal/modules/helpers:135:16)
2025-08-08T14:10:30:     at Object.<anonymous> (/var/www/orthodoxmetrics/prod/server/index.js:12:31)
2025-08-08T14:10:30:     at Module._compile (node:internal/modules/cjs/loader:1730:14)
2025-08-08T14:10:30:     at Object..js (node:internal/modules/cjs/loader:1895:10)
2025-08-08T14:10:30:     at Module.load (node:internal/modules/cjs/loader:1465:32)
2025-08-08T14:10:30:     at Function._load (node:internal/modules/cjs/loader:1282:12)
2025-08-08T14:10:30:     at Object.<anonymous> (/usr/lib/node_modules/pm2/lib/ProcessContainerFork.js:33:23)
2025-08-08T14:10:30:     at Module._compile (node:internal/modules/cjs/loader:1730:14) {
2025-08-08T14:10:30:   code: 'MODULE_NOT_FOUND',
2025-08-08T14:10:30:   requireStack: [ '/var/www/orthodoxmetrics/prod/server/index.js' ]
2025-08-08T14:10:30: }
2025-08-08T14:10:31: Error: Cannot find module './config/session'
2025-08-08T14:10:31: Require stack:
2025-08-08T14:10:31: - /var/www/orthodoxmetrics/prod/server/index.js
2025-08-08T14:10:31:     at Function._resolveFilename (node:internal/modules/cjs/loader:1401:15)
2025-08-08T14:10:31:     at Hook._require.Module.require (/usr/lib/node_modules/pm2/node_modules/require-in-the-middle/index.js:81:25)
2025-08-08T14:10:31:     at require (node:internal/modules/helpers:135:16)
2025-08-08T14:10:31:     at Object.<anonymous> (/var/www/orthodoxmetrics/prod/server/index.js:12:31)
2025-08-08T14:10:31:     at Module._compile (node:internal/modules/cjs/loader:1730:14)
2025-08-08T14:10:31:     at Object..js (node:internal/modules/cjs/loader:1895:10)
2025-08-08T14:10:31:     at Module.load (node:internal/modules/cjs/loader:1465:32)
2025-08-08T14:10:31:     at Function._load (node:internal/modules/cjs/loader:1282:12)
2025-08-08T14:10:31:     at Object.<anonymous> (/usr/lib/node_modules/pm2/lib/ProcessContainerFork.js:33:23)
2025-08-08T14:10:31:     at Module._compile (node:internal/modules/cjs/loader:1730:14) {
2025-08-08T14:10:31:   code: 'MODULE_NOT_FOUND',
2025-08-08T14:10:31:   requireStack: [ '/var/www/orthodoxmetrics/prod/server/index.js' ]
2025-08-08T14:10:31: }
2025-08-08T14:10:31: Error: Cannot find module './config/session'
2025-08-08T14:10:31: Require stack:
2025-08-08T14:10:31: - /var/www/orthodoxmetrics/prod/server/index.js
2025-08-08T14:10:31:     at Function._resolveFilename (node:internal/modules/cjs/loader:1401:15)
2025-08-08T14:10:31:     at Hook._require.Module.require (/usr/lib/node_modules/pm2/node_modules/require-in-the-middle/index.js:81:25)
2025-08-08T14:10:31:     at require (node:internal/modules/helpers:135:16)
2025-08-08T14:10:31:     at Object.<anonymous> (/var/www/orthodoxmetrics/prod/server/index.js:12:31)
2025-08-08T14:10:31:     at Module._compile (node:internal/modules/cjs/loader:1730:14)
2025-08-08T14:10:31:     at Object..js (node:internal/modules/cjs/loader:1895:10)
2025-08-08T14:10:31:     at Module.load (node:internal/modules/cjs/loader:1465:32)
2025-08-08T14:10:31:     at Function._load (node:internal/modules/cjs/loader:1282:12)
2025-08-08T14:10:31:     at Object.<anonymous> (/usr/lib/node_modules/pm2/lib/ProcessContainerFork.js:33:23)
2025-08-08T14:10:31:     at Module._compile (node:internal/modules/cjs/loader:1730:14) {
2025-08-08T14:10:31:   code: 'MODULE_NOT_FOUND',
2025-08-08T14:10:31:   requireStack: [ '/var/www/orthodoxmetrics/prod/server/index.js' ]
2025-08-08T14:10:31: }
