2025-08-15T12:53:26: 
2025-08-15T12:53:26: 🛑 Shutting down OMAI Background Service...
2025-08-15T12:53:27: 🚀 Starting OMAI Background Service...
2025-08-15T12:53:27: [MOCK] Orchestrator initialized
2025-08-15T12:53:27: [MOCK] Registering agent: OMAI Documentation Bot
2025-08-15T12:53:27: [MOCK] Registering agent: OMAI API Guardian
2025-08-15T12:53:27: [MOCK] Registering agent: Schema Sentinel
2025-08-15T12:53:27: [MOCK] Registering agent: OMAI Mediator
2025-08-15T12:53:27: [MOCK] Registering agent: OMAI Refactor
2025-08-15T12:53:28: ✅ OMAI Background Service started successfully
2025-08-15T12:53:28: 📊 Service will run scheduled tasks every 30 minutes
2025-08-15T13:11:32: 
2025-08-15T13:11:32: 🛑 Shutting down OMAI Background Service...
2025-08-15T13:11:33: 🚀 Starting OMAI Background Service...
2025-08-15T13:11:33: [MOCK] Orchestrator initialized
2025-08-15T13:11:33: [MOCK] Registering agent: OMAI Documentation Bot
2025-08-15T13:11:33: [MOCK] Registering agent: OMAI API Guardian
2025-08-15T13:11:33: [MOCK] Registering agent: Schema Sentinel
2025-08-15T13:11:33: [MOCK] Registering agent: OMAI Mediator
2025-08-15T13:11:33: [MOCK] Registering agent: OMAI Refactor
2025-08-15T13:11:34: ✅ OMAI Background Service started successfully
2025-08-15T13:11:34: 📊 Service will run scheduled tasks every 30 minutes
2025-08-15T13:13:47: 
2025-08-15T13:13:47: 🛑 Shutting down OMAI Background Service...
2025-08-15T13:13:47: 🚀 Starting OMAI Background Service...
2025-08-15T13:13:47: [MOCK] Orchestrator initialized
2025-08-15T13:13:47: [MOCK] Registering agent: OMAI Documentation Bot
2025-08-15T13:13:47: [MOCK] Registering agent: OMAI API Guardian
2025-08-15T13:13:47: [MOCK] Registering agent: Schema Sentinel
2025-08-15T13:13:47: [MOCK] Registering agent: OMAI Mediator
2025-08-15T13:13:47: [MOCK] Registering agent: OMAI Refactor
2025-08-15T13:13:48: ✅ OMAI Background Service started successfully
2025-08-15T13:13:48: 📊 Service will run scheduled tasks every 30 minutes
2025-08-15T13:19:54: 
2025-08-15T13:19:54: 🛑 Shutting down OMAI Background Service...
2025-08-15T13:19:54: 🚀 Starting OMAI Background Service...
2025-08-15T13:19:54: [MOCK] Orchestrator initialized
2025-08-15T13:19:54: [MOCK] Registering agent: OMAI Documentation Bot
2025-08-15T13:19:54: [MOCK] Registering agent: OMAI API Guardian
2025-08-15T13:19:54: [MOCK] Registering agent: Schema Sentinel
2025-08-15T13:19:54: [MOCK] Registering agent: OMAI Mediator
2025-08-15T13:19:54: [MOCK] Registering agent: OMAI Refactor
2025-08-15T13:19:55: ✅ OMAI Background Service started successfully
2025-08-15T13:19:55: 📊 Service will run scheduled tasks every 30 minutes
2025-08-15T13:21:26: 
2025-08-15T13:21:26: 🛑 Shutting down OMAI Background Service...
2025-08-15T13:21:26: 🚀 Starting OMAI Background Service...
2025-08-15T13:21:26: [MOCK] Orchestrator initialized
2025-08-15T13:21:26: [MOCK] Registering agent: OMAI Documentation Bot
2025-08-15T13:21:26: [MOCK] Registering agent: OMAI API Guardian
2025-08-15T13:21:26: [MOCK] Registering agent: Schema Sentinel
2025-08-15T13:21:26: [MOCK] Registering agent: OMAI Mediator
2025-08-15T13:21:26: [MOCK] Registering agent: OMAI Refactor
2025-08-15T13:21:27: ✅ OMAI Background Service started successfully
2025-08-15T13:21:27: 📊 Service will run scheduled tasks every 30 minutes
2025-08-15T13:25:06: 
2025-08-15T13:25:06: 🛑 Shutting down OMAI Background Service...
2025-08-15T13:25:06: 🚀 Starting OMAI Background Service...
2025-08-15T13:25:06: [MOCK] Orchestrator initialized
2025-08-15T13:25:06: [MOCK] Registering agent: OMAI Documentation Bot
2025-08-15T13:25:06: [MOCK] Registering agent: OMAI API Guardian
2025-08-15T13:25:06: [MOCK] Registering agent: Schema Sentinel
2025-08-15T13:25:06: [MOCK] Registering agent: OMAI Mediator
2025-08-15T13:25:06: [MOCK] Registering agent: OMAI Refactor
2025-08-15T13:25:07: ✅ OMAI Background Service started successfully
2025-08-15T13:25:07: 📊 Service will run scheduled tasks every 30 minutes
2025-08-15T13:26:12: 
2025-08-15T13:26:12: 🛑 Shutting down OMAI Background Service...
2025-08-15T13:26:12: 🚀 Starting OMAI Background Service...
2025-08-15T13:26:12: [MOCK] Orchestrator initialized
2025-08-15T13:26:12: [MOCK] Registering agent: OMAI Documentation Bot
2025-08-15T13:26:12: [MOCK] Registering agent: OMAI API Guardian
2025-08-15T13:26:12: [MOCK] Registering agent: Schema Sentinel
2025-08-15T13:26:12: [MOCK] Registering agent: OMAI Mediator
2025-08-15T13:26:12: [MOCK] Registering agent: OMAI Refactor
2025-08-15T13:26:13: ✅ OMAI Background Service started successfully
2025-08-15T13:26:13: 📊 Service will run scheduled tasks every 30 minutes
2025-08-15T13:30:22: 
2025-08-15T13:30:22: 🛑 Shutting down OMAI Background Service...
2025-08-15T13:30:22: 🚀 Starting OMAI Background Service...
2025-08-15T13:30:22: [MOCK] Orchestrator initialized
2025-08-15T13:30:22: [MOCK] Registering agent: OMAI Documentation Bot
2025-08-15T13:30:22: [MOCK] Registering agent: OMAI API Guardian
2025-08-15T13:30:22: [MOCK] Registering agent: Schema Sentinel
2025-08-15T13:30:22: [MOCK] Registering agent: OMAI Mediator
2025-08-15T13:30:22: [MOCK] Registering agent: OMAI Refactor
2025-08-15T13:30:23: ✅ OMAI Background Service started successfully
2025-08-15T13:30:23: 📊 Service will run scheduled tasks every 30 minutes
2025-08-15T13:33:35: 
2025-08-15T13:33:35: 🛑 Shutting down OMAI Background Service...
2025-08-15T13:33:35: 🚀 Starting OMAI Background Service...
2025-08-15T13:33:35: [MOCK] Orchestrator initialized
2025-08-15T13:33:35: [MOCK] Registering agent: OMAI Documentation Bot
2025-08-15T13:33:35: [MOCK] Registering agent: OMAI API Guardian
2025-08-15T13:33:35: [MOCK] Registering agent: Schema Sentinel
2025-08-15T13:33:35: [MOCK] Registering agent: OMAI Mediator
2025-08-15T13:33:35: [MOCK] Registering agent: OMAI Refactor
2025-08-15T13:33:36: ✅ OMAI Background Service started successfully
2025-08-15T13:33:36: 📊 Service will run scheduled tasks every 30 minutes
2025-08-15T13:38:24: 
2025-08-15T13:38:24: 🛑 Shutting down OMAI Background Service...
2025-08-15T13:38:24: 🚀 Starting OMAI Background Service...
2025-08-15T13:38:24: [MOCK] Orchestrator initialized
2025-08-15T13:38:24: [MOCK] Registering agent: OMAI Documentation Bot
2025-08-15T13:38:24: [MOCK] Registering agent: OMAI API Guardian
2025-08-15T13:38:24: [MOCK] Registering agent: Schema Sentinel
2025-08-15T13:38:24: [MOCK] Registering agent: OMAI Mediator
2025-08-15T13:38:24: [MOCK] Registering agent: OMAI Refactor
2025-08-15T13:38:25: ✅ OMAI Background Service started successfully
2025-08-15T13:38:25: 📊 Service will run scheduled tasks every 30 minutes
2025-08-15T13:40:02: 
2025-08-15T13:40:02: 🛑 Shutting down OMAI Background Service...
2025-08-15T13:40:03: 🚀 Starting OMAI Background Service...
2025-08-15T13:40:03: [MOCK] Orchestrator initialized
2025-08-15T13:40:03: [MOCK] Registering agent: OMAI Documentation Bot
2025-08-15T13:40:03: [MOCK] Registering agent: OMAI API Guardian
2025-08-15T13:40:03: [MOCK] Registering agent: Schema Sentinel
2025-08-15T13:40:03: [MOCK] Registering agent: OMAI Mediator
2025-08-15T13:40:03: [MOCK] Registering agent: OMAI Refactor
2025-08-15T13:40:04: ✅ OMAI Background Service started successfully
2025-08-15T13:40:04: 📊 Service will run scheduled tasks every 30 minutes
