2025-07-25T15:23:26: Error: Cannot find module './om-ai/orchestrator'
2025-07-25T15:23:26: Require stack:
2025-07-25T15:23:26: - /var/www/orthodox-church-mgmt/orthodoxmetrics/prod/server/services/omaiBackgroundService.js
2025-07-25T15:23:26:     at Function._resolveFilename (node:internal/modules/cjs/loader:1401:15)
2025-07-25T15:23:26:     at Hook._require.Module.require (/usr/lib/node_modules/pm2/node_modules/require-in-the-middle/index.js:81:25)
2025-07-25T15:23:26:     at require (node:internal/modules/helpers:135:16)
2025-07-25T15:23:26:     at Object.<anonymous> (/var/www/orthodox-church-mgmt/orthodoxmetrics/prod/server/services/omaiBackgroundService.js:1:30)
2025-07-25T15:23:26:     at Module._compile (node:internal/modules/cjs/loader:1730:14)
2025-07-25T15:23:26:     at Object..js (node:internal/modules/cjs/loader:1895:10)
2025-07-25T15:23:26:     at Module.load (node:internal/modules/cjs/loader:1465:32)
2025-07-25T15:23:26:     at Function._load (node:internal/modules/cjs/loader:1282:12)
2025-07-25T15:23:26:     at Object.<anonymous> (/usr/lib/node_modules/pm2/lib/ProcessContainerFork.js:33:23)
2025-07-25T15:23:26:     at Module._compile (node:internal/modules/cjs/loader:1730:14) {
2025-07-25T15:23:26:   code: 'MODULE_NOT_FOUND',
2025-07-25T15:23:26:   requireStack: [
2025-07-25T15:23:26:     '/var/www/orthodox-church-mgmt/orthodoxmetrics/prod/server/services/omaiBackgroundService.js'
2025-07-25T15:23:26:   ]
2025-07-25T15:23:26: }
2025-07-25T15:23:31: Error: Cannot find module './om-ai/orchestrator'
2025-07-25T15:23:31: Require stack:
2025-07-25T15:23:31: - /var/www/orthodox-church-mgmt/orthodoxmetrics/prod/server/services/omaiBackgroundService.js
2025-07-25T15:23:31:     at Function._resolveFilename (node:internal/modules/cjs/loader:1401:15)
2025-07-25T15:23:31:     at Hook._require.Module.require (/usr/lib/node_modules/pm2/node_modules/require-in-the-middle/index.js:81:25)
2025-07-25T15:23:31:     at require (node:internal/modules/helpers:135:16)
2025-07-25T15:23:31:     at Object.<anonymous> (/var/www/orthodox-church-mgmt/orthodoxmetrics/prod/server/services/omaiBackgroundService.js:1:30)
2025-07-25T15:23:31:     at Module._compile (node:internal/modules/cjs/loader:1730:14)
2025-07-25T15:23:31:     at Object..js (node:internal/modules/cjs/loader:1895:10)
2025-07-25T15:23:31:     at Module.load (node:internal/modules/cjs/loader:1465:32)
2025-07-25T15:23:31:     at Function._load (node:internal/modules/cjs/loader:1282:12)
2025-07-25T15:23:31:     at Object.<anonymous> (/usr/lib/node_modules/pm2/lib/ProcessContainerFork.js:33:23)
2025-07-25T15:23:31:     at Module._compile (node:internal/modules/cjs/loader:1730:14) {
2025-07-25T15:23:31:   code: 'MODULE_NOT_FOUND',
2025-07-25T15:23:31:   requireStack: [
2025-07-25T15:23:31:     '/var/www/orthodox-church-mgmt/orthodoxmetrics/prod/server/services/omaiBackgroundService.js'
2025-07-25T15:23:31:   ]
2025-07-25T15:23:31: }
2025-07-25T15:23:36: Error: Cannot find module './om-ai/orchestrator'
2025-07-25T15:23:36: Require stack:
2025-07-25T15:23:36: - /var/www/orthodox-church-mgmt/orthodoxmetrics/prod/server/services/omaiBackgroundService.js
2025-07-25T15:23:36:     at Function._resolveFilename (node:internal/modules/cjs/loader:1401:15)
2025-07-25T15:23:36:     at Hook._require.Module.require (/usr/lib/node_modules/pm2/node_modules/require-in-the-middle/index.js:81:25)
2025-07-25T15:23:36:     at require (node:internal/modules/helpers:135:16)
2025-07-25T15:23:36:     at Object.<anonymous> (/var/www/orthodox-church-mgmt/orthodoxmetrics/prod/server/services/omaiBackgroundService.js:1:30)
2025-07-25T15:23:36:     at Module._compile (node:internal/modules/cjs/loader:1730:14)
2025-07-25T15:23:36:     at Object..js (node:internal/modules/cjs/loader:1895:10)
2025-07-25T15:23:36:     at Module.load (node:internal/modules/cjs/loader:1465:32)
2025-07-25T15:23:36:     at Function._load (node:internal/modules/cjs/loader:1282:12)
2025-07-25T15:23:36:     at Object.<anonymous> (/usr/lib/node_modules/pm2/lib/ProcessContainerFork.js:33:23)
2025-07-25T15:23:36:     at Module._compile (node:internal/modules/cjs/loader:1730:14) {
2025-07-25T15:23:36:   code: 'MODULE_NOT_FOUND',
2025-07-25T15:23:36:   requireStack: [
2025-07-25T15:23:36:     '/var/www/orthodox-church-mgmt/orthodoxmetrics/prod/server/services/omaiBackgroundService.js'
2025-07-25T15:23:36:   ]
2025-07-25T15:23:36: }
2025-07-25T15:23:42: Error: Cannot find module './om-ai/orchestrator'
2025-07-25T15:23:42: Require stack:
2025-07-25T15:23:42: - /var/www/orthodox-church-mgmt/orthodoxmetrics/prod/server/services/omaiBackgroundService.js
2025-07-25T15:23:42:     at Function._resolveFilename (node:internal/modules/cjs/loader:1401:15)
2025-07-25T15:23:42:     at Hook._require.Module.require (/usr/lib/node_modules/pm2/node_modules/require-in-the-middle/index.js:81:25)
2025-07-25T15:23:42:     at require (node:internal/modules/helpers:135:16)
2025-07-25T15:23:42:     at Object.<anonymous> (/var/www/orthodox-church-mgmt/orthodoxmetrics/prod/server/services/omaiBackgroundService.js:1:30)
2025-07-25T15:23:42:     at Module._compile (node:internal/modules/cjs/loader:1730:14)
2025-07-25T15:23:42:     at Object..js (node:internal/modules/cjs/loader:1895:10)
2025-07-25T15:23:42:     at Module.load (node:internal/modules/cjs/loader:1465:32)
2025-07-25T15:23:42:     at Function._load (node:internal/modules/cjs/loader:1282:12)
2025-07-25T15:23:42:     at Object.<anonymous> (/usr/lib/node_modules/pm2/lib/ProcessContainerFork.js:33:23)
2025-07-25T15:23:42:     at Module._compile (node:internal/modules/cjs/loader:1730:14) {
2025-07-25T15:23:42:   code: 'MODULE_NOT_FOUND',
2025-07-25T15:23:42:   requireStack: [
2025-07-25T15:23:42:     '/var/www/orthodox-church-mgmt/orthodoxmetrics/prod/server/services/omaiBackgroundService.js'
2025-07-25T15:23:42:   ]
2025-07-25T15:23:42: }
2025-07-25T15:23:47: Error: Cannot find module './om-ai/orchestrator'
2025-07-25T15:23:47: Require stack:
2025-07-25T15:23:47: - /var/www/orthodox-church-mgmt/orthodoxmetrics/prod/server/services/omaiBackgroundService.js
2025-07-25T15:23:47:     at Function._resolveFilename (node:internal/modules/cjs/loader:1401:15)
2025-07-25T15:23:47:     at Hook._require.Module.require (/usr/lib/node_modules/pm2/node_modules/require-in-the-middle/index.js:81:25)
2025-07-25T15:23:47:     at require (node:internal/modules/helpers:135:16)
2025-07-25T15:23:47:     at Object.<anonymous> (/var/www/orthodox-church-mgmt/orthodoxmetrics/prod/server/services/omaiBackgroundService.js:1:30)
2025-07-25T15:23:47:     at Module._compile (node:internal/modules/cjs/loader:1730:14)
2025-07-25T15:23:47:     at Object..js (node:internal/modules/cjs/loader:1895:10)
2025-07-25T15:23:47:     at Module.load (node:internal/modules/cjs/loader:1465:32)
2025-07-25T15:23:47:     at Function._load (node:internal/modules/cjs/loader:1282:12)
2025-07-25T15:23:47:     at Object.<anonymous> (/usr/lib/node_modules/pm2/lib/ProcessContainerFork.js:33:23)
2025-07-25T15:23:47:     at Module._compile (node:internal/modules/cjs/loader:1730:14) {
2025-07-25T15:23:47:   code: 'MODULE_NOT_FOUND',
2025-07-25T15:23:47:   requireStack: [
2025-07-25T15:23:47:     '/var/www/orthodox-church-mgmt/orthodoxmetrics/prod/server/services/omaiBackgroundService.js'
2025-07-25T15:23:47:   ]
2025-07-25T15:23:47: }
2025-07-25T15:23:52: Error: Cannot find module './om-ai/orchestrator'
2025-07-25T15:23:52: Require stack:
2025-07-25T15:23:52: - /var/www/orthodox-church-mgmt/orthodoxmetrics/prod/server/services/omaiBackgroundService.js
2025-07-25T15:23:52:     at Function._resolveFilename (node:internal/modules/cjs/loader:1401:15)
2025-07-25T15:23:52:     at Hook._require.Module.require (/usr/lib/node_modules/pm2/node_modules/require-in-the-middle/index.js:81:25)
2025-07-25T15:23:52:     at require (node:internal/modules/helpers:135:16)
2025-07-25T15:23:52:     at Object.<anonymous> (/var/www/orthodox-church-mgmt/orthodoxmetrics/prod/server/services/omaiBackgroundService.js:1:30)
2025-07-25T15:23:52:     at Module._compile (node:internal/modules/cjs/loader:1730:14)
2025-07-25T15:23:52:     at Object..js (node:internal/modules/cjs/loader:1895:10)
2025-07-25T15:23:52:     at Module.load (node:internal/modules/cjs/loader:1465:32)
2025-07-25T15:23:52:     at Function._load (node:internal/modules/cjs/loader:1282:12)
2025-07-25T15:23:52:     at Object.<anonymous> (/usr/lib/node_modules/pm2/lib/ProcessContainerFork.js:33:23)
2025-07-25T15:23:52:     at Module._compile (node:internal/modules/cjs/loader:1730:14) {
2025-07-25T15:23:52:   code: 'MODULE_NOT_FOUND',
2025-07-25T15:23:52:   requireStack: [
2025-07-25T15:23:52:     '/var/www/orthodox-church-mgmt/orthodoxmetrics/prod/server/services/omaiBackgroundService.js'
2025-07-25T15:23:52:   ]
2025-07-25T15:23:52: }
2025-07-25T15:23:57: Error: Cannot find module './om-ai/orchestrator'
2025-07-25T15:23:57: Require stack:
2025-07-25T15:23:57: - /var/www/orthodox-church-mgmt/orthodoxmetrics/prod/server/services/omaiBackgroundService.js
2025-07-25T15:23:57:     at Function._resolveFilename (node:internal/modules/cjs/loader:1401:15)
2025-07-25T15:23:57:     at Hook._require.Module.require (/usr/lib/node_modules/pm2/node_modules/require-in-the-middle/index.js:81:25)
2025-07-25T15:23:57:     at require (node:internal/modules/helpers:135:16)
2025-07-25T15:23:57:     at Object.<anonymous> (/var/www/orthodox-church-mgmt/orthodoxmetrics/prod/server/services/omaiBackgroundService.js:1:30)
2025-07-25T15:23:57:     at Module._compile (node:internal/modules/cjs/loader:1730:14)
2025-07-25T15:23:57:     at Object..js (node:internal/modules/cjs/loader:1895:10)
2025-07-25T15:23:57:     at Module.load (node:internal/modules/cjs/loader:1465:32)
2025-07-25T15:23:57:     at Function._load (node:internal/modules/cjs/loader:1282:12)
2025-07-25T15:23:57:     at Object.<anonymous> (/usr/lib/node_modules/pm2/lib/ProcessContainerFork.js:33:23)
2025-07-25T15:23:57:     at Module._compile (node:internal/modules/cjs/loader:1730:14) {
2025-07-25T15:23:57:   code: 'MODULE_NOT_FOUND',
2025-07-25T15:23:57:   requireStack: [
2025-07-25T15:23:57:     '/var/www/orthodox-church-mgmt/orthodoxmetrics/prod/server/services/omaiBackgroundService.js'
2025-07-25T15:23:57:   ]
2025-07-25T15:23:57: }
2025-07-25T15:24:02: Error: Cannot find module '../../services/om-ai/orchestrator'
2025-07-25T15:24:02: Require stack:
2025-07-25T15:24:02: - /var/www/orthodox-church-mgmt/orthodoxmetrics/prod/server/services/omaiBackgroundService.js
2025-07-25T15:24:02:     at Function._resolveFilename (node:internal/modules/cjs/loader:1401:15)
2025-07-25T15:24:02:     at Hook._require.Module.require (/usr/lib/node_modules/pm2/node_modules/require-in-the-middle/index.js:81:25)
2025-07-25T15:24:02:     at require (node:internal/modules/helpers:135:16)
2025-07-25T15:24:02:     at Object.<anonymous> (/var/www/orthodox-church-mgmt/orthodoxmetrics/prod/server/services/omaiBackgroundService.js:1:30)
2025-07-25T15:24:02:     at Module._compile (node:internal/modules/cjs/loader:1730:14)
2025-07-25T15:24:02:     at Object..js (node:internal/modules/cjs/loader:1895:10)
2025-07-25T15:24:02:     at Module.load (node:internal/modules/cjs/loader:1465:32)
2025-07-25T15:24:02:     at Function._load (node:internal/modules/cjs/loader:1282:12)
2025-07-25T15:24:02:     at Object.<anonymous> (/usr/lib/node_modules/pm2/lib/ProcessContainerFork.js:33:23)
2025-07-25T15:24:02:     at Module._compile (node:internal/modules/cjs/loader:1730:14) {
2025-07-25T15:24:02:   code: 'MODULE_NOT_FOUND',
2025-07-25T15:24:02:   requireStack: [
2025-07-25T15:24:02:     '/var/www/orthodox-church-mgmt/orthodoxmetrics/prod/server/services/omaiBackgroundService.js'
2025-07-25T15:24:02:   ]
2025-07-25T15:24:02: }
2025-07-25T15:24:07: Error: Cannot find module '../../services/om-ai/orchestrator'
2025-07-25T15:24:07: Require stack:
2025-07-25T15:24:07: - /var/www/orthodox-church-mgmt/orthodoxmetrics/prod/server/services/omaiBackgroundService.js
2025-07-25T15:24:07:     at Function._resolveFilename (node:internal/modules/cjs/loader:1401:15)
2025-07-25T15:24:07:     at Hook._require.Module.require (/usr/lib/node_modules/pm2/node_modules/require-in-the-middle/index.js:81:25)
2025-07-25T15:24:07:     at require (node:internal/modules/helpers:135:16)
2025-07-25T15:24:07:     at Object.<anonymous> (/var/www/orthodox-church-mgmt/orthodoxmetrics/prod/server/services/omaiBackgroundService.js:1:30)
2025-07-25T15:24:07:     at Module._compile (node:internal/modules/cjs/loader:1730:14)
2025-07-25T15:24:07:     at Object..js (node:internal/modules/cjs/loader:1895:10)
2025-07-25T15:24:07:     at Module.load (node:internal/modules/cjs/loader:1465:32)
2025-07-25T15:24:07:     at Function._load (node:internal/modules/cjs/loader:1282:12)
2025-07-25T15:24:07:     at Object.<anonymous> (/usr/lib/node_modules/pm2/lib/ProcessContainerFork.js:33:23)
2025-07-25T15:24:07:     at Module._compile (node:internal/modules/cjs/loader:1730:14) {
2025-07-25T15:24:07:   code: 'MODULE_NOT_FOUND',
2025-07-25T15:24:07:   requireStack: [
2025-07-25T15:24:07:     '/var/www/orthodox-church-mgmt/orthodoxmetrics/prod/server/services/omaiBackgroundService.js'
2025-07-25T15:24:07:   ]
2025-07-25T15:24:07: }
2025-07-25T15:24:12: Error: Cannot find module '../../services/om-ai/orchestrator'
2025-07-25T15:24:12: Require stack:
2025-07-25T15:24:12: - /var/www/orthodox-church-mgmt/orthodoxmetrics/prod/server/services/omaiBackgroundService.js
2025-07-25T15:24:12:     at Function._resolveFilename (node:internal/modules/cjs/loader:1401:15)
2025-07-25T15:24:12:     at Hook._require.Module.require (/usr/lib/node_modules/pm2/node_modules/require-in-the-middle/index.js:81:25)
2025-07-25T15:24:12:     at require (node:internal/modules/helpers:135:16)
2025-07-25T15:24:12:     at Object.<anonymous> (/var/www/orthodox-church-mgmt/orthodoxmetrics/prod/server/services/omaiBackgroundService.js:1:30)
2025-07-25T15:24:12:     at Module._compile (node:internal/modules/cjs/loader:1730:14)
2025-07-25T15:24:12:     at Object..js (node:internal/modules/cjs/loader:1895:10)
2025-07-25T15:24:12:     at Module.load (node:internal/modules/cjs/loader:1465:32)
2025-07-25T15:24:12:     at Function._load (node:internal/modules/cjs/loader:1282:12)
2025-07-25T15:24:12:     at Object.<anonymous> (/usr/lib/node_modules/pm2/lib/ProcessContainerFork.js:33:23)
2025-07-25T15:24:12:     at Module._compile (node:internal/modules/cjs/loader:1730:14) {
2025-07-25T15:24:12:   code: 'MODULE_NOT_FOUND',
2025-07-25T15:24:12:   requireStack: [
2025-07-25T15:24:12:     '/var/www/orthodox-church-mgmt/orthodoxmetrics/prod/server/services/omaiBackgroundService.js'
2025-07-25T15:24:12:   ]
2025-07-25T15:24:12: }
