2025-07-30T03:15:03: 
2025-07-30T03:15:03: 🛑 Shutting down OMAI Background Service...
2025-07-30T03:15:04: [OMAI Orchestrator] Initialized with 5 agents
2025-07-30T03:15:04: 🚀 Starting OMAI Background Service...
2025-07-30T03:15:04: [OMAI Orchestrator] Initialized successfully
2025-07-30T03:15:04: [OMAI Orchestrator] Registered agent: OMAI Documentation Bot (documentation)
2025-07-30T03:15:04: [OMAI Orchestrator] Registered agent: OMAI API Guardian (api)
2025-07-30T03:15:04: [OMAI Orchestrator] Registered agent: Schema Sentinel (database)
2025-07-30T03:15:04: [OMAI Orchestrator] Registered agent: OMAI Mediator (coordination)
2025-07-30T03:15:04: [OMAI Orchestrator] Registered agent: OMAI Refactor (code)
2025-07-30T03:15:04: ✅ OMAI Background Service started successfully
2025-07-30T03:15:04: 📊 Service will run scheduled tasks every 30 minutes
2025-07-30T13:57:33: 
2025-07-30T13:57:33: 🛑 Shutting down OMAI Background Service...
2025-07-30T13:57:33: [OMAI Orchestrator] Initialized with 5 agents
2025-07-30T13:57:33: 🚀 Starting OMAI Background Service...
2025-07-30T13:57:33: [OMAI Orchestrator] Initialized successfully
2025-07-30T13:57:33: [OMAI Orchestrator] Registered agent: OMAI Documentation Bot (documentation)
2025-07-30T13:57:33: [OMAI Orchestrator] Registered agent: OMAI API Guardian (api)
2025-07-30T13:57:33: [OMAI Orchestrator] Registered agent: Schema Sentinel (database)
2025-07-30T13:57:33: [OMAI Orchestrator] Registered agent: OMAI Mediator (coordination)
2025-07-30T13:57:33: [OMAI Orchestrator] Registered agent: OMAI Refactor (code)
2025-07-30T13:57:34: ✅ OMAI Background Service started successfully
2025-07-30T13:57:34: 📊 Service will run scheduled tasks every 30 minutes
2025-07-30T14:55:44: 
2025-07-30T14:55:44: 🛑 Shutting down OMAI Background Service...
2025-07-30T14:55:44: [OMAI Orchestrator] Initialized with 5 agents
2025-07-30T14:55:44: 🚀 Starting OMAI Background Service...
2025-07-30T14:55:44: [OMAI Orchestrator] Initialized successfully
2025-07-30T14:55:44: [OMAI Orchestrator] Registered agent: OMAI Documentation Bot (documentation)
2025-07-30T14:55:44: [OMAI Orchestrator] Registered agent: OMAI API Guardian (api)
2025-07-30T14:55:44: [OMAI Orchestrator] Registered agent: Schema Sentinel (database)
2025-07-30T14:55:44: [OMAI Orchestrator] Registered agent: OMAI Mediator (coordination)
2025-07-30T14:55:44: [OMAI Orchestrator] Registered agent: OMAI Refactor (code)
2025-07-30T14:55:45: ✅ OMAI Background Service started successfully
2025-07-30T14:55:45: 📊 Service will run scheduled tasks every 30 minutes
2025-07-30T20:16:56: 
2025-07-30T20:16:56: 🛑 Shutting down OMAI Background Service...
2025-07-30T20:16:56: [OMAI Orchestrator] Initialized with 5 agents
2025-07-30T20:16:56: 🚀 Starting OMAI Background Service...
2025-07-30T20:16:56: [OMAI Orchestrator] Initialized successfully
2025-07-30T20:16:56: [OMAI Orchestrator] Registered agent: OMAI Documentation Bot (documentation)
2025-07-30T20:16:56: [OMAI Orchestrator] Registered agent: OMAI API Guardian (api)
2025-07-30T20:16:56: [OMAI Orchestrator] Registered agent: Schema Sentinel (database)
2025-07-30T20:16:56: [OMAI Orchestrator] Registered agent: OMAI Mediator (coordination)
2025-07-30T20:16:56: [OMAI Orchestrator] Registered agent: OMAI Refactor (code)
2025-07-30T20:16:57: ✅ OMAI Background Service started successfully
2025-07-30T20:16:57: 📊 Service will run scheduled tasks every 30 minutes
2025-07-30T20:36:31: 
2025-07-30T20:36:31: 🛑 Shutting down OMAI Background Service...
2025-07-30T20:36:31: [OMAI Orchestrator] Initialized with 5 agents
2025-07-30T20:36:31: 🚀 Starting OMAI Background Service...
2025-07-30T20:36:31: [OMAI Orchestrator] Initialized successfully
2025-07-30T20:36:31: [OMAI Orchestrator] Registered agent: OMAI Documentation Bot (documentation)
2025-07-30T20:36:31: [OMAI Orchestrator] Registered agent: OMAI API Guardian (api)
2025-07-30T20:36:31: [OMAI Orchestrator] Registered agent: Schema Sentinel (database)
2025-07-30T20:36:31: [OMAI Orchestrator] Registered agent: OMAI Mediator (coordination)
2025-07-30T20:36:31: [OMAI Orchestrator] Registered agent: OMAI Refactor (code)
2025-07-30T20:36:33: ✅ OMAI Background Service started successfully
2025-07-30T20:36:33: 📊 Service will run scheduled tasks every 30 minutes
2025-07-30T21:17:18: 
2025-07-30T21:17:18: 🛑 Shutting down OMAI Background Service...
2025-07-30T21:17:19: [OMAI Orchestrator] Initialized with 5 agents
2025-07-30T21:17:19: 🚀 Starting OMAI Background Service...
2025-07-30T21:17:19: [OMAI Orchestrator] Initialized successfully
2025-07-30T21:17:19: [OMAI Orchestrator] Registered agent: OMAI Documentation Bot (documentation)
2025-07-30T21:17:19: [OMAI Orchestrator] Registered agent: OMAI API Guardian (api)
2025-07-30T21:17:19: [OMAI Orchestrator] Registered agent: Schema Sentinel (database)
2025-07-30T21:17:19: [OMAI Orchestrator] Registered agent: OMAI Mediator (coordination)
2025-07-30T21:17:19: [OMAI Orchestrator] Registered agent: OMAI Refactor (code)
2025-07-30T21:17:19: ✅ OMAI Background Service started successfully
2025-07-30T21:17:19: 📊 Service will run scheduled tasks every 30 minutes
2025-07-30T22:11:35: 
2025-07-30T22:11:35: 🛑 Shutting down OMAI Background Service...
2025-07-30T22:11:35: [OMAI Orchestrator] Initialized with 5 agents
2025-07-30T22:11:35: 🚀 Starting OMAI Background Service...
2025-07-30T22:11:35: [OMAI Orchestrator] Initialized successfully
2025-07-30T22:11:35: [OMAI Orchestrator] Registered agent: OMAI Documentation Bot (documentation)
2025-07-30T22:11:35: [OMAI Orchestrator] Registered agent: OMAI API Guardian (api)
2025-07-30T22:11:35: [OMAI Orchestrator] Registered agent: Schema Sentinel (database)
2025-07-30T22:11:35: [OMAI Orchestrator] Registered agent: OMAI Mediator (coordination)
2025-07-30T22:11:35: [OMAI Orchestrator] Registered agent: OMAI Refactor (code)
2025-07-30T22:11:36: ✅ OMAI Background Service started successfully
2025-07-30T22:11:36: 📊 Service will run scheduled tasks every 30 minutes
2025-07-30T22:21:48: 
2025-07-30T22:21:48: 🛑 Shutting down OMAI Background Service...
2025-07-30T22:21:48: [OMAI Orchestrator] Initialized with 5 agents
2025-07-30T22:21:48: 🚀 Starting OMAI Background Service...
2025-07-30T22:21:48: [OMAI Orchestrator] Initialized successfully
2025-07-30T22:21:48: [OMAI Orchestrator] Registered agent: OMAI Documentation Bot (documentation)
2025-07-30T22:21:48: [OMAI Orchestrator] Registered agent: OMAI API Guardian (api)
2025-07-30T22:21:48: [OMAI Orchestrator] Registered agent: Schema Sentinel (database)
2025-07-30T22:21:48: [OMAI Orchestrator] Registered agent: OMAI Mediator (coordination)
2025-07-30T22:21:48: [OMAI Orchestrator] Registered agent: OMAI Refactor (code)
2025-07-30T22:21:49: ✅ OMAI Background Service started successfully
2025-07-30T22:21:49: 📊 Service will run scheduled tasks every 30 minutes
2025-07-30T22:56:18: 
2025-07-30T22:56:18: 🛑 Shutting down OMAI Background Service...
2025-07-30T22:56:19: [OMAI Orchestrator] Initialized with 5 agents
2025-07-30T22:56:19: 🚀 Starting OMAI Background Service...
2025-07-30T22:56:19: [OMAI Orchestrator] Initialized successfully
2025-07-30T22:56:19: [OMAI Orchestrator] Registered agent: OMAI Documentation Bot (documentation)
2025-07-30T22:56:19: [OMAI Orchestrator] Registered agent: OMAI API Guardian (api)
2025-07-30T22:56:19: [OMAI Orchestrator] Registered agent: Schema Sentinel (database)
2025-07-30T22:56:19: [OMAI Orchestrator] Registered agent: OMAI Mediator (coordination)
2025-07-30T22:56:19: [OMAI Orchestrator] Registered agent: OMAI Refactor (code)
2025-07-30T22:56:20: ✅ OMAI Background Service started successfully
2025-07-30T22:56:20: 📊 Service will run scheduled tasks every 30 minutes
2025-07-30T23:21:11: 
2025-07-30T23:21:11: 🛑 Shutting down OMAI Background Service...
