🔨 Starting full build...
💾 Memory limit: 4096MB

> orthodmetrics-dev@5.0.0 build
> rm -rf dist && NODE_OPTIONS="--max-old-space-size=4096" vite build --mode development

vite v5.4.19 building for development...
transforming...
✓ 24411 modules transformed.
rendering chunks...
computing gzip size...
dist/index.html                                         1.03 kB │ gzip:   0.49 kB
dist/assets/slick-BlzDm7g2.svg                          2.15 kB │ gzip:   0.91 kB
dist/assets/icon-jcb-BiH8noDC.svg                       4.14 kB │ gzip:   1.37 kB
dist/assets/ajax-loader-BcnMEykj.gif                    4.18 kB
dist/assets/badge-CerMfDh-.svg                          5.69 kB │ gzip:   2.57 kB
dist/assets/icon-paypal-DWtpZiXs.svg                    6.40 kB │ gzip:   2.70 kB
dist/assets/notification-left-2_Yv9Vj8.png              8.37 kB
dist/assets/icon-masetro-D44s4_5V.svg                  11.26 kB │ gzip:   4.26 kB
dist/assets/icon-american-express-B_xsz7Ck.svg         11.47 kB │ gzip:   2.74 kB
dist/assets/kanban-img-3-ssJ0_a70.jpg                  12.73 kB
dist/assets/maintenance-CfMGmwzy.svg                   14.17 kB │ gzip:   5.02 kB
dist/assets/icon-mastercard-DrcHVLc7.svg               14.84 kB │ gzip:   5.46 kB
dist/assets/kanban-img-4-PTG91fzz.jpg                  15.56 kB
dist/assets/icon-discover-DxtD4mT2.svg                 16.85 kB │ gzip:  11.38 kB
dist/assets/user-6-Bw2gSpv_.jpg                        18.06 kB
dist/assets/empty-shopping-cart-CHZGqwZ9.svg           18.88 kB │ gzip:   7.88 kB
dist/assets/user-9-DHqKCi1D.jpg                        20.36 kB
dist/assets/blog-img1-K0rz4l9I.jpg                     23.21 kB
dist/assets/user-4-C1-xBLNW.jpg                        24.34 kB
dist/assets/login-bg-mrVDfRMt.svg                      25.06 kB │ gzip:   8.40 kB
dist/assets/no-data-Bq09svW6.webp                      25.77 kB
dist/assets/user-5-TcGtWTp3.jpg                        26.11 kB
dist/assets/shape1-CR08Tnaz.png                        26.64 kB
dist/assets/user-10-BtaXUAQO.jpg                       27.04 kB
dist/assets/user-3-HJ3opN5n.jpg                        27.73 kB
dist/assets/user-7-DCxZE3Gx.jpg                        27.79 kB
dist/assets/user-8-Cq1OXq_B.jpg                        28.07 kB
dist/assets/blog-img9-vinYKez_.jpg                     28.13 kB
dist/assets/blog-img3-Bm_-cIcU.jpg                     28.22 kB
dist/assets/user-2-idGLMY7R.jpg                        29.52 kB
dist/assets/blog-img4-Ca_V6TFW.jpg                     30.67 kB
dist/assets/user-1-CznVQ9Sv.jpg                        30.95 kB
dist/assets/blog-img5-B4wevo59.jpg                     32.98 kB
dist/assets/blog-img6-oBPIlH_e.jpg                     34.03 kB
dist/assets/blog-img2-ivOQeDkv.jpg                     41.99 kB
dist/assets/blog-img8-DkC6Cqf1.jpg                     44.13 kB
dist/assets/blog-img10--LC0IBZ0.jpg                    45.80 kB
dist/assets/user1-Dw6YQ-Jt.jpg                         45.90 kB
dist/assets/user4-Ci9IJQWW.jpg                         47.04 kB
dist/assets/profilebg-CJ1342hs.jpg                     50.57 kB
dist/assets/user3-DU6XCHFg.jpg                         64.52 kB
dist/assets/page-pricing-JZyiixjx.jpg                  74.61 kB
dist/assets/user5-yJxNw9WD.jpg                         75.13 kB
dist/assets/s12-AsIGRrsG.jpg                           75.52 kB
dist/assets/app-invoice-BC2tiwHA.jpg                   76.62 kB
dist/assets/s7-CTzWdjv0.jpg                            78.23 kB
dist/assets/page-about-Dq0S_BHU.jpg                    79.21 kB
dist/assets/icon-diners-D-vvDvye.svg                   79.74 kB │ gzip:  29.18 kB
dist/assets/piggy-6rJKXHDU.png                         82.62 kB
dist/assets/s4-DZcRYgYm.jpg                            84.20 kB
dist/assets/page-portfolio-WgDs8pIm.jpg                84.68 kB
dist/assets/user2-CqkAL_Zp.jpg                         88.58 kB
dist/assets/s9-Oqnmwd8d.jpg                            89.95 kB
dist/assets/page-homepage-DAA2lQoI.jpg                 96.65 kB
dist/assets/s3-DmiOuX0y.jpg                            99.24 kB
dist/assets/s6-BHYP62n9.jpg                            99.25 kB
dist/assets/demo-firebase-Dydmvl3n.jpg                100.23 kB
dist/assets/app-kanban-BTFXtIo_.jpg                   105.28 kB
dist/assets/blog-img11-dXXLfT2D.jpg                   106.61 kB
dist/assets/emailSv-B2Hxq08K.png                      115.41 kB
dist/assets/bannerimg1-DUTQJQa_.svg                   116.80 kB │ gzip:  41.57 kB
dist/assets/s1-B75_wnOa.jpg                           117.36 kB
dist/assets/app-calendar-BnPb84n5.jpg                 118.81 kB
dist/assets/design-collection-CpWvv-Op.png            122.98 kB
dist/assets/s5-B_lonQNp.jpg                           124.28 kB
dist/assets/app-note-ajdQPj3s.jpg                     128.32 kB
dist/assets/welcome-bg2-Dl2clQ1z.png                  140.29 kB
dist/assets/app-contact-CWOqz3wJ.jpg                  141.62 kB
dist/assets/demo-minisidebar-BPoJvCNn.jpg             141.70 kB
dist/assets/bronze-Bqzw2DuX.png                       151.41 kB
dist/assets/silver-DzpKm6Yk.png                       152.69 kB
dist/assets/app-chat-z4zewgBu.jpg                     154.92 kB
dist/assets/payment-D7mW5ne7.svg                      155.53 kB │ gzip:  44.84 kB
dist/assets/gold-rJ6Z4wQu.png                         159.38 kB
dist/assets/app-email-DXQDf5bt.jpg                    160.06 kB
dist/assets/s2-B3RBlll0.jpg                           160.77 kB
dist/assets/demo-horizontal-y1AH9yXP.jpg              162.07 kB
dist/assets/demo-dark-BbFsZ0hi.jpg                    181.02 kB
dist/assets/app-ecommerce-checkout-W1SMVY1l.jpg       181.87 kB
dist/assets/demo-rtl-D6X3VyUE.jpg                     190.00 kB
dist/assets/demo-main-BAJf1Nh6.jpg                    202.70 kB
dist/assets/bannerimg2-DZx-ofFl.svg                   212.02 kB │ gzip:  90.71 kB
dist/assets/app-ecommerce-list-CaFig0yb.jpg           217.99 kB
dist/assets/s10-Em05_XK3.jpg                          226.17 kB
dist/assets/s11-DIHYzUGF.jpg                          231.62 kB
dist/assets/app-ticket-CJ3IudAV.jpg                   300.73 kB
dist/assets/app-ecommerce-detail-Dv5jDwPy.jpg         357.96 kB
dist/assets/c2a-BnoUzMMO.png                          373.58 kB
dist/assets/app-blog-detail-BtM5_F-A.jpg              383.62 kB
dist/assets/app-user-profile-CUG3FC1S.jpg             404.96 kB
dist/assets/app-blog-D2PHcfbU.jpg                     436.15 kB
dist/assets/s8-nGimiBoG.jpg                           463.79 kB
dist/assets/app-ecommerce-shop-BaxliPHK.jpg           465.23 kB
dist/assets/slider-group-CLng6XlW.png                 622.45 kB
dist/assets/payment-complete-DSdB1mDO.gif           2,110.52 kB
dist/assets/TiptapEdit-Ogx_9NzF.css                     0.06 kB │ gzip:   0.08 kB
dist/assets/About-BOpagkB2.css                          0.12 kB │ gzip:   0.10 kB
dist/assets/EcommerceDetail-BdBlZEXP.css                0.21 kB │ gzip:   0.16 kB
dist/assets/Landingpage-BS8XytCk.css                    0.26 kB │ gzip:   0.16 kB
dist/assets/slick-C7ZGYivr.css                          1.52 kB │ gzip:   0.53 kB
dist/assets/Scrollbar-Cy7KYhN2.css                      3.18 kB │ gzip:   0.90 kB
dist/assets/JITTerminal-BXKNkDff.css                    5.79 kB │ gzip:   2.08 kB
dist/assets/EnhancedPageEditor-S7TsZXNU.css             7.05 kB │ gzip:   1.64 kB
dist/assets/SiteEditor-D8jr-T9K.css                     7.25 kB │ gzip:   1.77 kB
dist/assets/slick-theme-C2007rDS.css                   12.96 kB │ gzip:   3.62 kB
dist/assets/Calendar-C4UrcmpX.css                      16.54 kB │ gzip:   3.39 kB
dist/assets/quill-DqKRdbjz.css                         24.76 kB │ gzip:   3.66 kB
dist/assets/index-dJQ7WNxT.css                        155.06 kB │ gzip:  21.86 kB
dist/assets/SSPPOCRecordsPage-BQ-aJiXj.css            404.00 kB │ gzip:  73.30 kB
dist/assets/s3-BJGj42_p.js                              0.10 kB │ gzip:   0.12 kB │ map:     0.20 kB
dist/assets/s4-4ruAmlRf.js                              0.10 kB │ gzip:   0.12 kB │ map:     0.20 kB
dist/assets/s7-mj8nAXS8.js                              0.10 kB │ gzip:   0.12 kB │ map:     0.20 kB
dist/assets/gold-D7lR4mEI.js                            0.11 kB │ gzip:   0.12 kB │ map:     0.20 kB
dist/assets/user-1-BDBrDJAj.js                          0.11 kB │ gzip:   0.12 kB │ map:     0.20 kB
dist/assets/user-2-VaQDdc5n.js                          0.11 kB │ gzip:   0.12 kB │ map:     0.20 kB
dist/assets/user-3-CUSUi0S7.js                          0.11 kB │ gzip:   0.12 kB │ map:     0.20 kB
dist/assets/user-4-DLP7aw8Y.js                          0.11 kB │ gzip:   0.12 kB │ map:     0.20 kB
dist/assets/user-5-Cv9eVyXs.js                          0.11 kB │ gzip:   0.12 kB │ map:     0.20 kB
dist/assets/blog-img1-CGl6LhN1.js                       0.11 kB │ gzip:   0.12 kB │ map:     0.21 kB
dist/assets/user-6-D_rs8gnu.js                          0.11 kB │ gzip:   0.12 kB │ map:     0.20 kB
dist/assets/login-bg-BVHxHeUS.js                        0.15 kB │ gzip:   0.15 kB │ map:     0.21 kB
dist/assets/s9-Dx5dyMOd.js                              0.15 kB │ gzip:   0.14 kB │ map:     0.30 kB
dist/assets/s2-BP7kKbfW.js                              0.15 kB │ gzip:   0.14 kB │ map:     0.30 kB
dist/assets/s11-D7zYPVJb.js                             0.15 kB │ gzip:   0.14 kB │ map:     0.30 kB
dist/assets/user-8-BRrYEY_a.js                          0.17 kB │ gzip:   0.15 kB │ map:     0.31 kB
dist/assets/empty-shopping-cart-D0bfUDbZ.js             0.17 kB │ gzip:   0.16 kB │ map:     0.23 kB
dist/assets/maintenance-CIF4kYEd.js                     0.17 kB │ gzip:   0.15 kB │ map:     0.22 kB
dist/assets/index-CDaDYhQv.js                           0.19 kB │ gzip:   0.17 kB │ map:     0.37 kB
dist/assets/clamp-Da5ZmeGW.js                           0.20 kB │ gzip:   0.18 kB │ map:     0.47 kB
dist/assets/Stop-CT6aUSI_.js                            0.27 kB │ gzip:   0.22 kB │ map:     0.48 kB
dist/assets/PlayArrow-BAfLZHEw.js                       0.28 kB │ gzip:   0.23 kB │ map:     0.49 kB
dist/assets/blog-img5-Bn0ssJ8o.js                       0.28 kB │ gzip:   0.19 kB │ map:     0.52 kB
dist/assets/visuallyHidden-DqWXUGfH.js                  0.29 kB │ gzip:   0.22 kB │ map:     0.63 kB
dist/assets/visuallyHidden-n5ojS7mv.js                  0.29 kB │ gzip:   0.21 kB │ map:     0.60 kB
dist/assets/Home-BwbXi11U.js                            0.29 kB │ gzip:   0.24 kB │ map:     0.50 kB
dist/assets/Upload-BiIL3gEG.js                          0.29 kB │ gzip:   0.24 kB │ map:     0.51 kB
dist/assets/Send-Cif_9T0m.js                            0.29 kB │ gzip:   0.24 kB │ map:     0.50 kB
dist/assets/Menu-DWoiiCli.js                            0.29 kB │ gzip:   0.24 kB │ map:     0.51 kB
dist/assets/GetApp-HIeRNJpl.js                          0.30 kB │ gzip:   0.24 kB │ map:     0.51 kB
dist/assets/arrayUtils-u0t-H2jj.js                      0.30 kB │ gzip:   0.23 kB │ map:     4.16 kB
dist/assets/Download-B63S97rQ.js                        0.30 kB │ gzip:   0.24 kB │ map:     0.51 kB
dist/assets/Check-DmGGg4I8.js                           0.31 kB │ gzip:   0.25 kB │ map:     0.52 kB
dist/assets/Warning-DRwM85h9.js                         0.31 kB │ gzip:   0.24 kB │ map:     0.52 kB
dist/assets/FilterList-CviEuohU.js                      0.31 kB │ gzip:   0.25 kB │ map:     0.52 kB
dist/assets/usePreviousProps-CxaMmsrR.js                0.31 kB │ gzip:   0.21 kB │ map:     0.64 kB
dist/assets/ExpandLess-DgkyILM_.js                      0.32 kB │ gzip:   0.25 kB │ map:     0.53 kB
dist/assets/ExpandMore-3gpRsDxQ.js                      0.32 kB │ gzip:   0.25 kB │ map:     0.53 kB
dist/assets/Dashboard-FpPzDAjT.js                       0.32 kB │ gzip:   0.25 kB │ map:     0.53 kB
dist/assets/School-DCIG5XAd.js                          0.32 kB │ gzip:   0.26 kB │ map:     0.53 kB
dist/assets/useThemeProps-BgcUDu1P.js                   0.32 kB │ gzip:   0.22 kB │ map:     0.69 kB
dist/assets/getValidReactChildren-ypU3THz1.js           0.32 kB │ gzip:   0.23 kB │ map:     0.73 kB
dist/assets/Code-DQC7Y7Ug.js                            0.33 kB │ gzip:   0.26 kB │ map:     0.54 kB
dist/assets/tiny-invariant-BnZYjK3C.js                  0.33 kB │ gzip:   0.23 kB │ map:     0.84 kB
dist/assets/ArrowBack-C7V6TB-P.js                       0.33 kB │ gzip:   0.26 kB │ map:     0.54 kB
dist/assets/Delete-DJvxcAZe.js                          0.33 kB │ gzip:   0.27 kB │ map:     0.54 kB
dist/assets/Storage-ErzdVxwp.js                         0.34 kB │ gzip:   0.26 kB │ map:     0.55 kB
dist/assets/Star-BYp02nXj.js                            0.34 kB │ gzip:   0.27 kB │ map:     0.55 kB
dist/assets/ViewList-DnLq-LSx.js                        0.34 kB │ gzip:   0.26 kB │ map:     0.55 kB
dist/assets/Info-Bwm5Ffcl.js                            0.34 kB │ gzip:   0.27 kB │ map:     0.56 kB
dist/assets/TrendingUp-lJxTNsGq.js                      0.34 kB │ gzip:   0.26 kB │ map:     0.56 kB
dist/assets/AccountBalance-B5lqpYuQ.js                  0.35 kB │ gzip:   0.27 kB │ map:     0.57 kB
dist/assets/Folder-B1eXNc8b.js                          0.35 kB │ gzip:   0.27 kB │ map:     0.56 kB
dist/assets/Error-BE1as5iZ.js                           0.35 kB │ gzip:   0.27 kB │ map:     0.56 kB
dist/assets/index-ByrnLXf_.js                           0.35 kB │ gzip:   0.21 kB │ map:     0.71 kB
dist/assets/Close-D7zbq69R.js                           0.36 kB │ gzip:   0.26 kB │ map:     0.57 kB
dist/assets/Clear-Zi44E2Gv.js                           0.36 kB │ gzip:   0.26 kB │ map:     0.57 kB
dist/assets/Email-BMSLJqby.js                           0.36 kB │ gzip:   0.28 kB │ map:     0.57 kB
dist/assets/Smartphone-D2__NnK1.js                      0.37 kB │ gzip:   0.28 kB │ map:     0.58 kB
dist/assets/Person-RFp6GSuJ.js                          0.37 kB │ gzip:   0.28 kB │ map:     0.58 kB
dist/assets/Image-CSoy05E-.js                           0.37 kB │ gzip:   0.28 kB │ map:     0.58 kB
dist/assets/now-VdcHix1e.js                             0.37 kB │ gzip:   0.24 kB │ map:     0.81 kB
dist/assets/Computer-8WPZSDxG.js                        0.37 kB │ gzip:   0.29 kB │ map:     0.58 kB
dist/assets/Comment-BTz9RkMZ.js                         0.37 kB │ gzip:   0.29 kB │ map:     0.58 kB
dist/assets/Launch-C9OMGuA9.js                          0.38 kB │ gzip:   0.30 kB │ map:     0.60 kB
dist/assets/Web-Dm4dwQiO.js                             0.38 kB │ gzip:   0.29 kB │ map:     0.58 kB
dist/assets/RestoreFromTrash-0RVLjHUJ.js                0.38 kB │ gzip:   0.29 kB │ map:     0.60 kB
dist/assets/CalendarToday-BoyaIwKv.js                   0.38 kB │ gzip:   0.29 kB │ map:     0.60 kB
dist/assets/Article-BPmCDaER.js                         0.38 kB │ gzip:   0.28 kB │ map:     0.59 kB
dist/assets/Security-DDKgx8Rh.js                        0.38 kB │ gzip:   0.30 kB │ map:     0.59 kB
dist/assets/Edit-Bbh4pv2H.js                            0.38 kB │ gzip:   0.29 kB │ map:     0.60 kB
dist/assets/index-B_7ckZbB.js                           0.39 kB │ gzip:   0.25 kB │ map:     1.32 kB
dist/assets/ViewModule-fgl6WW5k.js                      0.39 kB │ gzip:   0.29 kB │ map:     0.59 kB
dist/assets/ContentCopy-Cb-dMHjW.js                     0.39 kB │ gzip:   0.29 kB │ map:     0.61 kB
dist/assets/VerifiedUser-bg0yr7QP.js                    0.39 kB │ gzip:   0.29 kB │ map:     0.60 kB
dist/assets/Assessment-DO37ln3Z.js                      0.39 kB │ gzip:   0.29 kB │ map:     0.60 kB
dist/assets/CheckCircle-CwZl09Ny.js                     0.39 kB │ gzip:   0.28 kB │ map:     0.60 kB
dist/assets/Description-BCzgunbF.js                     0.39 kB │ gzip:   0.29 kB │ map:     0.60 kB
dist/assets/Analytics-DE0A7pM_.js                       0.40 kB │ gzip:   0.29 kB │ map:     0.61 kB
dist/assets/MoreVert-CjW3HtT0.js                        0.40 kB │ gzip:   0.26 kB │ map:     0.62 kB
dist/assets/QuestionAnswer-CsPMHJIq.js                  0.40 kB │ gzip:   0.29 kB │ map:     0.62 kB
dist/assets/typeof-WJl3ipnu.js                          0.41 kB │ gzip:   0.23 kB │ map:     0.81 kB
dist/assets/ThemeContext-BPHEQwXK.js                    0.42 kB │ gzip:   0.27 kB │ map:    15.08 kB
dist/assets/Terminal-DK32safZ.js                        0.42 kB │ gzip:   0.32 kB │ map:     0.63 kB
dist/assets/Build-BOYe6ZPI.js                           0.42 kB │ gzip:   0.31 kB │ map:     0.64 kB
dist/assets/isEqual-BFYthvZL.js                         0.42 kB │ gzip:   0.27 kB │ map:     1.29 kB
dist/assets/LocationOn-De5EmrLc.js                      0.42 kB │ gzip:   0.30 kB │ map:     0.64 kB
dist/assets/Cancel-Cq5iDDMJ.js                          0.43 kB │ gzip:   0.29 kB │ map:     0.64 kB
dist/assets/Timer-CugmeCoO.js                           0.43 kB │ gzip:   0.32 kB │ map:     0.64 kB
dist/assets/Favorite-DBCDx7Ey.js                        0.43 kB │ gzip:   0.32 kB │ map:     0.64 kB
dist/assets/Church-2acYoSny.js                          0.43 kB │ gzip:   0.32 kB │ map:     0.65 kB
dist/assets/Backup-BQklI0Or.js                          0.44 kB │ gzip:   0.33 kB │ map:     0.65 kB
dist/assets/Business-CQg5INFU.js                        0.44 kB │ gzip:   0.29 kB │ map:     0.65 kB
dist/assets/Notifications-DoxZBv9k.js                   0.44 kB │ gzip:   0.32 kB │ map:     0.65 kB
dist/assets/Memory-DXCq41el.js                          0.44 kB │ gzip:   0.32 kB │ map:     0.66 kB
dist/assets/CloudUpload-Cm6ASnNe.js                     0.46 kB │ gzip:   0.33 kB │ map:     0.66 kB
dist/assets/CloudDownload-9WHhYecj.js                   0.46 kB │ gzip:   0.33 kB │ map:     0.67 kB
dist/assets/Receipt-fxoCTqc5.js                         0.47 kB │ gzip:   0.29 kB │ map:     0.68 kB
dist/assets/Visibility-tQxd6ASp.js                      0.47 kB │ gzip:   0.33 kB │ map:     0.69 kB
dist/assets/IconMinus-DXU_5wUT.js                       0.47 kB │ gzip:   0.33 kB │ map:     0.85 kB
dist/assets/History-BUTk-EBw.js                         0.48 kB │ gzip:   0.35 kB │ map:     0.70 kB
dist/assets/IconCheck-Mpqzx1Nq.js                       0.48 kB │ gzip:   0.33 kB │ map:     0.86 kB
dist/assets/index-Cz7VnVI4.js                           0.48 kB │ gzip:   0.27 kB │ map:     2.19 kB
dist/assets/Speed-azl2gPXs.js                           0.48 kB │ gzip:   0.33 kB │ map:     0.69 kB
dist/assets/Archive-CEJx9H4p.js                         0.48 kB │ gzip:   0.36 kB │ map:     0.69 kB
dist/assets/Assignment-BQQmq25D.js                      0.48 kB │ gzip:   0.35 kB │ map:     0.70 kB
dist/assets/Search-CIO70NQ4.js                          0.49 kB │ gzip:   0.33 kB │ map:     0.70 kB
dist/assets/IconChevronUp-xQfcFhIQ.js                   0.50 kB │ gzip:   0.34 kB │ map:     0.89 kB
dist/assets/IconCross-Cbwt3ko6.js                       0.50 kB │ gzip:   0.35 kB │ map:     0.88 kB
dist/assets/IconActivity-CjOfiwQI.js                    0.50 kB │ gzip:   0.34 kB │ map:     0.89 kB
dist/assets/CustomSelect-BuZ5wRnF.js                    0.50 kB │ gzip:   0.35 kB │ map:     0.60 kB
dist/assets/IconPoint-CmA1fNPY.js                       0.50 kB │ gzip:   0.34 kB │ map:     0.88 kB
dist/assets/IconPlayerPlay-CH0CQme0.js                  0.50 kB │ gzip:   0.34 kB │ map:     0.89 kB
dist/assets/IconX-BGKOEv9A.js                           0.50 kB │ gzip:   0.34 kB │ map:     0.93 kB
dist/assets/index-CUE3MWTn.js                           0.50 kB │ gzip:   0.31 kB │ map:     1.67 kB
dist/assets/IconChevronDown-RHm1VqEZ.js                 0.51 kB │ gzip:   0.34 kB │ map:     0.90 kB
dist/assets/IconCircle-D2Ytohz7.js                      0.51 kB │ gzip:   0.34 kB │ map:     0.89 kB
dist/assets/IconPlus-Qw7YB3NE.js                        0.52 kB │ gzip:   0.35 kB │ map:     0.95 kB
dist/assets/listItemButtonClasses-DnQ1SwO3.js           0.52 kB │ gzip:   0.29 kB │ map:     0.84 kB
dist/assets/Schedule-BDmRLtrw.js                        0.52 kB │ gzip:   0.33 kB │ map:     0.79 kB
dist/assets/Route-DBOAP7Sd.js                           0.53 kB │ gzip:   0.37 kB │ map:     0.75 kB
dist/assets/IconHeart-BiRE3-tF.js                       0.54 kB │ gzip:   0.36 kB │ map:     0.92 kB
dist/assets/IconTerminal-E5ym6v1O.js                    0.54 kB │ gzip:   0.35 kB │ map:     0.98 kB
dist/assets/Group-CNtXUi5a.js                           0.54 kB │ gzip:   0.35 kB │ map:     0.75 kB
dist/assets/People-zIlPS0g7.js                          0.55 kB │ gzip:   0.35 kB │ map:     0.76 kB
dist/assets/IconClock-G7r1KhjO.js                       0.55 kB │ gzip:   0.36 kB │ map:     0.98 kB
dist/assets/Extension-CyCBH4ML.js                       0.56 kB │ gzip:   0.37 kB │ map:     0.77 kB
dist/assets/IconHistory-u-ukAOB5.js                     0.56 kB │ gzip:   0.37 kB │ map:     1.00 kB
dist/assets/IconSearch-CTJKIY_H.js                      0.56 kB │ gzip:   0.37 kB │ map:     1.00 kB
dist/assets/IconArrowUpRight-B-qnMcpi.js                0.56 kB │ gzip:   0.36 kB │ map:     1.02 kB
dist/assets/IconStar-UIU6UyzS.js                        0.56 kB │ gzip:   0.39 kB │ map:     0.94 kB
dist/assets/IconPhone-Dlu1oCsK.js                       0.56 kB │ gzip:   0.38 kB │ map:     0.94 kB
dist/assets/IconMenu2-DkeMJ8lV.js                       0.57 kB │ gzip:   0.35 kB │ map:     1.05 kB
dist/assets/index-G_phj4t_.js                           0.57 kB │ gzip:   0.29 kB │ map:     2.69 kB
dist/assets/IconFilter-Bbxy2VCN.js                      0.57 kB │ gzip:   0.39 kB │ map:     0.95 kB
dist/assets/IconUser-CeuMob3e.js                        0.57 kB │ gzip:   0.36 kB │ map:     1.00 kB
dist/assets/IconCode-BK4atl8q.js                        0.57 kB │ gzip:   0.35 kB │ map:     1.06 kB
dist/assets/IconPencil-B2J3EPU_.js                      0.57 kB │ gzip:   0.37 kB │ map:     1.01 kB
dist/assets/IconArrowBackUp-DNlCU_uA.js                 0.57 kB │ gzip:   0.37 kB │ map:     1.03 kB
dist/assets/LastPage-CUAXOs6d.js                        0.58 kB │ gzip:   0.33 kB │ map:     1.14 kB
dist/assets/KeyboardArrowRight-DZbKufOz.js              0.58 kB │ gzip:   0.32 kB │ map:     1.18 kB
dist/assets/useItemHighlightedGetter-DIR3e-52.js        0.58 kB │ gzip:   0.29 kB │ map:     1.38 kB
dist/assets/IconSend-D5DQ8_uo.js                        0.58 kB │ gzip:   0.38 kB │ map:     1.02 kB
dist/assets/IconMail-Dhs9K-GU.js                        0.59 kB │ gzip:   0.37 kB │ map:     1.02 kB
dist/assets/IconCheckbox-CFBYJ_jy.js                    0.59 kB │ gzip:   0.38 kB │ map:     1.04 kB
dist/assets/Preview-Bry784yh.js                         0.60 kB │ gzip:   0.39 kB │ map:     0.81 kB
dist/assets/IconArrowRight-mYqW71iS.js                  0.60 kB │ gzip:   0.36 kB │ map:     1.09 kB
dist/assets/IconBell-BJXBxX1U.js                        0.61 kB │ gzip:   0.39 kB │ map:     1.04 kB
dist/assets/CustomSlider-C95Jyg9w.js                    0.61 kB │ gzip:   0.33 kB │ map:     1.13 kB
dist/assets/IconEye-BZaujEcP.js                         0.61 kB │ gzip:   0.40 kB │ map:     1.04 kB
dist/assets/IconUpload-DG3JBdF8.js                      0.61 kB │ gzip:   0.38 kB │ map:     1.10 kB
dist/assets/emailSv-Ctgt_edu.js                         0.61 kB │ gzip:   0.40 kB │ map:     1.04 kB
dist/assets/NotificationsOff-Bog0z_dT.js                0.62 kB │ gzip:   0.41 kB │ map:     0.83 kB
dist/assets/IconDownload-Ni9915vq.js                    0.62 kB │ gzip:   0.38 kB │ map:     1.11 kB
dist/assets/IconMapPin-BwCskRnt.js                      0.62 kB │ gzip:   0.40 kB │ map:     1.06 kB
dist/assets/IconInfoCircle-C4Z915cX.js                  0.62 kB │ gzip:   0.38 kB │ map:     1.12 kB
dist/assets/IconAlertCircle-kjx-OHlA.js                 0.62 kB │ gzip:   0.37 kB │ map:     1.12 kB
dist/assets/IconDeviceLaptop-DUzaP7Cz.js                0.62 kB │ gzip:   0.38 kB │ map:     1.08 kB
dist/assets/IconHelp-ozdX-02K.js                        0.64 kB │ gzip:   0.39 kB │ map:     1.12 kB
dist/assets/IconDatabase-DuZg_dXC.js                    0.64 kB │ gzip:   0.37 kB │ map:     1.14 kB
dist/assets/Api-Buod0-qQ.js                             0.65 kB │ gzip:   0.37 kB │ map:     1.08 kB
dist/assets/IconMessage-n4v5eupw.js                     0.65 kB │ gzip:   0.39 kB │ map:     1.14 kB
dist/assets/IconDots-B0JGiMR8.js                        0.65 kB │ gzip:   0.36 kB │ map:     1.14 kB
dist/assets/IconNotebook-CCc714Pr.js                    0.66 kB │ gzip:   0.39 kB │ map:     1.15 kB
dist/assets/IconMessage2-B81aMrcg.js                    0.66 kB │ gzip:   0.39 kB │ map:     1.15 kB
dist/assets/IconUserPlus-7LadJyRR.js                    0.67 kB │ gzip:   0.39 kB │ map:     1.22 kB
dist/assets/IconDeviceMobile-BTku0Pad.js                0.67 kB │ gzip:   0.39 kB │ map:     1.17 kB
dist/assets/IconEdit-BOHgzjAO.js                        0.67 kB │ gzip:   0.41 kB │ map:     1.16 kB
dist/assets/IconLock-BRpDqqp6.js                        0.67 kB │ gzip:   0.41 kB │ map:     1.16 kB
dist/assets/IconClipboard-yEgYH-OM.js                   0.68 kB │ gzip:   0.39 kB │ map:     1.12 kB
dist/assets/IconMessageCircle-CmPGKSKY.js               0.68 kB │ gzip:   0.45 kB │ map:     1.08 kB
dist/assets/NotificationsActive-xcUkeqJx.js             0.68 kB │ gzip:   0.44 kB │ map:     0.89 kB
dist/assets/IconArchive-CJZO0Mms.js                     0.68 kB │ gzip:   0.40 kB │ map:     1.17 kB
dist/assets/unsupportedIterableToArray-DBEIHdbU.js      0.69 kB │ gzip:   0.40 kB │ map:     1.52 kB
dist/assets/IconMoodSmile-bqzWkQX9.js                   0.69 kB │ gzip:   0.39 kB │ map:     1.25 kB
dist/assets/IconVolume-Db1PXRl2.js                      0.69 kB │ gzip:   0.41 kB │ map:     1.18 kB
dist/assets/IconFiles-CBCEf1yz.js                       0.69 kB │ gzip:   0.40 kB │ map:     1.18 kB
dist/assets/IconDotsVertical-DF_2m6hi.js                0.69 kB │ gzip:   0.37 kB │ map:     1.20 kB
dist/assets/IconNews-DRxqp1D0.js                        0.70 kB │ gzip:   0.40 kB │ map:     1.24 kB
dist/assets/IconDeviceFloppy-CEc9ed1X.js                0.70 kB │ gzip:   0.41 kB │ map:     1.21 kB
dist/assets/IconShieldX-z3ju2yoe.js                     0.70 kB │ gzip:   0.42 kB │ map:     1.19 kB
dist/assets/IconBook-CkoUhkj9.js                        0.71 kB │ gzip:   0.37 kB │ map:     1.29 kB
dist/assets/IconUserCircle-OJvslGFK.js                  0.71 kB │ gzip:   0.42 kB │ map:     1.21 kB
dist/assets/CustomFormLabel-cXlEVKsO.js                 0.71 kB │ gzip:   0.44 kB │ map:     0.98 kB
dist/assets/IconUsers-DQNYxrIV.js                       0.71 kB │ gzip:   0.40 kB │ map:     1.26 kB
dist/assets/IconCreditCard-DLaPwUvA.js                  0.71 kB │ gzip:   0.40 kB │ map:     1.27 kB
dist/assets/IconRocket-DuS27QmV.js                      0.71 kB │ gzip:   0.42 kB │ map:     1.20 kB
dist/assets/InlineItemCard-BKxxrz_i.js                  0.72 kB │ gzip:   0.42 kB │ map:     1.18 kB
dist/assets/Palette-CcuMqm8M.js                         0.72 kB │ gzip:   0.42 kB │ map:     0.93 kB
dist/assets/IconWorld-CmAV2xMB.js                       0.72 kB │ gzip:   0.40 kB │ map:     1.32 kB
dist/assets/IconTrash-BhLFwTuc.js                       0.73 kB │ gzip:   0.41 kB │ map:     1.32 kB
dist/assets/IconBuildingChurch-L953B-9Z.js              0.75 kB │ gzip:   0.41 kB │ map:     1.36 kB
dist/assets/AdminPanelSettings-CeXSZrgT.js              0.75 kB │ gzip:   0.44 kB │ map:     1.03 kB
dist/assets/IconPhoto-Do-cM2rt.js                       0.75 kB │ gzip:   0.42 kB │ map:     1.30 kB
dist/assets/IconServer-q3qrG1GJ.js                      0.76 kB │ gzip:   0.39 kB │ map:     1.31 kB
dist/assets/KeyboardArrowDown-B4de_ApU.js               0.77 kB │ gzip:   0.41 kB │ map:     1.02 kB
dist/assets/KeyboardArrowRight-CMWmsD6N.js              0.77 kB │ gzip:   0.40 kB │ map:     1.02 kB
dist/assets/IconCalendarEvent-D6GN-2b3.js               0.78 kB │ gzip:   0.41 kB │ map:     1.39 kB
dist/assets/AppCard-BbvalQbH.js                         0.78 kB │ gzip:   0.46 kB │ map:     1.20 kB
dist/assets/IconBasket-Dvg8MMwj.js                      0.78 kB │ gzip:   0.44 kB │ map:     1.33 kB
dist/assets/IconBrandGithub-PYACY7rY.js                 0.78 kB │ gzip:   0.47 kB │ map:     1.18 kB
dist/assets/IconEyeOff-IMfGW25x.js                      0.79 kB │ gzip:   0.48 kB │ map:     1.28 kB
dist/assets/IconCalendar-BaXUeTm8.js                    0.79 kB │ gzip:   0.41 kB │ map:     1.43 kB
dist/assets/IconLanguage-CHsxjPKR.js                    0.79 kB │ gzip:   0.43 kB │ map:     1.44 kB
dist/assets/defineProperty-BHv0T49C.js                  0.81 kB │ gzip:   0.43 kB │ map:     1.88 kB
dist/assets/invoicePDFGenerator-BkzpfL_V.js             0.81 kB │ gzip:   0.41 kB │ map:     1.52 kB
dist/assets/index-YIxuXeBL.js                           0.81 kB │ gzip:   0.43 kB │ map:     2.55 kB
dist/assets/IconChartBar-kDHKJV3D.js                    0.82 kB │ gzip:   0.40 kB │ map:     1.38 kB
dist/assets/index-BhgEtlBg.js                           0.84 kB │ gzip:   0.40 kB │ map:     3.46 kB
dist/assets/IconBuilding-C8zgCMxu.js                    0.86 kB │ gzip:   0.41 kB │ map:     1.62 kB
dist/assets/ThemedLayout-DmMO5Mc0.js                    0.88 kB │ gzip:   0.50 kB │ map:     2.68 kB
dist/assets/CustomTextField-cuH34MQ6.js                 0.89 kB │ gzip:   0.48 kB │ map:     1.24 kB
dist/assets/IconBrain-B63rkBGB.js                       0.89 kB │ gzip:   0.43 kB │ map:     1.54 kB
dist/assets/IconChevronRight-8sIRPZLL.js                0.89 kB │ gzip:   0.39 kB │ map:     1.70 kB
dist/assets/objectSpread2-DnJzpK_H.js                   0.92 kB │ gzip:   0.42 kB │ map:     1.78 kB
dist/assets/OpenInNew-hndOsOD9.js                       0.97 kB │ gzip:   0.51 kB │ map:     1.90 kB
dist/assets/BlankCard-CTiIeLZ7.js                       0.98 kB │ gzip:   0.54 kB │ map:     1.61 kB
dist/assets/IconChevronsRight-D1pSIR62.js               1.01 kB │ gzip:   0.40 kB │ map:     1.93 kB
dist/assets/IconPlayerSkipForward-C0p_uNbW.js           1.03 kB │ gzip:   0.42 kB │ map:     1.96 kB
dist/assets/BugReport-CzAVKB8e.js                       1.10 kB │ gzip:   0.62 kB │ map:     1.55 kB
dist/assets/CustomSwitch-DFXm-cNI.js                    1.12 kB │ gzip:   0.56 kB │ map:     1.77 kB
dist/assets/Psychology-DGc75ZqU.js                      1.12 kB │ gzip:   0.62 kB │ map:     1.38 kB
dist/assets/CustomRangeSlider-CA6CmGkF.js               1.13 kB │ gzip:   0.60 kB │ map:     2.09 kB
dist/assets/IconGridDots-CWpGbVED.js                    1.14 kB │ gzip:   0.41 kB │ map:     1.98 kB
dist/assets/index-Ns6fkz8j.js                           1.16 kB │ gzip:   0.59 kB │ map:     3.12 kB
dist/assets/IconTrendingUp-CImAgprI.js                  1.19 kB │ gzip:   0.48 kB │ map:     2.24 kB
dist/assets/IconLogin-AWGiMzTi.js                       1.25 kB │ gzip:   0.50 kB │ map:     2.32 kB
dist/assets/removeClass-BEi_zEC5.js                     1.26 kB │ gzip:   0.45 kB │ map:     2.73 kB
dist/assets/toConsumableArray-CpCXIXbC.js               1.27 kB │ gzip:   0.59 kB │ map:     2.88 kB
dist/assets/AlertCart-mRQNGNdK.js                       1.41 kB │ gzip:   0.61 kB │ map:     1.64 kB
dist/assets/IconKey-Bn_3GvTu.js                         1.41 kB │ gzip:   0.58 kB │ map:     2.40 kB
dist/assets/NoSsr-BGyi1geu.js                           1.44 kB │ gzip:   0.67 kB │ map:     3.07 kB
dist/assets/logoIcon-z5AIafpK.js                        1.46 kB │ gzip:   0.84 kB │ map:     1.52 kB
dist/assets/SimplePageEditorTest-D4quPf-p.js            1.61 kB │ gzip:   0.80 kB │ map:     0.99 kB
dist/assets/ChildCard-_WjVJY0s.js                       1.64 kB │ gzip:   0.55 kB │ map:     1.63 kB
dist/assets/EnhancedPageEditorTest-13BZlmYP.js          1.65 kB │ gzip:   0.81 kB │ map:     1.01 kB
dist/assets/FavoriteBorder-BukaidHR.js                  1.67 kB │ gzip:   0.67 kB │ map:     2.33 kB
dist/assets/IconBrandTwitter-DZFdyYCL.js                1.84 kB │ gzip:   0.71 kB │ map:     3.16 kB
dist/assets/isSymbol-C_WEyePp.js                        1.94 kB │ gzip:   0.67 kB │ map:     7.08 kB
dist/assets/localizedFormat-0v56JGhn.js                 2.02 kB │ gzip:   0.80 kB │ map:     2.93 kB
dist/assets/generateUtilityClasses-OlE1p0O5.js          2.07 kB │ gzip:   0.78 kB │ map:     3.90 kB
dist/assets/createClass-gnshyTjj.js                     2.10 kB │ gzip:   0.85 kB │ map:     4.09 kB
dist/assets/icon-speech-bubble-CaJoYLMH.js              2.16 kB │ gzip:   0.79 kB │ map:     2.32 kB
dist/assets/Stack-Cq6X33KU.js                           2.16 kB │ gzip:   0.93 kB │ map:     3.41 kB
dist/assets/TiptapEditor-BIHlOygz.js                    2.19 kB │ gzip:   0.80 kB │ map:     1.79 kB
dist/assets/AuthForgotPassword-D14mbioo.js              2.26 kB │ gzip:   0.63 kB │ map:     2.11 kB
dist/assets/AlertTitle-CV2AZ2JR.js                      2.31 kB │ gzip:   0.97 kB │ map:     4.16 kB
dist/assets/ChartsClipPath-xMjvQrYC.js                  2.31 kB │ gzip:   0.88 kB │ map:     4.79 kB
dist/assets/CustomRadio-B2gKfl8o.js                     2.39 kB │ gzip:   0.91 kB │ map:     3.35 kB
dist/assets/Maintenance-w7YA89SY.js                     2.41 kB │ gzip:   0.76 kB │ map:     2.21 kB
dist/assets/fastObjectShallowCompare-p6EiFShK.js        2.42 kB │ gzip:   1.00 kB │ map:     5.06 kB
dist/assets/DialogContentText-D5Fiweyv.js               2.52 kB │ gzip:   1.01 kB │ map:     4.50 kB
dist/assets/omit-B6Dsoma6.js                            2.53 kB │ gzip:   0.95 kB │ map:     6.01 kB
dist/assets/CustomCheckbox-C8fk0b7E.js                  2.63 kB │ gzip:   1.11 kB │ map:     3.79 kB
dist/assets/ListItemIcon-BpmqomNU.js                    2.69 kB │ gzip:   1.16 kB │ map:     4.65 kB
dist/assets/ParentCard-BJ2E694_.js                      2.72 kB │ gzip:   0.74 kB │ map:     2.63 kB
dist/assets/ListItemAvatar-HdeXhEZb.js                  2.73 kB │ gzip:   1.10 kB │ map:     4.95 kB
dist/assets/CustomOutlinedInput-D9Dc-RkN.js             2.74 kB │ gzip:   1.25 kB │ map:     4.79 kB
dist/assets/CardActions-CsXQ-OMB.js                     2.75 kB │ gzip:   1.12 kB │ map:     4.88 kB
dist/assets/index-Cmqawrsw.js                           2.77 kB │ gzip:   0.85 kB │ map:    11.06 kB
dist/assets/SearchTable-0f3_CgDl.js                     2.80 kB │ gzip:   0.98 kB │ map:     2.00 kB
dist/assets/EcomProductList-BxKiNVRn.js                 2.90 kB │ gzip:   1.02 kB │ map:     2.16 kB
dist/assets/RoleManagement-DIYPrJBb.js                  2.94 kB │ gzip:   0.76 kB │ map:     2.64 kB
dist/assets/components.api-CxQLpjel.js                  2.94 kB │ gzip:   0.93 kB │ map:     7.48 kB
dist/assets/UserProfile-DIHPr1si.js                     3.04 kB │ gzip:   1.00 kB │ map:     2.28 kB
dist/assets/devLogger-Da2h7v2b.js                       3.05 kB │ gzip:   1.09 kB │ map:     8.29 kB
dist/assets/createSvgIcon-iVEOJ1MT.js                   3.13 kB │ gzip:   1.29 kB │ map:     4.35 kB
dist/assets/omai.api-aXeNCl7s.js                        3.18 kB │ gzip:   1.15 kB │ map:     6.10 kB
dist/assets/FilterTableData-BjIvZZzm.js                 3.26 kB │ gzip:   0.64 kB │ map:     6.28 kB
dist/assets/index-Cd2Jq5Pd.js                           3.38 kB │ gzip:   1.18 kB │ map:     5.69 kB
dist/assets/with-selector-baEGNai5.js                   3.50 kB │ gzip:   1.09 kB │ map:     5.82 kB
dist/assets/RadioGroup-BFC5A387.js                      3.58 kB │ gzip:   1.40 kB │ map:     6.01 kB
dist/assets/logger-1fCjdD-s.js                          3.62 kB │ gzip:   1.22 kB │ map:     7.49 kB
dist/assets/Toolbar-DVrNFrhG.js                         3.68 kB │ gzip:   1.42 kB │ map:     6.49 kB
dist/assets/path-vDw24igy.js                            3.75 kB │ gzip:   1.26 kB │ map:     9.14 kB
dist/assets/Unauthorized-BQDwZvAv.js                    3.96 kB │ gzip:   0.94 kB │ map:     3.61 kB
dist/assets/Gallery-WJggvDcu.js                         4.06 kB │ gzip:   1.17 kB │ map:     2.82 kB
dist/assets/DashboardCard-CpPd6saU.js                   4.07 kB │ gzip:   0.98 kB │ map:     4.41 kB
dist/assets/index-D9RCk4CA.js                           4.10 kB │ gzip:   1.38 kB │ map:     7.73 kB
dist/assets/ForgotPassword2-C55rGGfO.js                 4.23 kB │ gzip:   1.16 kB │ map:     3.98 kB
dist/assets/TwoSteps2-LyLFzTwq.js                       4.30 kB │ gzip:   1.14 kB │ map:     4.08 kB
dist/assets/CardMedia-BcOB07o3.js                       4.32 kB │ gzip:   1.62 kB │ map:     7.38 kB
dist/assets/index-Br1yDnAi.js                           4.49 kB │ gzip:   1.16 kB │ map:    16.54 kB
dist/assets/index-BN08c6eE.js                           4.53 kB │ gzip:   1.38 kB │ map:     9.56 kB
dist/assets/social.api-DmNxwvfb.js                      4.63 kB │ gzip:   1.19 kB │ map:    11.41 kB
dist/assets/ListSubheader-DmtRM8pB.js                   4.76 kB │ gzip:   1.67 kB │ map:     8.29 kB
dist/assets/AuthRegister-BK_XZNhs.js                    5.09 kB │ gzip:   0.98 kB │ map:     4.32 kB
dist/assets/AdminDashboardLayout-Cwo0Upb7.js            5.13 kB │ gzip:   1.39 kB │ map:     5.83 kB
dist/assets/AuthTwoSteps-BXWZmdu3.js                    5.33 kB │ gzip:   0.95 kB │ map:     4.94 kB
dist/assets/useProfileSync-C67-5kVc.js                  5.50 kB │ gzip:   1.30 kB │ map:    12.04 kB
dist/assets/Zoom-CdtLMbqA.js                            5.55 kB │ gzip:   1.75 kB │ map:     9.47 kB
dist/assets/Register2-D2ikvvDd.js                       5.59 kB │ gzip:   1.38 kB │ map:     5.17 kB
dist/assets/ChartsText-BhHVw8IC.js                      5.73 kB │ gzip:   2.13 kB │ map:    11.70 kB
dist/assets/tableData-D1sY5Yzi.js                       5.77 kB │ gzip:   0.85 kB │ map:    11.78 kB
dist/assets/ForgotPassword-BUI4e-SG.js                  5.78 kB │ gzip:   1.31 kB │ map:     5.44 kB
dist/assets/index-CwdV8-eZ.js                           5.79 kB │ gzip:   1.39 kB │ map:    11.64 kB
dist/assets/Pricing-BSjickp6.js                         5.91 kB │ gzip:   1.30 kB │ map:     5.02 kB
dist/assets/TableSortLabel-CBPO8TRl.js                  5.92 kB │ gzip:   2.00 kB │ map:    10.81 kB
dist/assets/InputAdornment-BO48bFFw.js                  5.95 kB │ gzip:   2.10 kB │ map:     9.98 kB
dist/assets/TwoSteps-Dt5rHWBw.js                        5.96 kB │ gzip:   1.32 kB │ map:     5.63 kB
dist/assets/TabPanel-ikEj9bOz.js                        5.96 kB │ gzip:   1.81 kB │ map:    10.99 kB
dist/assets/AreaChart-3zFlzWYe.js                       6.06 kB │ gzip:   1.67 kB │ map:     7.74 kB
dist/assets/AuthSocialButtons-ClKHh4QO.js               6.09 kB │ gzip:   1.99 kB │ map:     6.78 kB
dist/assets/LineChart-DwHy-fnM.js                       6.12 kB │ gzip:   1.77 kB │ map:     7.95 kB
dist/assets/TopCards-C_iBysqA.js                        6.24 kB │ gzip:   1.95 kB │ map:     7.40 kB
dist/assets/index-BUQdYB6b.js                           6.36 kB │ gzip:   1.97 kB │ map:    10.12 kB
dist/assets/ColumnChart-BZuH2qAa.js                     6.58 kB │ gzip:   1.90 kB │ map:     8.70 kB
dist/assets/BlankLayout-CjYDXc7S.js                     6.66 kB │ gzip:   2.03 kB │ map:    11.65 kB
dist/assets/Register-DSQBqifY.js                        6.80 kB │ gzip:   1.53 kB │ map:     6.47 kB
dist/assets/index-D2GhfHn7.js                           6.81 kB │ gzip:   1.99 kB │ map:    16.54 kB
dist/assets/Container-WGIO74TO.js                       6.97 kB │ gzip:   2.09 kB │ map:    11.97 kB
dist/assets/ListItemText-D5SWpqGB.js                    7.00 kB │ gzip:   2.10 kB │ map:    11.19 kB
dist/assets/index-B9Gq5vW_.js                           7.01 kB │ gzip:   1.86 kB │ map:    15.95 kB
dist/assets/GredientChart-DREwt99A.js                   7.10 kB │ gzip:   1.90 kB │ map:     9.43 kB
dist/assets/AppBar-DKUFQM2a.js                          7.14 kB │ gzip:   2.30 kB │ map:    12.46 kB
dist/assets/Portfolio-DTa1x7Vx.js                       7.19 kB │ gzip:   1.56 kB │ map:     5.66 kB
dist/assets/Breadcrumb-BAQhFBmP.js                      7.20 kB │ gzip:   1.43 kB │ map:     6.44 kB
dist/assets/AvatarGroup-BiKR97ZD.js                     7.22 kB │ gzip:   2.55 kB │ map:    12.12 kB
dist/assets/Logo-0bLN7u9x.js                            7.44 kB │ gzip:   1.47 kB │ map:    12.45 kB
dist/assets/Skeleton-ITHMpmhk.js                        7.53 kB │ gzip:   2.52 kB │ map:    16.89 kB
dist/assets/getPercentageValue-DHsj8H1t.js              7.70 kB │ gzip:   2.26 kB │ map:    17.20 kB
dist/assets/WeeklyStats-otHQf13s.js                     7.89 kB │ gzip:   1.67 kB │ map:     8.73 kB
dist/assets/Fab-BR5dYuSE.js                             7.97 kB │ gzip:   2.50 kB │ map:    13.70 kB
dist/assets/useClientManagement-D5oscBcr.js             7.99 kB │ gzip:   1.70 kB │ map:    21.69 kB
dist/assets/CardHeader-BMcXcQSJ.js                      8.12 kB │ gzip:   2.21 kB │ map:    13.42 kB
dist/assets/Error-DCLEVcPz.js                           8.29 kB │ gzip:   2.75 kB │ map:     9.95 kB
dist/assets/Link-CGJdJ1H7.js                            8.33 kB │ gzip:   2.58 kB │ map:    14.89 kB
dist/assets/ChartsAxisHighlight-C_sJm1Bm.js             8.50 kB │ gzip:   2.11 kB │ map:    16.43 kB
dist/assets/WelcomeCard-Dteo1RC5.js                     8.56 kB │ gzip:   1.35 kB │ map:     6.49 kB
dist/assets/Avatar-CEuTM41g.js                          8.56 kB │ gzip:   2.87 kB │ map:    15.18 kB
dist/assets/ListItemButton-Dy2TsJUw.js                  8.84 kB │ gzip:   2.77 kB │ map:    14.44 kB
dist/assets/DashboardWidgetCard--n1ayw7L.js             9.13 kB │ gzip:   1.51 kB │ map:     8.44 kB
dist/assets/admin.api-DNsvTDZ_.js                       9.62 kB │ gzip:   2.25 kB │ map:    19.04 kB
dist/assets/Breadcrumbs-mqJZEjlI.js                     9.70 kB │ gzip:   2.96 kB │ map:    17.56 kB
dist/assets/LoadingButton-DqHLJOLe.js                   9.73 kB │ gzip:   2.66 kB │ map:    17.24 kB
dist/assets/ToggleButton-BHxOE0Xq.js                    9.87 kB │ gzip:   2.76 kB │ map:    17.55 kB
dist/assets/ToggleButtonGroup-D827FD4-.js               9.93 kB │ gzip:   2.83 kB │ map:    16.37 kB
dist/assets/_baseIsEqual-5j6776Lz.js                    9.96 kB │ gzip:   2.63 kB │ map:    24.27 kB
dist/assets/RadialbarChart-C_DMGIxM.js                 10.29 kB │ gzip:   2.01 kB │ map:    11.93 kB
dist/assets/DoughnutChart-CqTxzruB.js                  10.31 kB │ gzip:   1.94 kB │ map:    12.10 kB
dist/assets/Slide-DdTLFCRP.js                          10.56 kB │ gzip:   2.92 kB │ map:    18.01 kB
dist/assets/page-CL0rodB1.js                           11.06 kB │ gzip:   2.07 kB │ map:    10.29 kB
dist/assets/useSkipAnimation-pmONmbRW.js               11.29 kB │ gzip:   3.35 kB │ map:    24.53 kB
dist/assets/Collapse-DlFFHHfQ.js                       11.33 kB │ gzip:   3.04 kB │ map:    19.79 kB
dist/assets/page-RzLlpex7.js                           11.37 kB │ gzip:   2.20 kB │ map:    14.62 kB
dist/assets/OrthodoxChurchIcon-CZTnuTEU.js             11.69 kB │ gzip:   1.28 kB │ map:    11.59 kB
dist/assets/dayjs.min-DvvL4bJ3.js                      12.01 kB │ gzip:   3.74 kB │ map:    18.83 kB
dist/assets/OrthodoxBanner-D8w0mGS9.js                 12.11 kB │ gzip:   2.49 kB │ map:    13.77 kB
dist/assets/page-CbNSwf-O.js                           12.24 kB │ gzip:   2.43 kB │ map:    13.80 kB
dist/assets/page-B1KVmRt0.js                           12.35 kB │ gzip:   2.48 kB │ map:    15.58 kB
dist/assets/Drawer-YuIUcXag.js                         12.40 kB │ gzip:   3.43 kB │ map:    20.87 kB
dist/assets/Radio-ukfDkV-v.js                          12.44 kB │ gzip:   3.66 kB │ map:    22.23 kB
dist/assets/index-DpR68UQ9.js                          12.77 kB │ gzip:   3.17 kB │ map:    25.65 kB
dist/assets/ButtonGroup-DnAJEZXp.js                    12.99 kB │ gzip:   2.93 kB │ map:    22.33 kB
dist/assets/Followers-B6F0yv6Q.js                      13.17 kB │ gzip:   2.25 kB │ map:    10.67 kB
dist/assets/LinearProgress-D__8v7_p.js                 13.17 kB │ gzip:   3.18 kB │ map:    23.33 kB
dist/assets/FixedHeaderTable-BlDf0K8i.js               13.37 kB │ gzip:   2.23 kB │ map:    12.69 kB
dist/assets/BlogCreate-MptJIRn3.js                     13.56 kB │ gzip:   2.50 kB │ map:    14.08 kB
dist/assets/MuiPopover-DUe-oTaW.js                     13.70 kB │ gzip:   2.27 kB │ map:    14.28 kB
dist/assets/Friends-BcncPkg6.js                        13.75 kB │ gzip:   2.36 kB │ map:    11.03 kB
dist/assets/reselect-Dreu95yE.js                       13.80 kB │ gzip:   3.55 kB │ map:    30.81 kB
dist/assets/ChurchAdminPanelWorking-GEMlmTRL.js        13.97 kB │ gzip:   2.12 kB │ map:    15.02 kB
dist/assets/ListItem-md9n5Kv1.js                       14.45 kB │ gzip:   3.46 kB │ map:    25.11 kB
dist/assets/page-D1UN0Yv0.js                           14.70 kB │ gzip:   2.85 kB │ map:    19.69 kB
dist/assets/page-BHDO0g10.js                           14.73 kB │ gzip:   2.88 kB │ map:    17.12 kB
dist/assets/Badge-B3crhdwZ.js                          14.88 kB │ gzip:   3.60 kB │ map:    24.62 kB
dist/assets/BigCalendar-mIz-R1oZ.js                    15.11 kB │ gzip:   3.51 kB │ map:    21.19 kB
dist/assets/record-schemas-DiYoYM8O.js                 15.12 kB │ gzip:   2.56 kB │ map:    33.96 kB
dist/assets/CandlestickChart-BF1OCs5x.js               15.46 kB │ gzip:   3.08 kB │ map:    21.11 kB
dist/assets/step-Z9fCr4nl.js                           16.17 kB │ gzip:   3.56 kB │ map:    35.19 kB
dist/assets/MuiDateTime-HH5NcF-G.js                    16.24 kB │ gzip:   2.56 kB │ map:    17.77 kB
dist/assets/ChartsWrapper-Cr2N0jIg.js                  16.29 kB │ gzip:   4.38 kB │ map:    33.31 kB
dist/assets/page-5_RFv_GL.js                           16.35 kB │ gzip:   2.97 kB │ map:    19.42 kB
dist/assets/Pricing-B-5Zcsin.js                        16.55 kB │ gzip:   2.58 kB │ map:    17.20 kB
dist/assets/Projects-DGwiwF3l.js                       16.97 kB │ gzip:   2.62 kB │ map:    19.00 kB
dist/assets/AdminPageFallback-KBDXRs_f.js              17.88 kB │ gzip:   2.82 kB │ map:    15.74 kB
dist/assets/page-ZIUab_3P.js                           17.91 kB │ gzip:   2.36 kB │ map:    16.60 kB
dist/assets/Faq-BTs8bTWH.js                            18.34 kB │ gzip:   2.49 kB │ map:    15.00 kB
dist/assets/page-C2Wrlk-C.js                           19.02 kB │ gzip:   3.68 kB │ map:    27.43 kB
dist/assets/AccordionSummary-CPOxT2FF.js               19.48 kB │ gzip:   4.42 kB │ map:    34.12 kB
dist/assets/OrthodoxLogin-CB3FHzMK.js                  19.56 kB │ gzip:   4.57 kB │ map:    27.51 kB
dist/assets/BigBookDynamicRoute-Bjv6R9lB.js            19.95 kB │ gzip:   3.15 kB │ map:    19.89 kB
dist/assets/ChurchAdminList-C-0-YZQp.js                20.25 kB │ gzip:   2.77 kB │ map:    19.63 kB
dist/assets/MenuManagement-Dydzdoo2.js                 20.66 kB │ gzip:   3.54 kB │ map:    24.51 kB
dist/assets/BlogFeed-R0QhKQ3l.js                       21.21 kB │ gzip:   3.59 kB │ map:    22.47 kB
dist/assets/page-D_CPBLPf.js                           21.68 kB │ gzip:   3.22 kB │ map:    27.90 kB
dist/assets/CollapsibleTable-ePYaI8iB.js               21.96 kB │ gzip:   3.02 kB │ map:    19.35 kB
dist/assets/TableRow-Bu-rDk5q.js                       22.01 kB │ gzip:   4.04 kB │ map:    41.56 kB
dist/assets/Rating-CSJx4EjR.js                         22.70 kB │ gzip:   6.05 kB │ map:    38.53 kB
dist/assets/OrthodoxThemeToggle-BtI21B0S.js            22.78 kB │ gzip:   3.22 kB │ map:    21.91 kB
dist/assets/page-Dm6sN0XQ.js                           23.15 kB │ gzip:   2.98 kB │ map:    22.25 kB
dist/assets/highlight-s4wYx_o_.js                      23.47 kB │ gzip:   4.70 kB │ map:    45.93 kB
dist/assets/MuiAlert-Ep-RRGXt.js                       23.55 kB │ gzip:   2.57 kB │ map:    22.69 kB
dist/assets/AddNewClient-C7jf2XQ0.js                   23.80 kB │ gzip:   3.06 kB │ map:    27.32 kB
dist/assets/Contact-DErqg-hA.js                        23.96 kB │ gzip:   3.18 kB │ map:    20.13 kB
dist/assets/FormWizard-Cj9jjzQO.js                     24.12 kB │ gzip:   4.47 kB │ map:    24.96 kB
dist/assets/TablePagination-Dda8GAZy.js                24.16 kB │ gzip:   5.07 kB │ map:    39.27 kB
dist/assets/page-BHW9Mz7T.js                           24.33 kB │ gzip:   3.92 kB │ map:    23.38 kB
dist/assets/AdapterDayjs-CarvgLOV.js                   24.43 kB │ gzip:   6.22 kB │ map:    44.57 kB
dist/assets/MuiRating-Bihbyd-I.js                      24.45 kB │ gzip:   3.35 kB │ map:    26.63 kB
dist/assets/Blog-C7Kfx6wR.js                           24.50 kB │ gzip:   3.49 kB │ map:    22.33 kB
dist/assets/Login2-BWsLRnKf.js                         24.72 kB │ gzip:   3.87 kB │ map:    24.74 kB
dist/assets/BlogEdit-DEZ-wmI0.js                       24.83 kB │ gzip:   3.55 kB │ map:    25.53 kB
dist/assets/MuiSwitch-BO22nNgs.js                      24.84 kB │ gzip:   2.32 kB │ map:    23.66 kB
dist/assets/sortBy-CigPza7s.js                         25.13 kB │ gzip:   5.28 kB │ map:    49.78 kB
dist/assets/BlogList-B4tWhUHh.js                       25.45 kB │ gzip:   4.07 kB │ map:    25.06 kB
dist/assets/page-zqTZ2V4u.js                           25.46 kB │ gzip:   4.51 kB │ map:    26.81 kB
dist/assets/Tickets-tLjKYATp.js                        25.57 kB │ gzip:   3.46 kB │ map:    25.47 kB
dist/assets/Pagination-l3NrORGV.js                     25.69 kB │ gzip:   5.73 kB │ map:    45.44 kB
dist/assets/page-C_JicO4K.js                           25.95 kB │ gzip:   4.04 kB │ map:    29.98 kB
dist/assets/PaginationTable-oy-d8yvx.js                26.24 kB │ gzip:   4.17 kB │ map:    29.49 kB
dist/assets/Stepper-DnAIoZiH.js                        26.44 kB │ gzip:   5.00 kB │ map:    48.92 kB
dist/assets/AdvancedRecordsDemo-BRvG1h1S.js            26.49 kB │ gzip:   4.02 kB │ map:    29.31 kB
dist/assets/AssignTaskPage-DSkYwSa1.js                 26.78 kB │ gzip:   4.39 kB │ map:    27.93 kB
dist/assets/MuiAccordion-BwxBFKjK.js                   26.83 kB │ gzip:   2.91 kB │ map:    23.95 kB
dist/assets/MuiSlider-BzN6dLQ1.js                      26.89 kB │ gzip:   3.17 kB │ map:    27.49 kB
dist/assets/PageEditorTest-C8g0KoVa.js                 26.98 kB │ gzip:   4.56 kB │ map:    30.21 kB
dist/assets/page-BfNNW6S5.js                           27.06 kB │ gzip:   2.91 kB │ map:    25.89 kB
dist/assets/page-DDMSvzHK.js                           27.76 kB │ gzip:   4.40 kB │ map:    27.39 kB
dist/assets/EnhanceTable-BFlfIMGH.js                   28.02 kB │ gzip:   4.39 kB │ map:    29.09 kB
dist/assets/RollbaseCASL-D5wGHx6l.js                   28.43 kB │ gzip:   8.27 kB │ map:    52.50 kB
dist/assets/SiteClone-DWLx-EOP.js                      28.58 kB │ gzip:   4.09 kB │ map:    30.52 kB
dist/assets/QuickLinks-Cz5jmRvK.js                     28.64 kB │ gzip:   6.45 kB │ map:    35.99 kB
dist/assets/ProductTableList-sWds0RFn.js               28.88 kB │ gzip:   4.37 kB │ map:    28.82 kB
dist/assets/_Uint8Array-CS2dyfm4.js                    28.99 kB │ gzip:   6.70 kB │ map:    67.24 kB
dist/assets/JITTerminalConsole-CWN_LGg7.js             29.32 kB │ gzip:   4.86 kB │ map:    31.37 kB
dist/assets/MonthlyEarnings-ClUn_jy8.js                29.45 kB │ gzip:   4.53 kB │ map:    33.83 kB
dist/assets/EnhancedPageEditor-CfVvio_I.js             29.45 kB │ gzip:   4.79 kB │ map:    33.86 kB
dist/assets/ScriptRunner-BG4nafkn.js                   29.84 kB │ gzip:   4.38 kB │ map:    30.83 kB
dist/assets/globalFetcher-D5SlDVCg.js                  29.97 kB │ gzip:   8.01 kB │ map:    80.84 kB
dist/assets/MenuPermissions-Jwci8S62.js                30.59 kB │ gzip:   4.25 kB │ map:    34.77 kB
dist/assets/MenuSettings-C958ZKNG.js                   30.67 kB │ gzip:   4.90 kB │ map:    34.22 kB
dist/assets/BarPlot-BioiUarN.js                        31.00 kB │ gzip:   6.55 kB │ map:    59.38 kB
dist/assets/SimplePageEditor-dSTtzgMz.js               31.29 kB │ gzip:   6.45 kB │ map:    38.71 kB
dist/assets/ChurchRecordsPage-D39pb_SJ.js              31.66 kB │ gzip:   5.28 kB │ map:    35.04 kB
dist/assets/OrthodoxHeadlines-k5pHnA0z.js              31.75 kB │ gzip:   4.99 kB │ map:    33.45 kB
dist/assets/project-generator-CZOu_PpU.js              32.03 kB │ gzip:   4.06 kB │ map:    29.69 kB
dist/assets/useMutation-sM5yIrrx.js                    32.49 kB │ gzip:   6.70 kB │ map:    45.93 kB
dist/assets/WidgetBanners-C8Qi_f18.js                  32.73 kB │ gzip:   3.98 kB │ map:    30.60 kB
dist/assets/MuiTooltip-DSzE5bUX.js                     33.04 kB │ gzip:   3.43 kB │ map:    29.49 kB
dist/assets/BlogAdmin-CJAsxjB-.js                      33.81 kB │ gzip:   3.88 kB │ map:    30.98 kB
dist/assets/TableThemeEditor-CE-Vk1l6.js               34.03 kB │ gzip:   4.70 kB │ map:    37.03 kB
dist/assets/page-CsXCoblB.js                           34.16 kB │ gzip:   6.50 kB │ map:    52.43 kB
dist/assets/MuiTransferList-P9VXl1TI.js                34.26 kB │ gzip:   4.39 kB │ map:    37.17 kB
dist/assets/ClientManagementDashboard-CQOuSG9_.js      34.40 kB │ gzip:   4.26 kB │ map:    34.83 kB
dist/assets/SiteEditorDemo-DquL7Vbo.js                 34.50 kB │ gzip:   4.16 kB │ map:    29.11 kB
dist/assets/LineHighlightPlot-Bm_wmAT7.js              34.84 kB │ gzip:   6.47 kB │ map:    69.17 kB
dist/assets/TableControlPanel-BdFm_crJ.js              36.07 kB │ gzip:   5.36 kB │ map:    42.94 kB
dist/assets/Create-DAccgfKf.js                         36.71 kB │ gzip:   4.39 kB │ map:    33.92 kB
dist/assets/ChurchSetup-BoOxy4Hk.js                    37.02 kB │ gzip:   4.00 kB │ map:    38.61 kB
dist/assets/index-VieCBIUP.js                          37.27 kB │ gzip:   5.78 kB │ map:   100.26 kB
dist/assets/NotificationPreferences-DdtPNF_n.js        37.53 kB │ gzip:   4.42 kB │ map:    36.71 kB
dist/assets/BlogView-DQZoA_ia.js                       37.57 kB │ gzip:   5.44 kB │ map:    38.78 kB
dist/assets/_flatRest-xiAdoBa7.js                      37.77 kB │ gzip:   7.93 kB │ map:    67.73 kB
dist/assets/MuiAvatar-CtY88oND.js                      37.79 kB │ gzip:   3.09 kB │ map:    33.37 kB
dist/assets/Ecommerce-DdKQ5Bkg.js                      38.05 kB │ gzip:   5.87 kB │ map:    42.35 kB
dist/assets/MuiRadio-DKKMgBRC.js                       38.30 kB │ gzip:   3.71 kB │ map:    41.44 kB
dist/assets/PageContainer-CaTclCw7.js                  38.42 kB │ gzip:   9.07 kB │ map:    70.28 kB
dist/assets/BlogPost-B0x7BNFT.js                       38.78 kB │ gzip:   4.82 kB │ map:    30.83 kB
dist/assets/index-Dw59OvhY.js                          39.54 kB │ gzip:   5.89 kB │ map:    35.77 kB
dist/assets/ChartsGrid-A__f2fOQ.js                     39.92 kB │ gzip:   7.79 kB │ map:    74.71 kB
dist/assets/MuiChip-3E1KCIjz.js                        40.03 kB │ gzip:   3.28 kB │ map:    33.51 kB
dist/assets/AutoFixDemo-Dj49F10W.js                    40.42 kB │ gzip:   4.44 kB │ map:    33.97 kB
dist/assets/Notes-8xjdvqE5.js                          40.67 kB │ gzip:   6.70 kB │ map:    56.08 kB
dist/assets/PageEditor-CUM0vgl0.js                     42.51 kB │ gzip:   6.15 kB │ map:    44.80 kB
dist/assets/OrthodoxMetrics-9kbQC2PI.js                43.03 kB │ gzip:   5.12 kB │ map:    45.26 kB
dist/assets/page-BSzmtr3v.js                           43.19 kB │ gzip:   6.47 kB │ map:    58.49 kB
dist/assets/TemplateManager-VVjJlTc-.js                43.23 kB │ gzip:   4.90 kB │ map:    41.68 kB
dist/assets/page-Vi2sJ0Gz.js                           43.57 kB │ gzip:   5.12 kB │ map:    52.52 kB
dist/assets/Scrollbar-BHN4vP60.js                      43.62 kB │ gzip:   8.86 kB │ map:    89.60 kB
dist/assets/MuiTabs-B1iBMsOD.js                        43.92 kB │ gzip:   3.39 kB │ map:    45.05 kB
dist/assets/purify.es-CRunum0v.js                      44.29 kB │ gzip:  11.11 kB │ map:    89.80 kB
dist/assets/OrthodoxThemeDemo-mL5U1BfN.js              45.16 kB │ gzip:   3.78 kB │ map:    35.62 kB
dist/assets/ChurchForm-BavLkmWD.js                     45.36 kB │ gzip:   6.30 kB │ map:    56.83 kB
dist/assets/Tabs-BWR3i7dj.js                           46.21 kB │ gzip:  10.27 kB │ map:    79.76 kB
dist/assets/Edit-CrnNVOnJ.js                           47.22 kB │ gzip:   5.55 kB │ map:    46.36 kB
dist/assets/RecentTransactions-DasIdv7g.js             47.89 kB │ gzip:   7.14 kB │ map:    64.81 kB
dist/assets/JITTerminalAccess-B85k7Jmp.js              47.89 kB │ gzip:   6.10 kB │ map:    46.77 kB
dist/assets/MuiCheckbox-LhPH_OIv.js                    48.74 kB │ gzip:   4.78 kB │ map:    51.62 kB
dist/assets/SocialChat-nQgnFfJm.js                     49.09 kB │ gzip:   6.94 kB │ map:    51.40 kB
dist/assets/EcommerceDetail-DWnP9UbS.js                49.19 kB │ gzip:   6.29 kB │ map:    47.58 kB
dist/assets/MuiTypography-EQ9FpQGm.js                  49.79 kB │ gzip:   2.73 kB │ map:    40.35 kB
dist/assets/SuperAdminDashboard-BfFpw5Im.js            51.06 kB │ gzip:   7.78 kB │ map:    58.21 kB
dist/assets/index-FtRCpSPG.js                          52.00 kB │ gzip:  12.59 kB │ map:    53.92 kB
dist/assets/GitOpsDemo-Dc2eEc7t.js                     52.15 kB │ gzip:   5.76 kB │ map:    44.17 kB
dist/assets/WidgetCharts-DJ9AFoDV.js                   52.17 kB │ gzip:   4.74 kB │ map:    55.18 kB
dist/assets/NotificationCenter-DxVbfCM8.js             53.31 kB │ gzip:   6.50 kB │ map:    52.00 kB
dist/assets/NotificationList-CrAdHBKX.js               53.77 kB │ gzip:   7.08 kB │ map:    59.93 kB
dist/assets/Detail-DkKMU8v6.js                         54.34 kB │ gzip:   5.74 kB │ map:    48.33 kB
dist/assets/VisualTestDemo-BR_P-SGU.js                 54.44 kB │ gzip:   6.87 kB │ map:    49.22 kB
dist/assets/Slider-CuLTaLsk.js                         54.79 kB │ gzip:  11.80 kB │ map:    93.39 kB
dist/assets/FriendsList-PPk4JwaM.js                    54.83 kB │ gzip:   6.60 kB │ map:    54.82 kB
dist/assets/OMSiteSurvey-CK9IcrY0.js                   54.99 kB │ gzip:   5.93 kB │ map:    47.74 kB
dist/assets/EcommerceCheckout-cESBZGya.js              55.27 kB │ gzip:   7.92 kB │ map:    50.41 kB
dist/assets/FormValidation-DedWYa0d.js                 56.17 kB │ gzip:   6.27 kB │ map:    57.56 kB
dist/assets/Ecommerce-CQ6K3FgP.js                      57.11 kB │ gzip:   5.12 kB │ map:    52.83 kB
dist/assets/Email-DhK1YMCi.js                          57.40 kB │ gzip:   8.94 kB │ map:    74.37 kB
dist/assets/index-Cp2HCrBX.js                          57.78 kB │ gzip:   7.37 kB │ map:    50.81 kB
dist/assets/MuiList-DPZauXcu.js                        58.59 kB │ gzip:   6.00 kB │ map:    57.34 kB
dist/assets/RecordGeneratorPage-DL1M1bSK.js            59.46 kB │ gzip:  10.64 kB │ map:    65.73 kB
dist/assets/DatePicker-V58G-s_U.js                     60.44 kB │ gzip:   8.48 kB │ map:    88.31 kB
dist/assets/GalleryCard-Br1qXIAe.js                    60.67 kB │ gzip:  14.69 kB │ map:    85.78 kB
dist/assets/ActivityLogs-CsAYgnzJ.js                   61.76 kB │ gzip:   6.62 kB │ map:    55.18 kB
dist/assets/OMLearn-DUdV1ORz.js                        62.06 kB │ gzip:   8.35 kB │ map:    68.90 kB
dist/assets/csv-BrFT0-71.js                            62.77 kB │ gzip:  12.88 kB │ map:   115.44 kB
dist/assets/FormCustom--xTqcjVm.js                     63.15 kB │ gzip:   7.39 kB │ map:    60.76 kB
dist/assets/EcommerceAddProduct-Kj8M_c4q.js            63.16 kB │ gzip:   5.81 kB │ map:    51.46 kB
dist/assets/SessionManagement-CymqBTDu.js              63.34 kB │ gzip:   6.72 kB │ map:    57.19 kB
dist/assets/TimePicker-CWqNib6S.js                     63.35 kB │ gzip:   9.20 kB │ map:    94.03 kB
dist/assets/ChurchList-DGloKtNf.js                     63.44 kB │ gzip:   7.24 kB │ map:    62.11 kB
dist/assets/index-KAmVD_B1.js                          66.18 kB │ gzip:   9.00 kB │ map:    68.92 kB
dist/assets/MuiDialog-CRW8o68p.js                      70.06 kB │ gzip:   7.73 kB │ map:    69.23 kB
dist/assets/page-SXNv5oio.js                           70.10 kB │ gzip:   7.15 kB │ map:   108.95 kB
dist/assets/Autocomplete-mDQw6XAb.js                   70.38 kB │ gzip:  15.61 kB │ map:   116.49 kB
dist/assets/Contacts-Usu3ITpA.js                       70.93 kB │ gzip:   8.60 kB │ map:    76.36 kB
dist/assets/page-DD9oSCh-.js                           72.31 kB │ gzip:  11.46 kB │ map:   112.01 kB
dist/assets/List-BhfifmLF.js                           74.91 kB │ gzip:   7.81 kB │ map:    67.21 kB
dist/assets/ai-lab-T7_pZVCe.js                         75.68 kB │ gzip:   8.75 kB │ map:    69.74 kB
dist/assets/About-C43A4Vsn.js                          76.71 kB │ gzip:   9.92 kB │ map:    69.23 kB
dist/assets/EcommerceEditProduct-BViCGUtp.js           76.96 kB │ gzip:   8.21 kB │ map:    66.50 kB
dist/assets/page-yJR3SH35.js                           78.94 kB │ gzip:   7.89 kB │ map:   126.80 kB
dist/assets/Logs-yCIg6uJ6.js                           79.98 kB │ gzip:   8.63 kB │ map:    93.58 kB
dist/assets/EditableRecordPage-DqJRGzxz.js             80.31 kB │ gzip:  11.63 kB │ map:    97.66 kB
dist/assets/sequential-DjF7Lfl6.js                     82.42 kB │ gzip:  19.92 kB │ map:   177.94 kB
dist/assets/BasicTable-xwkhc5c6.js                     83.62 kB │ gzip:   7.62 kB │ map:    84.28 kB
dist/assets/OrthodoxMetricsAdmin-DTmF86Gd.js           87.01 kB │ gzip:   8.11 kB │ map:    84.38 kB
dist/assets/index-DO5K1NkR.js                          90.63 kB │ gzip:  21.07 kB │ map:   193.65 kB
dist/assets/MuiAutoComplete-2tHPcn3N.js                94.14 kB │ gzip:  16.15 kB │ map:   129.23 kB
dist/assets/OrthodoxMetricsDemo-Prtbbhlc.js            96.32 kB │ gzip:   9.57 kB │ map:    80.03 kB
dist/assets/EnhancedModernDashboard-FxLHLjdU.js        97.84 kB │ gzip:  12.47 kB │ map:   106.13 kB
dist/assets/page-OnEmp_lv.js                          100.12 kB │ gzip:  13.37 kB │ map:   163.86 kB
dist/assets/WidgetCards-BXGGdBps.js                   100.18 kB │ gzip:  11.90 kB │ map:   105.41 kB
dist/assets/BuildConsole-DZMEUYpX.js                  101.46 kB │ gzip:  12.00 kB │ map:   107.33 kB
dist/assets/FormLayouts-ChI2jZ5Z.js                   105.88 kB │ gzip:  11.20 kB │ map:   103.33 kB
dist/assets/AdapterDateFns-CT9-SDji.js                112.57 kB │ gzip:  15.05 kB │ map:   303.98 kB
dist/assets/ChartDataProvider-DwgXULJL.js             113.85 kB │ gzip:  24.37 kB │ map:   231.11 kB
dist/assets/ChurchSetupWizard-C9Mouscj.js             115.64 kB │ gzip:  13.64 kB │ map:   112.73 kB
dist/assets/ProfileBanner-DB8wH0uV.js                 116.16 kB │ gzip:  10.99 kB │ map:   111.07 kB
dist/assets/FormVertical-BUoFrbsP.js                  123.54 kB │ gzip:   9.46 kB │ map:   103.78 kB
dist/assets/UserManagement-Be8EHbMx.js                123.66 kB │ gzip:  16.06 kB │ map:   151.16 kB
dist/assets/index-BQShePu4.js                         126.06 kB │ gzip:  23.27 kB │ map:   226.95 kB
dist/assets/OMAIDiscoveryPanelMobile-vaTVbfA6.js      129.33 kB │ gzip:  19.67 kB │ map:   162.13 kB
dist/assets/LoggerDashboard-BFmJbgTr.js               131.21 kB │ gzip:  18.72 kB │ map:   156.91 kB
dist/assets/ChartContainer-BRjJ0hdO.js                132.41 kB │ gzip:   9.67 kB │ map:   235.08 kB
dist/assets/TreeItem-QNDP1ocy.js                      138.38 kB │ gzip:  26.04 kB │ map:   272.02 kB
dist/assets/MuiButton-8BYT-IWK.js                     138.65 kB │ gzip:   7.36 kB │ map:   120.53 kB
dist/assets/slick-CqS7qiI1.js                         139.45 kB │ gzip:  26.32 kB │ map:   264.74 kB
dist/assets/index.esm-CAuIE21Q.js                     139.66 kB │ gzip:  32.30 kB │ map:   346.97 kB
dist/assets/AccountSetting-CJzECKgT.js                140.13 kB │ gzip:  12.16 kB │ map:   119.58 kB
dist/assets/page-D0S1r-MR.js                          143.35 kB │ gzip:  26.66 kB │ map:   253.10 kB
dist/assets/Homepage-BOTOzG1o.js                      152.34 kB │ gzip:  18.61 kB │ map:   150.48 kB
dist/assets/FormHorizontal-CueUkq8p.js                171.70 kB │ gzip:  11.09 kB │ map:   151.51 kB
dist/assets/DateTimePicker-BbfMXnYA.js                175.21 kB │ gzip:  28.81 kB │ map:   287.97 kB
dist/assets/VRTSettingsPanel-D2xy5lOR.js              177.02 kB │ gzip:  22.61 kB │ map:   212.18 kB
dist/assets/ChartsSurface-bJSxYRg0.js                 197.67 kB │ gzip:  37.52 kB │ map:   407.30 kB
dist/assets/FullLayout-CVOf8HX6.js                    237.69 kB │ gzip:  33.44 kB │ map:   312.68 kB
dist/assets/browser-CHisQY6x.js                       268.06 kB │ gzip:  56.95 kB │ map:   464.72 kB
dist/assets/useMobilePicker-DxyA32C6.js               268.95 kB │ gzip:  54.01 kB │ map:   497.95 kB
dist/assets/SiteEditor-DiEqEcM5.js                    293.92 kB │ gzip:  40.62 kB │ map:   386.28 kB
dist/assets/index.es-yEzNx2zq.js                      315.31 kB │ gzip:  71.59 kB │ map:   633.54 kB
dist/assets/html2canvas.esm-Dtsxr8dG.js               349.33 kB │ gzip:  63.95 kB │ map:   601.93 kB
dist/assets/Calendar-CCTTjIXC.js                      360.91 kB │ gzip:  79.12 kB │ map:   741.14 kB
dist/assets/Kanban-VuraRAsf.js                        363.15 kB │ gzip:  66.69 kB │ map:   574.21 kB
dist/assets/Landingpage-BdntHkSa.js                   382.96 kB │ gzip:  76.61 kB │ map:   759.59 kB
dist/assets/HH7B3BHX-DxDmXnlF.js                      438.39 kB │ gzip:  86.65 kB │ map:   737.57 kB
dist/assets/JITTerminal-BCDusmkw.js                   441.19 kB │ gzip:  85.78 kB │ map:   657.82 kB
dist/assets/AIAdminPanel-B7zEORnj.js                  546.86 kB │ gzip: 102.55 kB │ map: 1,023.37 kB
dist/assets/quill.snow-BonrzbRI.js                    549.25 kB │ gzip:  80.78 kB │ map:   792.44 kB
dist/assets/OMBigBook-1ZHpU_qI.js                     589.25 kB │ gzip:  62.32 kB │ map:   590.88 kB
dist/assets/EnhancedPageEditor-BDOfSbPZ.js            658.89 kB │ gzip: 154.92 kB │ map: 1,060.60 kB
dist/assets/ChatApp-Bvpb5xQs.js                       703.90 kB │ gzip: 107.74 kB │ map: 1,058.16 kB
dist/assets/react-apexcharts.min-DlpPPOHT.js          718.77 kB │ gzip: 161.02 kB │ map: 1,182.88 kB
dist/assets/UnifiedRecordsPage-C5Ag0gxH.js            735.26 kB │ gzip: 145.92 kB │ map: 1,490.76 kB
dist/assets/ProductsData-CRX3I_Fr.js                  788.15 kB │ gzip: 175.74 kB │ map: 1,390.78 kB
dist/assets/AdminSettings-DkPgBBPs.js                 790.67 kB │ gzip:  82.92 kB │ map:   878.33 kB
dist/assets/TiptapEdit-B9VjuESF.js                    812.28 kB │ gzip: 188.67 kB │ map: 1,648.80 kB
dist/assets/vendor-B1d-PbrC.js                        915.73 kB │ gzip: 154.78 kB │ map: 1,608.86 kB
dist/assets/LiturgicalCalendar-Tr9q7JP_.js          1,107.18 kB │ gzip: 265.06 kB │ map: 2,463.25 kB
dist/assets/SiteStructureVisualizer-D8Z49Guq.js     1,178.47 kB │ gzip: 245.73 kB │ map: 2,252.91 kB
dist/assets/CodeDialog-D6qAZoES.js                  1,299.27 kB │ gzip: 356.39 kB │ map: 1,922.17 kB
dist/assets/editor-AoOCv5yc.js                      1,426.20 kB │ gzip: 330.06 kB │ map: 1,504.34 kB
dist/assets/SSPPOCRecordsPage-DeRYo4A4.js           2,194.72 kB │ gzip: 445.97 kB │ map: 3,721.34 kB
dist/assets/index-15697Skq.js                       2,213.31 kB │ gzip: 444.77 kB │ map: 4,214.50 kB
✓ built in 1m 25s

✅ Build completed successfully!