🔨 Starting full build...
💾 Memory limit: 4096MB

> orthodmetrics-dev@5.0.0 build
> rm -rf dist && NODE_OPTIONS="--max-old-space-size=4096" vite build --mode development

vite v5.4.19 building for development...
transforming...
✓ 24062 modules transformed.
rendering chunks...
computing gzip size...
dist/index.html                                         1.03 kB │ gzip:   0.49 kB
dist/assets/slick-BlzDm7g2.svg                          2.15 kB │ gzip:   0.91 kB
dist/assets/icon-jcb-BiH8noDC.svg                       4.14 kB │ gzip:   1.37 kB
dist/assets/ajax-loader-BcnMEykj.gif                    4.18 kB
dist/assets/badge-CerMfDh-.svg                          5.69 kB │ gzip:   2.57 kB
dist/assets/icon-paypal-DWtpZiXs.svg                    6.40 kB │ gzip:   2.70 kB
dist/assets/notification-left-2_Yv9Vj8.png              8.37 kB
dist/assets/icon-masetro-D44s4_5V.svg                  11.26 kB │ gzip:   4.26 kB
dist/assets/icon-american-express-B_xsz7Ck.svg         11.47 kB │ gzip:   2.74 kB
dist/assets/kanban-img-3-ssJ0_a70.jpg                  12.73 kB
dist/assets/maintenance-CfMGmwzy.svg                   14.17 kB │ gzip:   5.02 kB
dist/assets/icon-mastercard-DrcHVLc7.svg               14.84 kB │ gzip:   5.46 kB
dist/assets/kanban-img-4-PTG91fzz.jpg                  15.56 kB
dist/assets/icon-discover-DxtD4mT2.svg                 16.85 kB │ gzip:  11.38 kB
dist/assets/user-6-Bw2gSpv_.jpg                        18.06 kB
dist/assets/empty-shopping-cart-CHZGqwZ9.svg           18.88 kB │ gzip:   7.88 kB
dist/assets/user-9-DHqKCi1D.jpg                        20.36 kB
dist/assets/blog-img1-K0rz4l9I.jpg                     23.21 kB
dist/assets/user-4-C1-xBLNW.jpg                        24.34 kB
dist/assets/login-bg-mrVDfRMt.svg                      25.06 kB │ gzip:   8.40 kB
dist/assets/no-data-Bq09svW6.webp                      25.77 kB
dist/assets/user-5-TcGtWTp3.jpg                        26.11 kB
dist/assets/shape1-CR08Tnaz.png                        26.64 kB
dist/assets/user-10-BtaXUAQO.jpg                       27.04 kB
dist/assets/user-3-HJ3opN5n.jpg                        27.73 kB
dist/assets/user-7-DCxZE3Gx.jpg                        27.79 kB
dist/assets/user-8-Cq1OXq_B.jpg                        28.07 kB
dist/assets/blog-img9-vinYKez_.jpg                     28.13 kB
dist/assets/blog-img3-Bm_-cIcU.jpg                     28.22 kB
dist/assets/user-2-idGLMY7R.jpg                        29.52 kB
dist/assets/blog-img4-Ca_V6TFW.jpg                     30.67 kB
dist/assets/user-1-CznVQ9Sv.jpg                        30.95 kB
dist/assets/blog-img5-B4wevo59.jpg                     32.98 kB
dist/assets/blog-img6-oBPIlH_e.jpg                     34.03 kB
dist/assets/blog-img2-ivOQeDkv.jpg                     41.99 kB
dist/assets/blog-img8-DkC6Cqf1.jpg                     44.13 kB
dist/assets/blog-img10--LC0IBZ0.jpg                    45.80 kB
dist/assets/user1-Dw6YQ-Jt.jpg                         45.90 kB
dist/assets/user4-Ci9IJQWW.jpg                         47.04 kB
dist/assets/profilebg-CJ1342hs.jpg                     50.57 kB
dist/assets/user3-DU6XCHFg.jpg                         64.52 kB
dist/assets/page-pricing-JZyiixjx.jpg                  74.61 kB
dist/assets/user5-yJxNw9WD.jpg                         75.13 kB
dist/assets/s12-AsIGRrsG.jpg                           75.52 kB
dist/assets/app-invoice-BC2tiwHA.jpg                   76.62 kB
dist/assets/s7-CTzWdjv0.jpg                            78.23 kB
dist/assets/page-about-Dq0S_BHU.jpg                    79.21 kB
dist/assets/icon-diners-D-vvDvye.svg                   79.74 kB │ gzip:  29.18 kB
dist/assets/piggy-6rJKXHDU.png                         82.62 kB
dist/assets/s4-DZcRYgYm.jpg                            84.20 kB
dist/assets/page-portfolio-WgDs8pIm.jpg                84.68 kB
dist/assets/user2-CqkAL_Zp.jpg                         88.58 kB
dist/assets/s9-Oqnmwd8d.jpg                            89.95 kB
dist/assets/page-homepage-DAA2lQoI.jpg                 96.65 kB
dist/assets/s3-DmiOuX0y.jpg                            99.24 kB
dist/assets/s6-BHYP62n9.jpg                            99.25 kB
dist/assets/demo-firebase-Dydmvl3n.jpg                100.23 kB
dist/assets/app-kanban-BTFXtIo_.jpg                   105.28 kB
dist/assets/blog-img11-dXXLfT2D.jpg                   106.61 kB
dist/assets/emailSv-B2Hxq08K.png                      115.41 kB
dist/assets/bannerimg1-DUTQJQa_.svg                   116.80 kB │ gzip:  41.57 kB
dist/assets/s1-B75_wnOa.jpg                           117.36 kB
dist/assets/app-calendar-BnPb84n5.jpg                 118.81 kB
dist/assets/design-collection-CpWvv-Op.png            122.98 kB
dist/assets/s5-B_lonQNp.jpg                           124.28 kB
dist/assets/app-note-ajdQPj3s.jpg                     128.32 kB
dist/assets/welcome-bg2-Dl2clQ1z.png                  140.29 kB
dist/assets/app-contact-CWOqz3wJ.jpg                  141.62 kB
dist/assets/demo-minisidebar-BPoJvCNn.jpg             141.70 kB
dist/assets/bronze-Bqzw2DuX.png                       151.41 kB
dist/assets/silver-DzpKm6Yk.png                       152.69 kB
dist/assets/app-chat-z4zewgBu.jpg                     154.92 kB
dist/assets/payment-D7mW5ne7.svg                      155.53 kB │ gzip:  44.84 kB
dist/assets/gold-rJ6Z4wQu.png                         159.38 kB
dist/assets/app-email-DXQDf5bt.jpg                    160.06 kB
dist/assets/s2-B3RBlll0.jpg                           160.77 kB
dist/assets/demo-horizontal-y1AH9yXP.jpg              162.07 kB
dist/assets/demo-dark-BbFsZ0hi.jpg                    181.02 kB
dist/assets/app-ecommerce-checkout-W1SMVY1l.jpg       181.87 kB
dist/assets/demo-rtl-D6X3VyUE.jpg                     190.00 kB
dist/assets/demo-main-BAJf1Nh6.jpg                    202.70 kB
dist/assets/bannerimg2-DZx-ofFl.svg                   212.02 kB │ gzip:  90.71 kB
dist/assets/app-ecommerce-list-CaFig0yb.jpg           217.99 kB
dist/assets/s10-Em05_XK3.jpg                          226.17 kB
dist/assets/s11-DIHYzUGF.jpg                          231.62 kB
dist/assets/app-ticket-CJ3IudAV.jpg                   300.73 kB
dist/assets/app-ecommerce-detail-Dv5jDwPy.jpg         357.96 kB
dist/assets/c2a-BnoUzMMO.png                          373.58 kB
dist/assets/app-blog-detail-BtM5_F-A.jpg              383.62 kB
dist/assets/app-user-profile-CUG3FC1S.jpg             404.96 kB
dist/assets/app-blog-D2PHcfbU.jpg                     436.15 kB
dist/assets/s8-nGimiBoG.jpg                           463.79 kB
dist/assets/app-ecommerce-shop-BaxliPHK.jpg           465.23 kB
dist/assets/slider-group-CLng6XlW.png                 622.45 kB
dist/assets/payment-complete-DSdB1mDO.gif           2,110.52 kB
dist/assets/TiptapEdit-Ogx_9NzF.css                     0.06 kB │ gzip:   0.08 kB
dist/assets/About-BOpagkB2.css                          0.12 kB │ gzip:   0.10 kB
dist/assets/EcommerceDetail-BdBlZEXP.css                0.21 kB │ gzip:   0.16 kB
dist/assets/Landingpage-BS8XytCk.css                    0.26 kB │ gzip:   0.16 kB
dist/assets/slick-C7ZGYivr.css                          1.52 kB │ gzip:   0.53 kB
dist/assets/Scrollbar-Cy7KYhN2.css                      3.18 kB │ gzip:   0.90 kB
dist/assets/JITTerminal-BXKNkDff.css                    5.79 kB │ gzip:   2.08 kB
dist/assets/EnhancedPageEditor-S7TsZXNU.css             7.05 kB │ gzip:   1.64 kB
dist/assets/SiteEditor-D8jr-T9K.css                     7.25 kB │ gzip:   1.77 kB
dist/assets/slick-theme-C2007rDS.css                   12.96 kB │ gzip:   3.62 kB
dist/assets/BigCalendar-C4UrcmpX.css                   16.54 kB │ gzip:   3.39 kB
dist/assets/quill-DqKRdbjz.css                         24.76 kB │ gzip:   3.66 kB
dist/assets/index-dJQ7WNxT.css                        155.06 kB │ gzip:  21.86 kB
dist/assets/SSPPOCRecordsPage-BQ-aJiXj.css            404.00 kB │ gzip:  73.30 kB
dist/assets/s3-BJGj42_p.js                              0.10 kB │ gzip:   0.12 kB │ map:     0.20 kB
dist/assets/s4-4ruAmlRf.js                              0.10 kB │ gzip:   0.12 kB │ map:     0.20 kB
dist/assets/s7-mj8nAXS8.js                              0.10 kB │ gzip:   0.12 kB │ map:     0.20 kB
dist/assets/gold-D7lR4mEI.js                            0.11 kB │ gzip:   0.12 kB │ map:     0.20 kB
dist/assets/user-1-BDBrDJAj.js                          0.11 kB │ gzip:   0.12 kB │ map:     0.20 kB
dist/assets/user-2-VaQDdc5n.js                          0.11 kB │ gzip:   0.12 kB │ map:     0.20 kB
dist/assets/user-3-CUSUi0S7.js                          0.11 kB │ gzip:   0.12 kB │ map:     0.20 kB
dist/assets/user-4-DLP7aw8Y.js                          0.11 kB │ gzip:   0.12 kB │ map:     0.20 kB
dist/assets/user-5-Cv9eVyXs.js                          0.11 kB │ gzip:   0.12 kB │ map:     0.20 kB
dist/assets/blog-img1-CGl6LhN1.js                       0.11 kB │ gzip:   0.12 kB │ map:     0.21 kB
dist/assets/user-6-D_rs8gnu.js                          0.11 kB │ gzip:   0.12 kB │ map:     0.20 kB
dist/assets/login-bg-BVHxHeUS.js                        0.15 kB │ gzip:   0.15 kB │ map:     0.21 kB
dist/assets/s9-Dx5dyMOd.js                              0.15 kB │ gzip:   0.14 kB │ map:     0.30 kB
dist/assets/s2-BP7kKbfW.js                              0.15 kB │ gzip:   0.14 kB │ map:     0.30 kB
dist/assets/s11-D7zYPVJb.js                             0.15 kB │ gzip:   0.14 kB │ map:     0.30 kB
dist/assets/user-8-BRrYEY_a.js                          0.17 kB │ gzip:   0.15 kB │ map:     0.31 kB
dist/assets/empty-shopping-cart-D0bfUDbZ.js             0.17 kB │ gzip:   0.16 kB │ map:     0.23 kB
dist/assets/maintenance-CIF4kYEd.js                     0.17 kB │ gzip:   0.15 kB │ map:     0.22 kB
dist/assets/index-CDaDYhQv.js                           0.19 kB │ gzip:   0.17 kB │ map:     0.37 kB
dist/assets/clamp-Da5ZmeGW.js                           0.20 kB │ gzip:   0.18 kB │ map:     0.47 kB
dist/assets/Stop-XMsN_JvN.js                            0.27 kB │ gzip:   0.22 kB │ map:     0.48 kB
dist/assets/PlayArrow-Ch6nLKQC.js                       0.28 kB │ gzip:   0.23 kB │ map:     0.49 kB
dist/assets/blog-img5-Bn0ssJ8o.js                       0.28 kB │ gzip:   0.19 kB │ map:     0.52 kB
dist/assets/visuallyHidden-DqWXUGfH.js                  0.29 kB │ gzip:   0.22 kB │ map:     0.63 kB
dist/assets/visuallyHidden-n5ojS7mv.js                  0.29 kB │ gzip:   0.21 kB │ map:     0.60 kB
dist/assets/Home-B1hu6rca.js                            0.29 kB │ gzip:   0.24 kB │ map:     0.50 kB
dist/assets/Upload-BxluLF8s.js                          0.29 kB │ gzip:   0.24 kB │ map:     0.51 kB
dist/assets/Send-ht9QSTYZ.js                            0.29 kB │ gzip:   0.24 kB │ map:     0.50 kB
dist/assets/Menu-C7Ulqojc.js                            0.29 kB │ gzip:   0.24 kB │ map:     0.51 kB
dist/assets/GetApp-DMFpPJ-y.js                          0.30 kB │ gzip:   0.24 kB │ map:     0.51 kB
dist/assets/arrayUtils-u0t-H2jj.js                      0.30 kB │ gzip:   0.23 kB │ map:     4.16 kB
dist/assets/Download-tcEY_iT-.js                        0.30 kB │ gzip:   0.25 kB │ map:     0.51 kB
dist/assets/Check--E1mKsJa.js                           0.31 kB │ gzip:   0.25 kB │ map:     0.52 kB
dist/assets/Warning-BC1M5M8r.js                         0.31 kB │ gzip:   0.24 kB │ map:     0.52 kB
dist/assets/FilterList-gDDDawgU.js                      0.31 kB │ gzip:   0.25 kB │ map:     0.52 kB
dist/assets/usePreviousProps-CxaMmsrR.js                0.31 kB │ gzip:   0.21 kB │ map:     0.64 kB
dist/assets/ExpandLess-igq_yzmq.js                      0.32 kB │ gzip:   0.25 kB │ map:     0.53 kB
dist/assets/ExpandMore-BOR2EtGm.js                      0.32 kB │ gzip:   0.25 kB │ map:     0.53 kB
dist/assets/Dashboard-ByHoI5d_.js                       0.32 kB │ gzip:   0.25 kB │ map:     0.53 kB
dist/assets/School-BqrpR79P.js                          0.32 kB │ gzip:   0.26 kB │ map:     0.53 kB
dist/assets/useThemeProps-CG3YZ3Hh.js                   0.32 kB │ gzip:   0.22 kB │ map:     0.69 kB
dist/assets/getValidReactChildren-ypU3THz1.js           0.32 kB │ gzip:   0.23 kB │ map:     0.73 kB
dist/assets/Code-DRrlDJlM.js                            0.33 kB │ gzip:   0.26 kB │ map:     0.54 kB
dist/assets/tiny-invariant-BnZYjK3C.js                  0.33 kB │ gzip:   0.23 kB │ map:     0.84 kB
dist/assets/ArrowBack-CKCrGkSU.js                       0.33 kB │ gzip:   0.26 kB │ map:     0.54 kB
dist/assets/Delete-aqAJT--7.js                          0.33 kB │ gzip:   0.26 kB │ map:     0.54 kB
dist/assets/Storage-BwdtDA1q.js                         0.34 kB │ gzip:   0.26 kB │ map:     0.55 kB
dist/assets/Star-BTZW-Koh.js                            0.34 kB │ gzip:   0.27 kB │ map:     0.55 kB
dist/assets/ViewList-FX-vafWC.js                        0.34 kB │ gzip:   0.26 kB │ map:     0.55 kB
dist/assets/Info-C5csHJaL.js                            0.34 kB │ gzip:   0.27 kB │ map:     0.56 kB
dist/assets/TrendingUp-Dh4VDKoW.js                      0.34 kB │ gzip:   0.27 kB │ map:     0.56 kB
dist/assets/AccountBalance-lKwia0o0.js                  0.35 kB │ gzip:   0.27 kB │ map:     0.57 kB
dist/assets/Folder-mCzA0kDD.js                          0.35 kB │ gzip:   0.27 kB │ map:     0.56 kB
dist/assets/Error-DDF6auZ4.js                           0.35 kB │ gzip:   0.27 kB │ map:     0.56 kB
dist/assets/index-ByrnLXf_.js                           0.35 kB │ gzip:   0.21 kB │ map:     0.71 kB
dist/assets/Close-Bwt7ZKaX.js                           0.36 kB │ gzip:   0.26 kB │ map:     0.57 kB
dist/assets/Clear-Ln5Ha9Pu.js                           0.36 kB │ gzip:   0.26 kB │ map:     0.57 kB
dist/assets/Email-JqX1YLDr.js                           0.36 kB │ gzip:   0.28 kB │ map:     0.57 kB
dist/assets/Smartphone-BhgT-JlP.js                      0.37 kB │ gzip:   0.28 kB │ map:     0.58 kB
dist/assets/Person-Cesa9E2R.js                          0.37 kB │ gzip:   0.28 kB │ map:     0.58 kB
dist/assets/Image-C1HxhBwk.js                           0.37 kB │ gzip:   0.29 kB │ map:     0.58 kB
dist/assets/now-DixVtUyP.js                             0.37 kB │ gzip:   0.24 kB │ map:     0.81 kB
dist/assets/Computer-DajZ2z2Q.js                        0.37 kB │ gzip:   0.29 kB │ map:     0.58 kB
dist/assets/Comment-YLV4CTt3.js                         0.37 kB │ gzip:   0.29 kB │ map:     0.58 kB
dist/assets/Launch-BeA4695L.js                          0.38 kB │ gzip:   0.30 kB │ map:     0.60 kB
dist/assets/Web-DZadGXep.js                             0.38 kB │ gzip:   0.29 kB │ map:     0.58 kB
dist/assets/RestoreFromTrash-C2HiPL9U.js                0.38 kB │ gzip:   0.29 kB │ map:     0.60 kB
dist/assets/Article-Dum7Exuz.js                         0.38 kB │ gzip:   0.28 kB │ map:     0.59 kB
dist/assets/CalendarToday-BmvkdES5.js                   0.38 kB │ gzip:   0.29 kB │ map:     0.60 kB
dist/assets/Security-d1Fy6VlY.js                        0.38 kB │ gzip:   0.30 kB │ map:     0.59 kB
dist/assets/Edit-DFNYJXkA.js                            0.38 kB │ gzip:   0.29 kB │ map:     0.60 kB
dist/assets/index-B_7ckZbB.js                           0.39 kB │ gzip:   0.25 kB │ map:     1.32 kB
dist/assets/ViewModule-BXdYYSiV.js                      0.39 kB │ gzip:   0.29 kB │ map:     0.59 kB
dist/assets/ContentCopy-kOkOmaOO.js                     0.39 kB │ gzip:   0.29 kB │ map:     0.61 kB
dist/assets/VerifiedUser-Bci_6_kw.js                    0.39 kB │ gzip:   0.29 kB │ map:     0.60 kB
dist/assets/Assessment-COej2K8Q.js                      0.39 kB │ gzip:   0.29 kB │ map:     0.60 kB
dist/assets/CheckCircle-Bgmo7bAY.js                     0.39 kB │ gzip:   0.28 kB │ map:     0.60 kB
dist/assets/Description-DDUwe00C.js                     0.39 kB │ gzip:   0.29 kB │ map:     0.60 kB
dist/assets/Analytics-h1J-wl04.js                       0.40 kB │ gzip:   0.29 kB │ map:     0.61 kB
dist/assets/MoreVert-BFD2L5AF.js                        0.40 kB │ gzip:   0.27 kB │ map:     0.62 kB
dist/assets/QuestionAnswer-DALXwMpL.js                  0.40 kB │ gzip:   0.29 kB │ map:     0.62 kB
dist/assets/typeof-WJl3ipnu.js                          0.41 kB │ gzip:   0.23 kB │ map:     0.81 kB
dist/assets/ThemeContext-BPHEQwXK.js                    0.42 kB │ gzip:   0.27 kB │ map:    15.08 kB
dist/assets/Terminal-DUB9IV57.js                        0.42 kB │ gzip:   0.32 kB │ map:     0.63 kB
dist/assets/Build-BLtG7H_v.js                           0.42 kB │ gzip:   0.31 kB │ map:     0.64 kB
dist/assets/isEqual-B92_54Hr.js                         0.42 kB │ gzip:   0.27 kB │ map:     1.29 kB
dist/assets/LocationOn-DicYX-xo.js                      0.42 kB │ gzip:   0.30 kB │ map:     0.64 kB
dist/assets/Cancel-DNw92ZW9.js                          0.43 kB │ gzip:   0.30 kB │ map:     0.64 kB
dist/assets/Timer-BZXcDceu.js                           0.43 kB │ gzip:   0.32 kB │ map:     0.64 kB
dist/assets/Favorite-Cfwh0K_7.js                        0.43 kB │ gzip:   0.32 kB │ map:     0.64 kB
dist/assets/Church-D_4_Kj5t.js                          0.43 kB │ gzip:   0.32 kB │ map:     0.65 kB
dist/assets/Backup-7S2WPRtd.js                          0.44 kB │ gzip:   0.33 kB │ map:     0.65 kB
dist/assets/Business-C9c5uSok.js                        0.44 kB │ gzip:   0.29 kB │ map:     0.65 kB
dist/assets/Notifications-B-amTMGg.js                   0.44 kB │ gzip:   0.32 kB │ map:     0.65 kB
dist/assets/Memory-C68c20g5.js                          0.44 kB │ gzip:   0.32 kB │ map:     0.66 kB
dist/assets/CloudUpload-D-mbHdH3.js                     0.46 kB │ gzip:   0.33 kB │ map:     0.66 kB
dist/assets/CloudDownload-Br4if8wz.js                   0.46 kB │ gzip:   0.34 kB │ map:     0.67 kB
dist/assets/Receipt-BOVAso5f.js                         0.47 kB │ gzip:   0.29 kB │ map:     0.68 kB
dist/assets/Visibility-APWawpsk.js                      0.47 kB │ gzip:   0.33 kB │ map:     0.69 kB
dist/assets/IconMinus-rMDMFtZX.js                       0.47 kB │ gzip:   0.33 kB │ map:     0.85 kB
dist/assets/History-hsnyF9Gw.js                         0.48 kB │ gzip:   0.35 kB │ map:     0.70 kB
dist/assets/IconCheck-BkxQGqHB.js                       0.48 kB │ gzip:   0.33 kB │ map:     0.86 kB
dist/assets/index-Cz7VnVI4.js                           0.48 kB │ gzip:   0.27 kB │ map:     2.19 kB
dist/assets/Speed-DBn_TbCo.js                           0.48 kB │ gzip:   0.33 kB │ map:     0.69 kB
dist/assets/Archive-CktRH7Bo.js                         0.48 kB │ gzip:   0.36 kB │ map:     0.69 kB
dist/assets/Assignment-usyHUdN5.js                      0.48 kB │ gzip:   0.34 kB │ map:     0.70 kB
dist/assets/Search-DtI6Vm-H.js                          0.49 kB │ gzip:   0.34 kB │ map:     0.70 kB
dist/assets/IconChevronUp-CCiplLKo.js                   0.50 kB │ gzip:   0.34 kB │ map:     0.89 kB
dist/assets/IconCross-BstENoaS.js                       0.50 kB │ gzip:   0.35 kB │ map:     0.88 kB
dist/assets/IconActivity-Yv3_e2I2.js                    0.50 kB │ gzip:   0.34 kB │ map:     0.89 kB
dist/assets/CustomSelect-CMophs8r.js                    0.50 kB │ gzip:   0.34 kB │ map:     0.60 kB
dist/assets/IconPoint-C07xVxMW.js                       0.50 kB │ gzip:   0.34 kB │ map:     0.88 kB
dist/assets/IconPlayerPlay-C1imO1kS.js                  0.50 kB │ gzip:   0.34 kB │ map:     0.89 kB
dist/assets/IconX-fubnEFED.js                           0.50 kB │ gzip:   0.34 kB │ map:     0.93 kB
dist/assets/index-CUE3MWTn.js                           0.50 kB │ gzip:   0.31 kB │ map:     1.67 kB
dist/assets/IconChevronDown-TZ3zPKgb.js                 0.51 kB │ gzip:   0.34 kB │ map:     0.90 kB
dist/assets/IconCircle-VCuls25m.js                      0.51 kB │ gzip:   0.34 kB │ map:     0.89 kB
dist/assets/IconPlus-k26hNMXv.js                        0.52 kB │ gzip:   0.34 kB │ map:     0.95 kB
dist/assets/listItemButtonClasses-B1JQdskH.js           0.52 kB │ gzip:   0.29 kB │ map:     0.84 kB
dist/assets/Schedule-DgWk9qBA.js                        0.52 kB │ gzip:   0.34 kB │ map:     0.79 kB
dist/assets/Route-C7R4o9Zo.js                           0.53 kB │ gzip:   0.37 kB │ map:     0.75 kB
dist/assets/IconHeart-D9CqMzA5.js                       0.54 kB │ gzip:   0.36 kB │ map:     0.92 kB
dist/assets/IconTerminal-Dk44emOj.js                    0.54 kB │ gzip:   0.35 kB │ map:     0.98 kB
dist/assets/Group-CSoYeM2J.js                           0.54 kB │ gzip:   0.35 kB │ map:     0.75 kB
dist/assets/People-BZioWieW.js                          0.55 kB │ gzip:   0.35 kB │ map:     0.76 kB
dist/assets/IconClock-D0DPWk0x.js                       0.55 kB │ gzip:   0.36 kB │ map:     0.98 kB
dist/assets/Extension-CRnNV8BS.js                       0.56 kB │ gzip:   0.37 kB │ map:     0.77 kB
dist/assets/IconHistory-BFOgcAzU.js                     0.56 kB │ gzip:   0.37 kB │ map:     1.00 kB
dist/assets/IconSearch-BID0tBIr.js                      0.56 kB │ gzip:   0.36 kB │ map:     1.00 kB
dist/assets/IconArrowUpRight-CTSCtT_n.js                0.56 kB │ gzip:   0.36 kB │ map:     1.02 kB
dist/assets/IconStar-CHh9Xt48.js                        0.56 kB │ gzip:   0.39 kB │ map:     0.94 kB
dist/assets/IconPhone-BPfMB4tJ.js                       0.56 kB │ gzip:   0.38 kB │ map:     0.94 kB
dist/assets/IconMenu2-CQ6XOEau.js                       0.57 kB │ gzip:   0.35 kB │ map:     1.05 kB
dist/assets/index-G_phj4t_.js                           0.57 kB │ gzip:   0.29 kB │ map:     2.69 kB
dist/assets/IconFilter-bo8qknd-.js                      0.57 kB │ gzip:   0.39 kB │ map:     0.95 kB
dist/assets/IconUser-BNPA9fBQ.js                        0.57 kB │ gzip:   0.37 kB │ map:     1.00 kB
dist/assets/IconCode-C0e7M6hy.js                        0.57 kB │ gzip:   0.35 kB │ map:     1.06 kB
dist/assets/IconPencil-D_B4bqJf.js                      0.57 kB │ gzip:   0.37 kB │ map:     1.01 kB
dist/assets/IconArrowBackUp-BEj600Ii.js                 0.57 kB │ gzip:   0.37 kB │ map:     1.03 kB
dist/assets/LastPage-BW3w-Omb.js                        0.58 kB │ gzip:   0.33 kB │ map:     1.14 kB
dist/assets/KeyboardArrowRight-B4u77lMA.js              0.58 kB │ gzip:   0.32 kB │ map:     1.18 kB
dist/assets/useItemHighlightedGetter-BFLKvWS8.js        0.58 kB │ gzip:   0.29 kB │ map:     1.38 kB
dist/assets/IconSend-BI_2HlpF.js                        0.58 kB │ gzip:   0.38 kB │ map:     1.02 kB
dist/assets/IconMail-D3kPLEzP.js                        0.59 kB │ gzip:   0.37 kB │ map:     1.02 kB
dist/assets/IconCheckbox-BgQC21Ra.js                    0.59 kB │ gzip:   0.37 kB │ map:     1.04 kB
dist/assets/Preview-ByaZfElG.js                         0.60 kB │ gzip:   0.39 kB │ map:     0.81 kB
dist/assets/IconArrowRight-DQCxlSVA.js                  0.60 kB │ gzip:   0.36 kB │ map:     1.09 kB
dist/assets/IconBell-DqJg3-qH.js                        0.61 kB │ gzip:   0.39 kB │ map:     1.04 kB
dist/assets/CustomSlider-DMlE_BYs.js                    0.61 kB │ gzip:   0.33 kB │ map:     1.13 kB
dist/assets/IconEye-CD67VCUv.js                         0.61 kB │ gzip:   0.40 kB │ map:     1.04 kB
dist/assets/IconUpload-DnHI5XTt.js                      0.61 kB │ gzip:   0.38 kB │ map:     1.10 kB
dist/assets/emailSv-C4LvvPYr.js                         0.61 kB │ gzip:   0.40 kB │ map:     1.04 kB
dist/assets/NotificationsOff-BDA1CbCW.js                0.62 kB │ gzip:   0.41 kB │ map:     0.83 kB
dist/assets/IconDownload-BdgqH4Qd.js                    0.62 kB │ gzip:   0.38 kB │ map:     1.11 kB
dist/assets/IconMapPin-DtX3uZy9.js                      0.62 kB │ gzip:   0.40 kB │ map:     1.06 kB
dist/assets/IconInfoCircle-BQcAjRpP.js                  0.62 kB │ gzip:   0.38 kB │ map:     1.12 kB
dist/assets/IconAlertCircle-BD7t8SUj.js                 0.62 kB │ gzip:   0.37 kB │ map:     1.12 kB
dist/assets/IconDeviceLaptop-BPuWCGzq.js                0.62 kB │ gzip:   0.38 kB │ map:     1.08 kB
dist/assets/IconHelp-BRBOtezs.js                        0.64 kB │ gzip:   0.39 kB │ map:     1.12 kB
dist/assets/IconDatabase-BhIpikwD.js                    0.64 kB │ gzip:   0.37 kB │ map:     1.14 kB
dist/assets/Api-BLGqSr37.js                             0.65 kB │ gzip:   0.37 kB │ map:     1.08 kB
dist/assets/IconMessage-Dy53s9eC.js                     0.65 kB │ gzip:   0.39 kB │ map:     1.14 kB
dist/assets/IconDots-CDh7j09s.js                        0.65 kB │ gzip:   0.36 kB │ map:     1.14 kB
dist/assets/IconExternalLink-CJ7yOQMN.js                0.66 kB │ gzip:   0.39 kB │ map:     1.16 kB
dist/assets/IconNotebook-DrqxS7q9.js                    0.66 kB │ gzip:   0.39 kB │ map:     1.15 kB
dist/assets/IconBorderAll-CxwMGJyS.js                   0.66 kB │ gzip:   0.39 kB │ map:     1.15 kB
dist/assets/IconMessage2-B8rFAEv0.js                    0.66 kB │ gzip:   0.39 kB │ map:     1.15 kB
dist/assets/IconUserPlus-Bqmb6mV4.js                    0.67 kB │ gzip:   0.39 kB │ map:     1.22 kB
dist/assets/IconDeviceMobile-DepYS5jQ.js                0.67 kB │ gzip:   0.39 kB │ map:     1.17 kB
dist/assets/IconEdit-C_UvsGnq.js                        0.67 kB │ gzip:   0.41 kB │ map:     1.16 kB
dist/assets/IconLock-DhB5mqeY.js                        0.67 kB │ gzip:   0.41 kB │ map:     1.16 kB
dist/assets/IconClipboard-Dbnc_TYT.js                   0.68 kB │ gzip:   0.39 kB │ map:     1.12 kB
dist/assets/IconMessageCircle-BZRqcdoj.js               0.68 kB │ gzip:   0.45 kB │ map:     1.08 kB
dist/assets/NotificationsActive-ldfLRpdv.js             0.68 kB │ gzip:   0.45 kB │ map:     0.89 kB
dist/assets/IconArchive-BU6ip_rX.js                     0.68 kB │ gzip:   0.40 kB │ map:     1.17 kB
dist/assets/unsupportedIterableToArray-DBEIHdbU.js      0.69 kB │ gzip:   0.40 kB │ map:     1.52 kB
dist/assets/IconMoodSmile-DY8ETA7Y.js                   0.69 kB │ gzip:   0.39 kB │ map:     1.25 kB
dist/assets/IconVolume-DhnHr0Sz.js                      0.69 kB │ gzip:   0.41 kB │ map:     1.18 kB
dist/assets/IconFiles-DpQSUsa-.js                       0.69 kB │ gzip:   0.40 kB │ map:     1.18 kB
dist/assets/IconDotsVertical-CIRoVP7x.js                0.69 kB │ gzip:   0.37 kB │ map:     1.20 kB
dist/assets/IconNews-Dvq_a1UB.js                        0.70 kB │ gzip:   0.40 kB │ map:     1.24 kB
dist/assets/IconDeviceFloppy-D9arHaib.js                0.70 kB │ gzip:   0.40 kB │ map:     1.21 kB
dist/assets/IconShieldX-BE-sTEo_.js                     0.70 kB │ gzip:   0.42 kB │ map:     1.19 kB
dist/assets/IconBook-fEUNDEol.js                        0.71 kB │ gzip:   0.37 kB │ map:     1.29 kB
dist/assets/IconUserCircle-yobDrryB.js                  0.71 kB │ gzip:   0.41 kB │ map:     1.21 kB
dist/assets/CustomFormLabel-Byvsy-K-.js                 0.71 kB │ gzip:   0.44 kB │ map:     0.98 kB
dist/assets/IconUsers-07JzmzBP.js                       0.71 kB │ gzip:   0.40 kB │ map:     1.26 kB
dist/assets/IconCreditCard-BEAEldWL.js                  0.71 kB │ gzip:   0.40 kB │ map:     1.27 kB
dist/assets/IconRocket-BopxH2uC.js                      0.71 kB │ gzip:   0.42 kB │ map:     1.20 kB
dist/assets/InlineItemCard-Bbo_hgl3.js                  0.72 kB │ gzip:   0.42 kB │ map:     1.18 kB
dist/assets/Palette-5X7kDj4t.js                         0.72 kB │ gzip:   0.42 kB │ map:     0.93 kB
dist/assets/IconWorld-DGC6DSUt.js                       0.72 kB │ gzip:   0.40 kB │ map:     1.32 kB
dist/assets/IconTrash-_2HvM7it.js                       0.73 kB │ gzip:   0.40 kB │ map:     1.32 kB
dist/assets/IconBuildingChurch-BcEzC71k.js              0.75 kB │ gzip:   0.41 kB │ map:     1.36 kB
dist/assets/AdminPanelSettings-DKRr7vpj.js              0.75 kB │ gzip:   0.44 kB │ map:     1.03 kB
dist/assets/IconPhoto-D76oR8ah.js                       0.75 kB │ gzip:   0.42 kB │ map:     1.30 kB
dist/assets/IconServer-DxXETsnx.js                      0.76 kB │ gzip:   0.39 kB │ map:     1.31 kB
dist/assets/KeyboardArrowDown-BrBZAwXV.js               0.77 kB │ gzip:   0.41 kB │ map:     1.02 kB
dist/assets/KeyboardArrowRight-BAptgdpL.js              0.77 kB │ gzip:   0.40 kB │ map:     1.02 kB
dist/assets/IconCalendarEvent-C8ffyztS.js               0.78 kB │ gzip:   0.41 kB │ map:     1.39 kB
dist/assets/AppCard-BC4QSR5T.js                         0.78 kB │ gzip:   0.46 kB │ map:     1.20 kB
dist/assets/IconBasket-DexeNRU5.js                      0.78 kB │ gzip:   0.44 kB │ map:     1.33 kB
dist/assets/IconBrandGithub-DsMK92lR.js                 0.78 kB │ gzip:   0.47 kB │ map:     1.18 kB
dist/assets/IconEyeOff-CW7twRql.js                      0.79 kB │ gzip:   0.48 kB │ map:     1.28 kB
dist/assets/IconCalendar-D00anGoW.js                    0.79 kB │ gzip:   0.41 kB │ map:     1.43 kB
dist/assets/IconLanguage-SDY9oB21.js                    0.79 kB │ gzip:   0.43 kB │ map:     1.44 kB
dist/assets/defineProperty-BHv0T49C.js                  0.81 kB │ gzip:   0.43 kB │ map:     1.88 kB
dist/assets/invoicePDFGenerator-BkzpfL_V.js             0.81 kB │ gzip:   0.41 kB │ map:     1.52 kB
dist/assets/index-YIxuXeBL.js                           0.81 kB │ gzip:   0.43 kB │ map:     2.55 kB
dist/assets/IconChartBar-BjZ6gWh-.js                    0.82 kB │ gzip:   0.40 kB │ map:     1.38 kB
dist/assets/index-BhgEtlBg.js                           0.84 kB │ gzip:   0.40 kB │ map:     3.46 kB
dist/assets/IconBuilding-CXg0r_fc.js                    0.86 kB │ gzip:   0.41 kB │ map:     1.62 kB
dist/assets/ThemedLayout-BexXbBKl.js                    0.88 kB │ gzip:   0.50 kB │ map:     2.68 kB
dist/assets/CustomTextField-tOs5ZN3k.js                 0.89 kB │ gzip:   0.48 kB │ map:     1.24 kB
dist/assets/IconBrain-CH96kXW8.js                       0.89 kB │ gzip:   0.43 kB │ map:     1.54 kB
dist/assets/IconChevronRight-CK9j8JeH.js                0.89 kB │ gzip:   0.39 kB │ map:     1.70 kB
dist/assets/objectSpread2-DnJzpK_H.js                   0.92 kB │ gzip:   0.42 kB │ map:     1.78 kB
dist/assets/OpenInNew-OdrNXQ3o.js                       0.97 kB │ gzip:   0.51 kB │ map:     1.90 kB
dist/assets/BlankCard-BeN-H-f9.js                       0.98 kB │ gzip:   0.54 kB │ map:     1.61 kB
dist/assets/IconChevronsRight-ErTFfPfU.js               1.01 kB │ gzip:   0.40 kB │ map:     1.93 kB
dist/assets/IconPlayerSkipForward-BG7pWy9r.js           1.03 kB │ gzip:   0.42 kB │ map:     1.96 kB
dist/assets/MenuBook-CAThrNJ5.js                        1.05 kB │ gzip:   0.52 kB │ map:     1.33 kB
dist/assets/BugReport-C1jSb7mV.js                       1.10 kB │ gzip:   0.62 kB │ map:     1.55 kB
dist/assets/CustomSwitch-Cbgb9E-Q.js                    1.12 kB │ gzip:   0.56 kB │ map:     1.77 kB
dist/assets/Psychology-C2bVpu7t.js                      1.12 kB │ gzip:   0.62 kB │ map:     1.38 kB
dist/assets/CustomRangeSlider-DMh0PhIN.js               1.13 kB │ gzip:   0.60 kB │ map:     2.09 kB
dist/assets/IconGridDots-DS0NtNMa.js                    1.14 kB │ gzip:   0.41 kB │ map:     1.98 kB
dist/assets/index-Ns6fkz8j.js                           1.16 kB │ gzip:   0.59 kB │ map:     3.12 kB
dist/assets/IconTrendingUp-WbzWgQbj.js                  1.19 kB │ gzip:   0.48 kB │ map:     2.24 kB
dist/assets/IconLogin-T0-c8XZs.js                       1.25 kB │ gzip:   0.50 kB │ map:     2.32 kB
dist/assets/toConsumableArray-C6V8_KWu.js               1.27 kB │ gzip:   0.59 kB │ map:     2.88 kB
dist/assets/AlertCart-D8Iwmtuv.js                       1.41 kB │ gzip:   0.61 kB │ map:     1.64 kB
dist/assets/IconKey-DJarzXyg.js                         1.41 kB │ gzip:   0.58 kB │ map:     2.40 kB
dist/assets/NoSsr-x4Q9qLNv.js                           1.44 kB │ gzip:   0.67 kB │ map:     3.07 kB
dist/assets/logoIcon-z5AIafpK.js                        1.46 kB │ gzip:   0.84 kB │ map:     1.52 kB
dist/assets/SimplePageEditorTest-CtuXRdli.js            1.61 kB │ gzip:   0.80 kB │ map:     0.99 kB
dist/assets/ChildCard-CxUUjcmd.js                       1.64 kB │ gzip:   0.55 kB │ map:     1.63 kB
dist/assets/EnhancedPageEditorTest-bek7jGPb.js          1.65 kB │ gzip:   0.81 kB │ map:     1.01 kB
dist/assets/FavoriteBorder-CD3Y6jNe.js                  1.67 kB │ gzip:   0.67 kB │ map:     2.33 kB
dist/assets/IconBrandTwitter-WGlvhKlu.js                1.84 kB │ gzip:   0.71 kB │ map:     3.16 kB
dist/assets/isSymbol-C_WEyePp.js                        1.94 kB │ gzip:   0.67 kB │ map:     7.08 kB
dist/assets/generateUtilityClasses-OlE1p0O5.js          2.07 kB │ gzip:   0.78 kB │ map:     3.90 kB
dist/assets/createClass-BW0Flbcb.js                     2.10 kB │ gzip:   0.85 kB │ map:     4.09 kB
dist/assets/icon-speech-bubble-CaJoYLMH.js              2.16 kB │ gzip:   0.79 kB │ map:     2.32 kB
dist/assets/Stack-BAwMCjeI.js                           2.16 kB │ gzip:   0.93 kB │ map:     3.41 kB
dist/assets/TiptapEditor-xeVcYw00.js                    2.19 kB │ gzip:   0.80 kB │ map:     1.79 kB
dist/assets/AuthForgotPassword-BHs4LR_S.js              2.26 kB │ gzip:   0.63 kB │ map:     2.11 kB
dist/assets/AlertTitle-CqZEpV76.js                      2.31 kB │ gzip:   0.97 kB │ map:     4.16 kB
dist/assets/ChartsClipPath-D7q0oC8S.js                  2.31 kB │ gzip:   0.88 kB │ map:     4.79 kB
dist/assets/CustomRadio-Ho98_6Rd.js                     2.39 kB │ gzip:   0.90 kB │ map:     3.35 kB
dist/assets/Maintenance-DfKFdNrO.js                     2.41 kB │ gzip:   0.76 kB │ map:     2.21 kB
dist/assets/fastObjectShallowCompare-p6EiFShK.js        2.42 kB │ gzip:   1.00 kB │ map:     5.06 kB
dist/assets/DialogContentText-veK-CDWw.js               2.52 kB │ gzip:   1.01 kB │ map:     4.50 kB
dist/assets/omit-Ds1cCkHg.js                            2.53 kB │ gzip:   0.95 kB │ map:     6.01 kB
dist/assets/CustomCheckbox-DMV9f5lD.js                  2.63 kB │ gzip:   1.11 kB │ map:     3.79 kB
dist/assets/ListItemIcon-Cg-s0zsa.js                    2.69 kB │ gzip:   1.15 kB │ map:     4.65 kB
dist/assets/ParentCard-BsH2jFIh.js                      2.72 kB │ gzip:   0.74 kB │ map:     2.63 kB
dist/assets/ListItemAvatar-CnokQLGi.js                  2.73 kB │ gzip:   1.10 kB │ map:     4.95 kB
dist/assets/CustomOutlinedInput-Bdo4dNN7.js             2.74 kB │ gzip:   1.25 kB │ map:     4.79 kB
dist/assets/CardActions-DpPg8C0E.js                     2.75 kB │ gzip:   1.12 kB │ map:     4.88 kB
dist/assets/index-Cmqawrsw.js                           2.77 kB │ gzip:   0.85 kB │ map:    11.06 kB
dist/assets/SearchTable-JNSbvTwx.js                     2.80 kB │ gzip:   0.98 kB │ map:     2.00 kB
dist/assets/EcomProductList-CE5tZVwR.js                 2.90 kB │ gzip:   1.02 kB │ map:     2.16 kB
dist/assets/RoleManagement-Bopu9VNS.js                  2.94 kB │ gzip:   0.76 kB │ map:     2.64 kB
dist/assets/components.api-CeXuxZMu.js                  2.94 kB │ gzip:   0.93 kB │ map:     7.48 kB
dist/assets/UserProfile--bjtpIpl.js                     3.04 kB │ gzip:   1.00 kB │ map:     2.28 kB
dist/assets/devLogger-Da2h7v2b.js                       3.05 kB │ gzip:   1.09 kB │ map:     8.29 kB
dist/assets/createSvgIcon-Di99NOme.js                   3.13 kB │ gzip:   1.29 kB │ map:     4.35 kB
dist/assets/omai.api-CacklOk_.js                        3.18 kB │ gzip:   1.14 kB │ map:     6.10 kB
dist/assets/FilterTableData-BjIvZZzm.js                 3.26 kB │ gzip:   0.64 kB │ map:     6.28 kB
dist/assets/index-Cd2Jq5Pd.js                           3.38 kB │ gzip:   1.18 kB │ map:     5.69 kB
dist/assets/with-selector-baEGNai5.js                   3.50 kB │ gzip:   1.09 kB │ map:     5.82 kB
dist/assets/RadioGroup-BCw1-bHA.js                      3.58 kB │ gzip:   1.39 kB │ map:     6.01 kB
dist/assets/logger-1fCjdD-s.js                          3.62 kB │ gzip:   1.22 kB │ map:     7.49 kB
dist/assets/Toolbar-C3BaLgha.js                         3.68 kB │ gzip:   1.42 kB │ map:     6.49 kB
dist/assets/path-vDw24igy.js                            3.75 kB │ gzip:   1.26 kB │ map:     9.14 kB
dist/assets/Unauthorized-DVcKSwWr.js                    3.96 kB │ gzip:   0.94 kB │ map:     3.61 kB
dist/assets/Gallery-Bh5BTjI4.js                         4.06 kB │ gzip:   1.17 kB │ map:     2.82 kB
dist/assets/DashboardCard-CgRPDaoo.js                   4.07 kB │ gzip:   0.98 kB │ map:     4.41 kB
dist/assets/index-DDbY6WUT.js                           4.10 kB │ gzip:   1.37 kB │ map:     7.73 kB
dist/assets/ForgotPassword2-A_y0-pvx.js                 4.23 kB │ gzip:   1.16 kB │ map:     3.98 kB
dist/assets/TwoSteps2-Demj1xyG.js                       4.30 kB │ gzip:   1.13 kB │ map:     4.08 kB
dist/assets/CardMedia-CR19yjYn.js                       4.32 kB │ gzip:   1.62 kB │ map:     7.38 kB
dist/assets/index-Br1yDnAi.js                           4.49 kB │ gzip:   1.16 kB │ map:    16.54 kB
dist/assets/index-BN08c6eE.js                           4.53 kB │ gzip:   1.38 kB │ map:     9.56 kB
dist/assets/social.api-Cek-7N04.js                      4.63 kB │ gzip:   1.19 kB │ map:    11.41 kB
dist/assets/ListSubheader-B6NqOZVE.js                   4.76 kB │ gzip:   1.67 kB │ map:     8.29 kB
dist/assets/AuthRegister-Cg8Q61j1.js                    5.09 kB │ gzip:   0.98 kB │ map:     4.32 kB
dist/assets/AdminDashboardLayout-Dzgn85Ml.js            5.16 kB │ gzip:   1.41 kB │ map:     5.83 kB
dist/assets/AuthTwoSteps-BQeWY7v1.js                    5.33 kB │ gzip:   0.95 kB │ map:     4.94 kB
dist/assets/useProfileSync-BbSMnUTs.js                  5.50 kB │ gzip:   1.29 kB │ map:    12.04 kB
dist/assets/Zoom-DuQk-Jwk.js                            5.55 kB │ gzip:   1.75 kB │ map:     9.47 kB
dist/assets/Register2-CQ9sDAxG.js                       5.59 kB │ gzip:   1.38 kB │ map:     5.17 kB
dist/assets/ChartsText-BCUb4CHm.js                      5.73 kB │ gzip:   2.13 kB │ map:    11.70 kB
dist/assets/tableData-D1sY5Yzi.js                       5.77 kB │ gzip:   0.85 kB │ map:    11.78 kB
dist/assets/ForgotPassword-DP_8cDj1.js                  5.78 kB │ gzip:   1.31 kB │ map:     5.44 kB
dist/assets/index-DFr8qvX0.js                           5.79 kB │ gzip:   1.39 kB │ map:    11.64 kB
dist/assets/Pricing-DPZp-MpI.js                         5.91 kB │ gzip:   1.30 kB │ map:     5.02 kB
dist/assets/TableSortLabel-Bp3_CbFX.js                  5.92 kB │ gzip:   1.99 kB │ map:    10.81 kB
dist/assets/InputAdornment-CdW_HZsI.js                  5.95 kB │ gzip:   2.10 kB │ map:     9.98 kB
dist/assets/TwoSteps-DDK_2QLW.js                        5.96 kB │ gzip:   1.32 kB │ map:     5.63 kB
dist/assets/TabPanel-DIVcc3QJ.js                        5.96 kB │ gzip:   1.81 kB │ map:    10.99 kB
dist/assets/AreaChart-B3BvyskY.js                       6.06 kB │ gzip:   1.67 kB │ map:     7.74 kB
dist/assets/AuthSocialButtons-BzoueBBw.js               6.09 kB │ gzip:   1.99 kB │ map:     6.78 kB
dist/assets/LineChart-BPf3S3tk.js                       6.12 kB │ gzip:   1.77 kB │ map:     7.95 kB
dist/assets/TopCards-DgAxMtzh.js                        6.24 kB │ gzip:   1.95 kB │ map:     7.40 kB
dist/assets/index-Boh5T04C.js                           6.36 kB │ gzip:   1.97 kB │ map:    10.12 kB
dist/assets/ColumnChart-y8zSQT9s.js                     6.58 kB │ gzip:   1.89 kB │ map:     8.70 kB
dist/assets/BlankLayout-BzjB9T_p.js                     6.66 kB │ gzip:   2.03 kB │ map:    11.65 kB
dist/assets/Register-BUaYyzjQ.js                        6.80 kB │ gzip:   1.53 kB │ map:     6.47 kB
dist/assets/index-D2GhfHn7.js                           6.81 kB │ gzip:   1.99 kB │ map:    16.54 kB
dist/assets/Container-yUd1Lmf2.js                       6.97 kB │ gzip:   2.08 kB │ map:    11.97 kB
dist/assets/ListItemText-B4ma1EmQ.js                    7.00 kB │ gzip:   2.09 kB │ map:    11.19 kB
dist/assets/index-B9Gq5vW_.js                           7.01 kB │ gzip:   1.86 kB │ map:    15.95 kB
dist/assets/GredientChart-B67HF6fE.js                   7.10 kB │ gzip:   1.90 kB │ map:     9.43 kB
dist/assets/AppBar-GCZcJGDC.js                          7.14 kB │ gzip:   2.30 kB │ map:    12.46 kB
dist/assets/Portfolio-BXyeEAMb.js                       7.19 kB │ gzip:   1.56 kB │ map:     5.66 kB
dist/assets/Breadcrumb-B0v17I-u.js                      7.20 kB │ gzip:   1.42 kB │ map:     6.44 kB
dist/assets/AvatarGroup-CnJba9FX.js                     7.22 kB │ gzip:   2.55 kB │ map:    12.12 kB
dist/assets/Logo-ClMF3iDA.js                            7.44 kB │ gzip:   1.47 kB │ map:    12.45 kB
dist/assets/Skeleton-DKd1YjiH.js                        7.53 kB │ gzip:   2.52 kB │ map:    16.89 kB
dist/assets/getPercentageValue-DHsj8H1t.js              7.70 kB │ gzip:   2.26 kB │ map:    17.20 kB
dist/assets/WeeklyStats-DgM0vanK.js                     7.89 kB │ gzip:   1.67 kB │ map:     8.73 kB
dist/assets/Fab-BqLBZVG8.js                             7.97 kB │ gzip:   2.50 kB │ map:    13.70 kB
dist/assets/useClientManagement-SE2OYdXX.js             7.99 kB │ gzip:   1.70 kB │ map:    21.69 kB
dist/assets/CardHeader-BGyf4PPW.js                      8.12 kB │ gzip:   2.21 kB │ map:    13.42 kB
dist/assets/Error-BpeFgnEK.js                           8.29 kB │ gzip:   2.75 kB │ map:     9.95 kB
dist/assets/Link-9agle39M.js                            8.33 kB │ gzip:   2.57 kB │ map:    14.89 kB
dist/assets/ChartsAxisHighlight-D3Q-sDLo.js             8.50 kB │ gzip:   2.11 kB │ map:    16.43 kB
dist/assets/WelcomeCard-C9PkZStX.js                     8.56 kB │ gzip:   1.35 kB │ map:     6.49 kB
dist/assets/Avatar-BpJAUrcO.js                          8.56 kB │ gzip:   2.87 kB │ map:    15.18 kB
dist/assets/ListItemButton-B1YibXJT.js                  8.84 kB │ gzip:   2.77 kB │ map:    14.44 kB
dist/assets/DashboardWidgetCard-Bm5kquA2.js             9.13 kB │ gzip:   1.51 kB │ map:     8.44 kB
dist/assets/admin.api-NZpNapAY.js                       9.62 kB │ gzip:   2.25 kB │ map:    19.04 kB
dist/assets/Breadcrumbs-DpuLBwbc.js                     9.70 kB │ gzip:   2.95 kB │ map:    17.56 kB
dist/assets/LoadingButton-Da3gL3Dy.js                   9.73 kB │ gzip:   2.66 kB │ map:    17.24 kB
dist/assets/ToggleButton-Bq4m4F6V.js                    9.87 kB │ gzip:   2.76 kB │ map:    17.55 kB
dist/assets/ToggleButtonGroup-DIgHMG1s.js               9.93 kB │ gzip:   2.83 kB │ map:    16.37 kB
dist/assets/_baseIsEqual-p28F_1KV.js                    9.93 kB │ gzip:   2.62 kB │ map:    24.26 kB
dist/assets/RadialbarChart-BDoug4NG.js                 10.29 kB │ gzip:   2.01 kB │ map:    11.93 kB
dist/assets/DoughnutChart--3dBoFqh.js                  10.31 kB │ gzip:   1.94 kB │ map:    12.10 kB
dist/assets/Slide-VfvTPTL_.js                          10.56 kB │ gzip:   2.92 kB │ map:    18.01 kB
dist/assets/page-BBCLaD3J.js                           11.06 kB │ gzip:   2.07 kB │ map:    10.29 kB
dist/assets/useSkipAnimation-1vJ6L4sR.js               11.29 kB │ gzip:   3.35 kB │ map:    24.53 kB
dist/assets/Collapse-AKp3JDZk.js                       11.33 kB │ gzip:   3.04 kB │ map:    19.79 kB
dist/assets/page-Q66hxWwI.js                           11.37 kB │ gzip:   2.20 kB │ map:    14.62 kB
dist/assets/OrthodoxChurchIcon-AWjaY4VV.js             11.69 kB │ gzip:   1.28 kB │ map:    11.59 kB
dist/assets/dayjs.min-DvvL4bJ3.js                      12.01 kB │ gzip:   3.74 kB │ map:    18.83 kB
dist/assets/OrthodoxBanner-DzoLt2zb.js                 12.11 kB │ gzip:   2.49 kB │ map:    13.77 kB
dist/assets/page-BBjL2kM_.js                           12.24 kB │ gzip:   2.42 kB │ map:    13.80 kB
dist/assets/page-DotrOBNB.js                           12.35 kB │ gzip:   2.48 kB │ map:    15.58 kB
dist/assets/Drawer-BlpK83Xm.js                         12.40 kB │ gzip:   3.43 kB │ map:    20.87 kB
dist/assets/Radio-CUinuoYs.js                          12.44 kB │ gzip:   3.66 kB │ map:    22.23 kB
dist/assets/index-DpR68UQ9.js                          12.77 kB │ gzip:   3.17 kB │ map:    25.65 kB
dist/assets/ButtonGroup-GRz0_Z9p.js                    12.99 kB │ gzip:   2.93 kB │ map:    22.33 kB
dist/assets/Followers-DWx6I0ow.js                      13.17 kB │ gzip:   2.24 kB │ map:    10.67 kB
dist/assets/LinearProgress-b_KsMwjW.js                 13.17 kB │ gzip:   3.18 kB │ map:    23.33 kB
dist/assets/FixedHeaderTable-BHrB7pSw.js               13.37 kB │ gzip:   2.22 kB │ map:    12.69 kB
dist/assets/BlogCreate-BKcItBIs.js                     13.56 kB │ gzip:   2.50 kB │ map:    14.08 kB
dist/assets/MuiPopover-Behpl5qe.js                     13.70 kB │ gzip:   2.27 kB │ map:    14.28 kB
dist/assets/Friends-Bc4DPAml.js                        13.75 kB │ gzip:   2.36 kB │ map:    11.03 kB
dist/assets/reselect-Dreu95yE.js                       13.80 kB │ gzip:   3.55 kB │ map:    30.81 kB
dist/assets/ChurchAdminPanelWorking-Bywy3OuW.js        13.97 kB │ gzip:   2.12 kB │ map:    15.02 kB
dist/assets/ListItem-z9aB6esS.js                       14.45 kB │ gzip:   3.46 kB │ map:    25.11 kB
dist/assets/page-DnA0S1X-.js                           14.70 kB │ gzip:   2.85 kB │ map:    19.69 kB
dist/assets/page-BHjcozcx.js                           14.73 kB │ gzip:   2.88 kB │ map:    17.12 kB
dist/assets/Badge-BdWJxunT.js                          14.88 kB │ gzip:   3.60 kB │ map:    24.62 kB
dist/assets/record-schemas-DiYoYM8O.js                 15.12 kB │ gzip:   2.56 kB │ map:    33.96 kB
dist/assets/CandlestickChart-C07wAEGk.js               15.46 kB │ gzip:   3.08 kB │ map:    21.11 kB
dist/assets/MuiDateTime-Bqof7IXM.js                    16.17 kB │ gzip:   2.52 kB │ map:    17.77 kB
dist/assets/step-Z9fCr4nl.js                           16.17 kB │ gzip:   3.56 kB │ map:    35.19 kB
dist/assets/ChartsWrapper-BkzATLHX.js                  16.29 kB │ gzip:   4.38 kB │ map:    33.31 kB
dist/assets/page-CYCU2xpD.js                           16.35 kB │ gzip:   2.97 kB │ map:    19.42 kB
dist/assets/Pricing-cc0Za6Wr.js                        16.55 kB │ gzip:   2.57 kB │ map:    17.20 kB
dist/assets/Projects-CWDS8uns.js                       16.97 kB │ gzip:   2.62 kB │ map:    19.00 kB
dist/assets/AdminPageFallback-CxpkUXHm.js              17.88 kB │ gzip:   2.81 kB │ map:    15.74 kB
dist/assets/page-Dy-2ie1s.js                           17.91 kB │ gzip:   2.36 kB │ map:    16.60 kB
dist/assets/Faq-BL0ySdEe.js                            18.34 kB │ gzip:   2.49 kB │ map:    15.00 kB
dist/assets/page-WTjLzfi-.js                           19.02 kB │ gzip:   3.68 kB │ map:    27.43 kB
dist/assets/AccordionSummary-CGEYF1tq.js               19.48 kB │ gzip:   4.42 kB │ map:    34.12 kB
dist/assets/OrthodoxLogin-DXCXbH3B.js                  19.56 kB │ gzip:   4.57 kB │ map:    27.51 kB
dist/assets/BigBookDynamicRoute-V2u3uAYE.js            19.95 kB │ gzip:   3.14 kB │ map:    19.89 kB
dist/assets/ChurchAdminList-DgYYHJDG.js                20.25 kB │ gzip:   2.77 kB │ map:    19.63 kB
dist/assets/MenuManagement-DgowVyUX.js                 20.66 kB │ gzip:   3.55 kB │ map:    24.52 kB
dist/assets/BlogFeed-Da6pp2GJ.js                       21.21 kB │ gzip:   3.59 kB │ map:    22.47 kB
dist/assets/page-KajlDA4X.js                           21.68 kB │ gzip:   3.22 kB │ map:    27.90 kB
dist/assets/CollapsibleTable-DDnz10k6.js               21.96 kB │ gzip:   3.02 kB │ map:    19.35 kB
dist/assets/TableRow-DwVgLMjO.js                       22.01 kB │ gzip:   4.04 kB │ map:    41.56 kB
dist/assets/Rating-n_VY1kvi.js                         22.70 kB │ gzip:   6.05 kB │ map:    38.53 kB
dist/assets/OrthodoxThemeToggle-Czww1nCI.js            22.78 kB │ gzip:   3.22 kB │ map:    21.91 kB
dist/assets/page-ChmMa8Wh.js                           23.15 kB │ gzip:   2.98 kB │ map:    22.25 kB
dist/assets/highlight-DbxrvARk.js                      23.47 kB │ gzip:   4.70 kB │ map:    45.93 kB
dist/assets/MuiAlert-BsEAisDB.js                       23.55 kB │ gzip:   2.57 kB │ map:    22.69 kB
dist/assets/AddNewClient-DFy0dTu6.js                   23.80 kB │ gzip:   3.06 kB │ map:    27.32 kB
dist/assets/Contact-jtqcBoui.js                        23.96 kB │ gzip:   3.17 kB │ map:    20.13 kB
dist/assets/FormWizard-hzm4u9nf.js                     24.12 kB │ gzip:   4.47 kB │ map:    24.96 kB
dist/assets/TablePagination-CK68VO4m.js                24.16 kB │ gzip:   5.07 kB │ map:    39.27 kB
dist/assets/page-BJ_dS1IL.js                           24.33 kB │ gzip:   3.92 kB │ map:    23.38 kB
dist/assets/MuiRating-B66FFQFW.js                      24.45 kB │ gzip:   3.34 kB │ map:    26.63 kB
dist/assets/Blog-BbvbGmeE.js                           24.50 kB │ gzip:   3.49 kB │ map:    22.33 kB
dist/assets/Login2-BWLtYXOf.js                         24.72 kB │ gzip:   3.87 kB │ map:    24.74 kB
dist/assets/BlogEdit-Db5JRnBl.js                       24.83 kB │ gzip:   3.55 kB │ map:    25.53 kB
dist/assets/MuiSwitch-De78rgNK.js                      24.84 kB │ gzip:   2.32 kB │ map:    23.66 kB
dist/assets/sortBy-DgetDdyQ.js                         25.08 kB │ gzip:   5.28 kB │ map:    49.76 kB
dist/assets/BlogList-Bj9doSis.js                       25.45 kB │ gzip:   4.06 kB │ map:    25.06 kB
dist/assets/page-VNHZ5a4P.js                           25.46 kB │ gzip:   4.51 kB │ map:    26.81 kB
dist/assets/Tickets-CAQTuUST.js                        25.57 kB │ gzip:   3.45 kB │ map:    25.47 kB
dist/assets/Pagination-CLH5j2oQ.js                     25.69 kB │ gzip:   5.74 kB │ map:    45.44 kB
dist/assets/page-DisNUnJM.js                           25.95 kB │ gzip:   4.04 kB │ map:    29.98 kB
dist/assets/AdapterDayjs-B96faboo.js                   26.15 kB │ gzip:   6.51 kB │ map:    47.35 kB
dist/assets/PaginationTable-CiX_VxFF.js                26.24 kB │ gzip:   4.16 kB │ map:    29.49 kB
dist/assets/Stepper-C6KJllQw.js                        26.44 kB │ gzip:   5.00 kB │ map:    48.92 kB
dist/assets/AdvancedRecordsDemo-BLSdvCvb.js            26.49 kB │ gzip:   4.01 kB │ map:    29.31 kB
dist/assets/AssignTaskPage-KNe9_gqo.js                 26.78 kB │ gzip:   4.39 kB │ map:    27.93 kB
dist/assets/MuiAccordion-C9JBh_9M.js                   26.83 kB │ gzip:   2.90 kB │ map:    23.95 kB
dist/assets/MuiSlider-D_IebBtK.js                      26.89 kB │ gzip:   3.17 kB │ map:    27.49 kB
dist/assets/PageEditorTest-BWNjn-iV.js                 26.98 kB │ gzip:   4.56 kB │ map:    30.21 kB
dist/assets/page-BJoPY0Ke.js                           27.06 kB │ gzip:   2.91 kB │ map:    25.89 kB
dist/assets/page-C1hbPUkA.js                           27.76 kB │ gzip:   4.39 kB │ map:    27.39 kB
dist/assets/_Uint8Array-TG4bgQ0T.js                    27.81 kB │ gzip:   6.58 kB │ map:    67.31 kB
dist/assets/EnhanceTable-fu-kN68v.js                   28.02 kB │ gzip:   4.38 kB │ map:    29.09 kB
dist/assets/RollbaseCASL-kslzYRdj.js                   28.43 kB │ gzip:   8.26 kB │ map:    52.50 kB
dist/assets/SiteClone-BUxxWB1B.js                      28.58 kB │ gzip:   4.08 kB │ map:    30.52 kB
dist/assets/QuickLinks-CMgxWfqd.js                     28.68 kB │ gzip:   6.47 kB │ map:    36.03 kB
dist/assets/ProductTableList-D4mLjYb5.js               28.88 kB │ gzip:   4.38 kB │ map:    28.82 kB
dist/assets/JITTerminalConsole-Bbs6hzms.js             29.29 kB │ gzip:   4.84 kB │ map:    31.34 kB
dist/assets/MonthlyEarnings-ChkogYfq.js                29.45 kB │ gzip:   4.53 kB │ map:    33.83 kB
dist/assets/EnhancedPageEditor-D2JKQo6K.js             29.45 kB │ gzip:   4.80 kB │ map:    33.86 kB
dist/assets/ScriptRunner-i2m-8U9s.js                   29.84 kB │ gzip:   4.38 kB │ map:    30.83 kB
dist/assets/globalFetcher-D5SlDVCg.js                  29.97 kB │ gzip:   8.01 kB │ map:    80.84 kB
dist/assets/MenuPermissions-D2skXAva.js                30.59 kB │ gzip:   4.26 kB │ map:    34.77 kB
dist/assets/MenuSettings-CeNFf5Q7.js                   30.67 kB │ gzip:   4.90 kB │ map:    34.22 kB
dist/assets/BarPlot-CNjbVMQw.js                        31.00 kB │ gzip:   6.55 kB │ map:    59.38 kB
dist/assets/SimplePageEditor-CC4HEjkA.js               31.29 kB │ gzip:   6.46 kB │ map:    38.71 kB
dist/assets/OrthodoxHeadlines-DXiqHpaY.js              31.32 kB │ gzip:   4.93 kB │ map:    32.40 kB
dist/assets/ChurchRecordsPage-C0b975sv.js              31.66 kB │ gzip:   5.28 kB │ map:    35.04 kB
dist/assets/project-generator-BYRn16xW.js              32.03 kB │ gzip:   4.06 kB │ map:    29.69 kB
dist/assets/useMutation-ByevVYlX.js                    32.49 kB │ gzip:   6.70 kB │ map:    45.93 kB
dist/assets/WidgetBanners-BH_lAFo8.js                  32.73 kB │ gzip:   3.98 kB │ map:    30.60 kB
dist/assets/MuiTooltip-BouDVILQ.js                     33.04 kB │ gzip:   3.43 kB │ map:    29.49 kB
dist/assets/BlogAdmin-CxXJdA5d.js                      33.81 kB │ gzip:   3.89 kB │ map:    30.98 kB
dist/assets/TableThemeEditor-wf-wH0xb.js               34.03 kB │ gzip:   4.70 kB │ map:    37.03 kB
dist/assets/page-v2oEFKBm.js                           34.16 kB │ gzip:   6.50 kB │ map:    52.43 kB
dist/assets/MuiTransferList-BDQVigwK.js                34.26 kB │ gzip:   4.38 kB │ map:    37.17 kB
dist/assets/ClientManagementDashboard-RKquhit8.js      34.40 kB │ gzip:   4.27 kB │ map:    34.83 kB
dist/assets/SiteEditorDemo-DMGK6YFD.js                 34.50 kB │ gzip:   4.16 kB │ map:    29.11 kB
dist/assets/LineHighlightPlot-CrVVpu_E.js              34.84 kB │ gzip:   6.46 kB │ map:    69.17 kB
dist/assets/TableControlPanel-BxtP07XD.js              36.07 kB │ gzip:   5.36 kB │ map:    42.94 kB
dist/assets/Create-lZAcG4IS.js                         36.71 kB │ gzip:   4.38 kB │ map:    33.92 kB
dist/assets/ChurchSetup-BZi0x6ba.js                    37.02 kB │ gzip:   4.00 kB │ map:    38.61 kB
dist/assets/index-VieCBIUP.js                          37.27 kB │ gzip:   5.78 kB │ map:   100.26 kB
dist/assets/NotificationPreferences-CbKw8X0k.js        37.53 kB │ gzip:   4.42 kB │ map:    36.71 kB
dist/assets/BlogView-z3gK2OQH.js                       37.57 kB │ gzip:   5.44 kB │ map:    38.78 kB
dist/assets/_flatRest-BWC2EdOk.js                      37.64 kB │ gzip:   7.92 kB │ map:    67.67 kB
dist/assets/MuiAvatar-Cn8kV-RW.js                      37.79 kB │ gzip:   3.09 kB │ map:    33.37 kB
dist/assets/Ecommerce-BqnQcr2E.js                      38.05 kB │ gzip:   5.87 kB │ map:    42.35 kB
dist/assets/MuiRadio-89zf43CC.js                       38.30 kB │ gzip:   3.71 kB │ map:    41.44 kB
dist/assets/PageContainer-CaTclCw7.js                  38.42 kB │ gzip:   9.07 kB │ map:    70.28 kB
dist/assets/BlogPost-C_Mzg9mo.js                       38.78 kB │ gzip:   4.82 kB │ map:    30.83 kB
dist/assets/index-Bo0ocY6R.js                          39.54 kB │ gzip:   5.89 kB │ map:    35.77 kB
dist/assets/ChartsGrid-BgncABgY.js                     39.92 kB │ gzip:   7.78 kB │ map:    74.71 kB
dist/assets/MuiChip-CaiORqti.js                        40.03 kB │ gzip:   3.27 kB │ map:    33.51 kB
dist/assets/AutoFixDemo-QyxBXHdS.js                    40.42 kB │ gzip:   4.44 kB │ map:    33.97 kB
dist/assets/Notes-BDwGoGN5.js                          40.67 kB │ gzip:   6.70 kB │ map:    56.08 kB
dist/assets/PageEditor-B8RliOTV.js                     42.51 kB │ gzip:   6.15 kB │ map:    44.80 kB
dist/assets/page-Cr_VL0wc.js                           43.19 kB │ gzip:   6.46 kB │ map:    58.49 kB
dist/assets/TemplateManager-bBCjLp0Q.js                43.23 kB │ gzip:   4.90 kB │ map:    41.68 kB
dist/assets/page-5IAcCLbS.js                           43.57 kB │ gzip:   5.12 kB │ map:    52.52 kB
dist/assets/Scrollbar-Dtd4nzxI.js                      43.62 kB │ gzip:   8.86 kB │ map:    89.60 kB
dist/assets/MuiTabs-CZsb4k0Z.js                        43.92 kB │ gzip:   3.40 kB │ map:    45.05 kB
dist/assets/OrthodoxThemeDemo-DvnfXGNC.js              45.16 kB │ gzip:   3.78 kB │ map:    35.62 kB
dist/assets/ChurchForm-CJHmBzg9.js                     45.36 kB │ gzip:   6.30 kB │ map:    56.83 kB
dist/assets/Tabs-CRpdYyOg.js                           46.21 kB │ gzip:  10.27 kB │ map:    79.76 kB
dist/assets/Edit-BkGsCdne.js                           47.18 kB │ gzip:   5.53 kB │ map:    46.36 kB
dist/assets/RecentTransactions-CtlzpnrG.js             47.89 kB │ gzip:   7.15 kB │ map:    64.81 kB
dist/assets/JITTerminalAccess-FSJ1hHWi.js              47.89 kB │ gzip:   6.10 kB │ map:    46.77 kB
dist/assets/MuiCheckbox-BGrR2JV3.js                    48.74 kB │ gzip:   4.77 kB │ map:    51.62 kB
dist/assets/SocialChat-CXuubzrE.js                     49.09 kB │ gzip:   6.93 kB │ map:    51.40 kB
dist/assets/EcommerceDetail--whhIhWg.js                49.19 kB │ gzip:   6.29 kB │ map:    47.58 kB
dist/assets/MuiTypography-Dz94l6Pa.js                  49.79 kB │ gzip:   2.73 kB │ map:    40.35 kB
dist/assets/SuperAdminDashboard-CBqg8C2I.js            50.22 kB │ gzip:   7.45 kB │ map:    57.02 kB
dist/assets/index-lTwSzx9x.js                          52.00 kB │ gzip:  12.59 kB │ map:    53.92 kB
dist/assets/GitOpsDemo-CulbGQQK.js                     52.15 kB │ gzip:   5.76 kB │ map:    44.17 kB
dist/assets/WidgetCharts-CLfG5D-B.js                   52.17 kB │ gzip:   4.73 kB │ map:    55.18 kB
dist/assets/NotificationCenter-5YnBAM86.js             53.31 kB │ gzip:   6.50 kB │ map:    52.00 kB
dist/assets/NotificationList-t_uNfRY0.js               53.77 kB │ gzip:   7.07 kB │ map:    59.93 kB
dist/assets/Detail-B_EKYmkQ.js                         54.34 kB │ gzip:   5.73 kB │ map:    48.33 kB
dist/assets/VisualTestDemo-CNdNLGp0.js                 54.40 kB │ gzip:   6.84 kB │ map:    49.22 kB
dist/assets/Slider-nYhxNiEK.js                         54.79 kB │ gzip:  11.80 kB │ map:    93.39 kB
dist/assets/FriendsList-DNWA7d9P.js                    54.83 kB │ gzip:   6.60 kB │ map:    54.82 kB
dist/assets/OMSiteSurvey-D7WfAQuV.js                   54.99 kB │ gzip:   5.93 kB │ map:    47.74 kB
dist/assets/EcommerceCheckout-Bscy2ADe.js              55.27 kB │ gzip:   7.92 kB │ map:    50.41 kB
dist/assets/FormValidation-DmaowOhl.js                 56.17 kB │ gzip:   6.26 kB │ map:    57.56 kB
dist/assets/Ecommerce-79sZlAB3.js                      57.11 kB │ gzip:   5.12 kB │ map:    52.83 kB
dist/assets/Email-D2z6KdvO.js                          57.40 kB │ gzip:   8.94 kB │ map:    74.37 kB
dist/assets/OrthodoxLiturgicalCalendar-CQ40jYMD.js     57.63 kB │ gzip:   7.55 kB │ map:    67.89 kB
dist/assets/index-BF3afgsJ.js                          57.78 kB │ gzip:   7.36 kB │ map:    50.81 kB
dist/assets/MuiList-CGAS3TC-.js                        58.59 kB │ gzip:   6.00 kB │ map:    57.34 kB
dist/assets/RecordGeneratorPage-DL1M1bSK.js            59.46 kB │ gzip:  10.64 kB │ map:    65.73 kB
dist/assets/DatePicker-C7cx77sT.js                     60.44 kB │ gzip:   8.48 kB │ map:    88.31 kB
dist/assets/GalleryCard-BP40CAsd.js                    60.67 kB │ gzip:  14.69 kB │ map:    85.78 kB
dist/assets/ActivityLogs-CvGgAeaq.js                   61.76 kB │ gzip:   6.62 kB │ map:    55.18 kB
dist/assets/OMLearn-DDOl6Nm7.js                        62.06 kB │ gzip:   8.36 kB │ map:    68.90 kB
dist/assets/csv-BrFT0-71.js                            62.77 kB │ gzip:  12.88 kB │ map:   115.44 kB
dist/assets/FormCustom-B-9bht0P.js                     63.07 kB │ gzip:   7.35 kB │ map:    60.76 kB
dist/assets/EcommerceAddProduct-1_GWz-kG.js            63.16 kB │ gzip:   5.81 kB │ map:    51.46 kB
dist/assets/SessionManagement-Zc3S0T8l.js              63.34 kB │ gzip:   6.72 kB │ map:    57.19 kB
dist/assets/TimePicker-CAoCH5t7.js                     63.35 kB │ gzip:   9.20 kB │ map:    94.03 kB
dist/assets/ChurchList-FlkDKjpl.js                     63.44 kB │ gzip:   7.24 kB │ map:    62.11 kB
dist/assets/index-9V9XkgVy.js                          66.14 kB │ gzip:   8.98 kB │ map:    68.92 kB
dist/assets/OrthodoxMetrics-BNqFjMHU.js                67.99 kB │ gzip:   7.66 kB │ map:    69.53 kB
dist/assets/MuiDialog-0spI7QP3.js                      70.06 kB │ gzip:   7.72 kB │ map:    69.23 kB
dist/assets/page-DnNCfIpE.js                           70.10 kB │ gzip:   7.16 kB │ map:   108.95 kB
dist/assets/Autocomplete-BkaF3RT4.js                   70.38 kB │ gzip:  15.61 kB │ map:   116.49 kB
dist/assets/Contacts-B5gR18Ux.js                       70.93 kB │ gzip:   8.60 kB │ map:    76.36 kB
dist/assets/page-D9GS_3Ji.js                           72.31 kB │ gzip:  11.47 kB │ map:   112.01 kB
dist/assets/List-BrO441vb.js                           74.91 kB │ gzip:   7.81 kB │ map:    67.21 kB
dist/assets/ai-lab-B0ZZ1bSy.js                         75.68 kB │ gzip:   8.74 kB │ map:    69.74 kB
dist/assets/About-CHiqH_OA.js                          76.71 kB │ gzip:   9.92 kB │ map:    69.23 kB
dist/assets/EcommerceEditProduct-C_cwuXyq.js           76.96 kB │ gzip:   8.21 kB │ map:    66.50 kB
dist/assets/page-CzyyKFgA.js                           78.94 kB │ gzip:   7.89 kB │ map:   126.80 kB
dist/assets/Logs-BraPHHnp.js                           79.98 kB │ gzip:   8.63 kB │ map:    93.58 kB
dist/assets/EditableRecordPage-Cc2HwSqC.js             80.27 kB │ gzip:  11.60 kB │ map:    97.66 kB
dist/assets/sequential-DjF7Lfl6.js                     82.42 kB │ gzip:  19.92 kB │ map:   177.94 kB
dist/assets/BasicTable-O4zvmHAj.js                     83.62 kB │ gzip:   7.62 kB │ map:    84.28 kB
dist/assets/OrthodoxMetricsAdmin-gbHouvXU.js           87.01 kB │ gzip:   8.11 kB │ map:    84.38 kB
dist/assets/index-DO5K1NkR.js                          90.63 kB │ gzip:  21.07 kB │ map:   193.65 kB
dist/assets/MuiAutoComplete-Yk1YgrZs.js                94.14 kB │ gzip:  16.15 kB │ map:   129.23 kB
dist/assets/OrthodoxMetricsDemo-D3tplYX6.js            96.32 kB │ gzip:   9.58 kB │ map:    80.03 kB
dist/assets/EnhancedModernDashboard-GR5uffUE.js        97.86 kB │ gzip:  12.48 kB │ map:   106.15 kB
dist/assets/page-BnAhDkiF.js                          100.12 kB │ gzip:  13.37 kB │ map:   163.86 kB
dist/assets/WidgetCards-D6JpfyBr.js                   100.18 kB │ gzip:  11.90 kB │ map:   105.41 kB
dist/assets/BuildConsole-DKeCA4TO.js                  101.46 kB │ gzip:  12.00 kB │ map:   107.33 kB
dist/assets/FormLayouts-CXsM6GS9.js                   105.88 kB │ gzip:  11.19 kB │ map:   103.33 kB
dist/assets/AdapterDateFns-CBxuttzD.js                112.57 kB │ gzip:  15.05 kB │ map:   303.98 kB
dist/assets/ChartDataProvider-BlkAXNBw.js             113.85 kB │ gzip:  24.36 kB │ map:   231.11 kB
dist/assets/ChurchSetupWizard-CTIIBDlZ.js             115.76 kB │ gzip:  13.68 kB │ map:   112.90 kB
dist/assets/ProfileBanner-BbEDWujT.js                 116.16 kB │ gzip:  11.00 kB │ map:   111.07 kB
dist/assets/FormVertical-COIoUV_o.js                  123.54 kB │ gzip:   9.46 kB │ map:   103.78 kB
dist/assets/UserManagement-BJukNtuY.js                123.97 kB │ gzip:  16.12 kB │ map:   151.59 kB
dist/assets/index-9_VSCSLR.js                         126.06 kB │ gzip:  23.27 kB │ map:   226.95 kB
dist/assets/OMAIDiscoveryPanelMobile-Ctb_msT6.js      129.33 kB │ gzip:  19.67 kB │ map:   162.13 kB
dist/assets/LoggerDashboard-Bhhy4WMF.js               131.21 kB │ gzip:  18.72 kB │ map:   156.91 kB
dist/assets/ChartContainer-BdwoNGOg.js                132.41 kB │ gzip:   9.67 kB │ map:   235.08 kB
dist/assets/TreeItem-FrQ8272l.js                      138.38 kB │ gzip:  26.04 kB │ map:   272.02 kB
dist/assets/MuiButton-7DVvAbxt.js                     138.65 kB │ gzip:   7.36 kB │ map:   120.53 kB
dist/assets/slick-CqS7qiI1.js                         139.45 kB │ gzip:  26.32 kB │ map:   264.74 kB
dist/assets/index.esm-BxlH_6mT.js                     139.66 kB │ gzip:  32.30 kB │ map:   346.97 kB
dist/assets/AccountSetting-CcmgiHFV.js                140.13 kB │ gzip:  12.16 kB │ map:   119.58 kB
dist/assets/page-E-yMq2JR.js                          143.35 kB │ gzip:  26.66 kB │ map:   253.10 kB
dist/assets/Homepage-DQnxN7Yb.js                      152.34 kB │ gzip:  18.61 kB │ map:   150.48 kB
dist/assets/FormHorizontal-CXDbs7sG.js                171.70 kB │ gzip:  11.08 kB │ map:   151.51 kB
dist/assets/DateTimePicker-b4Ez7FCx.js                175.21 kB │ gzip:  28.81 kB │ map:   287.97 kB
dist/assets/ChartsSurface-B5ftZv6K.js                 197.67 kB │ gzip:  37.52 kB │ map:   407.30 kB
dist/assets/FullLayout-DB2pJ_nL.js                    233.69 kB │ gzip:  32.75 kB │ map:   305.71 kB
dist/assets/browser-C9zv1G-j.js                       268.06 kB │ gzip:  56.95 kB │ map:   464.72 kB
dist/assets/useMobilePicker-DsFjOa5X.js               270.08 kB │ gzip:  54.28 kB │ map:   500.55 kB
dist/assets/SiteEditor-COKGQ5MR.js                    293.88 kB │ gzip:  40.60 kB │ map:   386.28 kB
dist/assets/Kanban-CKd6qakr.js                        363.11 kB │ gzip:  66.68 kB │ map:   574.21 kB
dist/assets/BigCalendar-3lrKb355.js                   376.16 kB │ gzip:  82.33 kB │ map:   763.41 kB
dist/assets/Landingpage-DiCUuksV.js                   382.98 kB │ gzip:  76.61 kB │ map:   759.60 kB
dist/assets/HH7B3BHX-nwLtWzYu.js                      438.39 kB │ gzip:  86.65 kB │ map:   737.57 kB
dist/assets/JITTerminal-CPTPGV62.js                   441.19 kB │ gzip:  85.79 kB │ map:   657.82 kB
dist/assets/VRTSettingsPanel-BeuzFRDz.js              526.28 kB │ gzip:  86.57 kB │ map:   814.16 kB
dist/assets/AIAdminPanel-BhEbIb_F.js                  546.86 kB │ gzip: 102.55 kB │ map: 1,023.37 kB
dist/assets/quill.snow-m68WyY8n.js                    549.25 kB │ gzip:  80.78 kB │ map:   792.44 kB
dist/assets/OMBigBook-Cr77hKoM.js                     589.25 kB │ gzip:  62.32 kB │ map:   590.88 kB
dist/assets/EnhancedPageEditor-C-xT5Oj4.js            658.89 kB │ gzip: 154.92 kB │ map: 1,060.60 kB
dist/assets/ChatApp-Dz-Cf8hF.js                       703.90 kB │ gzip: 107.73 kB │ map: 1,058.16 kB
dist/assets/react-apexcharts.min-DlpPPOHT.js          718.77 kB │ gzip: 161.02 kB │ map: 1,182.88 kB
dist/assets/UnifiedRecordsPage-yFe8ljlS.js            735.26 kB │ gzip: 145.92 kB │ map: 1,490.76 kB
dist/assets/ProductsData-CRX3I_Fr.js                  788.15 kB │ gzip: 175.74 kB │ map: 1,390.78 kB
dist/assets/AdminSettings-Dik5H0_s.js                 790.64 kB │ gzip:  82.90 kB │ map:   878.33 kB
dist/assets/TiptapEdit-B0vAEDHz.js                    812.28 kB │ gzip: 188.67 kB │ map: 1,648.80 kB
dist/assets/vendor-B1d-PbrC.js                        915.73 kB │ gzip: 154.78 kB │ map: 1,608.86 kB
dist/assets/SiteStructureVisualizer-BD-Y1UEX.js     1,178.41 kB │ gzip: 245.75 kB │ map: 2,252.87 kB
dist/assets/CodeDialog-DuR6CT_U.js                  1,299.27 kB │ gzip: 356.39 kB │ map: 1,922.17 kB
dist/assets/editor-DZuG7mME.js                      1,426.20 kB │ gzip: 330.05 kB │ map: 1,504.34 kB
dist/assets/SSPPOCRecordsPage-D_kR7jxb.js           2,194.72 kB │ gzip: 445.97 kB │ map: 3,721.34 kB
dist/assets/index-DZgtR1Nu.js                       2,213.60 kB │ gzip: 444.76 kB │ map: 4,218.33 kB
✓ built in 1m 18s

✅ Build completed successfully!