2025-07-25T16:52:42: 🚀 Starting OMAI Background Service...
2025-07-25T16:52:42: [OMAI Background] Initializing orchestrator...
2025-07-25T16:52:42: [OMAI Background] Registered agent: omai-doc-bot
2025-07-25T16:52:42: [OMAI Background] Registered agent: omai-api-guardian
2025-07-25T16:52:42: [OMAI Background] Registered agent: schema-sentinel
2025-07-25T16:52:42: [OMAI Background] Registered agent: omai-mediator
2025-07-25T16:52:42: [OMAI Background] Registered agent: omai-refactor
2025-07-25T16:52:43: ✅ OMAI Background Service started successfully
2025-07-25T16:52:43: 📊 Service will run scheduled tasks every 30 minutes
2025-07-25T17:25:48: 
2025-07-25T17:25:48: 🛑 Shutting down OMAI Background Service...
2025-07-25T17:25:48: 🚀 Starting OMAI Background Service...
2025-07-25T17:25:48: [OMAI Background] Initializing orchestrator...
2025-07-25T17:25:48: [OMAI Background] Registered agent: omai-doc-bot
2025-07-25T17:25:48: [OMAI Background] Registered agent: omai-api-guardian
2025-07-25T17:25:48: [OMAI Background] Registered agent: schema-sentinel
2025-07-25T17:25:48: [OMAI Background] Registered agent: omai-mediator
2025-07-25T17:25:48: [OMAI Background] Registered agent: omai-refactor
2025-07-25T17:25:48: ✅ OMAI Background Service started successfully
2025-07-25T17:25:48: 📊 Service will run scheduled tasks every 30 minutes
2025-07-25T18:25:45: 
2025-07-25T18:25:45: 🛑 Shutting down OMAI Background Service...
2025-07-25T18:27:24: 🚀 Starting OMAI Background Service...
2025-07-25T18:27:24: [OMAI Background] Initializing orchestrator...
2025-07-25T18:27:24: [OMAI Background] Registered agent: omai-doc-bot
2025-07-25T18:27:24: [OMAI Background] Registered agent: omai-api-guardian
2025-07-25T18:27:24: [OMAI Background] Registered agent: schema-sentinel
2025-07-25T18:27:24: [OMAI Background] Registered agent: omai-mediator
2025-07-25T18:27:24: [OMAI Background] Registered agent: omai-refactor
2025-07-25T18:27:24: ✅ OMAI Background Service started successfully
2025-07-25T18:27:24: 📊 Service will run scheduled tasks every 30 minutes
2025-07-25T18:38:01: 
2025-07-25T18:38:01: 🛑 Shutting down OMAI Background Service...
2025-07-25T18:38:02: 🚀 Starting OMAI Background Service...
2025-07-25T18:38:02: [OMAI Background] Initializing orchestrator...
2025-07-25T18:38:02: [OMAI Background] Registered agent: omai-doc-bot
2025-07-25T18:38:02: [OMAI Background] Registered agent: omai-api-guardian
2025-07-25T18:38:02: [OMAI Background] Registered agent: schema-sentinel
2025-07-25T18:38:02: [OMAI Background] Registered agent: omai-mediator
2025-07-25T18:38:02: [OMAI Background] Registered agent: omai-refactor
2025-07-25T18:38:02: ✅ OMAI Background Service started successfully
2025-07-25T18:38:02: 📊 Service will run scheduled tasks every 30 minutes
2025-07-25T18:46:25: 
2025-07-25T18:46:25: 🛑 Shutting down OMAI Background Service...
2025-07-25T18:46:25: 🚀 Starting OMAI Background Service...
2025-07-25T18:46:25: [OMAI Background] Initializing orchestrator...
2025-07-25T18:46:25: [OMAI Background] Registered agent: omai-doc-bot
2025-07-25T18:46:25: [OMAI Background] Registered agent: omai-api-guardian
2025-07-25T18:46:25: [OMAI Background] Registered agent: schema-sentinel
2025-07-25T18:46:25: [OMAI Background] Registered agent: omai-mediator
2025-07-25T18:46:25: [OMAI Background] Registered agent: omai-refactor
2025-07-25T18:46:25: ✅ OMAI Background Service started successfully
2025-07-25T18:46:25: 📊 Service will run scheduled tasks every 30 minutes
2025-07-25T19:24:39: 
2025-07-25T19:24:39: 🛑 Shutting down OMAI Background Service...
